21:07:44 **** Incremental Build of configuration Release for project Local Debug Client ****
make all 
Building file: ../src/LocalDebugClient.cpp
Invoking: GCC C++ Compiler
g++ -O3 -Wall -c -fmessage-length=0 -MMD -MP -MF"src/LocalDebugClient.d" -MT"src/LocalDebugClient.d" -o "src/LocalDebugClient.o" "../src/LocalDebugClient.cpp"
../src/LocalDebugClient.cpp: In function ‘int main()’:
../src/LocalDebugClient.cpp:15:33: warning: deprecated conversion from string constant to ‘char*’ [-Wwrite-strings]
Finished building: ../src/LocalDebugClient.cpp
 
Building target: Local Debug Client
Invoking: GCC C++ Linker
g++  -o "Local Debug Client"  ./src/Client.o ./src/LocalDebugClient.o   
Finished building target: Local Debug Client
 

21:07:45 Build Finished (took 571ms)

21:07:45 **** Incremental Build of configuration Debug for project Local Debug Client ****
make all 
Building file: ../src/LocalDebugClient.cpp
Invoking: GCC C++ Compiler
g++ -O0 -g3 -Wall -c -fmessage-length=0 -std=c++0x -MMD -MP -MF"src/LocalDebugClient.d" -MT"src/LocalDebugClient.d" -o "src/LocalDebugClient.o" "../src/LocalDebugClient.cpp"
../src/LocalDebugClient.cpp: In function ‘int main()’:
../src/LocalDebugClient.cpp:15:33: warning: deprecated conversion from string constant to ‘char*’ [-Wwrite-strings]
Finished building: ../src/LocalDebugClient.cpp
 
Building target: Local Debug Client
Invoking: GCC C++ Linker
g++  -o "Local Debug Client"  ./src/Client.o ./src/LocalDebugClient.o   
Finished building target: Local Debug Client
 
21:07:53 **** Incremental Build of configuration Debug for project Local Debug Client ****
make all 
make: Nothing to be done for `all'.
21:08:21 **** Incremental Build of configuration Debug for project Local Debug Client ****
make all 
make: Nothing to be done for `all'.
21:08:43 **** Incremental Build of configuration Debug for project Local Debug Client ****
make all 
make: Nothing to be done for `all'.
21:11:00 **** Incremental Build of configuration Debug for project Local Debug Client ****
make all 
make: Nothing to be done for `all'.
21:33:54 **** Incremental Build of configuration Debug for project Local Debug Client ****
make all 
make: Nothing to be done for `all'.
21:50:10 **** Build of configuration Debug for project LSM303DLHC ****
make all 
Building file: ../src/lib/LSM303DLHC.cpp
Invoking: Cross G++ Compiler
arm-linux-gnueabi-g++ -O0 -g3 -Wall -c -fmessage-length=0 -MMD -MP -MF"src/lib/LSM303DLHC.d" -MT"src/lib/LSM303DLHC.d" -o "src/lib/LSM303DLHC.o" "../src/lib/LSM303DLHC.cpp"
Finished building: ../src/lib/LSM303DLHC.cpp
 
Building file: ../src/lib/network/Client.cpp
Invoking: Cross G++ Compiler
arm-linux-gnueabi-g++ -O0 -g3 -Wall -c -fmessage-length=0 -MMD -MP -MF"src/lib/network/Client.d" -MT"src/lib/network/Client.d" -o "src/lib/network/Client.o" "../src/lib/network/Client.cpp"
../src/lib/network/Client.cpp: In member function ‘int std::Client::recieve_from_server(std::magdata_t*)’:
../src/lib/network/Client.cpp:89:1: warning: control reaches end of non-void function [-Wreturn-type]
Finished building: ../src/lib/network/Client.cpp
 
Building file: ../src/lib/network/LocalDebugClient.cpp
Invoking: Cross G++ Compiler
arm-linux-gnueabi-g++ -O0 -g3 -Wall -c -fmessage-length=0 -MMD -MP -MF"src/lib/network/LocalDebugClient.d" -MT"src/lib/network/LocalDebugClient.d" -o "src/lib/network/LocalDebugClient.o" "../src/lib/network/LocalDebugClient.cpp"
../src/lib/network/LocalDebugClient.cpp: In function ‘int main()’:
../src/lib/network/LocalDebugClient.cpp:15:33: warning: deprecated conversion from string constant to ‘char*’ [-Wwrite-strings]
Finished building: ../src/lib/network/LocalDebugClient.cpp
 
Building target: LSM303DLHC
Invoking: Cross G++ Linker
arm-linux-gnueabi-g++  -o "LSM303DLHC"  ./src/lib/network/Client.o ./src/lib/network/LocalDebugClient.o  ./src/lib/LSM303DLHC.o  ./src/SensorTesting.o   
./src/SensorTesting.o: In function `main':
/media/Gensokyo/Development/Workspaces_2014/BeagleBone/Eclipse/LSM303DLHC/Debug/../src/SensorTesting.cpp:33: multiple definition of `main'
./src/lib/network/LocalDebugClient.o:/media/Gensokyo/Development/Workspaces_2014/BeagleBone/Eclipse/LSM303DLHC/Debug/../src/lib/network/LocalDebugClient.cpp:13: first defined here
collect2: ld returned 1 exit status
make: *** [LSM303DLHC] Error 1
21:50:39 **** Incremental Build of configuration Debug for project LSM303DLHC ****
make all 
Building file: ../src/lib/network/LocalDebugClient.cpp
Invoking: Cross G++ Compiler
arm-linux-gnueabi-g++ -O0 -g3 -Wall -c -fmessage-length=0 -MMD -MP -MF"src/lib/network/LocalDebugClient.d" -MT"src/lib/network/LocalDebugClient.d" -o "src/lib/network/LocalDebugClient.o" "../src/lib/network/LocalDebugClient.cpp"
Finished building: ../src/lib/network/LocalDebugClient.cpp
 
Building target: LSM303DLHC
Invoking: Cross G++ Linker
arm-linux-gnueabi-g++  -o "LSM303DLHC"  ./src/lib/network/Client.o ./src/lib/network/LocalDebugClient.o  ./src/lib/LSM303DLHC.o  ./src/SensorTesting.o   
Finished building target: LSM303DLHC
 
21:51:03 **** Incremental Build of configuration Debug for project LSM303DLHC ****
make all 
make: Nothing to be done for `all'.
21:55:24 **** Incremental Build of configuration Debug for project LSM303DLHC ****
make all 
Building file: ../src/SensorTesting.cpp
Invoking: Cross G++ Compiler
arm-linux-gnueabi-g++ -O0 -g3 -Wall -c -fmessage-length=0 -MMD -MP -MF"src/SensorTesting.d" -MT"src/SensorTesting.d" -o "src/SensorTesting.o" "../src/SensorTesting.cpp"
In file included from ../src/SensorTesting.cpp:30:0:
../src/lib/LSM303DLHC.h:254:16: error: redefinition of ‘struct std::lsm303_t’
../src/lib/network/Client.h:22:16: error: previous definition of ‘struct std::lsm303_t’
../src/lib/LSM303DLHC.h:258:12: error: invalid type in declaration before ‘;’ token
../src/lib/LSM303DLHC.h:258:12: error: conflicting declaration ‘typedef int std::magdata_t’
../src/lib/network/Client.h:26:3: error: ‘std::magdata_t’ has a previous declaration as ‘typedef struct std::lsm303_t std::magdata_t’
../src/SensorTesting.cpp: In function ‘int main(int, char**)’:
../src/SensorTesting.cpp:36:40: warning: deprecated conversion from string constant to ‘char*’ [-Wwrite-strings]
make: *** [src/SensorTesting.o] Error 1
21:55:59 **** Incremental Build of configuration Debug for project LSM303DLHC ****
make all 
Building file: ../src/lib/network/Client.cpp
Invoking: Cross G++ Compiler
arm-linux-gnueabi-g++ -O0 -g3 -Wall -c -fmessage-length=0 -MMD -MP -MF"src/lib/network/Client.d" -MT"src/lib/network/Client.d" -o "src/lib/network/Client.o" "../src/lib/network/Client.cpp"
In file included from ../src/lib/network/Client.cpp:8:0:
../src/lib/network/Client.h:38:38: error: ‘std::magdata_t’ has not been declared
../src/lib/network/Client.h:39:34: error: ‘std::magdata_t’ has not been declared
../src/lib/network/Client.cpp:70:34: error: variable or field ‘send_to_server’ declared void
../src/lib/network/Client.cpp:70:29: error: ‘magdata_t’ is not a member of ‘std’
../src/lib/network/Client.cpp:70:45: error: ‘data’ was not declared in this scope
../src/lib/network/Client.cpp:74:38: error: ‘int std::Client::recieve_from_server’ is not a static member of ‘class std::Client’
../src/lib/network/Client.cpp:74:33: error: ‘magdata_t’ is not a member of ‘std’
../src/lib/network/Client.cpp:74:49: error: ‘data’ was not declared in this scope
../src/lib/network/Client.cpp:74:55: error: expected ‘,’ or ‘;’ before ‘{’ token
../src/lib/network/Client.cpp:95:1: error: expected ‘}’ at end of input
make: *** [src/lib/network/Client.o] Error 1
21:56:27 **** Incremental Build of configuration Debug for project LSM303DLHC ****
make all 
Building file: ../src/lib/network/Client.cpp
Invoking: Cross G++ Compiler
arm-linux-gnueabi-g++ -O0 -g3 -Wall -c -fmessage-length=0 -MMD -MP -MF"src/lib/network/Client.d" -MT"src/lib/network/Client.d" -o "src/lib/network/Client.o" "../src/lib/network/Client.cpp"
../src/lib/network/Client.cpp: In member function ‘int std::Client::recieve_from_server(std::magdata_t*)’:
../src/lib/network/Client.cpp:89:1: warning: control reaches end of non-void function [-Wreturn-type]
Finished building: ../src/lib/network/Client.cpp
 
Building file: ../src/lib/network/LocalDebugClient.cpp
Invoking: Cross G++ Compiler
arm-linux-gnueabi-g++ -O0 -g3 -Wall -c -fmessage-length=0 -MMD -MP -MF"src/lib/network/LocalDebugClient.d" -MT"src/lib/network/LocalDebugClient.d" -o "src/lib/network/LocalDebugClient.o" "../src/lib/network/LocalDebugClient.cpp"
Finished building: ../src/lib/network/LocalDebugClient.cpp
 
Building file: ../src/SensorTesting.cpp
Invoking: Cross G++ Compiler
arm-linux-gnueabi-g++ -O0 -g3 -Wall -c -fmessage-length=0 -MMD -MP -MF"src/SensorTesting.d" -MT"src/SensorTesting.d" -o "src/SensorTesting.o" "../src/SensorTesting.cpp"
../src/SensorTesting.cpp: In function ‘int main(int, char**)’:
../src/SensorTesting.cpp:36:40: warning: deprecated conversion from string constant to ‘char*’ [-Wwrite-strings]
Finished building: ../src/SensorTesting.cpp
 
Building target: LSM303DLHC
Invoking: Cross G++ Linker
arm-linux-gnueabi-g++  -o "LSM303DLHC"  ./src/lib/network/Client.o ./src/lib/network/LocalDebugClient.o  ./src/lib/LSM303DLHC.o  ./src/SensorTesting.o   
Finished building target: LSM303DLHC
 
21:56:33 **** Incremental Build of configuration Debug for project LSM303DLHC ****
make all 
make: Nothing to be done for `all'.
21:56:43 **** Incremental Build of configuration Debug for project LSM303DLHC ****
make all 
make: Nothing to be done for `all'.
21:58:34 **** Incremental Build of configuration Debug for project LSM303DLHC ****
make all 
Building file: ../src/SensorTesting.cpp
Invoking: Cross G++ Compiler
arm-linux-gnueabi-g++ -O0 -g3 -Wall -c -fmessage-length=0 -MMD -MP -MF"src/SensorTesting.d" -MT"src/SensorTesting.d" -o "src/SensorTesting.o" "../src/SensorTesting.cpp"
../src/SensorTesting.cpp: In function ‘int main(int, char**)’:
../src/SensorTesting.cpp:36:40: warning: deprecated conversion from string constant to ‘char*’ [-Wwrite-strings]
Finished building: ../src/SensorTesting.cpp
 
Building target: LSM303DLHC
Invoking: Cross G++ Linker
arm-linux-gnueabi-g++  -o "LSM303DLHC"  ./src/lib/network/Client.o ./src/lib/network/LocalDebugClient.o  ./src/lib/LSM303DLHC.o  ./src/SensorTesting.o   
Finished building target: LSM303DLHC
 
22:03:40 **** Incremental Build of configuration Debug for project LSM303DLHC ****
make all 
make: Nothing to be done for `all'.
22:05:09 **** Incremental Build of configuration Debug for project LSM303DLHC ****
make all 
Building file: ../src/SensorTesting.cpp
Invoking: Cross G++ Compiler
arm-linux-gnueabi-g++ -O0 -g3 -Wall -c -fmessage-length=0 -MMD -MP -MF"src/SensorTesting.d" -MT"src/SensorTesting.d" -o "src/SensorTesting.o" "../src/SensorTesting.cpp"
../src/SensorTesting.cpp: In function ‘int main(int, char**)’:
../src/SensorTesting.cpp:36:40: warning: deprecated conversion from string constant to ‘char*’ [-Wwrite-strings]
Finished building: ../src/SensorTesting.cpp
 
Building target: LSM303DLHC
Invoking: Cross G++ Linker
arm-linux-gnueabi-g++  -o "LSM303DLHC"  ./src/lib/network/Client.o ./src/lib/network/LocalDebugClient.o  ./src/lib/LSM303DLHC.o  ./src/SensorTesting.o   
Finished building target: LSM303DLHC
 
22:05:26 **** Incremental Build of configuration Debug for project LSM303DLHC ****
make all 
make: Nothing to be done for `all'.
22:07:13 **** Incremental Build of configuration Debug for project LSM303DLHC ****
make all 
Building file: ../src/SensorTesting.cpp
Invoking: Cross G++ Compiler
arm-linux-gnueabi-g++ -O0 -g3 -Wall -c -fmessage-length=0 -MMD -MP -MF"src/SensorTesting.d" -MT"src/SensorTesting.d" -o "src/SensorTesting.o" "../src/SensorTesting.cpp"
../src/SensorTesting.cpp: In function ‘int main(int, char**)’:
../src/SensorTesting.cpp:36:40: warning: deprecated conversion from string constant to ‘char*’ [-Wwrite-strings]
Finished building: ../src/SensorTesting.cpp
 
Building target: LSM303DLHC
Invoking: Cross G++ Linker
arm-linux-gnueabi-g++  -o "LSM303DLHC"  ./src/lib/network/Client.o ./src/lib/network/LocalDebugClient.o  ./src/lib/LSM303DLHC.o  ./src/SensorTesting.o   
Finished building target: LSM303DLHC
 
22:09:09 **** Incremental Build of configuration Debug for project LSM303DLHC ****
make all 
Building file: ../src/SensorTesting.cpp
Invoking: Cross G++ Compiler
arm-linux-gnueabi-g++ -O0 -g3 -Wall -c -fmessage-length=0 -MMD -MP -MF"src/SensorTesting.d" -MT"src/SensorTesting.d" -o "src/SensorTesting.o" "../src/SensorTesting.cpp"
../src/SensorTesting.cpp: In function ‘int main(int, char**)’:
../src/SensorTesting.cpp:36:40: warning: deprecated conversion from string constant to ‘char*’ [-Wwrite-strings]
Finished building: ../src/SensorTesting.cpp
 
Building target: LSM303DLHC
Invoking: Cross G++ Linker
arm-linux-gnueabi-g++  -o "LSM303DLHC"  ./src/lib/network/Client.o ./src/lib/network/LocalDebugClient.o  ./src/lib/LSM303DLHC.o  ./src/SensorTesting.o   
Finished building target: LSM303DLHC
 
22:09:16 **** Incremental Build of configuration Debug for project LSM303DLHC ****
make all 
make: Nothing to be done for `all'.
22:10:11 **** Incremental Build of configuration Debug for project LSM303DLHC ****
make all 
Building file: ../src/SensorTesting.cpp
Invoking: Cross G++ Compiler
arm-linux-gnueabi-g++ -O0 -g3 -Wall -c -fmessage-length=0 -MMD -MP -MF"src/SensorTesting.d" -MT"src/SensorTesting.d" -o "src/SensorTesting.o" "../src/SensorTesting.cpp"
../src/SensorTesting.cpp: In function ‘int main(int, char**)’:
../src/SensorTesting.cpp:36:40: warning: deprecated conversion from string constant to ‘char*’ [-Wwrite-strings]
Finished building: ../src/SensorTesting.cpp
 
Building target: LSM303DLHC
Invoking: Cross G++ Linker
arm-linux-gnueabi-g++  -o "LSM303DLHC"  ./src/lib/network/Client.o ./src/lib/network/LocalDebugClient.o  ./src/lib/LSM303DLHC.o  ./src/SensorTesting.o   
Finished building target: LSM303DLHC
 
22:11:24 **** Incremental Build of configuration Debug for project LSM303DLHC ****
make all 
Building file: ../src/SensorTesting.cpp
Invoking: Cross G++ Compiler
arm-linux-gnueabi-g++ -O0 -g3 -Wall -c -fmessage-length=0 -MMD -MP -MF"src/SensorTesting.d" -MT"src/SensorTesting.d" -o "src/SensorTesting.o" "../src/SensorTesting.cpp"
../src/SensorTesting.cpp: In function ‘int main(int, char**)’:
../src/SensorTesting.cpp:36:40: warning: deprecated conversion from string constant to ‘char*’ [-Wwrite-strings]
Finished building: ../src/SensorTesting.cpp
 
Building target: LSM303DLHC
Invoking: Cross G++ Linker
arm-linux-gnueabi-g++  -o "LSM303DLHC"  ./src/lib/network/Client.o ./src/lib/network/LocalDebugClient.o  ./src/lib/LSM303DLHC.o  ./src/SensorTesting.o   
Finished building target: LSM303DLHC
 
22:14:11 **** Incremental Build of configuration Debug for project LSM303DLHC ****
make all 
Building file: ../src/SensorTesting.cpp
Invoking: Cross G++ Compiler
arm-linux-gnueabi-g++ -O0 -g3 -Wall -c -fmessage-length=0 -MMD -MP -MF"src/SensorTesting.d" -MT"src/SensorTesting.d" -o "src/SensorTesting.o" "../src/SensorTesting.cpp"
../src/SensorTesting.cpp: In function ‘int main(int, char**)’:
../src/SensorTesting.cpp:36:40: warning: deprecated conversion from string constant to ‘char*’ [-Wwrite-strings]
Finished building: ../src/SensorTesting.cpp
 
Building target: LSM303DLHC
Invoking: Cross G++ Linker
arm-linux-gnueabi-g++  -o "LSM303DLHC"  ./src/lib/network/Client.o ./src/lib/network/LocalDebugClient.o  ./src/lib/LSM303DLHC.o  ./src/SensorTesting.o   
Finished building target: LSM303DLHC
 
22:14:19 **** Incremental Build of configuration Debug for project LSM303DLHC ****
make all 
make: Nothing to be done for `all'.
22:14:44 **** Incremental Build of configuration Debug for project LSM303DLHC ****
make all 
Building file: ../src/SensorTesting.cpp
Invoking: Cross G++ Compiler
arm-linux-gnueabi-g++ -O0 -g3 -Wall -c -fmessage-length=0 -MMD -MP -MF"src/SensorTesting.d" -MT"src/SensorTesting.d" -o "src/SensorTesting.o" "../src/SensorTesting.cpp"
../src/SensorTesting.cpp: In function ‘int main(int, char**)’:
../src/SensorTesting.cpp:36:40: warning: deprecated conversion from string constant to ‘char*’ [-Wwrite-strings]
Finished building: ../src/SensorTesting.cpp
 
Building target: LSM303DLHC
Invoking: Cross G++ Linker
arm-linux-gnueabi-g++  -o "LSM303DLHC"  ./src/lib/network/Client.o ./src/lib/network/LocalDebugClient.o  ./src/lib/LSM303DLHC.o  ./src/SensorTesting.o   
Finished building target: LSM303DLHC
 
22:14:50 **** Incremental Build of configuration Debug for project LSM303DLHC ****
make all 
make: Nothing to be done for `all'.
22:15:30 **** Incremental Build of configuration Debug for project LSM303DLHC ****
make all 
Building file: ../src/SensorTesting.cpp
Invoking: Cross G++ Compiler
arm-linux-gnueabi-g++ -O0 -g3 -Wall -c -fmessage-length=0 -MMD -MP -MF"src/SensorTesting.d" -MT"src/SensorTesting.d" -o "src/SensorTesting.o" "../src/SensorTesting.cpp"
../src/SensorTesting.cpp: In function ‘int main(int, char**)’:
../src/SensorTesting.cpp:36:40: warning: deprecated conversion from string constant to ‘char*’ [-Wwrite-strings]
Finished building: ../src/SensorTesting.cpp
 
Building target: LSM303DLHC
Invoking: Cross G++ Linker
arm-linux-gnueabi-g++  -o "LSM303DLHC"  ./src/lib/network/Client.o ./src/lib/network/LocalDebugClient.o  ./src/lib/LSM303DLHC.o  ./src/SensorTesting.o   
Finished building target: LSM303DLHC
 
22:47:27 **** Incremental Build of configuration Debug for project LSM303DLHC ****
make all 
Building file: ../src/SensorTesting.cpp
Invoking: Cross G++ Compiler
arm-linux-gnueabi-g++ -O0 -g3 -Wall -c -fmessage-length=0 -MMD -MP -MF"src/SensorTesting.d" -MT"src/SensorTesting.d" -o "src/SensorTesting.o" "../src/SensorTesting.cpp"
../src/SensorTesting.cpp: In function ‘void calculate(double, std::lsm303_t*, std::lsm303_t*, std::lsm303_t*, std::lsm303_t*, std::lsm303_t*, std::lsm303_t*)’:
../src/SensorTesting.cpp:61:5: error: ‘curr’ was not declared in this scope
../src/SensorTesting.cpp: In function ‘int main(int, char**)’:
../src/SensorTesting.cpp:73:40: warning: deprecated conversion from string constant to ‘char*’ [-Wwrite-strings]
make: *** [src/SensorTesting.o] Error 1
22:47:51 **** Incremental Build of configuration Debug for project LSM303DLHC ****
make all 
Building file: ../src/SensorTesting.cpp
Invoking: Cross G++ Compiler
arm-linux-gnueabi-g++ -O0 -g3 -Wall -c -fmessage-length=0 -MMD -MP -MF"src/SensorTesting.d" -MT"src/SensorTesting.d" -o "src/SensorTesting.o" "../src/SensorTesting.cpp"
../src/SensorTesting.cpp: In function ‘int main(int, char**)’:
../src/SensorTesting.cpp:73:40: warning: deprecated conversion from string constant to ‘char*’ [-Wwrite-strings]
Finished building: ../src/SensorTesting.cpp
 
Building target: LSM303DLHC
Invoking: Cross G++ Linker
arm-linux-gnueabi-g++  -o "LSM303DLHC"  ./src/lib/network/Client.o ./src/lib/network/LocalDebugClient.o  ./src/lib/LSM303DLHC.o  ./src/SensorTesting.o   
Finished building target: LSM303DLHC
 
22:49:14 **** Incremental Build of configuration Debug for project LSM303DLHC ****
make all 
make: Nothing to be done for `all'.
22:51:20 **** Incremental Build of configuration Debug for project LSM303DLHC ****
make all 
make: Nothing to be done for `all'.
22:51:29 **** Incremental Build of configuration Debug for project LSM303DLHC ****
make all 
make: Nothing to be done for `all'.
22:51:57 **** Incremental Build of configuration Debug for project LSM303DLHC ****
make all 
make: Nothing to be done for `all'.
22:53:58 **** Incremental Build of configuration Debug for project LSM303DLHC ****
make all 
Building file: ../src/SensorTesting.cpp
Invoking: Cross G++ Compiler
arm-linux-gnueabi-g++ -O0 -g3 -Wall -c -fmessage-length=0 -MMD -MP -MF"src/SensorTesting.d" -MT"src/SensorTesting.d" -o "src/SensorTesting.o" "../src/SensorTesting.cpp"
../src/SensorTesting.cpp: In function ‘int main(int, char**)’:
../src/SensorTesting.cpp:73:40: warning: deprecated conversion from string constant to ‘char*’ [-Wwrite-strings]
Finished building: ../src/SensorTesting.cpp
 
Building target: LSM303DLHC
Invoking: Cross G++ Linker
arm-linux-gnueabi-g++  -o "LSM303DLHC"  ./src/lib/network/Client.o ./src/lib/network/LocalDebugClient.o  ./src/lib/LSM303DLHC.o  ./src/SensorTesting.o   
Finished building target: LSM303DLHC
 
22:56:22 **** Incremental Build of configuration Debug for project LSM303DLHC ****
make all 
Building file: ../src/SensorTesting.cpp
Invoking: Cross G++ Compiler
arm-linux-gnueabi-g++ -O0 -g3 -Wall -c -fmessage-length=0 -MMD -MP -MF"src/SensorTesting.d" -MT"src/SensorTesting.d" -o "src/SensorTesting.o" "../src/SensorTesting.cpp"
../src/SensorTesting.cpp: In function ‘int main(int, char**)’:
../src/SensorTesting.cpp:73:40: warning: deprecated conversion from string constant to ‘char*’ [-Wwrite-strings]
Finished building: ../src/SensorTesting.cpp
 
Building target: LSM303DLHC
Invoking: Cross G++ Linker
arm-linux-gnueabi-g++  -o "LSM303DLHC"  ./src/lib/network/Client.o ./src/lib/network/LocalDebugClient.o  ./src/lib/LSM303DLHC.o  ./src/SensorTesting.o   
Finished building target: LSM303DLHC
 
22:58:58 **** Incremental Build of configuration Debug for project LSM303DLHC ****
make all 
Building file: ../src/SensorTesting.cpp
Invoking: Cross G++ Compiler
arm-linux-gnueabi-g++ -O0 -g3 -Wall -c -fmessage-length=0 -MMD -MP -MF"src/SensorTesting.d" -MT"src/SensorTesting.d" -o "src/SensorTesting.o" "../src/SensorTesting.cpp"
../src/SensorTesting.cpp: In function ‘int main(int, char**)’:
../src/SensorTesting.cpp:73:40: warning: deprecated conversion from string constant to ‘char*’ [-Wwrite-strings]
Finished building: ../src/SensorTesting.cpp
 
Building target: LSM303DLHC
Invoking: Cross G++ Linker
arm-linux-gnueabi-g++  -o "LSM303DLHC"  ./src/lib/network/Client.o ./src/lib/network/LocalDebugClient.o  ./src/lib/LSM303DLHC.o  ./src/SensorTesting.o   
Finished building target: LSM303DLHC
 
23:01:55 **** Incremental Build of configuration Debug for project LSM303DLHC ****
make all 
Building file: ../src/SensorTesting.cpp
Invoking: Cross G++ Compiler
arm-linux-gnueabi-g++ -O0 -g3 -Wall -c -fmessage-length=0 -MMD -MP -MF"src/SensorTesting.d" -MT"src/SensorTesting.d" -o "src/SensorTesting.o" "../src/SensorTesting.cpp"
../src/SensorTesting.cpp: In function ‘int main(int, char**)’:
../src/SensorTesting.cpp:73:40: warning: deprecated conversion from string constant to ‘char*’ [-Wwrite-strings]
Finished building: ../src/SensorTesting.cpp
 
Building target: LSM303DLHC
Invoking: Cross G++ Linker
arm-linux-gnueabi-g++  -o "LSM303DLHC"  ./src/lib/network/Client.o ./src/lib/network/LocalDebugClient.o  ./src/lib/LSM303DLHC.o  ./src/SensorTesting.o   
Finished building target: LSM303DLHC
 
23:20:22 **** Incremental Build of configuration Debug for project LSM303DLHC ****
make all 
make: Nothing to be done for `all'.
23:25:20 **** Incremental Build of configuration Debug for project LSM303DLHC ****
make all 
make: Nothing to be done for `all'.
00:43:48 **** Incremental Build of configuration Debug for project LSM303DLHC ****
make all 
Building file: ../src/SensorTesting.cpp
Invoking: Cross G++ Compiler
arm-linux-gnueabi-g++ -O0 -g3 -Wall -c -fmessage-length=0 -MMD -MP -MF"src/SensorTesting.d" -MT"src/SensorTesting.d" -o "src/SensorTesting.o" "../src/SensorTesting.cpp"
../src/SensorTesting.cpp: In function ‘int main(int, char**)’:
../src/SensorTesting.cpp:73:40: warning: deprecated conversion from string constant to ‘char*’ [-Wwrite-strings]
Finished building: ../src/SensorTesting.cpp
 
Building target: LSM303DLHC
Invoking: Cross G++ Linker
arm-linux-gnueabi-g++  -o "LSM303DLHC"  ./src/lib/network/Client.o ./src/lib/network/LocalDebugClient.o  ./src/lib/LSM303DLHC.o  ./src/SensorTesting.o   
Finished building target: LSM303DLHC
 
00:46:07 **** Incremental Build of configuration Debug for project LSM303DLHC ****
make all 
make: Nothing to be done for `all'.
00:46:50 **** Incremental Build of configuration Debug for project LSM303DLHC ****
make all 
make: Nothing to be done for `all'.
00:53:40 **** Incremental Build of configuration Debug for project LSM303DLHC ****
make all 
Building file: ../src/SensorTesting.cpp
Invoking: Cross G++ Compiler
arm-linux-gnueabi-g++ -O0 -g3 -Wall -c -fmessage-length=0 -MMD -MP -MF"src/SensorTesting.d" -MT"src/SensorTesting.d" -o "src/SensorTesting.o" "../src/SensorTesting.cpp"
../src/SensorTesting.cpp: In function ‘int main(int, char**)’:
../src/SensorTesting.cpp:76:40: warning: deprecated conversion from string constant to ‘char*’ [-Wwrite-strings]
Finished building: ../src/SensorTesting.cpp
 
Building target: LSM303DLHC
Invoking: Cross G++ Linker
arm-linux-gnueabi-g++  -o "LSM303DLHC"  ./src/lib/network/Client.o ./src/lib/network/LocalDebugClient.o  ./src/lib/LSM303DLHC.o  ./src/SensorTesting.o   
Finished building target: LSM303DLHC
 
00:59:20 **** Incremental Build of configuration Debug for project LSM303DLHC ****
make all 
Building file: ../src/SensorTesting.cpp
Invoking: Cross G++ Compiler
arm-linux-gnueabi-g++ -O0 -g3 -Wall -c -fmessage-length=0 -MMD -MP -MF"src/SensorTesting.d" -MT"src/SensorTesting.d" -o "src/SensorTesting.o" "../src/SensorTesting.cpp"
../src/SensorTesting.cpp: In function ‘int main(int, char**)’:
../src/SensorTesting.cpp:72:59: error: expected ‘;’ before string constant
make: *** [src/SensorTesting.o] Error 1
00:59:55 **** Incremental Build of configuration Debug for project LSM303DLHC ****
make all 
Building file: ../src/SensorTesting.cpp
Invoking: Cross G++ Compiler
arm-linux-gnueabi-g++ -O0 -g3 -Wall -c -fmessage-length=0 -MMD -MP -MF"src/SensorTesting.d" -MT"src/SensorTesting.d" -o "src/SensorTesting.o" "../src/SensorTesting.cpp"
Finished building: ../src/SensorTesting.cpp
 
Building target: LSM303DLHC
Invoking: Cross G++ Linker
arm-linux-gnueabi-g++  -o "LSM303DLHC"  ./src/lib/network/Client.o ./src/lib/network/LocalDebugClient.o  ./src/lib/LSM303DLHC.o  ./src/SensorTesting.o   
Finished building target: LSM303DLHC
 
