This is pdfTeX, Version 3.14159265-2.6-1.40.20 (TeX Live 2019/Debian) (preloaded format=pdflatex 2020.6.19)  6 AUG 2020 01:43
entering extended mode
 \write18 enabled.
 file:line:error style messages enabled.
 %&-line parsing enabled.
**"/home/kuky_nekoi/Documents/Sources/Utalca/UTAL/ComputerScience/(2020-1)-Information_Security/Informe 2/informe.tex"
(/home/kuky_nekoi/Documents/Sources/Utalca/UTAL/ComputerScience/(2020-1)-Information_Security/Informe 2/informe.tex
LaTeX2e <2020-02-02> patch level 2
L3 programming layer <2020-02-14> (/home/kuky_nekoi/Documents/Sources/Utalca/UTAL/ComputerScience/(2020-1)-Information_Security/Informe 2/utalcaDoc.cls
Document Class: utalcaDoc 2009/08/28 Utalca Article, based on the article class
(/usr/share/texlive/texmf-dist/tex/latex/base/article.cls
Document Class: article 2019/12/20 v1.4l Standard LaTeX document class
(/usr/share/texlive/texmf-dist/tex/latex/base/size11.clo
File: size11.clo 2019/12/20 v1.4l Standard LaTeX file (size option)
)
\c@part=\count167
\c@section=\count168
\c@subsection=\count169
\c@subsubsection=\count170
\c@paragraph=\count171
\c@subparagraph=\count172
\c@figure=\count173
\c@table=\count174
\abovecaptionskip=\skip47
\belowcaptionskip=\skip48
\bibindent=\dimen134
) (/usr/share/texlive/texmf-dist/tex/latex/preprint/fullpage.sty
Package: fullpage 1999/02/23 1.1 (PWD)
\FP@margin=\skip49
) (/usr/share/texlive/texmf-dist/tex/latex/epstopdf-pkg/epstopdf.sty
Package: epstopdf 2020-01-24 v2.11 Conversion with epstopdf on the fly (HO)
 (/usr/share/texlive/texmf-dist/tex/generic/infwarerr/infwarerr.sty
Package: infwarerr 2019/12/03 v1.5 Providing info/warning/error messages (HO)
) (/usr/share/texlive/texmf-dist/tex/latex/grfext/grfext.sty
Package: grfext 2019/12/03 v1.3 Manage graphics extensions (HO)
 (/usr/share/texlive/texmf-dist/tex/generic/kvdefinekeys/kvdefinekeys.sty
Package: kvdefinekeys 2019-12-19 v1.6 Define keys (HO)
)) (/usr/share/texlive/texmf-dist/tex/latex/kvoptions/kvoptions.sty
Package: kvoptions 2019/11/29 v3.13 Key value format for package options (HO)
 (/usr/share/texlive/texmf-dist/tex/latex/graphics/keyval.sty
Package: keyval 2014/10/28 v1.15 key=value parser (DPC)
\KV@toks@=\toks14
) (/usr/share/texlive/texmf-dist/tex/generic/ltxcmds/ltxcmds.sty
Package: ltxcmds 2019/12/15 v1.24 LaTeX kernel commands for general use (HO)
) (/usr/share/texlive/texmf-dist/tex/generic/kvsetkeys/kvsetkeys.sty
Package: kvsetkeys 2019/12/15 v1.18 Key value parser (HO)
)) (/usr/share/texlive/texmf-dist/tex/latex/pdftexcmds/pdftexcmds.sty
Package: pdftexcmds 2019/11/24 v0.31 Utility functions of pdfTeX for LuaTeX (HO)
 (/usr/share/texlive/texmf-dist/tex/generic/iftex/iftex.sty
Package: iftex 2019/11/07 v1.0c TeX engine tests
)
Package pdftexcmds Info: \pdf@primitive is available.
Package pdftexcmds Info: \pdf@ifprimitive is available.
Package pdftexcmds Info: \pdfdraftmode found.
) (/usr/share/texlive/texmf-dist/tex/latex/epstopdf-pkg/epstopdf-base.sty
Package: epstopdf-base 2020-01-24 v2.11 Base part for package epstopdf


Package epstopdf Warning: No graphics package `graphic{s,x}' loaded.

))) (/usr/share/texlive/texmf-dist/tex/latex/base/alltt.sty
Package: alltt 1997/06/16 v2.0g defines alltt environment
) (/usr/share/texlive/texmf-dist/tex/latex/underscore/underscore.sty
Package: underscore 2006/09/13
LaTeX Info: Redefining \_ on input line 42.
) (/usr/share/texlive/texmf-dist/tex/latex/base/inputenc.sty
Package: inputenc 2018/08/11 v1.3c Input encoding file
\inpenc@prehook=\toks15
\inpenc@posthook=\toks16
) (/usr/share/texlive/texmf-dist/tex/generic/babel/babel.sty
Package: babel 2020/02/14 3.40 The Babel package
 (/usr/share/texlive/texmf-dist/tex/generic/babel/switch.def
File: switch.def 2020/02/14 3.40 Babel switching mechanism
) (/usr/share/texlive/texmf-dist/tex/generic/babel-spanish/spanish.ldf
Language: spanish.ldf 2016/03/03 v5.0p Spanish support from the babel system
 (/usr/share/texlive/texmf-dist/tex/generic/babel/babel.def
File: babel.def 2020/02/14 3.40 Babel common definitions
\babel@savecnt=\count175
\U@D=\dimen135
 (/usr/share/texlive/texmf-dist/tex/generic/babel/txtbabel.def)
\bbl@readstream=\read2
\bbl@dirlevel=\count176
)
\es@quottoks=\toks17
\es@quotdepth=\count177
Package babel Info: Making " an active character on input line 561.
Package babel Info: Making . an active character on input line 662.
Package babel Info: Making < an active character on input line 707.
Package babel Info: Making > an active character on input line 707.
Package babel Info: Making ' an active character on input line 725.
)) (/usr/share/texlive/texmf-dist/tex/latex/tools/verbatim.sty
Package: verbatim 2019/11/10 v1.5r LaTeX2e package for verbatim enhancements
\every@verbatim=\toks18
\verbatim@line=\toks19
\verbatim@in@stream=\read3
) (/usr/share/texlive/texmf-dist/tex/latex/graphics/graphicx.sty
Package: graphicx 2019/11/30 v1.2a Enhanced LaTeX Graphics (DPC,SPQR)
 (/usr/share/texlive/texmf-dist/tex/latex/graphics/graphics.sty
Package: graphics 2019/11/30 v1.4a Standard LaTeX Graphics (DPC,SPQR)
 (/usr/share/texlive/texmf-dist/tex/latex/graphics/trig.sty
Package: trig 2016/01/03 v1.10 sin cos tan (DPC)
) (/usr/share/texlive/texmf-dist/tex/latex/graphics-cfg/graphics.cfg
File: graphics.cfg 2016/06/04 v1.11 sample graphics configuration
)
Package graphics Info: Driver file: pdftex.def on input line 105.
 (/usr/share/texlive/texmf-dist/tex/latex/graphics-def/pdftex.def
File: pdftex.def 2018/01/08 v1.0l Graphics/color driver for pdftex
))
\Gin@req@height=\dimen136
\Gin@req@width=\dimen137
) (/usr/share/texlive/texmf-dist/tex/latex/ae/ae.sty
Package: ae 2001/02/12 1.3 Almost European Computer Modern
 (/usr/share/texlive/texmf-dist/tex/latex/base/fontenc.sty
Package: fontenc 2020/02/11 v2.0o Standard LaTeX package
)) (/usr/share/texlive/texmf-dist/tex/latex/amsmath/amsmath.sty
Package: amsmath 2020/01/20 v2.17e AMS math features
\@mathmargin=\skip50

For additional information on amsmath, use the `?' option.
(/usr/share/texlive/texmf-dist/tex/latex/amsmath/amstext.sty
Package: amstext 2000/06/29 v2.01 AMS text
 (/usr/share/texlive/texmf-dist/tex/latex/amsmath/amsgen.sty
File: amsgen.sty 1999/11/30 v2.0 generic functions
\@emptytoks=\toks20
\ex@=\dimen138
)) (/usr/share/texlive/texmf-dist/tex/latex/amsmath/amsbsy.sty
Package: amsbsy 1999/11/29 v1.2d Bold Symbols
\pmbraise@=\dimen139
) (/usr/share/texlive/texmf-dist/tex/latex/amsmath/amsopn.sty
Package: amsopn 2016/03/08 v2.02 operator names
)
\inf@bad=\count178
LaTeX Info: Redefining \frac on input line 227.
\uproot@=\count179
\leftroot@=\count180
LaTeX Info: Redefining \overline on input line 389.
\classnum@=\count181
\DOTSCASE@=\count182
LaTeX Info: Redefining \ldots on input line 486.
LaTeX Info: Redefining \dots on input line 489.
LaTeX Info: Redefining \cdots on input line 610.
\Mathstrutbox@=\box45
\strutbox@=\box46
\big@size=\dimen140
LaTeX Font Info:    Redeclaring font encoding OML on input line 733.
LaTeX Font Info:    Redeclaring font encoding OMS on input line 734.
\macc@depth=\count183
\c@MaxMatrixCols=\count184
\dotsspace@=\muskip16
\c@parentequation=\count185
\dspbrk@lvl=\count186
\tag@help=\toks21
\row@=\count187
\column@=\count188
\maxfields@=\count189
\andhelp@=\toks22
\eqnshift@=\dimen141
\alignsep@=\dimen142
\tagshift@=\dimen143
\tagwidth@=\dimen144
\totwidth@=\dimen145
\lineht@=\dimen146
\@envbody=\toks23
\multlinegap=\skip51
\multlinetaggap=\skip52
\mathdisplay@stack=\toks24
LaTeX Info: Redefining \[ on input line 2859.
LaTeX Info: Redefining \] on input line 2860.
) (/usr/share/texlive/texmf-dist/tex/latex/amsfonts/amsfonts.sty
Package: amsfonts 2013/01/14 v3.01 Basic AMSFonts support
\symAMSa=\mathgroup4
\symAMSb=\mathgroup5
LaTeX Font Info:    Redeclaring math symbol \hbar on input line 98.
LaTeX Font Info:    Overwriting math alphabet `\mathfrak' in version `bold'
(Font)                  U/euf/m/n --> U/euf/b/n on input line 106.
) (/usr/share/texlive/texmf-dist/tex/latex/pdflscape/pdflscape.sty
Package: pdflscape 2019/12/05 v0.12 Display of landscape pages in PDF (HO)
 (/usr/share/texlive/texmf-dist/tex/latex/graphics/lscape.sty
Package: lscape 2000/10/22 v3.01 Landscape Pages (DPC)
)
Package pdflscape Info: Auto-detected driver: pdftex on input line 81.
) (/usr/share/texlive/texmf-dist/tex/latex/inconsolata/inconsolata.sty
Package: inconsolata 2019/05/17 v1.12
 `inconsolata-zi4' v1.12, 2019/05/17 Text macros for Inconsolata (msharpe) (/usr/share/texlive/texmf-dist/tex/latex/base/textcomp.sty
Package: textcomp 2020/02/02 v2.0n Standard LaTeX package
) (/usr/share/texlive/texmf-dist/tex/latex/xkeyval/xkeyval.sty
Package: xkeyval 2014/12/03 v2.7a package option processing (HA)
 (/usr/share/texlive/texmf-dist/tex/generic/xkeyval/xkeyval.tex (/usr/share/texlive/texmf-dist/tex/generic/xkeyval/xkvutils.tex
\XKV@toks=\toks25
\XKV@tempa@toks=\toks26
)
\XKV@depth=\count190
File: xkeyval.tex 2014/12/03 v2.7a key=value parser (HA)
))
\zifour@ocount=\count191
) (/usr/share/texlive/texmf-dist/tex/latex/url/url.sty
\Urlmuskip=\muskip17
Package: url 2013/09/16  ver 3.4  Verb mode for urls, etc.
) (/usr/share/texlive/texmf-dist/tex/latex/hyperref/hyperref.sty
Package: hyperref 2020/01/14 v7.00d Hypertext links for LaTeX
 (/usr/share/texlive/texmf-dist/tex/generic/pdfescape/pdfescape.sty
Package: pdfescape 2019/12/09 v1.15 Implements pdfTeX's escape features (HO)
) (/usr/share/texlive/texmf-dist/tex/latex/hycolor/hycolor.sty
Package: hycolor 2020-01-27 v1.10 Color options for hyperref/bookmark (HO)
) (/usr/share/texlive/texmf-dist/tex/latex/letltxmacro/letltxmacro.sty
Package: letltxmacro 2019/12/03 v1.6 Let assignment for LaTeX macros (HO)
) (/usr/share/texlive/texmf-dist/tex/latex/auxhook/auxhook.sty
Package: auxhook 2019-12-17 v1.6 Hooks for auxiliary files (HO)
)
\@linkdim=\dimen147
\Hy@linkcounter=\count192
\Hy@pagecounter=\count193
 (/usr/share/texlive/texmf-dist/tex/latex/hyperref/pd1enc.def
File: pd1enc.def 2020/01/14 v7.00d Hyperref: PDFDocEncoding definition (HO)
Now handling font encoding PD1 ...
... no UTF-8 mapping file for font encoding PD1
) (/usr/share/texlive/texmf-dist/tex/generic/intcalc/intcalc.sty
Package: intcalc 2019/12/15 v1.3 Expandable calculations with integers (HO)
) (/usr/share/texlive/texmf-dist/tex/generic/etexcmds/etexcmds.sty
Package: etexcmds 2019/12/15 v1.7 Avoid name clashes with e-TeX commands (HO)
)
\Hy@SavedSpaceFactor=\count194
\pdfmajorversion=\count195
Package hyperref Info: Hyper figures OFF on input line 4547.
Package hyperref Info: Link nesting OFF on input line 4552.
Package hyperref Info: Hyper index ON on input line 4555.
Package hyperref Info: Plain pages OFF on input line 4562.
Package hyperref Info: Backreferencing OFF on input line 4567.
Package hyperref Info: Implicit mode ON; LaTeX internals redefined.
Package hyperref Info: Bookmarks ON on input line 4800.
\c@Hy@tempcnt=\count196
LaTeX Info: Redefining \url on input line 5159.
\XeTeXLinkMargin=\dimen148
 (/usr/share/texlive/texmf-dist/tex/generic/bitset/bitset.sty
Package: bitset 2019/12/09 v1.3 Handle bit-vector datatype (HO)
 (/usr/share/texlive/texmf-dist/tex/generic/bigintcalc/bigintcalc.sty
Package: bigintcalc 2019/12/15 v1.5 Expandable calculations on big integers (HO)
))
\Fld@menulength=\count197
\Field@Width=\dimen149
\Fld@charsize=\dimen150
Package hyperref Info: Hyper figures OFF on input line 6430.
Package hyperref Info: Link nesting OFF on input line 6435.
Package hyperref Info: Hyper index ON on input line 6438.
Package hyperref Info: backreferencing OFF on input line 6445.
Package hyperref Info: Link coloring OFF on input line 6450.
Package hyperref Info: Link coloring with OCG OFF on input line 6455.
Package hyperref Info: PDF/A mode OFF on input line 6460.
LaTeX Info: Redefining \ref on input line 6500.
LaTeX Info: Redefining \pageref on input line 6504.
 (/usr/share/texlive/texmf-dist/tex/generic/atbegshi/atbegshi.sty
Package: atbegshi 2019/12/05 v1.19 At begin shipout hook (HO)
)
\Hy@abspage=\count198
\c@Item=\count199
\c@Hfootnote=\count266
)
Package hyperref Info: Driver (autodetected): hpdftex.
 (/usr/share/texlive/texmf-dist/tex/latex/hyperref/hpdftex.def
File: hpdftex.def 2020/01/14 v7.00d Hyperref driver for pdfTeX
 (/usr/share/texlive/texmf-dist/tex/latex/atveryend/atveryend.sty
Package: atveryend 2019-12-11 v1.11 Hooks at the very end of document (HO)
Package atveryend Info: \enddocument detected (standard20110627).
)
\Fld@listcount=\count267
\c@bookmark@seq@number=\count268
 (/usr/share/texlive/texmf-dist/tex/latex/rerunfilecheck/rerunfilecheck.sty
Package: rerunfilecheck 2019/12/05 v1.9 Rerun checks for auxiliary files (HO)
 (/usr/share/texlive/texmf-dist/tex/generic/uniquecounter/uniquecounter.sty
Package: uniquecounter 2019/12/15 v1.4 Provide unlimited unique counter (HO)
)
Package uniquecounter Info: New unique counter `rerunfilecheck' on input line 286.
)
\Hy@SectionHShift=\skip53
) (/usr/share/texlive/texmf-dist/tex/latex/listings/listings.sty
\lst@mode=\count269
\lst@gtempboxa=\box47
\lst@token=\toks27
\lst@length=\count270
\lst@currlwidth=\dimen151
\lst@column=\count271
\lst@pos=\count272
\lst@lostspace=\dimen152
\lst@width=\dimen153
\lst@newlines=\count273
\lst@lineno=\count274
\lst@maxwidth=\dimen154
 (/usr/share/texlive/texmf-dist/tex/latex/listings/lstmisc.sty
File: lstmisc.sty 2019/09/10 1.8c (Carsten Heinz)
\c@lstnumber=\count275
\lst@skipnumbers=\count276
\lst@framebox=\box48
) (/usr/share/texlive/texmf-dist/tex/latex/listings/listings.cfg
File: listings.cfg 2019/09/10 1.8c listings configuration
))
Package: listings 2019/09/10 1.8c (Carsten Heinz)
 (/usr/share/texlive/texmf-dist/tex/latex/placeins/placeins.sty
Package: placeins 2005/04/18  v 2.2
) (/usr/share/texlive/texmf-dist/tex/latex/footmisc/footmisc.sty
Package: footmisc 2011/06/06 v5.5b a miscellany of footnote facilities
\FN@temptoken=\toks28
\footnotemargin=\dimen155
\c@pp@next@reset=\count277
Package footmisc Info: Declaring symbol style bringhurst on input line 855.
Package footmisc Info: Declaring symbol style chicago on input line 863.
Package footmisc Info: Declaring symbol style wiley on input line 872.
Package footmisc Info: Declaring symbol style lamport-robust on input line 883.
Package footmisc Info: Declaring symbol style lamport* on input line 903.
Package footmisc Info: Declaring symbol style lamport*-robust on input line 924.
) (/usr/share/texlive/texmf-dist/tex/latex/minted/minted.sty
Package: minted 2017/07/19 v2.5 Yet another Pygments shim for LaTeX
 (/usr/share/texlive/texmf-dist/tex/latex/fvextra/fvextra.sty
Package: fvextra 2019/02/04 v1.4 fvextra - extensions and patches for fancyvrb
 (/usr/share/texlive/texmf-dist/tex/latex/base/ifthen.sty
Package: ifthen 2014/09/29 v1.1c Standard LaTeX ifthen package (DPC)
) (/usr/share/texlive/texmf-dist/tex/latex/etoolbox/etoolbox.sty
Package: etoolbox 2019/09/21 v2.5h e-TeX tools for LaTeX (JAW)
\etb@tempcnta=\count278
) (/usr/share/texlive/texmf-dist/tex/latex/fancyvrb/fancyvrb.sty
Package: fancyvrb 2020/01/13 v3.5 verbatim text (tvz,hv)
\FV@CodeLineNo=\count279
\FV@InFile=\read4
\FV@TabBox=\box49
\c@FancyVerbLine=\count280
\FV@StepNumber=\count281
\FV@OutFile=\write3
) (/usr/share/texlive/texmf-dist/tex/latex/upquote/upquote.sty
Package: upquote 2012/04/19 v1.3 upright-quote and grave-accent glyphs in verbatim
) (/usr/share/texlive/texmf-dist/tex/latex/lineno/lineno.sty
Package: lineno 2005/11/02 line numbers on paragraphs v4.41
\linenopenalty=\count282
\output=\toks29
\linenoprevgraf=\count283
\linenumbersep=\dimen156
\linenumberwidth=\dimen157
\c@linenumber=\count284
\c@pagewiselinenumber=\count285
\c@LN@truepage=\count286
\c@internallinenumber=\count287
\c@internallinenumbers=\count288
\quotelinenumbersep=\dimen158
\bframerule=\dimen159
\bframesep=\dimen160
\bframebox=\box50
LaTeX Info: Redefining \\ on input line 3056.
)
\c@FV@TrueTabGroupLevel=\count289
\c@FV@TrueTabCounter=\count290
\FV@TabBox@Group=\box51
\FV@TmpLength=\skip54
\c@FV@HighlightLinesStart=\count291
\c@FV@HighlightLinesStop=\count292
\FV@LoopCount=\count293
\FV@NCharsBox=\box52
\FV@BreakIndent=\dimen161
\FV@BreakIndentNChars=\count294
\FV@BreakSymbolSepLeft=\dimen162
\FV@BreakSymbolSepLeftNChars=\count295
\FV@BreakSymbolSepRight=\dimen163
\FV@BreakSymbolSepRightNChars=\count296
\FV@BreakSymbolIndentLeft=\dimen164
\FV@BreakSymbolIndentLeftNChars=\count297
\FV@BreakSymbolIndentRight=\dimen165
\FV@BreakSymbolIndentRightNChars=\count298
\c@FancyVerbLineBreakLast=\count299
\FV@LineBox=\box53
\FV@LineIndentBox=\box54
\FV@LineWidth=\dimen166
) (/usr/share/texlive/texmf-dist/tex/latex/tools/calc.sty
Package: calc 2017/05/25 v4.3 Infix arithmetic (KKT,FJ)
\calc@Acount=\count300
\calc@Bcount=\count301
\calc@Adimen=\dimen167
\calc@Bdimen=\dimen168
\calc@Askip=\skip55
\calc@Bskip=\skip56
LaTeX Info: Redefining \setlength on input line 80.
LaTeX Info: Redefining \addtolength on input line 81.
\calc@Ccount=\count302
\calc@Cskip=\skip57
) (/usr/share/texlive/texmf-dist/tex/latex/tools/shellesc.sty
Package: shellesc 2019/11/08 v1.0c unified shell escape interface for LaTeX
Package shellesc Info: Unrestricted shell escape enabled on input line 75.
) (/usr/share/texlive/texmf-dist/tex/latex/ifplatform/ifplatform.sty
Package: ifplatform 2017/10/13 v0.4a Testing for the operating system
 (/usr/share/texlive/texmf-dist/tex/generic/catchfile/catchfile.sty
Package: catchfile 2019/12/09 v1.8 Catch the contents of a file (HO)
) (/usr/share/texlive/texmf-dist/tex/generic/iftex/ifluatex.sty
Package: ifluatex 2019/10/25 v1.5 ifluatex legacy package. Use iftex instead.
)
runsystem(uname -s > "informe.w18")...executed.

 (/home/kuky_nekoi/Documents/Sources/Utalca/UTAL/ComputerScience/(2020-1)-Information_Security/Informe 2/informe.w18)
runsystem(rm -- "informe.w18")...executed.

) (/usr/share/texlive/texmf-dist/tex/generic/xstring/xstring.sty (/usr/share/texlive/texmf-dist/tex/generic/xstring/xstring.tex
\integerpart=\count303
\decimalpart=\count304
)
Package: xstring 2019/02/06 v1.83 String manipulations (CT)
) (/usr/share/texlive/texmf-dist/tex/latex/framed/framed.sty
Package: framed 2011/10/22 v 0.96: framed or shaded text with page breaks
\OuterFrameSep=\skip58
\fb@frw=\dimen169
\fb@frh=\dimen170
\FrameRule=\dimen171
\FrameSep=\dimen172
) (/usr/share/texlive/texmf-dist/tex/latex/float/float.sty
Package: float 2001/11/08 v1.3d Float enhancements (AL)
\c@float@type=\count305
\float@exts=\toks30
\float@box=\box55
\@float@everytoks=\toks31
\@floatcapt=\box56
)
\minted@appexistsfile=\read5
\minted@bgbox=\box57
\minted@code=\write4
\c@minted@FancyVerbLineTemp=\count306
\c@minted@pygmentizecounter=\count307
\@float@every@listing=\toks32
\c@listing=\count308
)
runsystem(mkdir -p _minted-informe)...executed.

 (/usr/share/texlive/texmf-dist/tex/latex/tools/multicol.sty
Package: multicol 2019/12/09 v1.8y multicolumn formatting (FMi)
\c@tracingmulticols=\count309
\mult@box=\box58
\multicol@leftmargin=\dimen173
\c@unbalance=\count310
\c@collectmore=\count311
\doublecol@number=\count312
\multicoltolerance=\count313
\multicolpretolerance=\count314
\full@width=\dimen174
\page@free=\dimen175
\premulticols=\dimen176
\postmulticols=\dimen177
\multicolsep=\skip59
\multicolbaselineskip=\skip60
\partial@page=\box59
\last@line=\box60
\maxbalancingoverflow=\dimen178
\mult@rightbox=\box61
\mult@grightbox=\box62
\mult@gfirstbox=\box63
\mult@firstbox=\box64
\@tempa=\box65
\@tempa=\box66
\@tempa=\box67
\@tempa=\box68
\@tempa=\box69
\@tempa=\box70
\@tempa=\box71
\@tempa=\box72
\@tempa=\box73
\@tempa=\box74
\@tempa=\box75
\@tempa=\box76
\@tempa=\box77
\@tempa=\box78
\@tempa=\box79
\@tempa=\box80
\@tempa=\box81
\@tempa=\box82
\@tempa=\box83
\@tempa=\box84
\@tempa=\box85
\@tempa=\box86
\@tempa=\box87
\@tempa=\box88
\@tempa=\box89
\@tempa=\box90
\@tempa=\box91
\@tempa=\box92
\@tempa=\box93
\@tempa=\box94
\@tempa=\box95
\@tempa=\box96
\@tempa=\box97
\@tempa=\box98
\@tempa=\box99
\@tempa=\box100
\@tempa=\box101
\c@minrows=\count315
\c@columnbadness=\count316
\c@finalcolumnbadness=\count317
\last@try=\dimen179
\multicolovershoot=\dimen180
\multicolundershoot=\dimen181
\mult@nat@firstbox=\box102
\colbreak@box=\box103
\mc@col@check@num=\count318
) (/usr/share/texlive/texmf-dist/tex/latex/csquotes/csquotes.sty
Package: csquotes 2019-12-06 v5.2j context-sensitive quotations (JAW)
\csq@reset=\count319
\csq@gtype=\count320
\csq@glevel=\count321
\csq@qlevel=\count322
\csq@maxlvl=\count323
\csq@tshold=\count324
\csq@ltx@everypar=\toks33
 (/usr/share/texlive/texmf-dist/tex/latex/csquotes/csquotes.def
File: csquotes.def 2019-12-06 v5.2j csquotes generic definitions (JAW)
)
Package csquotes Info: Trying to load configuration file 'csquotes.cfg'...
Package csquotes Info: ... configuration file loaded successfully.
 (/usr/share/texlive/texmf-dist/tex/latex/csquotes/csquotes.cfg
File: csquotes.cfg 
)) (/usr/share/texlive/texmf-dist/tex/latex/xcolor/xcolor.sty
Package: xcolor 2016/05/11 v2.12 LaTeX color extensions (UK)
 (/usr/share/texlive/texmf-dist/tex/latex/graphics-cfg/color.cfg
File: color.cfg 2016/01/02 v1.6 sample color configuration
)
Package xcolor Info: Driver file: pdftex.def on input line 225.
Package xcolor Info: Model `cmy' substituted by `cmy0' on input line 1348.
Package xcolor Info: Model `hsb' substituted by `rgb' on input line 1352.
Package xcolor Info: Model `RGB' extended on input line 1364.
Package xcolor Info: Model `HTML' substituted by `rgb' on input line 1366.
Package xcolor Info: Model `Hsb' substituted by `hsb' on input line 1367.
Package xcolor Info: Model `tHsb' substituted by `hsb' on input line 1368.
Package xcolor Info: Model `HSB' substituted by `hsb' on input line 1369.
Package xcolor Info: Model `Gray' substituted by `gray' on input line 1370.
Package xcolor Info: Model `wave' substituted by `hsb' on input line 1371.
)
runsystem(which pygmentize && touch informe.aex)...executed.

runsystem(rm informe.aex)...executed.

Package csquotes Info: Checking for multilingual support...
Package csquotes Info: ... found 'babel' package.
Package csquotes Info: Adjusting default style.
Package csquotes Info: Redefining alias 'default' -> 'spanish'.
 (/usr/share/texlive/texmf-dist/tex/latex/l3backend/l3backend-pdfmode.def
File: l3backend-pdfmode.def 2020-02-03 L3 backend support: PDF mode
\l__kernel_color_stack_int=\count325
\l__pdf_internal_box=\box104
) (/home/kuky_nekoi/Documents/Sources/Utalca/UTAL/ComputerScience/(2020-1)-Information_Security/Informe 2/informe.aux
LaTeX Info: Redefining \. on input line 26.
LaTeX Info: Redefining \% on input line 26.
)
\openout1 = `informe.aux'.

LaTeX Font Info:    Checking defaults for OML/cmm/m/it on input line 27.
LaTeX Font Info:    ... okay on input line 27.
LaTeX Font Info:    Checking defaults for OMS/cmsy/m/n on input line 27.
LaTeX Font Info:    ... okay on input line 27.
LaTeX Font Info:    Checking defaults for OT1/cmr/m/n on input line 27.
LaTeX Font Info:    ... okay on input line 27.
LaTeX Font Info:    Checking defaults for T1/cmr/m/n on input line 27.
LaTeX Font Info:    ... okay on input line 27.
LaTeX Font Info:    Checking defaults for TS1/cmr/m/n on input line 27.
LaTeX Font Info:    ... okay on input line 27.
LaTeX Font Info:    Checking defaults for OMX/cmex/m/n on input line 27.
LaTeX Font Info:    ... okay on input line 27.
LaTeX Font Info:    Checking defaults for U/cmr/m/n on input line 27.
LaTeX Font Info:    ... okay on input line 27.
LaTeX Font Info:    Checking defaults for PD1/pdf/m/n on input line 27.
LaTeX Font Info:    ... okay on input line 27.
LaTeX Font Info:    Trying to load font information for T1+aer on input line 27.
 (/usr/share/texlive/texmf-dist/tex/latex/ae/t1aer.fd
File: t1aer.fd 1997/11/16 Font definitions for T1/aer.
)
LaTeX Info: Redefining \. on input line 27.
LaTeX Info: Redefining \% on input line 27.
 (/usr/share/texlive/texmf-dist/tex/context/base/mkii/supp-pdf.mkii
[Loading MPS to PDF converter (version 2006.09.02).]
\scratchcounter=\count326
\scratchdimen=\dimen182
\scratchbox=\box105
\nofMPsegments=\count327
\nofMParguments=\count328
\everyMPshowfont=\toks34
\MPscratchCnt=\count329
\MPscratchDim=\dimen183
\MPnumerator=\count330
\makeMPintoPDFobject=\count331
\everyMPtoPDFconversion=\toks35
)
\AtBeginShipoutBox=\box106
Package hyperref Info: Link coloring OFF on input line 27.
 (/usr/share/texlive/texmf-dist/tex/latex/hyperref/nameref.sty
Package: nameref 2019/09/16 v2.46 Cross-referencing by name of section
 (/usr/share/texlive/texmf-dist/tex/latex/refcount/refcount.sty
Package: refcount 2019/12/15 v3.6 Data extraction from label references (HO)
) (/usr/share/texlive/texmf-dist/tex/generic/gettitlestring/gettitlestring.sty
Package: gettitlestring 2019/12/15 v1.6 Cleanup title references (HO)
)
\c@section@level=\count332
)
LaTeX Info: Redefining \ref on input line 27.
LaTeX Info: Redefining \pageref on input line 27.
LaTeX Info: Redefining \nameref on input line 27.
 (/home/kuky_nekoi/Documents/Sources/Utalca/UTAL/ComputerScience/(2020-1)-Information_Security/Informe 2/informe.out) (/home/kuky_nekoi/Documents/Sources/Utalca/UTAL/ComputerScience/(2020-1)-Information_Security/Informe 2/informe.out)
\@outlinefile=\write5
\openout5 = `informe.out'.

\c@lstlisting=\count333
LaTeX Font Info:    Trying to load font information for U+msa on input line 29.
 (/usr/share/texlive/texmf-dist/tex/latex/amsfonts/umsa.fd
File: umsa.fd 2013/01/14 v3.01 AMS symbols A
)
LaTeX Font Info:    Trying to load font information for U+msb on input line 29.
 (/usr/share/texlive/texmf-dist/tex/latex/amsfonts/umsb.fd
File: umsb.fd 2013/01/14 v3.01 AMS symbols B
)
<utalca.pdf, id=128, 41.15375pt x 40.15pt>
File: utalca.pdf Graphic file (type pdf)
<use utalca.pdf>
Package pdftex.def Info: utalca.pdf  used on input line 29.
(pdftex.def)             Requested size: 41.15364pt x 40.14989pt.

Overfull \hbox (163.46658pt too wide) has occurred while \output is active
\T1/aer/m/sc/14.4 Universidad  de  Talca 
 []


Overfull \hbox (173.22981pt too wide) has occurred while \output is active
\T1/aer/m/sc/14.4 Facultad  de  Ingeniería 
 []


Overfull \hbox (290.62515pt too wide) has occurred while \output is active
\T1/aer/m/sc/12 Departamento  de  Ciencias  de  la  Computación 
 []

[1{/var/lib/texmf/fonts/map/pdftex/updmap/pdftex.map}

 </home/kuky_nekoi/Documents/Sources/Utalca/UTAL/ComputerScience/(2020-1)-Information_Security/Informe 2/utalca.pdf>] (/home/kuky_nekoi/Documents/Sources/Utalca/UTAL/ComputerScience/(2020-1)-Information_Security/Informe 2/informe.toc
LaTeX Info: Redefining \. on input line 1.
LaTeX Info: Redefining \% on input line 1.
 [2])
\tf@toc=\write6
\openout6 = `informe.toc'.

 [3] (/home/kuky_nekoi/Documents/Sources/Utalca/UTAL/ComputerScience/(2020-1)-Information_Security/Informe 2/fragments/introduction.tex) (/home/kuky_nekoi/Documents/Sources/Utalca/UTAL/ComputerScience/(2020-1)-Information_Security/Informe 2/fragments/01analysis.tex [4] [5] [6]) (/home/kuky_nekoi/Documents/Sources/Utalca/UTAL/ComputerScience/(2020-1)-Information_Security/Informe 2/fragments/02design.tex
<fragments/diagram.png, id=203, 1323.94624pt x 728.7225pt>
File: fragments/diagram.png Graphic file (type png)
<use fragments/diagram.png>
Package pdftex.def Info: fragments/diagram.png  used on input line 5.
(pdftex.def)             Requested size: 422.77664pt x 232.69559pt.
 [7]
LaTeX Font Info:    Trying to load font information for TS1+aer on input line 30.
LaTeX Font Info:    No file TS1aer.fd. on input line 30.


LaTeX Font Warning: Font shape `TS1/aer/m/n' undefined
(Font)              using `TS1/cmr/m/n' instead
(Font)              for symbol `textbullet' on input line 30.

[8pdfTeX warning (ext4): destination with the same identifier (name{figure.1}) has been already used, duplicate ignored

\AtBegShi@Output ...ipout \box \AtBeginShipoutBox 
                                                  \fi \fi 
l.51 
      </home/kuky_nekoi/Documents/Sources/Utalca/UTAL/ComputerScience/(2020-1)-Information_Security/Informe 2/fragments/diagram.png>] [9] [10] [11] [12]) (/home/kuky_nekoi/Documents/Sources/Utalca/UTAL/ComputerScience/(2020-1)-Information_Security/Informe 2/fragments/03development.tex [13] [14]
LaTeX Font Info:    Trying to load font information for T1+zi4 on input line 25.
 (/usr/share/texlive/texmf-dist/tex/latex/inconsolata/t1zi4.fd
File: t1zi4.fd 2018/01/14 T1/zi4 (Inconsolata)
)
LaTeX Font Info:    Font shape `T1/zi4/m/n' will be
(Font)              scaled to size 9.0pt on input line 25.
<fragments/sonarqube.png, id=242, 1353.055pt x 1268.74pt>
File: fragments/sonarqube.png Graphic file (type png)
<use fragments/sonarqube.png>
Package pdftex.def Info: fragments/sonarqube.png  used on input line 30.
(pdftex.def)             Requested size: 422.77664pt x 396.4222pt.
LaTeX Font Info:    Font shape `T1/zi4/m/n' will be
(Font)              scaled to size 10.95pt on input line 38.

Underfull \hbox (badness 10000) in paragraph at lines 38--38
[][][]$\T1/zi4/m/n/9 https : / / sonarcloud . io / project / issues ? id = KukyNekoi _ core & open = AXO9I4c6uw3EeNfURrkm & resolved = false &
 []


Underfull \hbox (badness 10000) in paragraph at lines 38--38
[][][]$\T1/zi4/m/n/9 https : / / sonarcloud . io / project / issues ? id = KukyNekoi _ core & open = AXO9I4cTuw3EeNfURriv & resolved = false &
 []


Overfull \hbox (28.74336pt too wide) in paragraph at lines 38--39
\T1/aer/m/n/10.95 en-con-tra-da en los ar-chi-vos \T1/zi4/m/n/10.95 Controllers/FilesController.cs[][][] \T1/aer/m/n/10.95 y \T1/zi4/m/n/10.95 Controllers/LinkDocumentFactory.cs\T1/aer/m/n/10.95 .[][][]
 []


Underfull \hbox (badness 10000) in paragraph at lines 44--44
[][][]$\T1/zi4/m/n/9 https : / / sonarcloud . io / project / issues ? id = KukyNekoi _ core & open = AXO9I4dHuw3EeNfURrl2 & resolved = false &
 []


Underfull \hbox (badness 10000) in paragraph at lines 44--44
[][][]$\T1/zi4/m/n/9 https : / / sonarcloud . io / project / issues ? id = KukyNekoi _ core & open = AXO9I4cguw3EeNfURrjE & resolved = false &
 []


Underfull \hbox (badness 10000) in paragraph at lines 44--44
[][][]$\T1/zi4/m/n/9 https : / / sonarcloud . io / project / issues ? id = KukyNekoi _ core & open = AXO9I4cTuw3EeNfURriu & resolved = false &
 []


Overfull \hbox (36.79872pt too wide) in paragraph at lines 44--45
[]\T1/aer/b/n/10.95 Make su-re that has-hing da-ta is sa-fe he-re. \T1/aer/m/n/10.95 En-con-tra-dos en \T1/zi4/m/n/10.95 Controllers/AuthorizationController.cs[][][]\T1/aer/m/n/10.95 ,
 []

[15] [16pdfTeX warning (ext4): destination with the same identifier (name{figure.2}) has been already used, duplicate ignored

\AtBegShi@Output ...ipout \box \AtBeginShipoutBox 
                                                  \fi \fi 
l.45 
      </home/kuky_nekoi/Documents/Sources/Utalca/UTAL/ComputerScience/(2020-1)-Information_Security/Informe 2/fragments/sonarqube.png>]
Underfull \hbox (badness 10000) in paragraph at lines 48--48
[][][]$\T1/zi4/m/n/9 https : / / sonarcloud . io / project / issues ? id = KukyNekoi _ core & open = AXO9I4c-[]uw3EeNfURrko & resolved = false &
 []

) (/home/kuky_nekoi/Documents/Sources/Utalca/UTAL/ComputerScience/(2020-1)-Information_Security/Informe 2/fragments/04testing.tex
\openout3 = `informe.pyg'.

 (/home/kuky_nekoi/Documents/Sources/Utalca/UTAL/ComputerScience/(2020-1)-Information_Security/Informe 2/_minted-informe/default-pyg-prefix.pygstyle) (/home/kuky_nekoi/Documents/Sources/Utalca/UTAL/ComputerScience/(2020-1)-Information_Security/Informe 2/_minted-informe/default.pygstyle) (/home/kuky_nekoi/Documents/Sources/Utalca/UTAL/ComputerScience/(2020-1)-Information_Security/Informe 2/_minted-informe/AD613DEA688855038C54389A998ED81EA19DBFF54EA52BC3C3D6E85D9EBDB9B7.pygtex
LaTeX Font Info:    Font shape `T1/zi4/m/n' will be
(Font)              scaled to size 8.0pt on input line 1.
LaTeX Font Info:    Font shape `T1/zi4/b/n' will be
(Font)              scaled to size 8.0pt on input line 2.
 [17]
LaTeX Font Info:    Trying to load font information for TS1+zi4 on input line 6.
 (/usr/share/texlive/texmf-dist/tex/latex/inconsolata/ts1zi4.fd
File: ts1zi4.fd 2018/01/14 TS1/zi4 (Inconsolata)
)
LaTeX Font Info:    Font shape `TS1/zi4/m/n' will be
(Font)              scaled to size 8.0pt on input line 6.


LaTeX Font Warning: Font shape `T1/zi4/m/it' undefined
(Font)              using `T1/zi4/m/n' instead on input line 26.

LaTeX Font Info:    Font shape `T1/zi4/m/it' will be
(Font)              scaled to size 8.0pt on input line 26.
)
<fragments/thinkno.png, id=288, 2051.665pt x 1461.46pt>
File: fragments/thinkno.png Graphic file (type png)
<use fragments/thinkno.png>
Package pdftex.def Info: fragments/thinkno.png  used on input line 58.
(pdftex.def)             Requested size: 422.77664pt x 301.13994pt.
 [18] [19pdfTeX warning (ext4): destination with the same identifier (name{figure.3}) has been already used, duplicate ignored

\AtBegShi@Output ...ipout \box \AtBeginShipoutBox 
                                                  \fi \fi 
l.66 
      </home/kuky_nekoi/Documents/Sources/Utalca/UTAL/ComputerScience/(2020-1)-Information_Security/Informe 2/fragments/thinkno.png>]) (/home/kuky_nekoi/Documents/Sources/Utalca/UTAL/ComputerScience/(2020-1)-Information_Security/Informe 2/fragments/05deployment.tex [20]
<fragments/pentest/app1.png, id=308, 1656.1875pt x 798.985pt>
File: fragments/pentest/app1.png Graphic file (type png)
<use fragments/pentest/app1.png>
Package pdftex.def Info: fragments/pentest/app1.png  used on input line 17.
(pdftex.def)             Requested size: 422.77664pt x 203.95183pt.
<fragments/pentest/app2.png, id=309, 1657.19125pt x 845.1575pt>
File: fragments/pentest/app2.png Graphic file (type png)
<use fragments/pentest/app2.png>
Package pdftex.def Info: fragments/pentest/app2.png  used on input line 23.
(pdftex.def)             Requested size: 422.77664pt x 215.60902pt.
<fragments/pentest/app3.png, id=310, 1663.21375pt x 997.7275pt>
File: fragments/pentest/app3.png Graphic file (type png)
<use fragments/pentest/app3.png>
Package pdftex.def Info: fragments/pentest/app3.png  used on input line 29.
(pdftex.def)             Requested size: 422.77664pt x 253.61787pt.
<fragments/pentest/app4.png, id=311, 575.14874pt x 638.385pt>
File: fragments/pentest/app4.png Graphic file (type png)
<use fragments/pentest/app4.png>
Package pdftex.def Info: fragments/pentest/app4.png  used on input line 35.
(pdftex.def)             Requested size: 422.77664pt x 469.27065pt.
\openout3 = `informe.pyg'.

 (/home/kuky_nekoi/Documents/Sources/Utalca/UTAL/ComputerScience/(2020-1)-Information_Security/Informe 2/_minted-informe/A293375B9C2112938ACADBB1C338C6FD6A8EB1A9D8FDB6117EFEA393C8D20AAD.pygtex
LaTeX Font Info:    Font shape `T1/zi4/m/n' will be
(Font)              scaled to size 6.0pt on input line 11.
)
<fragments/pentest/nmap.png, id=312, 1596.96625pt x 1396.21625pt>
File: fragments/pentest/nmap.png Graphic file (type png)
<use fragments/pentest/nmap.png>
Package pdftex.def Info: fragments/pentest/nmap.png  used on input line 63.
(pdftex.def)             Requested size: 422.77664pt x 369.63338pt.
<fragments/pentest/error1.png, id=313, 1900.09875pt x 365.365pt>
File: fragments/pentest/error1.png Graphic file (type png)
<use fragments/pentest/error1.png>
Package pdftex.def Info: fragments/pentest/error1.png  used on input line 75.
(pdftex.def)             Requested size: 422.77664pt x 81.28928pt.
 [21pdfTeX warning (ext4): destination with the same identifier (name{figure.4}) has been already used, duplicate ignored

\AtBegShi@Output ...ipout \box \AtBeginShipoutBox 
                                                  \fi \fi 
l.80 
      </home/kuky_nekoi/Documents/Sources/Utalca/UTAL/ComputerScience/(2020-1)-Information_Security/Informe 2/fragments/pentest/app1.png>] [22pdfTeX warning (ext4): destination with the same identifier (name{figure.5}) has been already used, duplicate ignored

\AtBegShi@Output ...ipout \box \AtBeginShipoutBox 
                                                  \fi \fi 
l.80 
     pdfTeX warning (ext4): destination with the same identifier (name{figure.6}) has been already used, duplicate ignored

\AtBegShi@Output ...ipout \box \AtBeginShipoutBox 
                                                  \fi \fi 
l.80 
      </home/kuky_nekoi/Documents/Sources/Utalca/UTAL/ComputerScience/(2020-1)-Information_Security/Informe 2/fragments/pentest/app2.png> </home/kuky_nekoi/Documents/Sources/Utalca/UTAL/ComputerScience/(2020-1)-Information_Security/Informe 2/fragments/pentest/app3.png>] [23pdfTeX warning (ext4): destination with the same identifier (name{figure.7}) has been already used, duplicate ignored

\AtBegShi@Output ...ipout \box \AtBeginShipoutBox 
                                                  \fi \fi 
l.80 
      </home/kuky_nekoi/Documents/Sources/Utalca/UTAL/ComputerScience/(2020-1)-Information_Security/Informe 2/fragments/pentest/app4.png>] [24pdfTeX warning (ext4): destination with the same identifier (name{figure.8}) has been already used, duplicate ignored

\AtBegShi@Output ...ipout \box \AtBeginShipoutBox 
                                                  \fi \fi 
l.80 
     pdfTeX warning (ext4): destination with the same identifier (name{figure.9}) has been already used, duplicate ignored

\AtBegShi@Output ...ipout \box \AtBeginShipoutBox 
                                                  \fi \fi 
l.80 
      </home/kuky_nekoi/Documents/Sources/Utalca/UTAL/ComputerScience/(2020-1)-Information_Security/Informe 2/fragments/pentest/nmap.png> </home/kuky_nekoi/Documents/Sources/Utalca/UTAL/ComputerScience/(2020-1)-Information_Security/Informe 2/fragments/pentest/error1.png>]
\openout3 = `informe.pyg'.

 (/home/kuky_nekoi/Documents/Sources/Utalca/UTAL/ComputerScience/(2020-1)-Information_Security/Informe 2/_minted-informe/BB3C16EB3BD11860860B2BDF204C823D185F61903C3E0F92C09E71356480E8D1.pygtex)
<fragments/pentest/pen1.png, id=338, 2541.495pt x 1844.8925pt>
File: fragments/pentest/pen1.png Graphic file (type png)
<use fragments/pentest/pen1.png>
Package pdftex.def Info: fragments/pentest/pen1.png  used on input line 92.
(pdftex.def)             Requested size: 422.77664pt x 306.8714pt.
\openout3 = `informe.pyg'.

 (/home/kuky_nekoi/Documents/Sources/Utalca/UTAL/ComputerScience/(2020-1)-Information_Security/Informe 2/_minted-informe/244B3D37CE6FF1FF4AEA688B6E5940DF185F61903C3E0F92C09E71356480E8D1.pygtex)
<fragments/pentest/pen3.png, id=339, 1974.37625pt x 1691.31876pt>
File: fragments/pentest/pen3.png Graphic file (type png)
<use fragments/pentest/pen3.png>
Package pdftex.def Info: fragments/pentest/pen3.png  used on input line 105.
(pdftex.def)             Requested size: 422.77664pt x 362.15543pt.
<fragments/pentest/pen2.png, id=340, 842.14626pt x 689.57625pt>
File: fragments/pentest/pen2.png Graphic file (type png)
<use fragments/pentest/pen2.png>
Package pdftex.def Info: fragments/pentest/pen2.png  used on input line 111.
(pdftex.def)             Requested size: 422.77664pt x 346.1867pt.
 [25pdfTeX warning (ext4): destination with the same identifier (name{figure.10}) has been already used, duplicate ignored

\AtBegShi@Output ...ipout \box \AtBeginShipoutBox 
                                                  \fi \fi 
l.116 
       </home/kuky_nekoi/Documents/Sources/Utalca/UTAL/ComputerScience/(2020-1)-Information_Security/Informe 2/fragments/pentest/pen1.png>] [26pdfTeX warning (ext4): destination with the same identifier (name{figure.11}) has been already used, duplicate ignored

\AtBegShi@Output ...ipout \box \AtBeginShipoutBox 
                                                  \fi \fi 
l.116 
       </home/kuky_nekoi/Documents/Sources/Utalca/UTAL/ComputerScience/(2020-1)-Information_Security/Informe 2/fragments/pentest/pen3.png>] [27pdfTeX warning (ext4): destination with the same identifier (name{figure.12}) has been already used, duplicate ignored

\AtBegShi@Output ...ipout \box \AtBeginShipoutBox 
                                                  \fi \fi 
l.116 
       </home/kuky_nekoi/Documents/Sources/Utalca/UTAL/ComputerScience/(2020-1)-Information_Security/Informe 2/fragments/pentest/pen2.png>]
\openout3 = `informe.pyg'.

 (/home/kuky_nekoi/Documents/Sources/Utalca/UTAL/ComputerScience/(2020-1)-Information_Security/Informe 2/_minted-informe/9FEA1B5DA8FF19C9009110CF8A95D41A185F61903C3E0F92C09E71356480E8D1.pygtex)
\openout3 = `informe.pyg'.

 (/home/kuky_nekoi/Documents/Sources/Utalca/UTAL/ComputerScience/(2020-1)-Information_Security/Informe 2/_minted-informe/938AA01284635653B87843EBF4E314BF185F61903C3E0F92C09E71356480E8D1.pygtex)
<fragments/pentest/pen4.png, id=357, 2513.39pt x 1102.1175pt>
File: fragments/pentest/pen4.png Graphic file (type png)
<use fragments/pentest/pen4.png>
Package pdftex.def Info: fragments/pentest/pen4.png  used on input line 131.
(pdftex.def)             Requested size: 422.77664pt x 185.3731pt.
<fragments/pentest/pen5.png, id=358, 1851.91875pt x 637.38126pt>
File: fragments/pentest/pen5.png Graphic file (type png)
<use fragments/pentest/pen5.png>
Package pdftex.def Info: fragments/pentest/pen5.png  used on input line 141.
(pdftex.def)             Requested size: 422.77664pt x 145.50533pt.
<fragments/pentest/pen6.png, id=359, 2496.32625pt x 1834.855pt>
File: fragments/pentest/pen6.png Graphic file (type png)
<use fragments/pentest/pen6.png>
Package pdftex.def Info: fragments/pentest/pen6.png  used on input line 149.
(pdftex.def)             Requested size: 422.77664pt x 310.74533pt.
) (/home/kuky_nekoi/Documents/Sources/Utalca/UTAL/ComputerScience/(2020-1)-Information_Security/Informe 2/fragments/conclusiones.tex [28pdfTeX warning (ext4): destination with the same identifier (name{figure.13}) has been already used, duplicate ignored

\AtBegShi@Output ...ipout \box \AtBeginShipoutBox 
                                                  \fi \fi 
l.1 \section
            {Conclusiones} </home/kuky_nekoi/Documents/Sources/Utalca/UTAL/ComputerScience/(2020-1)-Information_Security/Informe 2/fragments/pentest/pen4.png>] [29pdfTeX warning (ext4): destination with the same identifier (name{figure.14}) has been already used, duplicate ignored

\AtBegShi@Output ...ipout \box \AtBeginShipoutBox 
                                                  \fi \fi 
l.1 \section
            {Conclusiones}pdfTeX warning (ext4): destination with the same identifier (name{figure.15}) has been already used, duplicate ignored

\AtBegShi@Output ...ipout \box \AtBeginShipoutBox 
                                                  \fi \fi 
l.1 \section
            {Conclusiones} </home/kuky_nekoi/Documents/Sources/Utalca/UTAL/ComputerScience/(2020-1)-Information_Security/Informe 2/fragments/pentest/pen5.png> </home/kuky_nekoi/Documents/Sources/Utalca/UTAL/ComputerScience/(2020-1)-Information_Security/Informe 2/fragments/pentest/pen6.png>])
Package atveryend Info: Empty hook `BeforeClearDocument' on input line 79.
 [30]
Package atveryend Info: Empty hook `AfterLastShipout' on input line 79.
 (/home/kuky_nekoi/Documents/Sources/Utalca/UTAL/ComputerScience/(2020-1)-Information_Security/Informe 2/informe.aux
LaTeX Info: Redefining \. on input line 26.
LaTeX Info: Redefining \% on input line 26.
)
Package atveryend Info: Executing hook `AtVeryEndDocument' on input line 79.
Package atveryend Info: Executing hook `AtEndAfterFileList' on input line 79.
Package rerunfilecheck Info: File `informe.out' has not changed.
(rerunfilecheck)             Checksum: 2F7B75F4FD5917E7A3D59D7C6E35CFDD;2290.


LaTeX Font Warning: Some font shapes were not available, defaults substituted.

runsystem(rm informe.pyg)...executed.

Package atveryend Info: Empty hook `AtVeryVeryEnd' on input line 79.
 ) 
Here is how much of TeX's memory you used:
 13758 strings out of 481239
 226983 string characters out of 5920377
 556455 words of memory out of 5000000
 28513 multiletter control sequences out of 15000+600000
 578834 words of font info for 121 fonts, out of 8000000 for 9000
 1141 hyphenation exceptions out of 8191
 40i,12n,43p,1101b,767s stack positions out of 5000i,500n,10000p,200000b,80000s
pdfTeX warning (dest): name{Hfootnote.8} has been referenced but does not exist, replaced by a fixed one

pdfTeX warning (dest): name{Hfootnote.7} has been referenced but does not exist, replaced by a fixed one

pdfTeX warning (dest): name{Hfootnote.6} has been referenced but does not exist, replaced by a fixed one

pdfTeX warning (dest): name{Hfootnote.5} has been referenced but does not exist, replaced by a fixed one

pdfTeX warning (dest): name{Hfootnote.4} has been referenced but does not exist, replaced by a fixed one

pdfTeX warning (dest): name{Hfootnote.3} has been referenced but does not exist, replaced by a fixed one

pdfTeX warning (dest): name{Hfootnote.2} has been referenced but does not exist, replaced by a fixed one

pdfTeX warning (dest): name{Hfootnote.1} has been referenced but does not exist, replaced by a fixed one

{/usr/share/texlive/texmf-dist/fonts/enc/dvips/inconsolata/i4-ts1.enc}{/usr/share/texlive/texmf-dist/fonts/enc/dvips/inconsolata/i4-t1-0.enc}{/usr/share/texmf/fonts/enc/dvips/cm-super/cm-super-ts1.enc}</usr/share/texlive/texmf-dist/fonts/type1/public/inconsolata/Inconsolata-zi4b.pfb></usr/share/texlive/texmf-dist/fonts/type1/public/inconsolata/Inconsolata-zi4r.pfb></usr/share/texlive/texmf-dist/fonts/type1/public/amsfonts/cm/cmb10.pfb></usr/share/texlive/texmf-dist/fonts/type1/public/amsfonts/cm/cmcsc10.pfb></usr/share/texlive/texmf-dist/fonts/type1/public/amsfonts/cm/cmmi6.pfb></usr/share/texlive/texmf-dist/fonts/type1/public/amsfonts/cm/cmr10.pfb></usr/share/texlive/texmf-dist/fonts/type1/public/amsfonts/cm/cmr12.pfb></usr/share/texlive/texmf-dist/fonts/type1/public/amsfonts/cm/cmr17.pfb></usr/share/texlive/texmf-dist/fonts/type1/public/amsfonts/cm/cmr6.pfb></usr/share/texlive/texmf-dist/fonts/type1/public/amsfonts/cm/cmr8.pfb></usr/share/texlive/texmf-dist/fonts/type1/public/amsfonts/cm/cmr9.pfb></usr/share/texlive/texmf-dist/fonts/type1/public/amsfonts/cm/cmsy6.pfb></usr/share/texlive/texmf-dist/fonts/type1/public/amsfonts/cm/cmti10.pfb></usr/share/texmf/fonts/type1/public/cm-super/sfrm1095.pfb>
Output written on "/home/kuky_nekoi/Documents/Sources/Utalca/UTAL/ComputerScience/(2020-1)-Information_Security/Informe 2/informe.pdf" (30 pages, 4074146 bytes).
PDF statistics:
 456 PDF objects out of 1000 (max. 8388607)
 389 compressed objects within 4 object streams
 101 named destinations out of 1000 (max. 500000)
 329 words of extra memory for PDF output out of 10000 (max. 10000000)

