\BOOKMARK [1][-]{section.1}{Resumen Ejecutivo}{}% 1
\BOOKMARK [1][-]{section.2}{An\341lisis}{}% 2
\BOOKMARK [2][-]{subsection.2.1}{Contexto}{section.2}% 3
\BOOKMARK [2][-]{subsection.2.2}{Prop\363sito general de la aplicaci\363n}{section.2}% 4
\BOOKMARK [2][-]{subsection.2.3}{Requerimientos de seguridad de la aplicaci\363n}{section.2}% 5
\BOOKMARK [3][-]{subsubsection.2.3.1}{Consideraciones generales}{subsection.2.3}% 6
\BOOKMARK [3][-]{subsubsection.2.3.2}{Consideraciones de Usuarios}{subsection.2.3}% 7
\BOOKMARK [2][-]{subsection.2.4}{Nota del tech lead}{section.2}% 8
\BOOKMARK [1][-]{section.3}{Dise\361o}{}% 9
\BOOKMARK [2][-]{subsection.3.1}{Objetivos de seguridad}{section.3}% 10
\BOOKMARK [2][-]{subsection.3.2}{Activos y dependencias externas}{section.3}% 11
\BOOKMARK [2][-]{subsection.3.3}{Zonas de confianza}{section.3}% 12
\BOOKMARK [2][-]{subsection.3.4}{Amenazas, vulnerabilidades y mitigaciones}{section.3}% 13
\BOOKMARK [3][-]{subsubsection.3.4.1}{Navegador - Actor Externo}{subsection.3.4}% 14
\BOOKMARK [3][-]{subsubsection.3.4.2}{Aplicaci\363n Web - Proceso}{subsection.3.4}% 15
\BOOKMARK [3][-]{subsubsection.3.4.3}{Petici\363n web - Flujo de datos}{subsection.3.4}% 16
\BOOKMARK [3][-]{subsubsection.3.4.4}{Cola de tareas- Proceso}{subsection.3.4}% 17
\BOOKMARK [3][-]{subsubsection.3.4.5}{API de request google- Flujo de datos}{subsection.3.4}% 18
\BOOKMARK [3][-]{subsubsection.3.4.6}{API callback google- Flujo de datos}{subsection.3.4}% 19
\BOOKMARK [3][-]{subsubsection.3.4.7}{Respuesta servicio web - Flujo de datos}{subsection.3.4}% 20
\BOOKMARK [3][-]{subsubsection.3.4.8}{Queries - Flujo de datos}{subsection.3.4}% 21
\BOOKMARK [2][-]{subsection.3.5}{Vista general de la aplicaci\363n}{section.3}% 22
\BOOKMARK [1][-]{section.4}{Desarrollo}{}% 23
\BOOKMARK [2][-]{subsection.4.1}{Pr\341cticas de desarrollo}{section.4}% 24
\BOOKMARK [2][-]{subsection.4.2}{An\341lisis est\341tico}{section.4}% 25
\BOOKMARK [3][-]{subsubsection.4.2.1}{Vulnerabilidades y preocupaciones}{subsection.4.2}% 26
\BOOKMARK [1][-]{section.5}{Pruebas y despliegue}{}% 27
\BOOKMARK [1][-]{section.6}{Pentesting}{}% 28
\BOOKMARK [2][-]{subsection.6.1}{nmap}{section.6}% 29
\BOOKMARK [2][-]{subsection.6.2}{Pentesting}{section.6}% 30
\BOOKMARK [1][-]{section.7}{Conclusiones}{}% 31
