This is pdfTeX, Version 3.14159265-2.6-1.40.17 (TeX Live 2016) (preloaded format=pdflatex 2016.5.22)  30 NOV 2016 19:51
entering extended mode
 restricted \write18 enabled.
 file:line:error style messages enabled.
 %&-line parsing enabled.
**clase_1.tex
(./clase_1.tex
LaTeX2e <2016/03/31>
Babel <3.9r> and hyphenation patterns for 83 language(s) loaded.
(/usr/local/texlive/2016/texmf-dist/tex/latex/beamer/beamer.cls
(/usr/local/texlive/2016/texmf-dist/tex/latex/beamer/beamerbasercs.sty
Package: beamerbasercs 2015/03/08 (rcs-revision 368aa9ba9d38)
)
Document Class: beamer 2015/01/05 3.36 A class for typesetting presentations (r
cs-revision 8a39122e1f63)
(/usr/local/texlive/2016/texmf-dist/tex/latex/beamer/beamerbasemodes.sty
Package: beamerbasemodes 2013/09/03 (rcs-revision 768f2d98ca64)
\beamer@tempbox=\box26
\beamer@tempcount=\count79
\c@beamerpauses=\count80

(/usr/local/texlive/2016/texmf-dist/tex/latex/beamer/beamerbasedecode.sty
Package: beamerbasedecode 2010/05/01 (rcs-revision efa082c6111d)
\beamer@slideinframe=\count81
\beamer@minimum=\count82
)
\beamer@commentbox=\box27
\beamer@modecount=\count83
)
(/usr/local/texlive/2016/texmf-dist/tex/generic/oberdiek/ifpdf.sty
Package: ifpdf 2016/05/14 v3.1 Provides the ifpdf switch
)
\headheight=\dimen102
\headdp=\dimen103
\footheight=\dimen104
\sidebarheight=\dimen105
\beamer@tempdim=\dimen106
\beamer@finalheight=\dimen107
\beamer@animht=\dimen108
\beamer@animdp=\dimen109
\beamer@animwd=\dimen110
\beamer@leftmargin=\dimen111
\beamer@rightmargin=\dimen112
\beamer@leftsidebar=\dimen113
\beamer@rightsidebar=\dimen114
\beamer@boxsize=\dimen115
\beamer@vboxoffset=\dimen116
\beamer@descdefault=\dimen117
\beamer@descriptionwidth=\dimen118
\beamer@lastskip=\skip41
\beamer@areabox=\box28
\beamer@animcurrent=\box29
\beamer@animshowbox=\box30
\beamer@sectionbox=\box31
\beamer@logobox=\box32
\beamer@linebox=\box33
\beamer@sectioncount=\count84
\beamer@subsubsectionmax=\count85
\beamer@subsectionmax=\count86
\beamer@sectionmax=\count87
\beamer@totalheads=\count88
\beamer@headcounter=\count89
\beamer@partstartpage=\count90
\beamer@sectionstartpage=\count91
\beamer@subsectionstartpage=\count92
\beamer@animationtempa=\count93
\beamer@animationtempb=\count94
\beamer@xpos=\count95
\beamer@ypos=\count96
\beamer@showpartnumber=\count97
\beamer@currentsubsection=\count98
\beamer@coveringdepth=\count99
\beamer@sectionadjust=\count100
\beamer@tocsectionnumber=\count101

(/usr/local/texlive/2016/texmf-dist/tex/latex/beamer/beamerbaseoptions.sty
Package: beamerbaseoptions 2013/03/10 (rcs-revision 47431932db0d)

(/usr/local/texlive/2016/texmf-dist/tex/latex/graphics/keyval.sty
Package: keyval 2014/10/28 v1.15 key=value parser (DPC)
\KV@toks@=\toks14
))
\beamer@paperwidth=\skip42
\beamer@paperheight=\skip43

(/usr/local/texlive/2016/texmf-dist/tex/latex/geometry/geometry.sty
Package: geometry 2010/09/12 v5.6 Page Geometry

(/usr/local/texlive/2016/texmf-dist/tex/generic/oberdiek/ifvtex.sty
Package: ifvtex 2016/05/16 v1.6 Detect VTeX and its facilities (HO)
Package ifvtex Info: VTeX not detected.
)
(/usr/local/texlive/2016/texmf-dist/tex/generic/ifxetex/ifxetex.sty
Package: ifxetex 2010/09/12 v0.6 Provides ifxetex conditional
)
\Gm@cnth=\count102
\Gm@cntv=\count103
\c@Gm@tempcnt=\count104
\Gm@bindingoffset=\dimen119
\Gm@wd@mp=\dimen120
\Gm@odd@mp=\dimen121
\Gm@even@mp=\dimen122
\Gm@layoutwidth=\dimen123
\Gm@layoutheight=\dimen124
\Gm@layouthoffset=\dimen125
\Gm@layoutvoffset=\dimen126
\Gm@dimlist=\toks15
)
(/usr/local/texlive/2016/texmf-dist/tex/latex/base/size11.clo
File: size11.clo 2014/09/29 v1.4h Standard LaTeX file (size option)
)
(/usr/local/texlive/2016/texmf-dist/tex/latex/pgf/basiclayer/pgfcore.sty
(/usr/local/texlive/2016/texmf-dist/tex/latex/graphics/graphicx.sty
Package: graphicx 2014/10/28 v1.0g Enhanced LaTeX Graphics (DPC,SPQR)

(/usr/local/texlive/2016/texmf-dist/tex/latex/graphics/graphics.sty
Package: graphics 2016/05/09 v1.0r Standard LaTeX Graphics (DPC,SPQR)

(/usr/local/texlive/2016/texmf-dist/tex/latex/graphics/trig.sty
Package: trig 2016/01/03 v1.10 sin cos tan (DPC)
)
(/usr/local/texlive/2016/texmf-dist/tex/latex/graphics-cfg/graphics.cfg
File: graphics.cfg 2016/01/02 v1.10 sample graphics configuration
)
Package graphics Info: Driver file: pdftex.def on input line 96.

(/usr/local/texlive/2016/texmf-dist/tex/latex/pdftex-def/pdftex.def
File: pdftex.def 2011/05/27 v0.06d Graphics/color for pdfTeX

(/usr/local/texlive/2016/texmf-dist/tex/generic/oberdiek/infwarerr.sty
Package: infwarerr 2016/05/16 v1.4 Providing info/warning/error messages (HO)
)
(/usr/local/texlive/2016/texmf-dist/tex/generic/oberdiek/ltxcmds.sty
Package: ltxcmds 2016/05/16 v1.23 LaTeX kernel commands for general use (HO)
)
\Gread@gobject=\count105
))
\Gin@req@height=\dimen127
\Gin@req@width=\dimen128
)
(/usr/local/texlive/2016/texmf-dist/tex/latex/pgf/systemlayer/pgfsys.sty
(/usr/local/texlive/2016/texmf-dist/tex/latex/pgf/utilities/pgfrcs.sty
(/usr/local/texlive/2016/texmf-dist/tex/generic/pgf/utilities/pgfutil-common.te
x
\pgfutil@everybye=\toks16
\pgfutil@tempdima=\dimen129
\pgfutil@tempdimb=\dimen130

(/usr/local/texlive/2016/texmf-dist/tex/generic/pgf/utilities/pgfutil-common-li
sts.tex))
(/usr/local/texlive/2016/texmf-dist/tex/generic/pgf/utilities/pgfutil-latex.def
\pgfutil@abb=\box34
(/usr/local/texlive/2016/texmf-dist/tex/latex/ms/everyshi.sty
Package: everyshi 2001/05/15 v3.00 EveryShipout Package (MS)
))
(/usr/local/texlive/2016/texmf-dist/tex/generic/pgf/utilities/pgfrcs.code.tex
Package: pgfrcs 2015/08/07 v3.0.1a (rcs-revision 1.31)
))
(/usr/local/texlive/2016/texmf-dist/tex/generic/pgf/systemlayer/pgfsys.code.tex
Package: pgfsys 2014/07/09 v3.0.1a (rcs-revision 1.48)
(/usr/local/texlive/2016/texmf-dist/tex/generic/pgf/utilities/pgfkeys.code.tex
\pgfkeys@pathtoks=\toks17
\pgfkeys@temptoks=\toks18

(/usr/local/texlive/2016/texmf-dist/tex/generic/pgf/utilities/pgfkeysfiltered.c
ode.tex
\pgfkeys@tmptoks=\toks19
))
\pgf@x=\dimen131
\pgf@y=\dimen132
\pgf@xa=\dimen133
\pgf@ya=\dimen134
\pgf@xb=\dimen135
\pgf@yb=\dimen136
\pgf@xc=\dimen137
\pgf@yc=\dimen138
\w@pgf@writea=\write3
\r@pgf@reada=\read1
\c@pgf@counta=\count106
\c@pgf@countb=\count107
\c@pgf@countc=\count108
\c@pgf@countd=\count109
\t@pgf@toka=\toks20
\t@pgf@tokb=\toks21
\t@pgf@tokc=\toks22

(/usr/local/texlive/2016/texmf-dist/tex/generic/pgf/systemlayer/pgf.cfg
File: pgf.cfg 2008/05/14  (rcs-revision 1.7)
)
Driver file for pgf: pgfsys-pdftex.def

(/usr/local/texlive/2016/texmf-dist/tex/generic/pgf/systemlayer/pgfsys-pdftex.d
ef
File: pgfsys-pdftex.def 2014/10/11  (rcs-revision 1.35)

(/usr/local/texlive/2016/texmf-dist/tex/generic/pgf/systemlayer/pgfsys-common-p
df.def
File: pgfsys-common-pdf.def 2013/10/10  (rcs-revision 1.13)
)))
(/usr/local/texlive/2016/texmf-dist/tex/generic/pgf/systemlayer/pgfsyssoftpath.
code.tex
File: pgfsyssoftpath.code.tex 2013/09/09  (rcs-revision 1.9)
\pgfsyssoftpath@smallbuffer@items=\count110
\pgfsyssoftpath@bigbuffer@items=\count111
)
(/usr/local/texlive/2016/texmf-dist/tex/generic/pgf/systemlayer/pgfsysprotocol.
code.tex
File: pgfsysprotocol.code.tex 2006/10/16  (rcs-revision 1.4)
)) (/usr/local/texlive/2016/texmf-dist/tex/latex/xcolor/xcolor.sty
Package: xcolor 2016/05/11 v2.12 LaTeX color extensions (UK)

(/usr/local/texlive/2016/texmf-dist/tex/latex/graphics-cfg/color.cfg
File: color.cfg 2016/01/02 v1.6 sample color configuration
)
Package xcolor Info: Driver file: pdftex.def on input line 225.
Package xcolor Info: Model `cmy' substituted by `cmy0' on input line 1348.
Package xcolor Info: Model `hsb' substituted by `rgb' on input line 1352.
Package xcolor Info: Model `RGB' extended on input line 1364.
Package xcolor Info: Model `HTML' substituted by `rgb' on input line 1366.
Package xcolor Info: Model `Hsb' substituted by `hsb' on input line 1367.
Package xcolor Info: Model `tHsb' substituted by `hsb' on input line 1368.
Package xcolor Info: Model `HSB' substituted by `hsb' on input line 1369.
Package xcolor Info: Model `Gray' substituted by `gray' on input line 1370.
Package xcolor Info: Model `wave' substituted by `hsb' on input line 1371.
)
(/usr/local/texlive/2016/texmf-dist/tex/generic/pgf/basiclayer/pgfcore.code.tex
Package: pgfcore 2010/04/11 v3.0.1a (rcs-revision 1.7)
(/usr/local/texlive/2016/texmf-dist/tex/generic/pgf/math/pgfmath.code.tex
(/usr/local/texlive/2016/texmf-dist/tex/generic/pgf/math/pgfmathcalc.code.tex
(/usr/local/texlive/2016/texmf-dist/tex/generic/pgf/math/pgfmathutil.code.tex)
(/usr/local/texlive/2016/texmf-dist/tex/generic/pgf/math/pgfmathparser.code.tex
\pgfmath@dimen=\dimen139
\pgfmath@count=\count112
\pgfmath@box=\box35
\pgfmath@toks=\toks23
\pgfmath@stack@operand=\toks24
\pgfmath@stack@operation=\toks25
)
(/usr/local/texlive/2016/texmf-dist/tex/generic/pgf/math/pgfmathfunctions.code.
tex
(/usr/local/texlive/2016/texmf-dist/tex/generic/pgf/math/pgfmathfunctions.basic
.code.tex)
(/usr/local/texlive/2016/texmf-dist/tex/generic/pgf/math/pgfmathfunctions.trigo
nometric.code.tex)
(/usr/local/texlive/2016/texmf-dist/tex/generic/pgf/math/pgfmathfunctions.rando
m.code.tex)
(/usr/local/texlive/2016/texmf-dist/tex/generic/pgf/math/pgfmathfunctions.compa
rison.code.tex)
(/usr/local/texlive/2016/texmf-dist/tex/generic/pgf/math/pgfmathfunctions.base.
code.tex)
(/usr/local/texlive/2016/texmf-dist/tex/generic/pgf/math/pgfmathfunctions.round
.code.tex)
(/usr/local/texlive/2016/texmf-dist/tex/generic/pgf/math/pgfmathfunctions.misc.
code.tex)
(/usr/local/texlive/2016/texmf-dist/tex/generic/pgf/math/pgfmathfunctions.integ
erarithmetics.code.tex)))
(/usr/local/texlive/2016/texmf-dist/tex/generic/pgf/math/pgfmathfloat.code.tex
\c@pgfmathroundto@lastzeros=\count113
))
(/usr/local/texlive/2016/texmf-dist/tex/generic/pgf/basiclayer/pgfcorepoints.co
de.tex
File: pgfcorepoints.code.tex 2013/10/07  (rcs-revision 1.27)
\pgf@picminx=\dimen140
\pgf@picmaxx=\dimen141
\pgf@picminy=\dimen142
\pgf@picmaxy=\dimen143
\pgf@pathminx=\dimen144
\pgf@pathmaxx=\dimen145
\pgf@pathminy=\dimen146
\pgf@pathmaxy=\dimen147
\pgf@xx=\dimen148
\pgf@xy=\dimen149
\pgf@yx=\dimen150
\pgf@yy=\dimen151
\pgf@zx=\dimen152
\pgf@zy=\dimen153
)
(/usr/local/texlive/2016/texmf-dist/tex/generic/pgf/basiclayer/pgfcorepathconst
ruct.code.tex
File: pgfcorepathconstruct.code.tex 2013/10/07  (rcs-revision 1.29)
\pgf@path@lastx=\dimen154
\pgf@path@lasty=\dimen155
)
(/usr/local/texlive/2016/texmf-dist/tex/generic/pgf/basiclayer/pgfcorepathusage
.code.tex
File: pgfcorepathusage.code.tex 2014/11/02  (rcs-revision 1.24)
\pgf@shorten@end@additional=\dimen156
\pgf@shorten@start@additional=\dimen157
)
(/usr/local/texlive/2016/texmf-dist/tex/generic/pgf/basiclayer/pgfcorescopes.co
de.tex
File: pgfcorescopes.code.tex 2015/05/08  (rcs-revision 1.46)
\pgfpic=\box36
\pgf@hbox=\box37
\pgf@layerbox@main=\box38
\pgf@picture@serial@count=\count114
)
(/usr/local/texlive/2016/texmf-dist/tex/generic/pgf/basiclayer/pgfcoregraphicst
ate.code.tex
File: pgfcoregraphicstate.code.tex 2014/11/02  (rcs-revision 1.12)
\pgflinewidth=\dimen158
)
(/usr/local/texlive/2016/texmf-dist/tex/generic/pgf/basiclayer/pgfcoretransform
ations.code.tex
File: pgfcoretransformations.code.tex 2015/08/07  (rcs-revision 1.20)
\pgf@pt@x=\dimen159
\pgf@pt@y=\dimen160
\pgf@pt@temp=\dimen161
)
(/usr/local/texlive/2016/texmf-dist/tex/generic/pgf/basiclayer/pgfcorequick.cod
e.tex
File: pgfcorequick.code.tex 2008/10/09  (rcs-revision 1.3)
)
(/usr/local/texlive/2016/texmf-dist/tex/generic/pgf/basiclayer/pgfcoreobjects.c
ode.tex
File: pgfcoreobjects.code.tex 2006/10/11  (rcs-revision 1.2)
)
(/usr/local/texlive/2016/texmf-dist/tex/generic/pgf/basiclayer/pgfcorepathproce
ssing.code.tex
File: pgfcorepathprocessing.code.tex 2013/09/09  (rcs-revision 1.9)
)
(/usr/local/texlive/2016/texmf-dist/tex/generic/pgf/basiclayer/pgfcorearrows.co
de.tex
File: pgfcorearrows.code.tex 2015/05/14  (rcs-revision 1.43)
\pgfarrowsep=\dimen162
)
(/usr/local/texlive/2016/texmf-dist/tex/generic/pgf/basiclayer/pgfcoreshade.cod
e.tex
File: pgfcoreshade.code.tex 2013/07/15  (rcs-revision 1.15)
\pgf@max=\dimen163
\pgf@sys@shading@range@num=\count115
)
(/usr/local/texlive/2016/texmf-dist/tex/generic/pgf/basiclayer/pgfcoreimage.cod
e.tex
File: pgfcoreimage.code.tex 2013/07/15  (rcs-revision 1.18)

(/usr/local/texlive/2016/texmf-dist/tex/generic/pgf/basiclayer/pgfcoreexternal.
code.tex
File: pgfcoreexternal.code.tex 2014/07/09  (rcs-revision 1.21)
\pgfexternal@startupbox=\box39
))
(/usr/local/texlive/2016/texmf-dist/tex/generic/pgf/basiclayer/pgfcorelayers.co
de.tex
File: pgfcorelayers.code.tex 2013/07/18  (rcs-revision 1.7)
)
(/usr/local/texlive/2016/texmf-dist/tex/generic/pgf/basiclayer/pgfcoretranspare
ncy.code.tex
File: pgfcoretransparency.code.tex 2013/09/30  (rcs-revision 1.5)
)
(/usr/local/texlive/2016/texmf-dist/tex/generic/pgf/basiclayer/pgfcorepatterns.
code.tex
File: pgfcorepatterns.code.tex 2013/11/07  (rcs-revision 1.5)
)))
(/usr/local/texlive/2016/texmf-dist/tex/latex/pgf/utilities/xxcolor.sty
Package: xxcolor 2003/10/24 ver 0.1
\XC@nummixins=\count116
\XC@countmixins=\count117
)
(/usr/local/texlive/2016/texmf-dist/tex/generic/oberdiek/atbegshi.sty
Package: atbegshi 2016/05/16 v1.17 At begin shipout hook (HO)
)
(/usr/local/texlive/2016/texmf-dist/tex/latex/hyperref/hyperref.sty
Package: hyperref 2016/05/05 v6.83n Hypertext links for LaTeX

(/usr/local/texlive/2016/texmf-dist/tex/generic/oberdiek/hobsub-hyperref.sty
Package: hobsub-hyperref 2016/05/16 v1.14 Bundle oberdiek, subset hyperref (HO)


(/usr/local/texlive/2016/texmf-dist/tex/generic/oberdiek/hobsub-generic.sty
Package: hobsub-generic 2016/05/16 v1.14 Bundle oberdiek, subset generic (HO)
Package: hobsub 2016/05/16 v1.14 Construct package bundles (HO)
Package hobsub Info: Skipping package `infwarerr' (already loaded).
Package hobsub Info: Skipping package `ltxcmds' (already loaded).
Package: ifluatex 2016/05/16 v1.4 Provides the ifluatex switch (HO)
Package ifluatex Info: LuaTeX not detected.
Package hobsub Info: Skipping package `ifvtex' (already loaded).
Package: intcalc 2016/05/16 v1.2 Expandable calculations with integers (HO)
Package hobsub Info: Skipping package `ifpdf' (already loaded).
Package: etexcmds 2016/05/16 v1.6 Avoid name clashes with e-TeX commands (HO)
Package etexcmds Info: Could not find \expanded.
(etexcmds)             That can mean that you are not using pdfTeX 1.50 or
(etexcmds)             that some package has redefined \expanded.
(etexcmds)             In the latter case, load this package earlier.
Package: kvsetkeys 2016/05/16 v1.17 Key value parser (HO)
Package: kvdefinekeys 2016/05/16 v1.4 Define keys (HO)
Package: pdftexcmds 2016/05/10 v0.21 Utility functions of pdfTeX for LuaTeX (HO
)
Package pdftexcmds Info: LuaTeX not detected.
Package pdftexcmds Info: \pdf@primitive is available.
Package pdftexcmds Info: \pdf@ifprimitive is available.
Package pdftexcmds Info: \pdfdraftmode found.
Package: pdfescape 2016/05/16 v1.14 Implements pdfTeX's escape features (HO)
Package: bigintcalc 2016/05/16 v1.4 Expandable calculations on big integers (HO
)
Package: bitset 2016/05/16 v1.2 Handle bit-vector datatype (HO)
Package: uniquecounter 2016/05/16 v1.3 Provide unlimited unique counter (HO)
)
Package hobsub Info: Skipping package `hobsub' (already loaded).
Package: letltxmacro 2016/05/16 v1.5 Let assignment for LaTeX macros (HO)
Package: hopatch 2016/05/16 v1.3 Wrapper for package hooks (HO)
Package: xcolor-patch 2016/05/16 xcolor patch
Package: atveryend 2016/05/16 v1.9 Hooks at the very end of document (HO)
Package atveryend Info: \enddocument detected (standard20110627).
Package hobsub Info: Skipping package `atbegshi' (already loaded).
Package: refcount 2016/05/16 v3.5 Data extraction from label references (HO)
Package: hycolor 2016/05/16 v1.8 Color options for hyperref/bookmark (HO)
)
(/usr/local/texlive/2016/texmf-dist/tex/latex/oberdiek/auxhook.sty
Package: auxhook 2016/05/16 v1.4 Hooks for auxiliary files (HO)
)
(/usr/local/texlive/2016/texmf-dist/tex/latex/oberdiek/kvoptions.sty
Package: kvoptions 2016/05/16 v3.12 Key value format for package options (HO)
)
\@linkdim=\dimen164
\Hy@linkcounter=\count118
\Hy@pagecounter=\count119

(/usr/local/texlive/2016/texmf-dist/tex/latex/hyperref/pd1enc.def
File: pd1enc.def 2016/05/05 v6.83n Hyperref: PDFDocEncoding definition (HO)
)
\Hy@SavedSpaceFactor=\count120

(/usr/local/texlive/2016/texmf-dist/tex/latex/latexconfig/hyperref.cfg
File: hyperref.cfg 2002/06/06 v1.2 hyperref configuration of TeXLive
)
Package hyperref Info: Option `bookmarks' set `true' on input line 4322.
Package hyperref Info: Option `bookmarksopen' set `true' on input line 4322.
Package hyperref Info: Option `implicit' set `false' on input line 4322.
Package hyperref Info: Hyper figures OFF on input line 4446.
Package hyperref Info: Link nesting OFF on input line 4451.
Package hyperref Info: Hyper index ON on input line 4454.
Package hyperref Info: Plain pages OFF on input line 4461.
Package hyperref Info: Backreferencing OFF on input line 4466.
Package hyperref Info: Implicit mode OFF; no redefinition of LaTeX internals.
Package hyperref Info: Bookmarks ON on input line 4691.
\c@Hy@tempcnt=\count121

(/usr/local/texlive/2016/texmf-dist/tex/latex/url/url.sty
\Urlmuskip=\muskip10
Package: url 2013/09/16  ver 3.4  Verb mode for urls, etc.
)
LaTeX Info: Redefining \url on input line 5044.
\XeTeXLinkMargin=\dimen165
\Fld@menulength=\count122
\Field@Width=\dimen166
\Fld@charsize=\dimen167
Package hyperref Info: Hyper figures OFF on input line 6298.
Package hyperref Info: Link nesting OFF on input line 6303.
Package hyperref Info: Hyper index ON on input line 6306.
Package hyperref Info: backreferencing OFF on input line 6313.
Package hyperref Info: Link coloring OFF on input line 6318.
Package hyperref Info: Link coloring with OCG OFF on input line 6323.
Package hyperref Info: PDF/A mode OFF on input line 6328.
LaTeX Info: Redefining \ref on input line 6368.
LaTeX Info: Redefining \pageref on input line 6372.
\Hy@abspage=\count123


Package hyperref Message: Stopped early.

)

Package hyperref Message: Driver (autodetected): hpdftex.

(/usr/local/texlive/2016/texmf-dist/tex/latex/hyperref/hpdftex.def
File: hpdftex.def 2016/05/05 v6.83n Hyperref driver for pdfTeX
\Fld@listcount=\count124
\c@bookmark@seq@number=\count125

(/usr/local/texlive/2016/texmf-dist/tex/latex/oberdiek/rerunfilecheck.sty
Package: rerunfilecheck 2016/05/16 v1.8 Rerun checks for auxiliary files (HO)
Package uniquecounter Info: New unique counter `rerunfilecheck' on input line 2
82.
))
(/usr/local/texlive/2016/texmf-dist/tex/latex/beamer/beamerbaserequires.sty
Package: beamerbaserequires 2010/05/01  (rcs-revision efa082c6111d)

(/usr/local/texlive/2016/texmf-dist/tex/latex/beamer/beamerbasecompatibility.st
y
Package: beamerbasecompatibility 2012/05/01  (rcs-revision 67c48b3b652d)
) (/usr/local/texlive/2016/texmf-dist/tex/latex/beamer/beamerbasefont.sty
Package: beamerbasefont 2015/01/05  (rcs-revision b4b4bee242e2)

(/usr/local/texlive/2016/texmf-dist/tex/latex/amsfonts/amssymb.sty
Package: amssymb 2013/01/14 v3.01 AMS font symbols

(/usr/local/texlive/2016/texmf-dist/tex/latex/amsfonts/amsfonts.sty
Package: amsfonts 2013/01/14 v3.01 Basic AMSFonts support
\@emptytoks=\toks26
\symAMSa=\mathgroup4
\symAMSb=\mathgroup5
LaTeX Font Info:    Overwriting math alphabet `\mathfrak' in version `bold'
(Font)                  U/euf/m/n --> U/euf/b/n on input line 106.
))
(/usr/local/texlive/2016/texmf-dist/tex/latex/sansmathaccent/sansmathaccent.sty
Package: sansmathaccent 2013/03/28
(/usr/local/texlive/2016/texmf-dist/tex/latex/filehook/filehook.sty
Package: filehook 2011/10/12 v0.5d Hooks for input files
)))
(/usr/local/texlive/2016/texmf-dist/tex/latex/beamer/beamerbasetranslator.sty
Package: beamerbasetranslator 2010/06/11  (rcs-revision 85fd1cc7fc42)

(/usr/local/texlive/2016/texmf-dist/tex/latex/beamer/translator/translator.sty
Package: translator 2010/06/12 ver 1.10

(/usr/local/texlive/2016/texmf-dist/tex/latex/beamer/translator/translator-lang
uage-mappings.tex)))
(/usr/local/texlive/2016/texmf-dist/tex/latex/beamer/beamerbasemisc.sty
Package: beamerbasemisc 2013/09/03  (rcs-revision a55719c41d85)
)
(/usr/local/texlive/2016/texmf-dist/tex/latex/beamer/beamerbasetwoscreens.sty
Package: beamerbasetwoscreens 2010/05/01  (rcs-revision efa082c6111d)
)
(/usr/local/texlive/2016/texmf-dist/tex/latex/beamer/beamerbaseoverlay.sty
Package: beamerbaseoverlay 2013/12/25  (rcs-revision f6bd5e3805da)
\beamer@argscount=\count126
\beamer@lastskipcover=\skip44
\beamer@trivlistdepth=\count127
)
(/usr/local/texlive/2016/texmf-dist/tex/latex/beamer/beamerbasetitle.sty
Package: beamerbasetitle 2010/09/21  (rcs-revision f0446ed0b6ae)
)
(/usr/local/texlive/2016/texmf-dist/tex/latex/beamer/beamerbasesection.sty
Package: beamerbasesection 2013/06/07  (rcs-revision 60b9fe0f342f)
\c@lecture=\count128
\c@part=\count129
\c@section=\count130
\c@subsection=\count131
\c@subsubsection=\count132
)
(/usr/local/texlive/2016/texmf-dist/tex/latex/beamer/beamerbaseframe.sty
Package: beamerbaseframe 2014/02/20  (rcs-revision 4b8ceeeff434)
\beamer@framebox=\box40
\beamer@frametitlebox=\box41
\beamer@zoombox=\box42
\beamer@zoomcount=\count133
\beamer@zoomframecount=\count134
\beamer@frametextheight=\dimen168
\c@subsectionslide=\count135
\beamer@frametopskip=\skip45
\beamer@framebottomskip=\skip46
\beamer@frametopskipautobreak=\skip47
\beamer@framebottomskipautobreak=\skip48
\beamer@envbody=\toks27
\framewidth=\dimen169
\c@framenumber=\count136
)
(/usr/local/texlive/2016/texmf-dist/tex/latex/beamer/beamerbaseverbatim.sty
Package: beamerbaseverbatim 2015/01/05  (rcs-revision 431510bb5890)
\beamer@verbatimfileout=\write4
)
(/usr/local/texlive/2016/texmf-dist/tex/latex/beamer/beamerbaseframesize.sty
Package: beamerbaseframesize 2011/09/12  (rcs-revision 70f9d8411e54)
\beamer@splitbox=\box43
\beamer@autobreakcount=\count137
\beamer@autobreaklastheight=\dimen170
\beamer@frametitletoks=\toks28
\beamer@framesubtitletoks=\toks29
)
(/usr/local/texlive/2016/texmf-dist/tex/latex/beamer/beamerbaseframecomponents.
sty
Package: beamerbaseframecomponents 2013/10/18  (rcs-revision 5cf6c5555a45)
\beamer@footins=\box44
) (/usr/local/texlive/2016/texmf-dist/tex/latex/beamer/beamerbasecolor.sty
Package: beamerbasecolor 2015/02/21  (rcs-revision d944b04ee2d5)
)
(/usr/local/texlive/2016/texmf-dist/tex/latex/beamer/beamerbasenotes.sty
Package: beamerbasenotes 2012/12/19  (rcs-revision 1686da3db3c9)
\beamer@frameboxcopy=\box45
)
(/usr/local/texlive/2016/texmf-dist/tex/latex/beamer/beamerbasetoc.sty
Package: beamerbasetoc 2015/03/08  (rcs-revision 7270298bbaae)
)
(/usr/local/texlive/2016/texmf-dist/tex/latex/beamer/beamerbasetemplates.sty
Package: beamerbasetemplates 2010/05/01  (rcs-revision efa082c6111d)
\beamer@sbttoks=\toks30

(/usr/local/texlive/2016/texmf-dist/tex/latex/beamer/beamerbaseauxtemplates.sty
Package: beamerbaseauxtemplates 2014/06/30  (rcs-revision 580088513a67)
(/usr/local/texlive/2016/texmf-dist/tex/latex/beamer/beamerbaseboxes.sty
Package: beamerbaseboxes 2012/05/13  (rcs-revision 56972908a390)
\bmb@box=\box46
\bmb@colorbox=\box47
\bmb@boxshadow=\box48
\bmb@boxshadowball=\box49
\bmb@boxshadowballlarge=\box50
\bmb@temp=\dimen171
\bmb@dima=\dimen172
\bmb@dimb=\dimen173
\bmb@prevheight=\dimen174
)
\beamer@blockheadheight=\dimen175
))
(/usr/local/texlive/2016/texmf-dist/tex/latex/beamer/beamerbaselocalstructure.s
ty
Package: beamerbaselocalstructure 2014/09/10  (rcs-revision 393f6dcff371)
 (/usr/local/texlive/2016/texmf-dist/tex/latex/tools/enumerate.sty
Package: enumerate 2015/07/23 v3.00 enumerate extensions (DPC)
\@enLab=\toks31
)
\c@figure=\count138
\c@table=\count139
\abovecaptionskip=\skip49
\belowcaptionskip=\skip50
)
(/usr/local/texlive/2016/texmf-dist/tex/latex/beamer/beamerbasenavigation.sty
Package: beamerbasenavigation 2015/02/27  (rcs-revision 923f4bf87efa)
\beamer@section@min@dim=\dimen176
)
(/usr/local/texlive/2016/texmf-dist/tex/latex/beamer/beamerbasetheorems.sty
Package: beamerbasetheorems 2010/06/06  (rcs-revision 7e7cc5e53e9d)

(/usr/local/texlive/2016/texmf-dist/tex/latex/amsmath/amsmath.sty
Package: amsmath 2016/03/10 v2.15b AMS math features
\@mathmargin=\skip51

For additional information on amsmath, use the `?' option.
(/usr/local/texlive/2016/texmf-dist/tex/latex/amsmath/amstext.sty
Package: amstext 2000/06/29 v2.01 AMS text

(/usr/local/texlive/2016/texmf-dist/tex/latex/amsmath/amsgen.sty
File: amsgen.sty 1999/11/30 v2.0 generic functions
\@emptytoks=\toks32
\ex@=\dimen177
))
(/usr/local/texlive/2016/texmf-dist/tex/latex/amsmath/amsbsy.sty
Package: amsbsy 1999/11/29 v1.2d Bold Symbols
\pmbraise@=\dimen178
)
(/usr/local/texlive/2016/texmf-dist/tex/latex/amsmath/amsopn.sty
Package: amsopn 2016/03/08 v2.02 operator names
)
\inf@bad=\count140
LaTeX Info: Redefining \frac on input line 199.
\uproot@=\count141
\leftroot@=\count142
LaTeX Info: Redefining \overline on input line 297.
\classnum@=\count143
\DOTSCASE@=\count144
LaTeX Info: Redefining \ldots on input line 394.
LaTeX Info: Redefining \dots on input line 397.
LaTeX Info: Redefining \cdots on input line 518.
\Mathstrutbox@=\box51
\strutbox@=\box52
\big@size=\dimen179
LaTeX Font Info:    Redeclaring font encoding OML on input line 634.
LaTeX Font Info:    Redeclaring font encoding OMS on input line 635.
\macc@depth=\count145
\c@MaxMatrixCols=\count146
\dotsspace@=\muskip11
\c@parentequation=\count147
\dspbrk@lvl=\count148
\tag@help=\toks33
\row@=\count149
\column@=\count150
\maxfields@=\count151
\andhelp@=\toks34
\eqnshift@=\dimen180
\alignsep@=\dimen181
\tagshift@=\dimen182
\tagwidth@=\dimen183
\totwidth@=\dimen184
\lineht@=\dimen185
\@envbody=\toks35
\multlinegap=\skip52
\multlinetaggap=\skip53
\mathdisplay@stack=\toks36
LaTeX Info: Redefining \[ on input line 2739.
LaTeX Info: Redefining \] on input line 2740.
)
(/usr/local/texlive/2016/texmf-dist/tex/latex/amscls/amsthm.sty
Package: amsthm 2015/03/04 v2.20.2
\thm@style=\toks37
\thm@bodyfont=\toks38
\thm@headfont=\toks39
\thm@notefont=\toks40
\thm@headpunct=\toks41
\thm@preskip=\skip54
\thm@postskip=\skip55
\thm@headsep=\skip56
\dth@everypar=\toks42
)
\c@theorem=\count152
)
(/usr/local/texlive/2016/texmf-dist/tex/latex/beamer/beamerbasethemes.sty
Package: beamerbasethemes 2010/05/01  (rcs-revision efa082c6111d)
))
(/usr/local/texlive/2016/texmf-dist/tex/latex/beamer/themes/theme/beamerthemede
fault.sty
Package: beamerthemedefault 2010/06/17  (rcs-revision d02a7cf4d8ae)

(/usr/local/texlive/2016/texmf-dist/tex/latex/beamer/themes/font/beamerfontthem
edefault.sty
Package: beamerfontthemedefault 2012/12/19  (rcs-revision 1686da3db3c9)
)
(/usr/local/texlive/2016/texmf-dist/tex/latex/beamer/themes/color/beamercolorth
emedefault.sty
Package: beamercolorthemedefault 2012/12/19  (rcs-revision 1686da3db3c9)
)
(/usr/local/texlive/2016/texmf-dist/tex/latex/beamer/themes/inner/beamerinnerth
emedefault.sty
Package: beamerinnerthemedefault 2014/06/30  (rcs-revision 580088513a67)
\beamer@dima=\dimen186
\beamer@dimb=\dimen187
)
(/usr/local/texlive/2016/texmf-dist/tex/latex/beamer/themes/outer/beamerouterth
emedefault.sty
Package: beamerouterthemedefault 2012/12/19  (rcs-revision 1686da3db3c9)
)))
(/usr/local/texlive/2016/texmf-dist/tex/latex/base/inputenc.sty
Package: inputenc 2015/03/17 v1.2c Input encoding file
\inpenc@prehook=\toks43
\inpenc@posthook=\toks44

(/usr/local/texlive/2016/texmf-dist/tex/latex/base/latin1.def
File: latin1.def 2015/03/17 v1.2c Input encoding file
))
(/usr/local/texlive/2016/texmf-dist/tex/latex/base/fontenc.sty
Package: fontenc 2005/09/27 v1.99g Standard LaTeX package

(/usr/local/texlive/2016/texmf-dist/tex/latex/base/t1enc.def
File: t1enc.def 2005/09/27 v1.99g Standard LaTeX file
LaTeX Font Info:    Redeclaring font encoding T1 on input line 48.
))
(/usr/local/texlive/2016/texmf-dist/tex/generic/babel/babel.sty
Package: babel 2016/04/23 3.9r The Babel package

(/usr/local/texlive/2016/texmf-dist/tex/generic/babel-spanish/spanish.ldf
Language: spanish.ldf 2016/03/03 v5.0p Spanish support from the babel system

(/usr/local/texlive/2016/texmf-dist/tex/generic/babel/babel.def
File: babel.def 2016/04/23 3.9r Babel common definitions
\babel@savecnt=\count153
\U@D=\dimen188
LaTeX Info: Redefining \textlatin on input line 1448.
)
\es@quottoks=\toks45
\es@quotdepth=\count154
Package babel Info: Making " an active character on input line 561.
Package babel Info: Making . an active character on input line 662.
Package babel Info: Making < an active character on input line 707.
Package babel Info: Making > an active character on input line 707.
))
LaTeX Info: Redefining \. on input line 6.
LaTeX Info: Redefining \% on input line 6.

(/usr/local/texlive/2016/texmf-dist/tex/latex/soul/soul.sty
Package: soul 2003/11/17 v2.4 letterspacing/underlining (mf)
\SOUL@word=\toks46
\SOUL@lasttoken=\toks47
\SOUL@cmds=\toks48
\SOUL@buffer=\toks49
\SOUL@token=\toks50
\SOUL@spaceskip=\skip57
\SOUL@ttwidth=\dimen189
\SOUL@uldp=\dimen190
\SOUL@ulht=\dimen191
)
(/usr/local/texlive/2016/texmf-dist/tex/latex/listings/listings.sty
\lst@mode=\count155
\lst@gtempboxa=\box53
\lst@token=\toks51
\lst@length=\count156
\lst@currlwidth=\dimen192
\lst@column=\count157
\lst@pos=\count158
\lst@lostspace=\dimen193
\lst@width=\dimen194
\lst@newlines=\count159
\lst@lineno=\count160
\lst@maxwidth=\dimen195

(/usr/local/texlive/2016/texmf-dist/tex/latex/listings/lstmisc.sty
File: lstmisc.sty 2015/06/04 1.6 (Carsten Heinz)
\c@lstnumber=\count161
\lst@skipnumbers=\count162
\lst@framebox=\box54
)
(/usr/local/texlive/2016/texmf-dist/tex/latex/listings/listings.cfg
File: listings.cfg 2015/06/04 1.6 listings configuration
))
Package: listings 2015/06/04 1.6 (Carsten Heinz)

(/usr/local/texlive/2016/texmf-dist/tex/latex/base/alltt.sty
Package: alltt 1997/06/16 v2.0g defines alltt environment
)
(/usr/local/texlive/2016/texmf-dist/tex/latex/underscore/underscore.sty
Package: underscore 2006/09/13
LaTeX Info: Redefining \_ on input line 42.
)
(/usr/local/texlive/2016/texmf-dist/tex/latex/tools/verbatim.sty
Package: verbatim 2014/10/28 v1.5q LaTeX2e package for verbatim enhancements
\every@verbatim=\toks52
\verbatim@line=\toks53
\verbatim@in@stream=\read2
)
(/usr/local/texlive/2016/texmf-dist/tex/latex/ae/ae.sty
Package: ae 2001/02/12 1.3 Almost European Computer Modern

(/usr/local/texlive/2016/texmf-dist/tex/latex/base/fontenc.sty
Package: fontenc 2005/09/27 v1.99g Standard LaTeX package

(/usr/local/texlive/2016/texmf-dist/tex/latex/base/t1enc.def
File: t1enc.def 2005/09/27 v1.99g Standard LaTeX file
LaTeX Font Info:    Redeclaring font encoding T1 on input line 48.
)
LaTeX Font Info:    Try loading font information for T1+aer on input line 105.

(/usr/local/texlive/2016/texmf-dist/tex/latex/ae/t1aer.fd
File: t1aer.fd 1997/11/16 Font definitions for T1/aer.
)))
(/usr/local/texlive/2016/texmf-dist/tex/latex/algorithms/algorithm.sty
Package: algorithm 2009/08/24 v0.1 Document Style `algorithm' - floating enviro
nment

(/usr/local/texlive/2016/texmf-dist/tex/latex/float/float.sty
Package: float 2001/11/08 v1.3d Float enhancements (AL)
\c@float@type=\count163
\float@exts=\toks54
\float@box=\box55
\@float@everytoks=\toks55
\@floatcapt=\box56
)
(/usr/local/texlive/2016/texmf-dist/tex/latex/base/ifthen.sty
Package: ifthen 2014/09/29 v1.1c Standard LaTeX ifthen package (DPC)
)
\@float@every@algorithm=\toks56
\c@algorithm=\count164
)
(/usr/local/texlive/2016/texmf-dist/tex/latex/algorithms/algorithmic.sty
Package: algorithmic 2009/08/24 v0.1 Document Style `algorithmic'
\c@ALC@unique=\count165
\c@ALC@line=\count166
\c@ALC@rem=\count167
\c@ALC@depth=\count168
\ALC@tlm=\skip58
\algorithmicindent=\skip59
)
(/usr/local/texlive/2016/texmf-dist/tex/latex/beamer/themes/font/beamerfontthem
eprofessionalfonts.sty
Package: beamerfontthemeprofessionalfonts 2010/06/17  (rcs-revision d02a7cf4d8a
e)
) (./clase_1.aux
LaTeX Info: Redefining \. on input line 24.
LaTeX Info: Redefining \% on input line 24.
LaTeX Info: Redefining \. on input line 30.
LaTeX Info: Redefining \% on input line 30.
)
\openout1 = `clase_1.aux'.

LaTeX Font Info:    Checking defaults for OML/cmm/m/it on input line 35.
LaTeX Font Info:    ... okay on input line 35.
LaTeX Font Info:    Checking defaults for T1/cmr/m/n on input line 35.
LaTeX Font Info:    ... okay on input line 35.
LaTeX Font Info:    Checking defaults for OT1/cmr/m/n on input line 35.
LaTeX Font Info:    ... okay on input line 35.
LaTeX Font Info:    Checking defaults for OMS/cmsy/m/n on input line 35.
LaTeX Font Info:    ... okay on input line 35.
LaTeX Font Info:    Checking defaults for OMX/cmex/m/n on input line 35.
LaTeX Font Info:    ... okay on input line 35.
LaTeX Font Info:    Checking defaults for U/cmr/m/n on input line 35.
LaTeX Font Info:    ... okay on input line 35.
LaTeX Font Info:    Checking defaults for PD1/pdf/m/n on input line 35.
LaTeX Font Info:    ... okay on input line 35.
LaTeX Font Info:    Try loading font information for T1+aess on input line 35.

(/usr/local/texlive/2016/texmf-dist/tex/latex/ae/t1aess.fd
File: t1aess.fd 1997/11/16 Font definitions for T1/aess.
)
*geometry* driver: auto-detecting
*geometry* detected driver: pdftex
*geometry* verbose mode - [ preamble ] result:
* driver: pdftex
* paper: custom
* layout: <same size as paper>
* layoutoffset:(h,v)=(0.0pt,0.0pt)
* modes: includehead includefoot 
* h-part:(L,W,R)=(28.45274pt, 307.28987pt, 28.45274pt)
* v-part:(T,H,B)=(0.0pt, 273.14662pt, 0.0pt)
* \paperwidth=364.19536pt
* \paperheight=273.14662pt
* \textwidth=307.28987pt
* \textheight=244.6939pt
* \oddsidemargin=-43.81725pt
* \evensidemargin=-43.81725pt
* \topmargin=-72.26999pt
* \headheight=14.22636pt
* \headsep=0.0pt
* \topskip=11.0pt
* \footskip=14.22636pt
* \marginparwidth=4.0pt
* \marginparsep=10.0pt
* \columnsep=10.0pt
* \skip\footins=10.0pt plus 4.0pt minus 2.0pt
* \hoffset=0.0pt
* \voffset=0.0pt
* \mag=1000
* \@twocolumnfalse
* \@twosidefalse
* \@mparswitchfalse
* \@reversemarginfalse
* (1in=72.27pt=25.4mm, 1cm=28.453pt)

(/usr/local/texlive/2016/texmf-dist/tex/context/base/mkii/supp-pdf.mkii
[Loading MPS to PDF converter (version 2006.09.02).]
\scratchcounter=\count169
\scratchdimen=\dimen196
\scratchbox=\box57
\nofMPsegments=\count170
\nofMParguments=\count171
\everyMPshowfont=\toks57
\MPscratchCnt=\count172
\MPscratchDim=\dimen197
\MPnumerator=\count173
\makeMPintoPDFobject=\count174
\everyMPtoPDFconversion=\toks58
) (/usr/local/texlive/2016/texmf-dist/tex/latex/oberdiek/epstopdf-base.sty
Package: epstopdf-base 2016/05/15 v2.6 Base part for package epstopdf

(/usr/local/texlive/2016/texmf-dist/tex/latex/oberdiek/grfext.sty
Package: grfext 2016/05/16 v1.2 Manage graphics extensions (HO)
)
Package grfext Info: Graphics extension search list:
(grfext)             [.png,.pdf,.jpg,.mps,.jpeg,.jbig2,.jb2,.PNG,.PDF,.JPG,.JPE
G,.JBIG2,.JB2,.eps]
(grfext)             \AppendGraphicsExtensions on input line 456.

(/usr/local/texlive/2016/texmf-dist/tex/latex/latexconfig/epstopdf-sys.cfg
File: epstopdf-sys.cfg 2010/07/13 v1.3 Configuration of (r)epstopdf for TeX Liv
e
))
ABD: EveryShipout initializing macros
\AtBeginShipoutBox=\box58
Package hyperref Info: Link coloring OFF on input line 35.

(/usr/local/texlive/2016/texmf-dist/tex/latex/hyperref/nameref.sty
Package: nameref 2012/10/27 v2.43 Cross-referencing by name of section

(/usr/local/texlive/2016/texmf-dist/tex/generic/oberdiek/gettitlestring.sty
Package: gettitlestring 2016/05/16 v1.5 Cleanup title references (HO)
)
\c@section@level=\count175
)
LaTeX Info: Redefining \ref on input line 35.
LaTeX Info: Redefining \pageref on input line 35.
LaTeX Info: Redefining \nameref on input line 35.

(./clase_1.out) (./clase_1.out)
\@outlinefile=\write5
\openout5 = `clase_1.out'.


(/usr/local/texlive/2016/texmf-dist/tex/latex/beamer/translator/dicts/translato
r-basic-dictionary/translator-basic-dictionary-English.dict
Dictionary: translator-basic-dictionary, Language: English 
)
(/usr/local/texlive/2016/texmf-dist/tex/latex/beamer/translator/dicts/translato
r-bibliography-dictionary/translator-bibliography-dictionary-English.dict
Dictionary: translator-bibliography-dictionary, Language: English 
)
(/usr/local/texlive/2016/texmf-dist/tex/latex/beamer/translator/dicts/translato
r-environment-dictionary/translator-environment-dictionary-English.dict
Dictionary: translator-environment-dictionary, Language: English 
)
(/usr/local/texlive/2016/texmf-dist/tex/latex/beamer/translator/dicts/translato
r-months-dictionary/translator-months-dictionary-English.dict
Dictionary: translator-months-dictionary, Language: English 
)
(/usr/local/texlive/2016/texmf-dist/tex/latex/beamer/translator/dicts/translato
r-numbers-dictionary/translator-numbers-dictionary-English.dict
Dictionary: translator-numbers-dictionary, Language: English 
)
(/usr/local/texlive/2016/texmf-dist/tex/latex/beamer/translator/dicts/translato
r-theorem-dictionary/translator-theorem-dictionary-English.dict
Dictionary: translator-theorem-dictionary, Language: English 
)
LaTeX Info: Redefining \includegraphics on input line 35.
LaTeX Info: Redefining \. on input line 35.
LaTeX Info: Redefining \% on input line 35.
\c@lstlisting=\count176
 (./clase_1.nav) [1

{/usr/local/texlive/2016/texmf-var/fonts/map/pdftex/updmap/pdftex.map}]
LaTeX Font Info:    Try loading font information for U+msa on input line 51.

(/usr/local/texlive/2016/texmf-dist/tex/latex/amsfonts/umsa.fd
File: umsa.fd 2013/01/14 v3.01 AMS symbols A
)
LaTeX Font Info:    Try loading font information for U+msb on input line 51.

(/usr/local/texlive/2016/texmf-dist/tex/latex/amsfonts/umsb.fd
File: umsb.fd 2013/01/14 v3.01 AMS symbols B
) [2

] [3

]
[4

]
Package epstopdf Info: Source file: <data/randomqs2.eps>
(epstopdf)                    date: 2015-11-22 07:17:36
(epstopdf)                    size: 24653 bytes
(epstopdf)             Output file: <data/randomqs2-eps-converted-to.pdf>
(epstopdf)                    date: 2015-11-22 07:17:36
(epstopdf)                    size: 7673 bytes
(epstopdf)             Command: <repstopdf --outfile=data/randomqs2-eps-convert
ed-to.pdf data/randomqs2.eps>
(epstopdf)             \includegraphics on input line 78.
Package epstopdf Info: Output file is already uptodate.
 <data/randomqs2-eps-converted-to.pdf, id=150, 361.35pt x 252.945pt>
File: data/randomqs2-eps-converted-to.pdf Graphic file (type pdf)

<use data/randomqs2-eps-converted-to.pdf>
Package pdftex.def Info: data/randomqs2-eps-converted-to.pdf used on input line
 78.
(pdftex.def)             Requested size: 142.26578pt x 99.58603pt.
Package epstopdf Info: Source file: <data/sortedqs2.eps>
(epstopdf)                    date: 2015-11-22 07:17:36
(epstopdf)                    size: 21781 bytes
(epstopdf)             Output file: <data/sortedqs2-eps-converted-to.pdf>
(epstopdf)                    date: 2015-11-22 07:17:36
(epstopdf)                    size: 7147 bytes
(epstopdf)             Command: <repstopdf --outfile=data/sortedqs2-eps-convert
ed-to.pdf data/sortedqs2.eps>
(epstopdf)             \includegraphics on input line 78.
Package epstopdf Info: Output file is already uptodate.

<data/sortedqs2-eps-converted-to.pdf, id=151, 361.35pt x 252.945pt>
File: data/sortedqs2-eps-converted-to.pdf Graphic file (type pdf)

<use data/sortedqs2-eps-converted-to.pdf>
Package pdftex.def Info: data/sortedqs2-eps-converted-to.pdf used on input line
 78.
(pdftex.def)             Requested size: 142.26578pt x 113.8126pt.
Package epstopdf Info: Source file: <data/randomqs1.eps>
(epstopdf)                    date: 2015-11-22 07:17:36
(epstopdf)                    size: 25047 bytes
(epstopdf)             Output file: <data/randomqs1-eps-converted-to.pdf>
(epstopdf)                    date: 2015-11-22 07:17:36
(epstopdf)                    size: 7445 bytes
(epstopdf)             Command: <repstopdf --outfile=data/randomqs1-eps-convert
ed-to.pdf data/randomqs1.eps>
(epstopdf)             \includegraphics on input line 78.
Package epstopdf Info: Output file is already uptodate.

<data/randomqs1-eps-converted-to.pdf, id=152, 361.35pt x 252.945pt>
File: data/randomqs1-eps-converted-to.pdf Graphic file (type pdf)

<use data/randomqs1-eps-converted-to.pdf>
Package pdftex.def Info: data/randomqs1-eps-converted-to.pdf used on input line
 78.
(pdftex.def)             Requested size: 142.26578pt x 113.8126pt.
Package epstopdf Info: Source file: <data/desortedqs2.eps>
(epstopdf)                    date: 2015-11-22 07:17:36
(epstopdf)                    size: 21944 bytes
(epstopdf)             Output file: <data/desortedqs2-eps-converted-to.pdf>
(epstopdf)                    date: 2015-11-22 07:17:36
(epstopdf)                    size: 7103 bytes
(epstopdf)             Command: <repstopdf --outfile=data/desortedqs2-eps-conve
rted-to.pdf data/desortedqs2.eps>
(epstopdf)             \includegraphics on input line 78.
Package epstopdf Info: Output file is already uptodate.

<data/desortedqs2-eps-converted-to.pdf, id=153, 361.35pt x 252.945pt>
File: data/desortedqs2-eps-converted-to.pdf Graphic file (type pdf)

<use data/desortedqs2-eps-converted-to.pdf>
Package pdftex.def Info: data/desortedqs2-eps-converted-to.pdf used on input li
ne 78.
(pdftex.def)             Requested size: 142.26578pt x 113.8126pt.
 [5

 <./data/randomqs2-eps-converted-to.pdf> <./data/sortedqs2-eps-converted-to.pdf
> <./data/randomqs1-eps-converted-to.pdf> <./data/desortedqs2-eps-converted-to.
pdf>] [6

]
Package epstopdf Info: Source file: <data/randombfprt2.eps>
(epstopdf)                    date: 2015-11-22 07:17:36
(epstopdf)                    size: 25075 bytes
(epstopdf)             Output file: <data/randombfprt2-eps-converted-to.pdf>
(epstopdf)                    date: 2015-11-22 07:17:36
(epstopdf)                    size: 7620 bytes
(epstopdf)             Command: <repstopdf --outfile=data/randombfprt2-eps-conv
erted-to.pdf data/randombfprt2.eps>
(epstopdf)             \includegraphics on input line 104.
Package epstopdf Info: Output file is already uptodate.

<data/randombfprt2-eps-converted-to.pdf, id=228, 361.35pt x 252.945pt>
File: data/randombfprt2-eps-converted-to.pdf Graphic file (type pdf)

<use data/randombfprt2-eps-converted-to.pdf>
Package pdftex.def Info: data/randombfprt2-eps-converted-to.pdf used on input l
ine 104.
(pdftex.def)             Requested size: 142.26578pt x 113.8126pt.
Package epstopdf Info: Source file: <data/sortedbfprt2.eps>
(epstopdf)                    date: 2015-11-22 07:17:36
(epstopdf)                    size: 22146 bytes
(epstopdf)             Output file: <data/sortedbfprt2-eps-converted-to.pdf>
(epstopdf)                    date: 2015-11-22 07:17:36
(epstopdf)                    size: 7259 bytes
(epstopdf)             Command: <repstopdf --outfile=data/sortedbfprt2-eps-conv
erted-to.pdf data/sortedbfprt2.eps>
(epstopdf)             \includegraphics on input line 104.
Package epstopdf Info: Output file is already uptodate.

<data/sortedbfprt2-eps-converted-to.pdf, id=229, 361.35pt x 252.945pt>
File: data/sortedbfprt2-eps-converted-to.pdf Graphic file (type pdf)

<use data/sortedbfprt2-eps-converted-to.pdf>
Package pdftex.def Info: data/sortedbfprt2-eps-converted-to.pdf used on input l
ine 104.
(pdftex.def)             Requested size: 142.26578pt x 113.8126pt.
Package epstopdf Info: Source file: <data/randombfprt1.eps>
(epstopdf)                    date: 2015-11-22 07:17:36
(epstopdf)                    size: 25038 bytes
(epstopdf)             Output file: <data/randombfprt1-eps-converted-to.pdf>
(epstopdf)                    date: 2015-11-22 07:17:36
(epstopdf)                    size: 7353 bytes
(epstopdf)             Command: <repstopdf --outfile=data/randombfprt1-eps-conv
erted-to.pdf data/randombfprt1.eps>
(epstopdf)             \includegraphics on input line 104.
Package epstopdf Info: Output file is already uptodate.

<data/randombfprt1-eps-converted-to.pdf, id=230, 361.35pt x 252.945pt>
File: data/randombfprt1-eps-converted-to.pdf Graphic file (type pdf)

<use data/randombfprt1-eps-converted-to.pdf>
Package pdftex.def Info: data/randombfprt1-eps-converted-to.pdf used on input l
ine 104.
(pdftex.def)             Requested size: 142.26578pt x 113.8126pt.
Package epstopdf Info: Source file: <data/sortedbfprt1.eps>
(epstopdf)                    date: 2015-11-22 07:17:36
(epstopdf)                    size: 21835 bytes
(epstopdf)             Output file: <data/sortedbfprt1-eps-converted-to.pdf>
(epstopdf)                    date: 2015-11-22 07:17:36
(epstopdf)                    size: 6710 bytes
(epstopdf)             Command: <repstopdf --outfile=data/sortedbfprt1-eps-conv
erted-to.pdf data/sortedbfprt1.eps>
(epstopdf)             \includegraphics on input line 104.
Package epstopdf Info: Output file is already uptodate.

<data/sortedbfprt1-eps-converted-to.pdf, id=231, 361.35pt x 252.945pt>
File: data/sortedbfprt1-eps-converted-to.pdf Graphic file (type pdf)

<use data/sortedbfprt1-eps-converted-to.pdf>
Package pdftex.def Info: data/sortedbfprt1-eps-converted-to.pdf used on input l
ine 104.
(pdftex.def)             Requested size: 142.26578pt x 113.8126pt.
 [7

 <./data/randombfprt2-eps-converted-to.pdf> <./data/sortedbfprt2-eps-converted-
to.pdf> <./data/randombfprt1-eps-converted-to.pdf> <./data/sortedbfprt1-eps-con
verted-to.pdf>]
Package epstopdf Info: Source file: <data/desortedbfprt2.eps>
(epstopdf)                    date: 2015-11-22 07:17:36
(epstopdf)                    size: 21991 bytes
(epstopdf)             Output file: <data/desortedbfprt2-eps-converted-to.pdf>
(epstopdf)                    date: 2015-11-22 07:17:36
(epstopdf)                    size: 7411 bytes
(epstopdf)             Command: <repstopdf --outfile=data/desortedbfprt2-eps-co
nverted-to.pdf data/desortedbfprt2.eps>
(epstopdf)             \includegraphics on input line 116.
Package epstopdf Info: Output file is already uptodate.

<data/desortedbfprt2-eps-converted-to.pdf, id=281, 361.35pt x 252.945pt>
File: data/desortedbfprt2-eps-converted-to.pdf Graphic file (type pdf)

<use data/desortedbfprt2-eps-converted-to.pdf>
Package pdftex.def Info: data/desortedbfprt2-eps-converted-to.pdf used on input
 line 116.
(pdftex.def)             Requested size: 142.26578pt x 99.58603pt.
Package epstopdf Info: Source file: <data/desortedbfprt1.eps>
(epstopdf)                    date: 2015-11-22 07:17:36
(epstopdf)                    size: 21346 bytes
(epstopdf)             Output file: <data/desortedbfprt1-eps-converted-to.pdf>
(epstopdf)                    date: 2015-11-22 07:17:36
(epstopdf)                    size: 6650 bytes
(epstopdf)             Command: <repstopdf --outfile=data/desortedbfprt1-eps-co
nverted-to.pdf data/desortedbfprt1.eps>
(epstopdf)             \includegraphics on input line 116.
Package epstopdf Info: Output file is already uptodate.

<data/desortedbfprt1-eps-converted-to.pdf, id=282, 361.35pt x 252.945pt>
File: data/desortedbfprt1-eps-converted-to.pdf Graphic file (type pdf)

<use data/desortedbfprt1-eps-converted-to.pdf>
Package pdftex.def Info: data/desortedbfprt1-eps-converted-to.pdf used on input
 line 116.
(pdftex.def)             Requested size: 142.26578pt x 113.8126pt.
 [8

 <./data/desortedbfprt2-eps-converted-to.pdf> <./data/desortedbfprt1-eps-conver
ted-to.pdf>] [9

]
Package epstopdf Info: Source file: <data/randomibfprt2.eps>
(epstopdf)                    date: 2015-11-22 07:17:36
(epstopdf)                    size: 25899 bytes
(epstopdf)             Output file: <data/randomibfprt2-eps-converted-to.pdf>
(epstopdf)                    date: 2015-11-22 07:17:36
(epstopdf)                    size: 8252 bytes
(epstopdf)             Command: <repstopdf --outfile=data/randomibfprt2-eps-con
verted-to.pdf data/randomibfprt2.eps>
(epstopdf)             \includegraphics on input line 144.
Package epstopdf Info: Output file is already uptodate.

<data/randomibfprt2-eps-converted-to.pdf, id=343, 361.35pt x 252.945pt>
File: data/randomibfprt2-eps-converted-to.pdf Graphic file (type pdf)

<use data/randomibfprt2-eps-converted-to.pdf>
Package pdftex.def Info: data/randomibfprt2-eps-converted-to.pdf used on input 
line 144.
(pdftex.def)             Requested size: 142.26578pt x 113.8126pt.
Package epstopdf Info: Source file: <data/sortedibfprt2.eps>
(epstopdf)                    date: 2015-11-22 07:17:36
(epstopdf)                    size: 22958 bytes
(epstopdf)             Output file: <data/sortedibfprt2-eps-converted-to.pdf>
(epstopdf)                    date: 2015-11-22 07:17:36
(epstopdf)                    size: 7863 bytes
(epstopdf)             Command: <repstopdf --outfile=data/sortedibfprt2-eps-con
verted-to.pdf data/sortedibfprt2.eps>
(epstopdf)             \includegraphics on input line 144.
Package epstopdf Info: Output file is already uptodate.

<data/sortedibfprt2-eps-converted-to.pdf, id=344, 361.35pt x 252.945pt>
File: data/sortedibfprt2-eps-converted-to.pdf Graphic file (type pdf)

<use data/sortedibfprt2-eps-converted-to.pdf>
Package pdftex.def Info: data/sortedibfprt2-eps-converted-to.pdf used on input 
line 144.
(pdftex.def)             Requested size: 142.26578pt x 113.8126pt.
Package epstopdf Info: Source file: <data/randomibfprt1.eps>
(epstopdf)                    date: 2015-11-22 07:17:36
(epstopdf)                    size: 25675 bytes
(epstopdf)             Output file: <data/randomibfprt1-eps-converted-to.pdf>
(epstopdf)                    date: 2015-11-22 07:17:36
(epstopdf)                    size: 7795 bytes
(epstopdf)             Command: <repstopdf --outfile=data/randomibfprt1-eps-con
verted-to.pdf data/randomibfprt1.eps>
(epstopdf)             \includegraphics on input line 144.
Package epstopdf Info: Output file is already uptodate.

<data/randomibfprt1-eps-converted-to.pdf, id=345, 361.35pt x 252.945pt>
File: data/randomibfprt1-eps-converted-to.pdf Graphic file (type pdf)

<use data/randomibfprt1-eps-converted-to.pdf>
Package pdftex.def Info: data/randomibfprt1-eps-converted-to.pdf used on input 
line 144.
(pdftex.def)             Requested size: 142.26578pt x 113.8126pt.
Package epstopdf Info: Source file: <data/sortedibfprt1.eps>
(epstopdf)                    date: 2015-11-22 07:17:36
(epstopdf)                    size: 22271 bytes
(epstopdf)             Output file: <data/sortedibfprt1-eps-converted-to.pdf>
(epstopdf)                    date: 2015-11-22 07:17:36
(epstopdf)                    size: 6962 bytes
(epstopdf)             Command: <repstopdf --outfile=data/sortedibfprt1-eps-con
verted-to.pdf data/sortedibfprt1.eps>
(epstopdf)             \includegraphics on input line 144.
Package epstopdf Info: Output file is already uptodate.

<data/sortedibfprt1-eps-converted-to.pdf, id=346, 361.35pt x 252.945pt>
File: data/sortedibfprt1-eps-converted-to.pdf Graphic file (type pdf)

<use data/sortedibfprt1-eps-converted-to.pdf>
Package pdftex.def Info: data/sortedibfprt1-eps-converted-to.pdf used on input 
line 144.
(pdftex.def)             Requested size: 142.26578pt x 113.8126pt.
 [10

 <./data/randomibfprt2-eps-converted-to.pdf> <./data/sortedibfprt2-eps-converte
d-to.pdf> <./data/randomibfprt1-eps-converted-to.pdf> <./data/sortedibfprt1-eps
-converted-to.pdf>]
Package epstopdf Info: Source file: <data/desortedibfprt2.eps>
(epstopdf)                    date: 2015-11-22 07:17:36
(epstopdf)                    size: 22819 bytes
(epstopdf)             Output file: <data/desortedibfprt2-eps-converted-to.pdf>

(epstopdf)                    date: 2015-11-22 07:17:36
(epstopdf)                    size: 8059 bytes
(epstopdf)             Command: <repstopdf --outfile=data/desortedibfprt2-eps-c
onverted-to.pdf data/desortedibfprt2.eps>
(epstopdf)             \includegraphics on input line 156.
Package epstopdf Info: Output file is already uptodate.

<data/desortedibfprt2-eps-converted-to.pdf, id=395, 361.35pt x 252.945pt>
File: data/desortedibfprt2-eps-converted-to.pdf Graphic file (type pdf)

<use data/desortedibfprt2-eps-converted-to.pdf>
Package pdftex.def Info: data/desortedibfprt2-eps-converted-to.pdf used on inpu
t line 156.
(pdftex.def)             Requested size: 142.26578pt x 99.58603pt.
Package epstopdf Info: Source file: <data/desortedibfprt1.eps>
(epstopdf)                    date: 2015-11-22 07:17:36
(epstopdf)                    size: 21942 bytes
(epstopdf)             Output file: <data/desortedibfprt1-eps-converted-to.pdf>

(epstopdf)                    date: 2015-11-22 07:17:36
(epstopdf)                    size: 7032 bytes
(epstopdf)             Command: <repstopdf --outfile=data/desortedibfprt1-eps-c
onverted-to.pdf data/desortedibfprt1.eps>
(epstopdf)             \includegraphics on input line 156.
Package epstopdf Info: Output file is already uptodate.

<data/desortedibfprt1-eps-converted-to.pdf, id=396, 361.35pt x 252.945pt>
File: data/desortedibfprt1-eps-converted-to.pdf Graphic file (type pdf)

<use data/desortedibfprt1-eps-converted-to.pdf>
Package pdftex.def Info: data/desortedibfprt1-eps-converted-to.pdf used on inpu
t line 156.
(pdftex.def)             Requested size: 142.26578pt x 113.8126pt.
 [11

 <./data/desortedibfprt2-eps-converted-to.pdf> <./data/desortedibfprt1-eps-conv
erted-to.pdf>] [12

]
<data/wat.pdf, id=457, 1078.0275pt x 1076.02pt>
File: data/wat.pdf Graphic file (type pdf)
 <use data/wat.pdf>
Package pdftex.def Info: data/wat.pdf used on input line 170.
(pdftex.def)             Requested size: 269.6378pt x 269.14662pt.

Overfull \vbox (1.0pt too high) detected at line 170
 []

[13

 <./data/wat.pdf>] [14

] [15

]
Package epstopdf Info: Source file: <data/randomiqm2.eps>
(epstopdf)                    date: 2015-11-22 07:17:36
(epstopdf)                    size: 24523 bytes
(epstopdf)             Output file: <data/randomiqm2-eps-converted-to.pdf>
(epstopdf)                    date: 2015-11-22 07:17:36
(epstopdf)                    size: 7685 bytes
(epstopdf)             Command: <repstopdf --outfile=data/randomiqm2-eps-conver
ted-to.pdf data/randomiqm2.eps>
(epstopdf)             \includegraphics on input line 234.
Package epstopdf Info: Output file is already uptodate.

<data/randomiqm2-eps-converted-to.pdf, id=551, 361.35pt x 252.945pt>
File: data/randomiqm2-eps-converted-to.pdf Graphic file (type pdf)

<use data/randomiqm2-eps-converted-to.pdf>
Package pdftex.def Info: data/randomiqm2-eps-converted-to.pdf used on input lin
e 234.
(pdftex.def)             Requested size: 142.26578pt x 113.8126pt.
Package epstopdf Info: Source file: <data/sortediqm2.eps>
(epstopdf)                    date: 2015-11-22 07:17:36
(epstopdf)                    size: 21584 bytes
(epstopdf)             Output file: <data/sortediqm2-eps-converted-to.pdf>
(epstopdf)                    date: 2015-11-22 07:17:36
(epstopdf)                    size: 7386 bytes
(epstopdf)             Command: <repstopdf --outfile=data/sortediqm2-eps-conver
ted-to.pdf data/sortediqm2.eps>
(epstopdf)             \includegraphics on input line 234.
Package epstopdf Info: Output file is already uptodate.

<data/sortediqm2-eps-converted-to.pdf, id=552, 361.35pt x 252.945pt>
File: data/sortediqm2-eps-converted-to.pdf Graphic file (type pdf)

<use data/sortediqm2-eps-converted-to.pdf>
Package pdftex.def Info: data/sortediqm2-eps-converted-to.pdf used on input lin
e 234.
(pdftex.def)             Requested size: 142.26578pt x 113.8126pt.
Package epstopdf Info: Source file: <data/randomiqm1.eps>
(epstopdf)                    date: 2015-11-22 07:17:36
(epstopdf)                    size: 25062 bytes
(epstopdf)             Output file: <data/randomiqm1-eps-converted-to.pdf>
(epstopdf)                    date: 2015-11-22 07:17:36
(epstopdf)                    size: 7522 bytes
(epstopdf)             Command: <repstopdf --outfile=data/randomiqm1-eps-conver
ted-to.pdf data/randomiqm1.eps>
(epstopdf)             \includegraphics on input line 234.
Package epstopdf Info: Output file is already uptodate.

<data/randomiqm1-eps-converted-to.pdf, id=553, 361.35pt x 252.945pt>
File: data/randomiqm1-eps-converted-to.pdf Graphic file (type pdf)

<use data/randomiqm1-eps-converted-to.pdf>
Package pdftex.def Info: data/randomiqm1-eps-converted-to.pdf used on input lin
e 234.
(pdftex.def)             Requested size: 142.26578pt x 113.8126pt.
Package epstopdf Info: Source file: <data/sortediqm1.eps>
(epstopdf)                    date: 2015-11-22 07:17:36
(epstopdf)                    size: 21226 bytes
(epstopdf)             Output file: <data/sortediqm1-eps-converted-to.pdf>
(epstopdf)                    date: 2015-11-22 07:17:36
(epstopdf)                    size: 6857 bytes
(epstopdf)             Command: <repstopdf --outfile=data/sortediqm1-eps-conver
ted-to.pdf data/sortediqm1.eps>
(epstopdf)             \includegraphics on input line 234.
Package epstopdf Info: Output file is already uptodate.

<data/sortediqm1-eps-converted-to.pdf, id=554, 361.35pt x 252.945pt>
File: data/sortediqm1-eps-converted-to.pdf Graphic file (type pdf)

<use data/sortediqm1-eps-converted-to.pdf>
Package pdftex.def Info: data/sortediqm1-eps-converted-to.pdf used on input lin
e 234.
(pdftex.def)             Requested size: 142.26578pt x 113.8126pt.
 [16

 <./data/randomiqm2-eps-converted-to.pdf> <./data/sortediqm2-eps-converted-to.p
df> <./data/randomiqm1-eps-converted-to.pdf> <./data/sortediqm1-eps-converted-t
o.pdf>]
Package epstopdf Info: Source file: <data/desortediqm2.eps>
(epstopdf)                    date: 2015-11-22 07:17:36
(epstopdf)                    size: 22320 bytes
(epstopdf)             Output file: <data/desortediqm2-eps-converted-to.pdf>
(epstopdf)                    date: 2015-11-22 07:17:36
(epstopdf)                    size: 7555 bytes
(epstopdf)             Command: <repstopdf --outfile=data/desortediqm2-eps-conv
erted-to.pdf data/desortediqm2.eps>
(epstopdf)             \includegraphics on input line 246.
Package epstopdf Info: Output file is already uptodate.

<data/desortediqm2-eps-converted-to.pdf, id=602, 361.35pt x 252.945pt>
File: data/desortediqm2-eps-converted-to.pdf Graphic file (type pdf)

<use data/desortediqm2-eps-converted-to.pdf>
Package pdftex.def Info: data/desortediqm2-eps-converted-to.pdf used on input l
ine 246.
(pdftex.def)             Requested size: 142.26578pt x 99.58603pt.
Package epstopdf Info: Source file: <data/desortediqm1.eps>
(epstopdf)                    date: 2015-11-22 07:17:36
(epstopdf)                    size: 22161 bytes
(epstopdf)             Output file: <data/desortediqm1-eps-converted-to.pdf>
(epstopdf)                    date: 2015-11-22 07:17:36
(epstopdf)                    size: 7106 bytes
(epstopdf)             Command: <repstopdf --outfile=data/desortediqm1-eps-conv
erted-to.pdf data/desortediqm1.eps>
(epstopdf)             \includegraphics on input line 246.
Package epstopdf Info: Output file is already uptodate.

<data/desortediqm1-eps-converted-to.pdf, id=603, 361.35pt x 252.945pt>
File: data/desortediqm1-eps-converted-to.pdf Graphic file (type pdf)

<use data/desortediqm1-eps-converted-to.pdf>
Package pdftex.def Info: data/desortediqm1-eps-converted-to.pdf used on input l
ine 246.
(pdftex.def)             Requested size: 142.26578pt x 113.8126pt.
 [17

 <./data/desortediqm2-eps-converted-to.pdf> <./data/desortediqm1-eps-converted-
to.pdf>] [18

]
Package epstopdf Info: Source file: <data/randomsummary2.eps>
(epstopdf)                    date: 2015-11-22 07:17:36
(epstopdf)                    size: 27228 bytes
(epstopdf)             Output file: <data/randomsummary2-eps-converted-to.pdf>
(epstopdf)                    date: 2015-11-22 07:17:36
(epstopdf)                    size: 10396 bytes
(epstopdf)             Command: <repstopdf --outfile=data/randomsummary2-eps-co
nverted-to.pdf data/randomsummary2.eps>
(epstopdf)             \includegraphics on input line 273.
Package epstopdf Info: Output file is already uptodate.

<data/randomsummary2-eps-converted-to.pdf, id=665, 361.35pt x 252.945pt>
File: data/randomsummary2-eps-converted-to.pdf Graphic file (type pdf)

<use data/randomsummary2-eps-converted-to.pdf>
Package pdftex.def Info: data/randomsummary2-eps-converted-to.pdf used on input
 line 273.
(pdftex.def)             Requested size: 142.26578pt x 113.8126pt.
Package epstopdf Info: Source file: <data/sortedsummary2.eps>
(epstopdf)                    date: 2015-11-22 07:17:36
(epstopdf)                    size: 24408 bytes
(epstopdf)             Output file: <data/sortedsummary2-eps-converted-to.pdf>
(epstopdf)                    date: 2015-11-22 07:17:36
(epstopdf)                    size: 9529 bytes
(epstopdf)             Command: <repstopdf --outfile=data/sortedsummary2-eps-co
nverted-to.pdf data/sortedsummary2.eps>
(epstopdf)             \includegraphics on input line 273.
Package epstopdf Info: Output file is already uptodate.

<data/sortedsummary2-eps-converted-to.pdf, id=666, 361.35pt x 252.945pt>
File: data/sortedsummary2-eps-converted-to.pdf Graphic file (type pdf)

<use data/sortedsummary2-eps-converted-to.pdf>
Package pdftex.def Info: data/sortedsummary2-eps-converted-to.pdf used on input
 line 273.
(pdftex.def)             Requested size: 142.26578pt x 113.8126pt.
Package epstopdf Info: Source file: <data/randomsummary1.eps>
(epstopdf)                    date: 2015-11-22 07:17:36
(epstopdf)                    size: 27053 bytes
(epstopdf)             Output file: <data/randomsummary1-eps-converted-to.pdf>
(epstopdf)                    date: 2015-11-22 07:17:36
(epstopdf)                    size: 9511 bytes
(epstopdf)             Command: <repstopdf --outfile=data/randomsummary1-eps-co
nverted-to.pdf data/randomsummary1.eps>
(epstopdf)             \includegraphics on input line 273.
Package epstopdf Info: Output file is already uptodate.

<data/randomsummary1-eps-converted-to.pdf, id=667, 361.35pt x 252.945pt>
File: data/randomsummary1-eps-converted-to.pdf Graphic file (type pdf)

<use data/randomsummary1-eps-converted-to.pdf>
Package pdftex.def Info: data/randomsummary1-eps-converted-to.pdf used on input
 line 273.
(pdftex.def)             Requested size: 142.26578pt x 113.8126pt.
Package epstopdf Info: Source file: <data/desortedsummary2.eps>
(epstopdf)                    date: 2015-11-22 07:17:36
(epstopdf)                    size: 24988 bytes
(epstopdf)             Output file: <data/desortedsummary2-eps-converted-to.pdf
>
(epstopdf)                    date: 2015-11-22 07:17:36
(epstopdf)                    size: 9645 bytes
(epstopdf)             Command: <repstopdf --outfile=data/desortedsummary2-eps-
converted-to.pdf data/desortedsummary2.eps>
(epstopdf)             \includegraphics on input line 273.
Package epstopdf Info: Output file is already uptodate.

<data/desortedsummary2-eps-converted-to.pdf, id=668, 361.35pt x 252.945pt>
File: data/desortedsummary2-eps-converted-to.pdf Graphic file (type pdf)

<use data/desortedsummary2-eps-converted-to.pdf>
Package pdftex.def Info: data/desortedsummary2-eps-converted-to.pdf used on inp
ut line 273.
(pdftex.def)             Requested size: 142.26578pt x 113.8126pt.
 [19

 <./data/randomsummary2-eps-converted-to.pdf> <./data/sortedsummary2-eps-conver
ted-to.pdf> <./data/randomsummary1-eps-converted-to.pdf> <./data/desortedsummar
y2-eps-converted-to.pdf>]
[20

]
Package epstopdf Info: Source file: <data/randomprecision1.eps>
(epstopdf)                    date: 2015-11-22 07:17:36
(epstopdf)                    size: 27016 bytes
(epstopdf)             Output file: <data/randomprecision1-eps-converted-to.pdf
>
(epstopdf)                    date: 2015-11-22 07:17:36
(epstopdf)                    size: 10263 bytes
(epstopdf)             Command: <repstopdf --outfile=data/randomprecision1-eps-
converted-to.pdf data/randomprecision1.eps>
(epstopdf)             \includegraphics on input line 297.
Package epstopdf Info: Output file is already uptodate.

<data/randomprecision1-eps-converted-to.pdf, id=743, 361.35pt x 252.945pt>
File: data/randomprecision1-eps-converted-to.pdf Graphic file (type pdf)

<use data/randomprecision1-eps-converted-to.pdf>
Package pdftex.def Info: data/randomprecision1-eps-converted-to.pdf used on inp
ut line 297.
(pdftex.def)             Requested size: 142.26578pt x 113.8126pt.
Package epstopdf Info: Source file: <data/desortedprecision1.eps>
(epstopdf)                    date: 2015-11-22 07:17:36
(epstopdf)                    size: 27205 bytes
(epstopdf)             Output file: <data/desortedprecision1-eps-converted-to.p
df>
(epstopdf)                    date: 2015-11-22 07:17:36
(epstopdf)                    size: 10146 bytes
(epstopdf)             Command: <repstopdf --outfile=data/desortedprecision1-ep
s-converted-to.pdf data/desortedprecision1.eps>
(epstopdf)             \includegraphics on input line 297.
Package epstopdf Info: Output file is already uptodate.

<data/desortedprecision1-eps-converted-to.pdf, id=744, 361.35pt x 252.945pt>
File: data/desortedprecision1-eps-converted-to.pdf Graphic file (type pdf)

<use data/desortedprecision1-eps-converted-to.pdf>
Package pdftex.def Info: data/desortedprecision1-eps-converted-to.pdf used on i
nput line 297.
(pdftex.def)             Requested size: 142.26578pt x 113.8126pt.
Package epstopdf Info: Source file: <data/randomprecision2.eps>
(epstopdf)                    date: 2015-11-22 07:17:36
(epstopdf)                    size: 26701 bytes
(epstopdf)             Output file: <data/randomprecision2-eps-converted-to.pdf
>
(epstopdf)                    date: 2015-11-22 07:17:36
(epstopdf)                    size: 9660 bytes
(epstopdf)             Command: <repstopdf --outfile=data/randomprecision2-eps-
converted-to.pdf data/randomprecision2.eps>
(epstopdf)             \includegraphics on input line 297.
Package epstopdf Info: Output file is already uptodate.

<data/randomprecision2-eps-converted-to.pdf, id=745, 361.35pt x 252.945pt>
File: data/randomprecision2-eps-converted-to.pdf Graphic file (type pdf)

<use data/randomprecision2-eps-converted-to.pdf>
Package pdftex.def Info: data/randomprecision2-eps-converted-to.pdf used on inp
ut line 297.
(pdftex.def)             Requested size: 142.26578pt x 113.8126pt.
Package epstopdf Info: Source file: <data/desortedprecision2.eps>
(epstopdf)                    date: 2015-11-22 07:17:36
(epstopdf)                    size: 26982 bytes
(epstopdf)             Output file: <data/desortedprecision2-eps-converted-to.p
df>
(epstopdf)                    date: 2015-11-22 07:17:36
(epstopdf)                    size: 9221 bytes
(epstopdf)             Command: <repstopdf --outfile=data/desortedprecision2-ep
s-converted-to.pdf data/desortedprecision2.eps>
(epstopdf)             \includegraphics on input line 297.
Package epstopdf Info: Output file is already uptodate.

<data/desortedprecision2-eps-converted-to.pdf, id=746, 361.35pt x 252.945pt>
File: data/desortedprecision2-eps-converted-to.pdf Graphic file (type pdf)

<use data/desortedprecision2-eps-converted-to.pdf>
Package pdftex.def Info: data/desortedprecision2-eps-converted-to.pdf used on i
nput line 297.
(pdftex.def)             Requested size: 142.26578pt x 113.8126pt.
 [21

 <./data/randomprecision1-eps-converted-to.pdf> <./data/desortedprecision1-eps-
converted-to.pdf> <./data/randomprecision2-eps-converted-to.pdf> <./data/desort
edprecision2-eps-converted-to.pdf>] [22

] [23

]
\tf@nav=\write6
\openout6 = `clase_1.nav'.

\tf@toc=\write7
\openout7 = `clase_1.toc'.

\tf@snm=\write8
\openout8 = `clase_1.snm'.

Package atveryend Info: Empty hook `BeforeClearDocument' on input line 320.
Package atveryend Info: Empty hook `AfterLastShipout' on input line 320.
 (./clase_1.aux
LaTeX Info: Redefining \. on input line 24.
LaTeX Info: Redefining \% on input line 24.
LaTeX Info: Redefining \. on input line 30.
LaTeX Info: Redefining \% on input line 30.
)
Package atveryend Info: Executing hook `AtVeryEndDocument' on input line 320.
Package atveryend Info: Executing hook `AtEndAfterFileList' on input line 320.
Package rerunfilecheck Info: File `clase_1.out' has not changed.
(rerunfilecheck)             Checksum: A97061670C84064CE914848D701E03A7;535.
Package atveryend Info: Empty hook `AtVeryVeryEnd' on input line 320.
 ) 
Here is how much of TeX's memory you used:
 19643 strings out of 493014
 363239 string characters out of 6133351
 444961 words of memory out of 5000000
 22607 multiletter control sequences out of 15000+600000
 26189 words of font info for 61 fonts, out of 8000000 for 9000
 1141 hyphenation exceptions out of 8191
 56i,14n,55p,416b,737s stack positions out of 5000i,500n,10000p,200000b,80000s
</usr/local/texlive/2016/texmf-dist/fonts/type1/public/amsfonts/cm/cmmi10.pfb
></usr/local/texlive/2016/texmf-dist/fonts/type1/public/amsfonts/cm/cmmi6.pfb><
/usr/local/texlive/2016/texmf-dist/fonts/type1/public/amsfonts/cm/cmmi8.pfb></u
sr/local/texlive/2016/texmf-dist/fonts/type1/public/amsfonts/cm/cmr10.pfb></usr
/local/texlive/2016/texmf-dist/fonts/type1/public/amsfonts/cm/cmr6.pfb></usr/lo
cal/texlive/2016/texmf-dist/fonts/type1/public/amsfonts/cm/cmr8.pfb></usr/local
/texlive/2016/texmf-dist/fonts/type1/public/amsfonts/cm/cmss10.pfb></usr/local/
texlive/2016/texmf-dist/fonts/type1/public/amsfonts/cm/cmss12.pfb></usr/local/t
exlive/2016/texmf-dist/fonts/type1/public/amsfonts/cm/cmss8.pfb></usr/local/tex
live/2016/texmf-dist/fonts/type1/public/amsfonts/cm/cmss9.pfb></usr/local/texli
ve/2016/texmf-dist/fonts/type1/public/amsfonts/cm/cmssbx10.pfb></usr/local/texl
ive/2016/texmf-dist/fonts/type1/public/amsfonts/cm/cmsy10.pfb></usr/local/texli
ve/2016/texmf-dist/fonts/type1/public/amsfonts/cm/cmsy6.pfb></usr/local/texlive
/2016/texmf-dist/fonts/type1/public/amsfonts/cm/cmsy8.pfb></usr/local/texlive/2
016/texmf-dist/fonts/type1/public/amsfonts/symbols/msam10.pfb>
Output written on clase_1.pdf (23 pages, 2051538 bytes).
PDF statistics:
 909 PDF objects out of 1000 (max. 8388607)
 791 compressed objects within 8 object streams
 54 named destinations out of 1000 (max. 500000)
 254 words of extra memory for PDF output out of 10000 (max. 10000000)

