This is pdfTeX, Version 3.14159265-2.6-1.40.15 (TeX Live 2014) (preloaded format=pdflatex 2015.6.5)  8 JUL 2015 02:03
entering extended mode
 \write18 enabled.
 file:line:error style messages enabled.
 %&-line parsing enabled.
**informe.tex
(./informe.tex
LaTeX2e <2014/05/01>
Babel <3.9k> and hyphenation patterns for 78 languages loaded.
(./utalcaDoc.cls
Document Class: utalcaDoc 2009/08/28 Utalca Article, based on the article class

(/usr/local/texlive/2014/texmf-dist/tex/latex/base/article.cls
Document Class: article 2007/10/19 v1.4h Standard LaTeX document class
(/usr/local/texlive/2014/texmf-dist/tex/latex/base/size11.clo
File: size11.clo 2007/10/19 v1.4h Standard LaTeX file (size option)
)
\c@part=\count79
\c@section=\count80
\c@subsection=\count81
\c@subsubsection=\count82
\c@paragraph=\count83
\c@subparagraph=\count84
\c@figure=\count85
\c@table=\count86
\abovecaptionskip=\skip41
\belowcaptionskip=\skip42
\bibindent=\dimen102
)
(/usr/local/texlive/2014/texmf-dist/tex/generic/epsf/epsf.sty
This is `epsf.tex' v2.7.4 <14 February 2011>
\epsffilein=\read1
\epsfframemargin=\dimen103
\epsfframethickness=\dimen104
\epsfrsize=\dimen105
\epsftmp=\dimen106
\epsftsize=\dimen107
\epsfxsize=\dimen108
\epsfysize=\dimen109
\pspoints=\dimen110
) (/usr/local/texlive/2014/texmf-dist/tex/latex/preprint/fullpage.sty
Package: fullpage 1999/02/23 1.1 (PWD)
\FP@margin=\skip43
))
(/usr/local/texlive/2014/texmf-dist/tex/latex/base/alltt.sty
Package: alltt 1997/06/16 v2.0g defines alltt environment
)
(/usr/local/texlive/2014/texmf-dist/tex/latex/underscore/underscore.sty
Package: underscore 2006/09/13
LaTeX Info: Redefining \_ on input line 42.
)
(/usr/local/texlive/2014/texmf-dist/tex/latex/base/inputenc.sty
Package: inputenc 2014/04/30 v1.2b Input encoding file
\inpenc@prehook=\toks14
\inpenc@posthook=\toks15

(/usr/local/texlive/2014/texmf-dist/tex/latex/base/latin1.def
File: latin1.def 2014/04/30 v1.2b Input encoding file
))
(/usr/local/texlive/2014/texmf-dist/tex/generic/babel/babel.sty
Package: babel 2014/03/24 3.9k The Babel package

(/usr/local/texlive/2014/texmf-dist/tex/generic/babel-spanish/spanish.ldf
Language: spanish.ldf 2014/04/24 v5.0n Spanish support from the babel system

(/usr/local/texlive/2014/texmf-dist/tex/generic/babel/babel.def
File: babel.def 2014/03/24 3.9k Babel common definitions
\babel@savecnt=\count87
\U@D=\dimen111
)
\es@quottoks=\toks16
\es@quotdepth=\count88
Package babel Info: Making " an active character on input line 516.
Package babel Info: Making . an active character on input line 617.
Package babel Info: Making < an active character on input line 662.
Package babel Info: Making > an active character on input line 662.
Package babel Info: Making ' an active character on input line 680.
))
(/usr/local/texlive/2014/texmf-dist/tex/latex/tools/verbatim.sty
Package: verbatim 2003/08/22 v1.5q LaTeX2e package for verbatim enhancements
\every@verbatim=\toks17
\verbatim@line=\toks18
\verbatim@in@stream=\read2
)
(/usr/local/texlive/2014/texmf-dist/tex/latex/graphics/graphicx.sty
Package: graphicx 2014/04/25 v1.0g Enhanced LaTeX Graphics (DPC,SPQR)

(/usr/local/texlive/2014/texmf-dist/tex/latex/graphics/keyval.sty
Package: keyval 2014/05/08 v1.15 key=value parser (DPC)
\KV@toks@=\toks19
)
(/usr/local/texlive/2014/texmf-dist/tex/latex/graphics/graphics.sty
Package: graphics 2009/02/05 v1.0o Standard LaTeX Graphics (DPC,SPQR)

(/usr/local/texlive/2014/texmf-dist/tex/latex/graphics/trig.sty
Package: trig 1999/03/16 v1.09 sin cos tan (DPC)
)
(/usr/local/texlive/2014/texmf-dist/tex/latex/latexconfig/graphics.cfg
File: graphics.cfg 2010/04/23 v1.9 graphics configuration of TeX Live
)
Package graphics Info: Driver file: pdftex.def on input line 91.

(/usr/local/texlive/2014/texmf-dist/tex/latex/pdftex-def/pdftex.def
File: pdftex.def 2011/05/27 v0.06d Graphics/color for pdfTeX

(/usr/local/texlive/2014/texmf-dist/tex/generic/oberdiek/infwarerr.sty
Package: infwarerr 2010/04/08 v1.3 Providing info/warning/error messages (HO)
)
(/usr/local/texlive/2014/texmf-dist/tex/generic/oberdiek/ltxcmds.sty
Package: ltxcmds 2011/11/09 v1.22 LaTeX kernel commands for general use (HO)
)
\Gread@gobject=\count89
))
\Gin@req@height=\dimen112
\Gin@req@width=\dimen113
)
(/usr/local/texlive/2014/texmf-dist/tex/latex/ae/ae.sty
Package: ae 2001/02/12 1.3 Almost European Computer Modern

(/usr/local/texlive/2014/texmf-dist/tex/latex/base/fontenc.sty
Package: fontenc 2005/09/27 v1.99g Standard LaTeX package

(/usr/local/texlive/2014/texmf-dist/tex/latex/base/t1enc.def
File: t1enc.def 2005/09/27 v1.99g Standard LaTeX file
LaTeX Font Info:    Redeclaring font encoding T1 on input line 43.
)
LaTeX Font Info:    Try loading font information for T1+aer on input line 100.

(/usr/local/texlive/2014/texmf-dist/tex/latex/ae/t1aer.fd
File: t1aer.fd 1997/11/16 Font definitions for T1/aer.
)))
(/usr/local/texlive/2014/texmf-dist/tex/latex/amsmath/amsmath.sty
Package: amsmath 2013/01/14 v2.14 AMS math features
\@mathmargin=\skip44

For additional information on amsmath, use the `?' option.
(/usr/local/texlive/2014/texmf-dist/tex/latex/amsmath/amstext.sty
Package: amstext 2000/06/29 v2.01

(/usr/local/texlive/2014/texmf-dist/tex/latex/amsmath/amsgen.sty
File: amsgen.sty 1999/11/30 v2.0
\@emptytoks=\toks20
\ex@=\dimen114
))
(/usr/local/texlive/2014/texmf-dist/tex/latex/amsmath/amsbsy.sty
Package: amsbsy 1999/11/29 v1.2d
\pmbraise@=\dimen115
)
(/usr/local/texlive/2014/texmf-dist/tex/latex/amsmath/amsopn.sty
Package: amsopn 1999/12/14 v2.01 operator names
)
\inf@bad=\count90
LaTeX Info: Redefining \frac on input line 210.
\uproot@=\count91
\leftroot@=\count92
LaTeX Info: Redefining \overline on input line 306.
\classnum@=\count93
\DOTSCASE@=\count94
LaTeX Info: Redefining \ldots on input line 378.
LaTeX Info: Redefining \dots on input line 381.
LaTeX Info: Redefining \cdots on input line 466.
\Mathstrutbox@=\box26
\strutbox@=\box27
\big@size=\dimen116
LaTeX Font Info:    Redeclaring font encoding OML on input line 566.
LaTeX Font Info:    Redeclaring font encoding OMS on input line 567.
\macc@depth=\count95
\c@MaxMatrixCols=\count96
\dotsspace@=\muskip10
\c@parentequation=\count97
\dspbrk@lvl=\count98
\tag@help=\toks21
\row@=\count99
\column@=\count100
\maxfields@=\count101
\andhelp@=\toks22
\eqnshift@=\dimen117
\alignsep@=\dimen118
\tagshift@=\dimen119
\tagwidth@=\dimen120
\totwidth@=\dimen121
\lineht@=\dimen122
\@envbody=\toks23
\multlinegap=\skip45
\multlinetaggap=\skip46
\mathdisplay@stack=\toks24
LaTeX Info: Redefining \[ on input line 2665.
LaTeX Info: Redefining \] on input line 2666.
)
(/usr/local/texlive/2014/texmf-dist/tex/latex/float/float.sty
Package: float 2001/11/08 v1.3d Float enhancements (AL)
\c@float@type=\count102
\float@exts=\toks25
\float@box=\box28
\@float@everytoks=\toks26
\@floatcapt=\box29
)
(/usr/local/texlive/2014/texmf-dist/tex/latex/amsfonts/amsfonts.sty
Package: amsfonts 2013/01/14 v3.01 Basic AMSFonts support
\symAMSa=\mathgroup4
\symAMSb=\mathgroup5
LaTeX Font Info:    Overwriting math alphabet `\mathfrak' in version `bold'
(Font)                  U/euf/m/n --> U/euf/b/n on input line 106.
)
(/usr/local/texlive/2014/texmf-dist/tex/latex/algorithms/algorithm.sty
Package: algorithm 2009/08/24 v0.1 Document Style `algorithm' - floating enviro
nment

(/usr/local/texlive/2014/texmf-dist/tex/latex/base/ifthen.sty
Package: ifthen 2001/05/26 v1.1c Standard LaTeX ifthen package (DPC)
)
\@float@every@algorithm=\toks27
\c@algorithm=\count103
)
(/usr/local/texlive/2014/texmf-dist/tex/latex/algorithms/algorithmic.sty
Package: algorithmic 2009/08/24 v0.1 Document Style `algorithmic'
\c@ALC@unique=\count104
\c@ALC@line=\count105
\c@ALC@rem=\count106
\c@ALC@depth=\count107
\ALC@tlm=\skip47
\algorithmicindent=\skip48
)
(/usr/local/texlive/2014/texmf-dist/tex/latex/placeins/placeins.sty
Package: placeins 2005/04/18  v 2.2
)
(/usr/local/texlive/2014/texmf-dist/tex/latex/caption/caption.sty
Package: caption 2013/05/02 v3.3-89 Customizing captions (AR)

(/usr/local/texlive/2014/texmf-dist/tex/latex/caption/caption3.sty
Package: caption3 2013/05/02 v1.6-88 caption3 kernel (AR)
Package caption3 Info: TeX engine: e-TeX on input line 57.
\captionmargin=\dimen123
\captionmargin@=\dimen124
\captionwidth=\dimen125
\caption@tempdima=\dimen126
\caption@indent=\dimen127
\caption@parindent=\dimen128
\caption@hangindent=\dimen129
)
\c@ContinuedFloat=\count108
Package caption Info: float package is loaded.
)
(/usr/local/texlive/2014/texmf-dist/tex/latex/caption/subcaption.sty
Package: subcaption 2013/02/03 v1.1-62 Sub-captions (AR)
\c@subfigure=\count109
\c@subtable=\count110
)
(./spanishAlgorithmic.tex) (./informe.aux
LaTeX Info: Redefining \. on input line 8.
LaTeX Info: Redefining \% on input line 8.
)
\openout1 = `informe.aux'.

LaTeX Font Info:    Checking defaults for OML/cmm/m/it on input line 25.
LaTeX Font Info:    ... okay on input line 25.
LaTeX Font Info:    Checking defaults for T1/cmr/m/n on input line 25.
LaTeX Font Info:    ... okay on input line 25.
LaTeX Font Info:    Checking defaults for OT1/cmr/m/n on input line 25.
LaTeX Font Info:    ... okay on input line 25.
LaTeX Font Info:    Checking defaults for OMS/cmsy/m/n on input line 25.
LaTeX Font Info:    ... okay on input line 25.
LaTeX Font Info:    Checking defaults for OMX/cmex/m/n on input line 25.
LaTeX Font Info:    ... okay on input line 25.
LaTeX Font Info:    Checking defaults for U/cmr/m/n on input line 25.
LaTeX Font Info:    ... okay on input line 25.
LaTeX Info: Redefining \. on input line 25.
LaTeX Info: Redefining \% on input line 25.

(/usr/local/texlive/2014/texmf-dist/tex/context/base/supp-pdf.mkii
[Loading MPS to PDF converter (version 2006.09.02).]
\scratchcounter=\count111
\scratchdimen=\dimen130
\scratchbox=\box30
\nofMPsegments=\count112
\nofMParguments=\count113
\everyMPshowfont=\toks28
\MPscratchCnt=\count114
\MPscratchDim=\dimen131
\MPnumerator=\count115
\makeMPintoPDFobject=\count116
\everyMPtoPDFconversion=\toks29
) (/usr/local/texlive/2014/texmf-dist/tex/generic/oberdiek/pdftexcmds.sty
Package: pdftexcmds 2011/11/29 v0.20 Utility functions of pdfTeX for LuaTeX (HO
)

(/usr/local/texlive/2014/texmf-dist/tex/generic/oberdiek/ifluatex.sty
Package: ifluatex 2010/03/01 v1.3 Provides the ifluatex switch (HO)
Package ifluatex Info: LuaTeX not detected.
)
(/usr/local/texlive/2014/texmf-dist/tex/generic/oberdiek/ifpdf.sty
Package: ifpdf 2011/01/30 v2.3 Provides the ifpdf switch (HO)
Package ifpdf Info: pdfTeX in PDF mode is detected.
)
Package pdftexcmds Info: LuaTeX not detected.
Package pdftexcmds Info: \pdf@primitive is available.
Package pdftexcmds Info: \pdf@ifprimitive is available.
Package pdftexcmds Info: \pdfdraftmode found.
)
(/usr/local/texlive/2014/texmf-dist/tex/latex/oberdiek/epstopdf-base.sty
Package: epstopdf-base 2010/02/09 v2.5 Base part for package epstopdf

(/usr/local/texlive/2014/texmf-dist/tex/latex/oberdiek/grfext.sty
Package: grfext 2010/08/19 v1.1 Manage graphics extensions (HO)

(/usr/local/texlive/2014/texmf-dist/tex/generic/oberdiek/kvdefinekeys.sty
Package: kvdefinekeys 2011/04/07 v1.3 Define keys (HO)
))
(/usr/local/texlive/2014/texmf-dist/tex/latex/oberdiek/kvoptions.sty
Package: kvoptions 2011/06/30 v3.11 Key value format for package options (HO)

(/usr/local/texlive/2014/texmf-dist/tex/generic/oberdiek/kvsetkeys.sty
Package: kvsetkeys 2012/04/25 v1.16 Key value parser (HO)

(/usr/local/texlive/2014/texmf-dist/tex/generic/oberdiek/etexcmds.sty
Package: etexcmds 2011/02/16 v1.5 Avoid name clashes with e-TeX commands (HO)
Package etexcmds Info: Could not find \expanded.
(etexcmds)             That can mean that you are not using pdfTeX 1.50 or
(etexcmds)             that some package has redefined \expanded.
(etexcmds)             In the latter case, load this package earlier.
)))
Package grfext Info: Graphics extension search list:
(grfext)             [.png,.pdf,.jpg,.mps,.jpeg,.jbig2,.jb2,.PNG,.PDF,.JPG,.JPE
G,.JBIG2,.JB2,.eps]
(grfext)             \AppendGraphicsExtensions on input line 452.

(/usr/local/texlive/2014/texmf-dist/tex/latex/latexconfig/epstopdf-sys.cfg
File: epstopdf-sys.cfg 2010/07/13 v1.3 Configuration of (r)epstopdf for TeX Liv
e
))
Package caption Info: Begin \AtBeginDocument code.
Package caption Info: End \AtBeginDocument code.
LaTeX Font Info:    Try loading font information for U+msa on input line 29.

(/usr/local/texlive/2014/texmf-dist/tex/latex/amsfonts/umsa.fd
File: umsa.fd 2013/01/14 v3.01 AMS symbols A
)
LaTeX Font Info:    Try loading font information for U+msb on input line 29.

(/usr/local/texlive/2014/texmf-dist/tex/latex/amsfonts/umsb.fd
File: umsb.fd 2013/01/14 v3.01 AMS symbols B
)
(utalca.eps
)

Overfull \hbox (163.46658pt too wide) has occurred while \output is active
\T1/aer/m/sc/14.4 Universidad  de  Talca 
 []


Overfull \hbox (173.22981pt too wide) has occurred while \output is active
\T1/aer/m/sc/14.4 Facultad  de  Ingeniería 
 []


Overfull \hbox (290.62515pt too wide) has occurred while \output is active
\T1/aer/m/sc/12 Departamento  de  Ciencias  de  la  Computación 
 []

[1
Non-PDF special ignored!{/usr/local/texlive/2014/texmf-var/fonts/map/pdftex/upd
map/pdftex.map}

]
Package epstopdf Info: Source file: <data/randomqs2.eps>
(epstopdf)                    date: 2015-07-07 02:14:04
(epstopdf)                    size: 24653 bytes
(epstopdf)             Output file: <data/randomqs2-eps-converted-to.pdf>
(epstopdf)                    date: 2015-07-07 11:52:19
(epstopdf)                    size: 7673 bytes
(epstopdf)             Command: <epstopdf --outfile=data/randomqs2-eps-converte
d-to.pdf data/randomqs2.eps>
(epstopdf)             \includegraphics on input line 52.
Package epstopdf Info: Output file is already uptodate.

<data/randomqs2-eps-converted-to.pdf, id=13, 361.35pt x 252.945pt>
File: data/randomqs2-eps-converted-to.pdf Graphic file (type pdf)

<use data/randomqs2-eps-converted-to.pdf>
Package pdftex.def Info: data/randomqs2-eps-converted-to.pdf used on input line
 52.
(pdftex.def)             Requested size: 234.8775pt x 164.41615pt.
Package epstopdf Info: Source file: <data/randomqs1.eps>
(epstopdf)                    date: 2015-07-07 02:14:04
(epstopdf)                    size: 25047 bytes
(epstopdf)             Output file: <data/randomqs1-eps-converted-to.pdf>
(epstopdf)                    date: 2015-07-07 11:52:20
(epstopdf)                    size: 7445 bytes
(epstopdf)             Command: <epstopdf --outfile=data/randomqs1-eps-converte
d-to.pdf data/randomqs1.eps>
(epstopdf)             \includegraphics on input line 58.
Package epstopdf Info: Output file is already uptodate.

<data/randomqs1-eps-converted-to.pdf, id=14, 361.35pt x 252.945pt>
File: data/randomqs1-eps-converted-to.pdf Graphic file (type pdf)

<use data/randomqs1-eps-converted-to.pdf>
Package pdftex.def Info: data/randomqs1-eps-converted-to.pdf used on input line
 58.
(pdftex.def)             Requested size: 234.8775pt x 164.41615pt.

Overfull \hbox (2.43085pt too wide) in paragraph at lines 50--61
 [][] [] 
 []

Package epstopdf Info: Source file: <data/sortedqs2.eps>
(epstopdf)                    date: 2015-07-07 00:21:39
(epstopdf)                    size: 21781 bytes
(epstopdf)             Output file: <data/sortedqs2-eps-converted-to.pdf>
(epstopdf)                    date: 2015-07-07 11:52:20
(epstopdf)                    size: 7147 bytes
(epstopdf)             Command: <epstopdf --outfile=data/sortedqs2-eps-converte
d-to.pdf data/sortedqs2.eps>
(epstopdf)             \includegraphics on input line 70.
Package epstopdf Info: Output file is already uptodate.
<data/sortedqs2-eps-converted-to.pdf, id=15, 361.35pt x 252.945pt>
File: data/sortedqs2-eps-converted-to.pdf Graphic file (type pdf)

<use data/sortedqs2-eps-converted-to.pdf>
Package pdftex.def Info: data/sortedqs2-eps-converted-to.pdf used on input line
 70.
(pdftex.def)             Requested size: 234.8775pt x 164.41615pt.
Package epstopdf Info: Source file: <data/desortedqs2.eps>
(epstopdf)                    date: 2015-07-07 00:21:33
(epstopdf)                    size: 21944 bytes
(epstopdf)             Output file: <data/desortedqs2-eps-converted-to.pdf>
(epstopdf)                    date: 2015-07-07 11:52:20
(epstopdf)                    size: 7103 bytes
(epstopdf)             Command: <epstopdf --outfile=data/desortedqs2-eps-conver
ted-to.pdf data/desortedqs2.eps>
(epstopdf)             \includegraphics on input line 82.
Package epstopdf Info: Output file is already uptodate.

<data/desortedqs2-eps-converted-to.pdf, id=16, 361.35pt x 252.945pt>
File: data/desortedqs2-eps-converted-to.pdf Graphic file (type pdf)

<use data/desortedqs2-eps-converted-to.pdf>
Package pdftex.def Info: data/desortedqs2-eps-converted-to.pdf used on input li
ne 82.
(pdftex.def)             Requested size: 234.8775pt x 164.41615pt.
 [2 <./data/randomqs2-eps-converted-to.pdf> <./data/randomqs1-eps-converted-to.
pdf> <./data/sortedqs2-eps-converted-to.pdf>]
Package epstopdf Info: Source file: <data/randombfprt2.eps>
(epstopdf)                    date: 2015-07-07 02:14:04
(epstopdf)                    size: 25075 bytes
(epstopdf)             Output file: <data/randombfprt2-eps-converted-to.pdf>
(epstopdf)                    date: 2015-07-07 11:52:21
(epstopdf)                    size: 7620 bytes
(epstopdf)             Command: <epstopdf --outfile=data/randombfprt2-eps-conve
rted-to.pdf data/randombfprt2.eps>
(epstopdf)             \includegraphics on input line 99.
Package epstopdf Info: Output file is already uptodate.

<data/randombfprt2-eps-converted-to.pdf, id=37, 361.35pt x 252.945pt>
File: data/randombfprt2-eps-converted-to.pdf Graphic file (type pdf)

<use data/randombfprt2-eps-converted-to.pdf>
Package pdftex.def Info: data/randombfprt2-eps-converted-to.pdf used on input l
ine 99.
(pdftex.def)             Requested size: 234.8775pt x 164.41615pt.
Package epstopdf Info: Source file: <data/randombfprt1.eps>
(epstopdf)                    date: 2015-07-07 02:14:04
(epstopdf)                    size: 25038 bytes
(epstopdf)             Output file: <data/randombfprt1-eps-converted-to.pdf>
(epstopdf)                    date: 2015-07-07 11:52:21
(epstopdf)                    size: 7353 bytes
(epstopdf)             Command: <epstopdf --outfile=data/randombfprt1-eps-conve
rted-to.pdf data/randombfprt1.eps>
(epstopdf)             \includegraphics on input line 105.
Package epstopdf Info: Output file is already uptodate.

<data/randombfprt1-eps-converted-to.pdf, id=38, 361.35pt x 252.945pt>
File: data/randombfprt1-eps-converted-to.pdf Graphic file (type pdf)

<use data/randombfprt1-eps-converted-to.pdf>
Package pdftex.def Info: data/randombfprt1-eps-converted-to.pdf used on input l
ine 105.
(pdftex.def)             Requested size: 234.8775pt x 164.41615pt.

Overfull \hbox (2.43085pt too wide) in paragraph at lines 97--108
 [][] [] 
 []

Package epstopdf Info: Source file: <data/sortedbfprt2.eps>
(epstopdf)                    date: 2015-07-07 00:21:39
(epstopdf)                    size: 22146 bytes
(epstopdf)             Output file: <data/sortedbfprt2-eps-converted-to.pdf>
(epstopdf)                    date: 2015-07-07 11:52:21
(epstopdf)                    size: 7259 bytes
(epstopdf)             Command: <epstopdf --outfile=data/sortedbfprt2-eps-conve
rted-to.pdf data/sortedbfprt2.eps>
(epstopdf)             \includegraphics on input line 116.
Package epstopdf Info: Output file is already uptodate.
<data/sortedbfprt2-eps-converted-to.pdf, id=39, 361.35pt x 252.945pt>
File: data/sortedbfprt2-eps-converted-to.pdf Graphic file (type pdf)

<use data/sortedbfprt2-eps-converted-to.pdf>
Package pdftex.def Info: data/sortedbfprt2-eps-converted-to.pdf used on input l
ine 116.
(pdftex.def)             Requested size: 234.8775pt x 164.41615pt.
Package epstopdf Info: Source file: <data/sortedbfprt1.eps>
(epstopdf)                    date: 2015-07-07 00:21:39
(epstopdf)                    size: 21835 bytes
(epstopdf)             Output file: <data/sortedbfprt1-eps-converted-to.pdf>
(epstopdf)                    date: 2015-07-07 11:52:22
(epstopdf)                    size: 6710 bytes
(epstopdf)             Command: <epstopdf --outfile=data/sortedbfprt1-eps-conve
rted-to.pdf data/sortedbfprt1.eps>
(epstopdf)             \includegraphics on input line 122.
Package epstopdf Info: Output file is already uptodate.

<data/sortedbfprt1-eps-converted-to.pdf, id=40, 361.35pt x 252.945pt>
File: data/sortedbfprt1-eps-converted-to.pdf Graphic file (type pdf)

<use data/sortedbfprt1-eps-converted-to.pdf>
Package pdftex.def Info: data/sortedbfprt1-eps-converted-to.pdf used on input l
ine 122.
(pdftex.def)             Requested size: 234.8775pt x 164.41615pt.

Overfull \hbox (2.43085pt too wide) in paragraph at lines 114--125
 [][] [] 
 []

Package epstopdf Info: Source file: <data/desortedbfprt2.eps>
(epstopdf)                    date: 2015-07-07 00:21:33
(epstopdf)                    size: 21991 bytes
(epstopdf)             Output file: <data/desortedbfprt2-eps-converted-to.pdf>
(epstopdf)                    date: 2015-07-07 11:52:22
(epstopdf)                    size: 7411 bytes
(epstopdf)             Command: <epstopdf --outfile=data/desortedbfprt2-eps-con
verted-to.pdf data/desortedbfprt2.eps>
(epstopdf)             \includegraphics on input line 133.
Package epstopdf Info: Output file is already uptodate.
<data/desortedbfprt2-eps-converted-to.pdf, id=41, 361.35pt x 252.945pt>
File: data/desortedbfprt2-eps-converted-to.pdf Graphic file (type pdf)

<use data/desortedbfprt2-eps-converted-to.pdf>
Package pdftex.def Info: data/desortedbfprt2-eps-converted-to.pdf used on input
 line 133.
(pdftex.def)             Requested size: 234.8775pt x 164.41615pt.
Package epstopdf Info: Source file: <data/desortedbfprt1.eps>
(epstopdf)                    date: 2015-07-07 00:21:33
(epstopdf)                    size: 21346 bytes
(epstopdf)             Output file: <data/desortedbfprt1-eps-converted-to.pdf>
(epstopdf)                    date: 2015-07-07 11:52:22
(epstopdf)                    size: 6650 bytes
(epstopdf)             Command: <epstopdf --outfile=data/desortedbfprt1-eps-con
verted-to.pdf data/desortedbfprt1.eps>
(epstopdf)             \includegraphics on input line 139.
Package epstopdf Info: Output file is already uptodate.

<data/desortedbfprt1-eps-converted-to.pdf, id=42, 361.35pt x 252.945pt>
File: data/desortedbfprt1-eps-converted-to.pdf Graphic file (type pdf)

<use data/desortedbfprt1-eps-converted-to.pdf>
Package pdftex.def Info: data/desortedbfprt1-eps-converted-to.pdf used on input
 line 139.
(pdftex.def)             Requested size: 234.8775pt x 164.41615pt.

Overfull \hbox (2.43085pt too wide) in paragraph at lines 131--142
 [][] [] 
 []

[3 <./data/desortedqs2-eps-converted-to.pdf> <./data/randombfprt2-eps-converted
-to.pdf> <./data/randombfprt1-eps-converted-to.pdf>]
Package epstopdf Info: Source file: <data/randomibfprt2.eps>
(epstopdf)                    date: 2015-07-07 02:14:04
(epstopdf)                    size: 25899 bytes
(epstopdf)             Output file: <data/randomibfprt2-eps-converted-to.pdf>
(epstopdf)                    date: 2015-07-07 11:52:23
(epstopdf)                    size: 8252 bytes
(epstopdf)             Command: <epstopdf --outfile=data/randomibfprt2-eps-conv
erted-to.pdf data/randomibfprt2.eps>
(epstopdf)             \includegraphics on input line 158.
Package epstopdf Info: Output file is already uptodate.

<data/randomibfprt2-eps-converted-to.pdf, id=66, 361.35pt x 252.945pt>
File: data/randomibfprt2-eps-converted-to.pdf Graphic file (type pdf)

<use data/randomibfprt2-eps-converted-to.pdf>
Package pdftex.def Info: data/randomibfprt2-eps-converted-to.pdf used on input 
line 158.
(pdftex.def)             Requested size: 234.8775pt x 164.41615pt.
Package epstopdf Info: Source file: <data/randomibfprt1.eps>
(epstopdf)                    date: 2015-07-07 02:14:04
(epstopdf)                    size: 25675 bytes
(epstopdf)             Output file: <data/randomibfprt1-eps-converted-to.pdf>
(epstopdf)                    date: 2015-07-07 11:52:23
(epstopdf)                    size: 7795 bytes
(epstopdf)             Command: <epstopdf --outfile=data/randomibfprt1-eps-conv
erted-to.pdf data/randomibfprt1.eps>
(epstopdf)             \includegraphics on input line 164.
Package epstopdf Info: Output file is already uptodate.

<data/randomibfprt1-eps-converted-to.pdf, id=67, 361.35pt x 252.945pt>
File: data/randomibfprt1-eps-converted-to.pdf Graphic file (type pdf)

<use data/randomibfprt1-eps-converted-to.pdf>
Package pdftex.def Info: data/randomibfprt1-eps-converted-to.pdf used on input 
line 164.
(pdftex.def)             Requested size: 234.8775pt x 164.41615pt.

Overfull \hbox (2.43085pt too wide) in paragraph at lines 156--167
 [][] [] 
 []

Package epstopdf Info: Source file: <data/sortedibfprt2.eps>
(epstopdf)                    date: 2015-07-07 00:21:39
(epstopdf)                    size: 22958 bytes
(epstopdf)             Output file: <data/sortedibfprt2-eps-converted-to.pdf>
(epstopdf)                    date: 2015-07-07 11:52:23
(epstopdf)                    size: 7863 bytes
(epstopdf)             Command: <epstopdf --outfile=data/sortedibfprt2-eps-conv
erted-to.pdf data/sortedibfprt2.eps>
(epstopdf)             \includegraphics on input line 175.
Package epstopdf Info: Output file is already uptodate.
<data/sortedibfprt2-eps-converted-to.pdf, id=68, 361.35pt x 252.945pt>
File: data/sortedibfprt2-eps-converted-to.pdf Graphic file (type pdf)

<use data/sortedibfprt2-eps-converted-to.pdf>
Package pdftex.def Info: data/sortedibfprt2-eps-converted-to.pdf used on input 
line 175.
(pdftex.def)             Requested size: 234.8775pt x 164.41615pt.
Package epstopdf Info: Source file: <data/sortedibfprt1.eps>
(epstopdf)                    date: 2015-07-07 00:21:39
(epstopdf)                    size: 22271 bytes
(epstopdf)             Output file: <data/sortedibfprt1-eps-converted-to.pdf>
(epstopdf)                    date: 2015-07-07 11:52:23
(epstopdf)                    size: 6962 bytes
(epstopdf)             Command: <epstopdf --outfile=data/sortedibfprt1-eps-conv
erted-to.pdf data/sortedibfprt1.eps>
(epstopdf)             \includegraphics on input line 181.
Package epstopdf Info: Output file is already uptodate.

<data/sortedibfprt1-eps-converted-to.pdf, id=69, 361.35pt x 252.945pt>
File: data/sortedibfprt1-eps-converted-to.pdf Graphic file (type pdf)

<use data/sortedibfprt1-eps-converted-to.pdf>
Package pdftex.def Info: data/sortedibfprt1-eps-converted-to.pdf used on input 
line 181.
(pdftex.def)             Requested size: 234.8775pt x 164.41615pt.

Overfull \hbox (2.43085pt too wide) in paragraph at lines 173--184
 [][] [] 
 []

Package epstopdf Info: Source file: <data/desortedibfprt2.eps>
(epstopdf)                    date: 2015-07-07 00:21:33
(epstopdf)                    size: 22819 bytes
(epstopdf)             Output file: <data/desortedibfprt2-eps-converted-to.pdf>

(epstopdf)                    date: 2015-07-07 11:52:24
(epstopdf)                    size: 8059 bytes
(epstopdf)             Command: <epstopdf --outfile=data/desortedibfprt2-eps-co
nverted-to.pdf data/desortedibfprt2.eps>
(epstopdf)             \includegraphics on input line 192.
Package epstopdf Info: Output file is already uptodate.
<data/desortedibfprt2-eps-converted-to.pdf, id=70, 361.35pt x 252.945pt>
File: data/desortedibfprt2-eps-converted-to.pdf Graphic file (type pdf)

<use data/desortedibfprt2-eps-converted-to.pdf>
Package pdftex.def Info: data/desortedibfprt2-eps-converted-to.pdf used on inpu
t line 192.
(pdftex.def)             Requested size: 234.8775pt x 164.41615pt.
Package epstopdf Info: Source file: <data/desortedibfprt1.eps>
(epstopdf)                    date: 2015-07-07 00:21:33
(epstopdf)                    size: 21942 bytes
(epstopdf)             Output file: <data/desortedibfprt1-eps-converted-to.pdf>

(epstopdf)                    date: 2015-07-07 11:52:24
(epstopdf)                    size: 7032 bytes
(epstopdf)             Command: <epstopdf --outfile=data/desortedibfprt1-eps-co
nverted-to.pdf data/desortedibfprt1.eps>
(epstopdf)             \includegraphics on input line 198.
Package epstopdf Info: Output file is already uptodate.

<data/desortedibfprt1-eps-converted-to.pdf, id=71, 361.35pt x 252.945pt>
File: data/desortedibfprt1-eps-converted-to.pdf Graphic file (type pdf)

<use data/desortedibfprt1-eps-converted-to.pdf>
Package pdftex.def Info: data/desortedibfprt1-eps-converted-to.pdf used on inpu
t line 198.
(pdftex.def)             Requested size: 234.8775pt x 164.41615pt.

Overfull \hbox (2.43085pt too wide) in paragraph at lines 190--201
 [][] [] 
 []

[4 <./data/sortedbfprt2-eps-converted-to.pdf> <./data/sortedbfprt1-eps-converte
d-to.pdf> <./data/desortedbfprt2-eps-converted-to.pdf> <./data/desortedbfprt1-e
ps-converted-to.pdf>] [5 <./data/randomibfprt2-eps-converted-to.pdf> <./data/ra
ndomibfprt1-eps-converted-to.pdf> <./data/sortedibfprt2-eps-converted-to.pdf> <
./data/sortedibfprt1-eps-converted-to.pdf> <./data/desortedibfprt2-eps-converte
d-to.pdf> <./data/desortedibfprt1-eps-converted-to.pdf>]
Package epstopdf Info: Source file: <data/randomiqm2.eps>
(epstopdf)                    date: 2015-07-07 02:14:04
(epstopdf)                    size: 24523 bytes
(epstopdf)             Output file: <data/randomiqm2-eps-converted-to.pdf>
(epstopdf)                    date: 2015-07-07 11:52:25
(epstopdf)                    size: 7685 bytes
(epstopdf)             Command: <epstopdf --outfile=data/randomiqm2-eps-convert
ed-to.pdf data/randomiqm2.eps>
(epstopdf)             \includegraphics on input line 254.
Package epstopdf Info: Output file is already uptodate.

<data/randomiqm2-eps-converted-to.pdf, id=130, 361.35pt x 252.945pt>
File: data/randomiqm2-eps-converted-to.pdf Graphic file (type pdf)

<use data/randomiqm2-eps-converted-to.pdf>
Package pdftex.def Info: data/randomiqm2-eps-converted-to.pdf used on input lin
e 254.
(pdftex.def)             Requested size: 234.8775pt x 164.41615pt.
Package epstopdf Info: Source file: <data/randomiqm1.eps>
(epstopdf)                    date: 2015-07-07 02:14:04
(epstopdf)                    size: 25062 bytes
(epstopdf)             Output file: <data/randomiqm1-eps-converted-to.pdf>
(epstopdf)                    date: 2015-07-07 11:52:25
(epstopdf)                    size: 7522 bytes
(epstopdf)             Command: <epstopdf --outfile=data/randomiqm1-eps-convert
ed-to.pdf data/randomiqm1.eps>
(epstopdf)             \includegraphics on input line 260.
Package epstopdf Info: Output file is already uptodate.

<data/randomiqm1-eps-converted-to.pdf, id=131, 361.35pt x 252.945pt>
File: data/randomiqm1-eps-converted-to.pdf Graphic file (type pdf)

<use data/randomiqm1-eps-converted-to.pdf>
Package pdftex.def Info: data/randomiqm1-eps-converted-to.pdf used on input lin
e 260.
(pdftex.def)             Requested size: 234.8775pt x 164.41615pt.

Overfull \hbox (2.43085pt too wide) in paragraph at lines 252--263
 [][] [] 
 []

Package epstopdf Info: Source file: <data/sortediqm2.eps>
(epstopdf)                    date: 2015-07-07 00:21:39
(epstopdf)                    size: 21584 bytes
(epstopdf)             Output file: <data/sortediqm2-eps-converted-to.pdf>
(epstopdf)                    date: 2015-07-07 11:52:25
(epstopdf)                    size: 7386 bytes
(epstopdf)             Command: <epstopdf --outfile=data/sortediqm2-eps-convert
ed-to.pdf data/sortediqm2.eps>
(epstopdf)             \includegraphics on input line 271.
Package epstopdf Info: Output file is already uptodate.
<data/sortediqm2-eps-converted-to.pdf, id=132, 361.35pt x 252.945pt>
File: data/sortediqm2-eps-converted-to.pdf Graphic file (type pdf)

<use data/sortediqm2-eps-converted-to.pdf>
Package pdftex.def Info: data/sortediqm2-eps-converted-to.pdf used on input lin
e 271.
(pdftex.def)             Requested size: 234.8775pt x 164.41615pt.
Package epstopdf Info: Source file: <data/sortediqm1.eps>
(epstopdf)                    date: 2015-07-07 00:21:39
(epstopdf)                    size: 21226 bytes
(epstopdf)             Output file: <data/sortediqm1-eps-converted-to.pdf>
(epstopdf)                    date: 2015-07-07 11:52:26
(epstopdf)                    size: 6857 bytes
(epstopdf)             Command: <epstopdf --outfile=data/sortediqm1-eps-convert
ed-to.pdf data/sortediqm1.eps>
(epstopdf)             \includegraphics on input line 277.
Package epstopdf Info: Output file is already uptodate.

<data/sortediqm1-eps-converted-to.pdf, id=133, 361.35pt x 252.945pt>
File: data/sortediqm1-eps-converted-to.pdf Graphic file (type pdf)

<use data/sortediqm1-eps-converted-to.pdf>
Package pdftex.def Info: data/sortediqm1-eps-converted-to.pdf used on input lin
e 277.
(pdftex.def)             Requested size: 234.8775pt x 164.41615pt.

Overfull \hbox (2.43085pt too wide) in paragraph at lines 269--280
 [][] [] 
 []

Package epstopdf Info: Source file: <data/desortediqm2.eps>
(epstopdf)                    date: 2015-07-07 00:21:33
(epstopdf)                    size: 22320 bytes
(epstopdf)             Output file: <data/desortediqm2-eps-converted-to.pdf>
(epstopdf)                    date: 2015-07-07 11:52:26
(epstopdf)                    size: 7555 bytes
(epstopdf)             Command: <epstopdf --outfile=data/desortediqm2-eps-conve
rted-to.pdf data/desortediqm2.eps>
(epstopdf)             \includegraphics on input line 288.
Package epstopdf Info: Output file is already uptodate.
<data/desortediqm2-eps-converted-to.pdf, id=134, 361.35pt x 252.945pt>
File: data/desortediqm2-eps-converted-to.pdf Graphic file (type pdf)

<use data/desortediqm2-eps-converted-to.pdf>
Package pdftex.def Info: data/desortediqm2-eps-converted-to.pdf used on input l
ine 288.
(pdftex.def)             Requested size: 234.8775pt x 164.41615pt.
Package epstopdf Info: Source file: <data/desortediqm1.eps>
(epstopdf)                    date: 2015-07-07 00:21:33
(epstopdf)                    size: 22161 bytes
(epstopdf)             Output file: <data/desortediqm1-eps-converted-to.pdf>
(epstopdf)                    date: 2015-07-07 11:52:26
(epstopdf)                    size: 7106 bytes
(epstopdf)             Command: <epstopdf --outfile=data/desortediqm1-eps-conve
rted-to.pdf data/desortediqm1.eps>
(epstopdf)             \includegraphics on input line 294.
Package epstopdf Info: Output file is already uptodate.

<data/desortediqm1-eps-converted-to.pdf, id=135, 361.35pt x 252.945pt>
File: data/desortediqm1-eps-converted-to.pdf Graphic file (type pdf)

<use data/desortediqm1-eps-converted-to.pdf>
Package pdftex.def Info: data/desortediqm1-eps-converted-to.pdf used on input l
ine 294.
(pdftex.def)             Requested size: 234.8775pt x 164.41615pt.

Overfull \hbox (2.43085pt too wide) in paragraph at lines 286--297
 [][] [] 
 []

[6

] [7 <./data/randomiqm2-eps-converted-to.pdf> <./data/randomiqm1-eps-converted-
to.pdf> <./data/sortediqm2-eps-converted-to.pdf> <./data/sortediqm1-eps-convert
ed-to.pdf> <./data/desortediqm2-eps-converted-to.pdf> <./data/desortediqm1-eps-
converted-to.pdf>]
Package epstopdf Info: Source file: <data/randomsummary2.eps>
(epstopdf)                    date: 2015-07-07 02:14:04
(epstopdf)                    size: 27228 bytes
(epstopdf)             Output file: <data/randomsummary2-eps-converted-to.pdf>
(epstopdf)                    date: 2015-07-07 11:52:27
(epstopdf)                    size: 10396 bytes
(epstopdf)             Command: <epstopdf --outfile=data/randomsummary2-eps-con
verted-to.pdf data/randomsummary2.eps>
(epstopdf)             \includegraphics on input line 313.
Package epstopdf Info: Output file is already uptodate.

<data/randomsummary2-eps-converted-to.pdf, id=182, 361.35pt x 252.945pt>
File: data/randomsummary2-eps-converted-to.pdf Graphic file (type pdf)

<use data/randomsummary2-eps-converted-to.pdf>
Package pdftex.def Info: data/randomsummary2-eps-converted-to.pdf used on input
 line 313.
(pdftex.def)             Requested size: 234.8775pt x 164.41615pt.
Package epstopdf Info: Source file: <data/randomsummary1.eps>
(epstopdf)                    date: 2015-07-07 02:14:04
(epstopdf)                    size: 27053 bytes
(epstopdf)             Output file: <data/randomsummary1-eps-converted-to.pdf>
(epstopdf)                    date: 2015-07-07 11:52:27
(epstopdf)                    size: 9511 bytes
(epstopdf)             Command: <epstopdf --outfile=data/randomsummary1-eps-con
verted-to.pdf data/randomsummary1.eps>
(epstopdf)             \includegraphics on input line 319.
Package epstopdf Info: Output file is already uptodate.

<data/randomsummary1-eps-converted-to.pdf, id=183, 361.35pt x 252.945pt>
File: data/randomsummary1-eps-converted-to.pdf Graphic file (type pdf)

<use data/randomsummary1-eps-converted-to.pdf>
Package pdftex.def Info: data/randomsummary1-eps-converted-to.pdf used on input
 line 319.
(pdftex.def)             Requested size: 234.8775pt x 164.41615pt.

Overfull \hbox (2.43085pt too wide) in paragraph at lines 311--322
 [][] [] 
 []

Package epstopdf Info: Source file: <data/sortedsummary2.eps>
(epstopdf)                    date: 2015-07-07 00:21:39
(epstopdf)                    size: 24408 bytes
(epstopdf)             Output file: <data/sortedsummary2-eps-converted-to.pdf>
(epstopdf)                    date: 2015-07-07 11:52:27
(epstopdf)                    size: 9529 bytes
(epstopdf)             Command: <epstopdf --outfile=data/sortedsummary2-eps-con
verted-to.pdf data/sortedsummary2.eps>
(epstopdf)             \includegraphics on input line 330.
Package epstopdf Info: Output file is already uptodate.
<data/sortedsummary2-eps-converted-to.pdf, id=184, 361.35pt x 252.945pt>
File: data/sortedsummary2-eps-converted-to.pdf Graphic file (type pdf)

<use data/sortedsummary2-eps-converted-to.pdf>
Package pdftex.def Info: data/sortedsummary2-eps-converted-to.pdf used on input
 line 330.
(pdftex.def)             Requested size: 234.8775pt x 164.41615pt.
Package epstopdf Info: Source file: <data/desortedsummary2.eps>
(epstopdf)                    date: 2015-07-07 00:21:33
(epstopdf)                    size: 24988 bytes
(epstopdf)             Output file: <data/desortedsummary2-eps-converted-to.pdf
>
(epstopdf)                    date: 2015-07-07 11:52:28
(epstopdf)                    size: 9645 bytes
(epstopdf)             Command: <epstopdf --outfile=data/desortedsummary2-eps-c
onverted-to.pdf data/desortedsummary2.eps>
(epstopdf)             \includegraphics on input line 341.
Package epstopdf Info: Output file is already uptodate.

<data/desortedsummary2-eps-converted-to.pdf, id=185, 361.35pt x 252.945pt>
File: data/desortedsummary2-eps-converted-to.pdf Graphic file (type pdf)

<use data/desortedsummary2-eps-converted-to.pdf>
Package pdftex.def Info: data/desortedsummary2-eps-converted-to.pdf used on inp
ut line 341.
(pdftex.def)             Requested size: 234.8775pt x 164.41615pt.
Package epstopdf Info: Source file: <data/randomprecision1.eps>
(epstopdf)                    date: 2015-07-07 01:53:14
(epstopdf)                    size: 27016 bytes
(epstopdf)             Output file: <data/randomprecision1-eps-converted-to.pdf
>
(epstopdf)                    date: 2015-07-07 11:52:28
(epstopdf)                    size: 10263 bytes
(epstopdf)             Command: <epstopdf --outfile=data/randomprecision1-eps-c
onverted-to.pdf data/randomprecision1.eps>
(epstopdf)             \includegraphics on input line 352.
Package epstopdf Info: Output file is already uptodate.

<data/randomprecision1-eps-converted-to.pdf, id=186, 361.35pt x 252.945pt>
File: data/randomprecision1-eps-converted-to.pdf Graphic file (type pdf)

<use data/randomprecision1-eps-converted-to.pdf>
Package pdftex.def Info: data/randomprecision1-eps-converted-to.pdf used on inp
ut line 352.
(pdftex.def)             Requested size: 234.8775pt x 164.41615pt.
Package epstopdf Info: Source file: <data/randomprecision2.eps>
(epstopdf)                    date: 2015-07-07 01:53:14
(epstopdf)                    size: 26701 bytes
(epstopdf)             Output file: <data/randomprecision2-eps-converted-to.pdf
>
(epstopdf)                    date: 2015-07-07 11:52:28
(epstopdf)                    size: 9660 bytes
(epstopdf)             Command: <epstopdf --outfile=data/randomprecision2-eps-c
onverted-to.pdf data/randomprecision2.eps>
(epstopdf)             \includegraphics on input line 358.
Package epstopdf Info: Output file is already uptodate.

<data/randomprecision2-eps-converted-to.pdf, id=187, 361.35pt x 252.945pt>
File: data/randomprecision2-eps-converted-to.pdf Graphic file (type pdf)

<use data/randomprecision2-eps-converted-to.pdf>
Package pdftex.def Info: data/randomprecision2-eps-converted-to.pdf used on inp
ut line 358.
(pdftex.def)             Requested size: 234.8775pt x 164.41615pt.

Overfull \hbox (2.43085pt too wide) in paragraph at lines 350--361
 [][] [] 
 []

Package epstopdf Info: Source file: <data/desortedprecision1.eps>
(epstopdf)                    date: 2015-07-07 01:53:14
(epstopdf)                    size: 27205 bytes
(epstopdf)             Output file: <data/desortedprecision1-eps-converted-to.p
df>
(epstopdf)                    date: 2015-07-07 11:52:29
(epstopdf)                    size: 10146 bytes
(epstopdf)             Command: <epstopdf --outfile=data/desortedprecision1-eps
-converted-to.pdf data/desortedprecision1.eps>
(epstopdf)             \includegraphics on input line 369.
Package epstopdf Info: Output file is already uptodate.
<data/desortedprecision1-eps-converted-to.pdf, id=188, 361.35pt x 252.945pt>
File: data/desortedprecision1-eps-converted-to.pdf Graphic file (type pdf)

<use data/desortedprecision1-eps-converted-to.pdf>
Package pdftex.def Info: data/desortedprecision1-eps-converted-to.pdf used on i
nput line 369.
(pdftex.def)             Requested size: 234.8775pt x 164.41615pt.
Package epstopdf Info: Source file: <data/desortedprecision2.eps>
(epstopdf)                    date: 2015-07-07 01:53:14
(epstopdf)                    size: 26982 bytes
(epstopdf)             Output file: <data/desortedprecision2-eps-converted-to.p
df>
(epstopdf)                    date: 2015-07-07 11:52:29
(epstopdf)                    size: 9221 bytes
(epstopdf)             Command: <epstopdf --outfile=data/desortedprecision2-eps
-converted-to.pdf data/desortedprecision2.eps>
(epstopdf)             \includegraphics on input line 375.
Package epstopdf Info: Output file is already uptodate.

<data/desortedprecision2-eps-converted-to.pdf, id=189, 361.35pt x 252.945pt>
File: data/desortedprecision2-eps-converted-to.pdf Graphic file (type pdf)

<use data/desortedprecision2-eps-converted-to.pdf>
Package pdftex.def Info: data/desortedprecision2-eps-converted-to.pdf used on i
nput line 375.
(pdftex.def)             Requested size: 234.8775pt x 164.41615pt.

Overfull \hbox (2.43085pt too wide) in paragraph at lines 367--378
 [][] [] 
 []

[8

 <./data/randomsummary2-eps-converted-to.pdf> <./data/randomsummary1-eps-conver
ted-to.pdf>] [9 <./data/sortedsummary2-eps-converted-to.pdf> <./data/desortedsu
mmary2-eps-converted-to.pdf>] [10 <./data/randomprecision1-eps-converted-to.pdf
> <./data/randomprecision2-eps-converted-to.pdf> <./data/desortedprecision1-eps
-converted-to.pdf> <./data/desortedprecision2-eps-converted-to.pdf>] [11

]
(./informe.aux
LaTeX Info: Redefining \. on input line 8.
LaTeX Info: Redefining \% on input line 8.
) ) 
Here is how much of TeX's memory you used:
 5064 strings out of 493117
 76123 string characters out of 6135434
 142846 words of memory out of 5000000
 8330 multiletter control sequences out of 15000+600000
 46034 words of font info for 97 fonts, out of 8000000 for 9000
 1141 hyphenation exceptions out of 8191
 38i,9n,38p,759b,688s stack positions out of 5000i,500n,10000p,200000b,80000s
</usr/local/texlive/2014/texmf-dist/fonts/type1/public/amsfonts/cm/cmbx10.pf
b></usr/local/texlive/2014/texmf-dist/fonts/type1/public/amsfonts/cm/cmbx12.pfb
></usr/local/texlive/2014/texmf-dist/fonts/type1/public/amsfonts/cm/cmcsc10.pfb
></usr/local/texlive/2014/texmf-dist/fonts/type1/public/amsfonts/cm/cmmi10.pfb>
</usr/local/texlive/2014/texmf-dist/fonts/type1/public/amsfonts/cm/cmmi6.pfb></
usr/local/texlive/2014/texmf-dist/fonts/type1/public/amsfonts/cm/cmmi8.pfb></us
r/local/texlive/2014/texmf-dist/fonts/type1/public/amsfonts/cm/cmr10.pfb></usr/
local/texlive/2014/texmf-dist/fonts/type1/public/amsfonts/cm/cmr12.pfb></usr/lo
cal/texlive/2014/texmf-dist/fonts/type1/public/amsfonts/cm/cmr17.pfb></usr/loca
l/texlive/2014/texmf-dist/fonts/type1/public/amsfonts/cm/cmr6.pfb></usr/local/t
exlive/2014/texmf-dist/fonts/type1/public/amsfonts/cm/cmr8.pfb></usr/local/texl
ive/2014/texmf-dist/fonts/type1/public/amsfonts/cm/cmr9.pfb></usr/local/texlive
/2014/texmf-dist/fonts/type1/public/amsfonts/cm/cmsy10.pfb></usr/local/texlive/
2014/texmf-dist/fonts/type1/public/amsfonts/cm/cmsy6.pfb></usr/local/texlive/20
14/texmf-dist/fonts/type1/public/amsfonts/cm/cmsy8.pfb></usr/local/texlive/2014
/texmf-dist/fonts/type1/public/amsfonts/cm/cmti10.pfb>
Output written on informe.pdf (11 pages, 330946 bytes).
PDF statistics:
 300 PDF objects out of 1000 (max. 8388607)
 208 compressed objects within 3 object streams
 0 named destinations out of 1000 (max. 500000)
 151 words of extra memory for PDF output out of 10000 (max. 10000000)

