This is pdfTeX, Version 3.14159265-2.6-1.40.16 (TeX Live 2015) (preloaded format=pdflatex 2016.5.22)  23 MAY 2016 02:54
entering extended mode
 restricted \write18 enabled.
 file:line:error style messages enabled.
 %&-line parsing enabled.
**buclist.tex
(./buclist.tex
LaTeX2e <2015/01/01>
Babel <3.9l> and hyphenation patterns for 21 languages loaded.
./buclist.tex:2: Undefined control sequence.
l.2 \section
            {Usuario}
? 
./buclist.tex:2: Emergency stop.
l.2 \section
            {Usuario}
End of file on the terminal!

 
Here is how much of TeX's memory you used:
 5 strings out of 494501
 127 string characters out of 6167030
 47480 words of memory out of 5000000
 3386 multiletter control sequences out of 15000+600000
 3640 words of font info for 14 fonts, out of 8000000 for 9000
 319 hyphenation exceptions out of 8191
 5i,0n,1p,31b,8s stack positions out of 5000i,500n,10000p,200000b,80000s
./buclist.tex:2:  ==> Fatal error occurred, no output PDF file produced!
