This is pdfTeX, Version 3.14159265-2.6-1.40.16 (TeX Live 2015) (preloaded format=pdflatex 2015.5.24)  27 MAR 2016 19:56
entering extended mode
 restricted \write18 enabled.
 file:line:error style messages enabled.
 %&-line parsing enabled.
**Untitled.tex
(./Untitled.tex
LaTeX2e <2015/01/01>
Babel <3.9l> and hyphenation patterns for 79 languages loaded.
(/usr/local/texlive/2015/texmf-dist/tex/latex/koma-script/scrreprt.cls
Document Class: scrreprt 2015/05/06 v3.17a KOMA-Script document class (report)
(/usr/local/texlive/2015/texmf-dist/tex/latex/koma-script/scrkbase.sty
Package: scrkbase 2015/05/06 v3.17a KOMA-Script package (KOMA-Script-dependent 
basics and keyval usage)

(/usr/local/texlive/2015/texmf-dist/tex/latex/koma-script/scrbase.sty
Package: scrbase 2015/05/06 v3.17a KOMA-Script package (KOMA-Script-independent
 basics and keyval usage)

(/usr/local/texlive/2015/texmf-dist/tex/latex/graphics/keyval.sty
Package: keyval 2014/10/28 v1.15 key=value parser (DPC)
\KV@toks@=\toks14
)
(/usr/local/texlive/2015/texmf-dist/tex/latex/koma-script/scrlfile.sty
Package: scrlfile 2015/05/06 v3.17a KOMA-Script package (loading files)

Package scrlfile, 2015/05/06 v3.17a KOMA-Script package (loading files)
                  Copyright (C) Markus Kohm

))) (/usr/local/texlive/2015/texmf-dist/tex/latex/koma-script/tocbasic.sty
Package: tocbasic 2015/05/06 v3.17a KOMA-Script package (handling toc-files)
)
Package tocbasic Info: omitting babel extension for `toc'
(tocbasic)             because of feature `nobabel' available
(tocbasic)             for `toc' on input line 124.
Package tocbasic Info: omitting babel extension for `lof'
(tocbasic)             because of feature `nobabel' available
(tocbasic)             for `lof' on input line 125.
Package tocbasic Info: omitting babel extension for `lot'
(tocbasic)             because of feature `nobabel' available
(tocbasic)             for `lot' on input line 126.
Package tocbasic Info: defining new hook before heading of `' on input line 155
2.
Class scrreprt Info: File `scrsize11pt.clo' used instead of
(scrreprt)           file `scrsize11.clo' to setup font sizes on input line 214
9.

(/usr/local/texlive/2015/texmf-dist/tex/latex/koma-script/scrsize11pt.clo
File: scrsize11pt.clo 2015/05/06 v3.17a KOMA-Script font size class option (11p
t)
)
(/usr/local/texlive/2015/texmf-dist/tex/latex/koma-script/typearea.sty
Package: typearea 2015/05/06 v3.17a KOMA-Script package (type area)

Package typearea, 2015/05/06 v3.17a KOMA-Script package (type area)
                  Copyright (C) Frank Neukam, 1992-1994
                  Copyright (C) Markus Kohm, 1994-

\ta@bcor=\skip41
\ta@div=\count79
\ta@hblk=\skip42
\ta@vblk=\skip43
\ta@temp=\skip44
\footheight=\skip45
Package typearea Info: These are the values describing the layout:
(typearea)             DIV  = 10
(typearea)             BCOR = 0.0pt
(typearea)             \paperwidth      = 597.50793pt
(typearea)              \textwidth      = 418.25555pt
(typearea)              DIV departure   = -6%
(typearea)              \evensidemargin = 17.3562pt
(typearea)              \oddsidemargin  = 17.3562pt
(typearea)             \paperheight     = 845.04694pt
(typearea)              \textheight     = 595.80026pt
(typearea)              \topmargin      = -25.16531pt
(typearea)              \headheight     = 17.0pt
(typearea)              \headsep        = 20.40001pt
(typearea)              \topskip        = 11.0pt
(typearea)              \footskip       = 47.6pt
(typearea)              \baselineskip   = 13.6pt
(typearea)              on input line 1485.
)
\c@part=\count80
\c@chapter=\count81
\c@section=\count82
\c@subsection=\count83
\c@subsubsection=\count84
\c@paragraph=\count85
\c@subparagraph=\count86
LaTeX Info: Redefining \textsubscript on input line 4417.
\abovecaptionskip=\skip46
\belowcaptionskip=\skip47
\c@pti@nb@sid@b@x=\box26
\c@figure=\count87
\c@table=\count88
\bibindent=\dimen102
) (/usr/local/texlive/2015/texmf-dist/tex/latex/base/inputenc.sty
Package: inputenc 2015/03/17 v1.2c Input encoding file
\inpenc@prehook=\toks15
\inpenc@posthook=\toks16

(/usr/local/texlive/2015/texmf-dist/tex/latex/base/latin1.def
File: latin1.def 2015/03/17 v1.2c Input encoding file
))
(/usr/local/texlive/2015/texmf-dist/tex/generic/babel/babel.sty
Package: babel 2014/09/25 3.9l The Babel package

(/usr/local/texlive/2015/texmf-dist/tex/generic/babel-spanish/spanish.ldf
Language: spanish.ldf 2014/04/24 v5.0n Spanish support from the babel system

(/usr/local/texlive/2015/texmf-dist/tex/generic/babel/babel.def
File: babel.def 2014/09/25 3.9l Babel common definitions
\babel@savecnt=\count89
\U@D=\dimen103
)
\es@quottoks=\toks17
\es@quotdepth=\count90
Package babel Info: Making " an active character on input line 516.
Package babel Info: Making . an active character on input line 617.
Package babel Info: Making < an active character on input line 662.
Package babel Info: Making > an active character on input line 662.
))
(/usr/local/texlive/2015/texmf-dist/tex/latex/listings/listings.sty
\lst@mode=\count91
\lst@gtempboxa=\box27
\lst@token=\toks18
\lst@length=\count92
\lst@currlwidth=\dimen104
\lst@column=\count93
\lst@pos=\count94
\lst@lostspace=\dimen105
\lst@width=\dimen106
\lst@newlines=\count95
\lst@lineno=\count96
\lst@maxwidth=\dimen107

(/usr/local/texlive/2015/texmf-dist/tex/latex/listings/lstmisc.sty
File: lstmisc.sty 2014/09/06 1.5e (Carsten Heinz)
\c@lstnumber=\count97
\lst@skipnumbers=\count98
\lst@framebox=\box28
)
(/usr/local/texlive/2015/texmf-dist/tex/latex/listings/listings.cfg
File: listings.cfg 2014/09/06 1.5e listings configuration
))
Package: listings 2014/09/06 1.5e (Carsten Heinz)

(/usr/local/texlive/2015/texmf-dist/tex/latex/underscore/underscore.sty
Package: underscore 2006/09/13
LaTeX Info: Redefining \_ on input line 42.
)
(/usr/local/texlive/2015/texmf-dist/tex/latex/tools/tabularx.sty
Package: tabularx 2014/10/28 v2.10 `tabularx' package (DPC)

(/usr/local/texlive/2015/texmf-dist/tex/latex/tools/array.sty
Package: array 2014/10/28 v2.4c Tabular extension package (FMi)
\col@sep=\dimen108
\extrarowheight=\dimen109
\NC@list=\toks19
\extratabsurround=\skip48
\backup@length=\skip49
)
\TX@col@width=\dimen110
\TX@old@table=\dimen111
\TX@old@col=\dimen112
\TX@target=\dimen113
\TX@delta=\dimen114
\TX@cols=\count99
\TX@ftn=\toks20
)
(/usr/local/texlive/2015/texmf-dist/tex/latex/hyperref/hyperref.sty
Package: hyperref 2012/11/06 v6.83m Hypertext links for LaTeX

(/usr/local/texlive/2015/texmf-dist/tex/generic/oberdiek/hobsub-hyperref.sty
Package: hobsub-hyperref 2012/05/28 v1.13 Bundle oberdiek, subset hyperref (HO)


(/usr/local/texlive/2015/texmf-dist/tex/generic/oberdiek/hobsub-generic.sty
Package: hobsub-generic 2012/05/28 v1.13 Bundle oberdiek, subset generic (HO)
Package: hobsub 2012/05/28 v1.13 Construct package bundles (HO)
Package: infwarerr 2010/04/08 v1.3 Providing info/warning/error messages (HO)
Package: ltxcmds 2011/11/09 v1.22 LaTeX kernel commands for general use (HO)
Package: ifluatex 2010/03/01 v1.3 Provides the ifluatex switch (HO)
Package ifluatex Info: LuaTeX not detected.
Package: ifvtex 2010/03/01 v1.5 Detect VTeX and its facilities (HO)
Package ifvtex Info: VTeX not detected.
Package: intcalc 2007/09/27 v1.1 Expandable calculations with integers (HO)
Package: ifpdf 2011/01/30 v2.3 Provides the ifpdf switch (HO)
Package ifpdf Info: pdfTeX in PDF mode is detected.
Package: etexcmds 2011/02/16 v1.5 Avoid name clashes with e-TeX commands (HO)
Package etexcmds Info: Could not find \expanded.
(etexcmds)             That can mean that you are not using pdfTeX 1.50 or
(etexcmds)             that some package has redefined \expanded.
(etexcmds)             In the latter case, load this package earlier.
Package: kvsetkeys 2012/04/25 v1.16 Key value parser (HO)
Package: kvdefinekeys 2011/04/07 v1.3 Define keys (HO)
Package: pdftexcmds 2011/11/29 v0.20 Utility functions of pdfTeX for LuaTeX (HO
)
Package pdftexcmds Info: LuaTeX not detected.
Package pdftexcmds Info: \pdf@primitive is available.
Package pdftexcmds Info: \pdf@ifprimitive is available.
Package pdftexcmds Info: \pdfdraftmode found.
Package: pdfescape 2011/11/25 v1.13 Implements pdfTeX's escape features (HO)
Package: bigintcalc 2012/04/08 v1.3 Expandable calculations on big integers (HO
)
Package: bitset 2011/01/30 v1.1 Handle bit-vector datatype (HO)
Package: uniquecounter 2011/01/30 v1.2 Provide unlimited unique counter (HO)
)
Package hobsub Info: Skipping package `hobsub' (already loaded).
Package: letltxmacro 2010/09/02 v1.4 Let assignment for LaTeX macros (HO)
Package: hopatch 2012/05/28 v1.2 Wrapper for package hooks (HO)
Package: xcolor-patch 2011/01/30 xcolor patch
Package: atveryend 2011/06/30 v1.8 Hooks at the very end of document (HO)
Package atveryend Info: \enddocument detected (standard20110627).
Package: atbegshi 2011/10/05 v1.16 At begin shipout hook (HO)
Package: refcount 2011/10/16 v3.4 Data extraction from label references (HO)
Package: hycolor 2011/01/30 v1.7 Color options for hyperref/bookmark (HO)
)
(/usr/local/texlive/2015/texmf-dist/tex/generic/ifxetex/ifxetex.sty
Package: ifxetex 2010/09/12 v0.6 Provides ifxetex conditional
)
(/usr/local/texlive/2015/texmf-dist/tex/latex/oberdiek/auxhook.sty
Package: auxhook 2011/03/04 v1.3 Hooks for auxiliary files (HO)
)
(/usr/local/texlive/2015/texmf-dist/tex/latex/oberdiek/kvoptions.sty
Package: kvoptions 2011/06/30 v3.11 Key value format for package options (HO)
)
\@linkdim=\dimen115
\Hy@linkcounter=\count100
\Hy@pagecounter=\count101

(/usr/local/texlive/2015/texmf-dist/tex/latex/hyperref/pd1enc.def
File: pd1enc.def 2012/11/06 v6.83m Hyperref: PDFDocEncoding definition (HO)
)
\Hy@SavedSpaceFactor=\count102

(/usr/local/texlive/2015/texmf-dist/tex/latex/latexconfig/hyperref.cfg
File: hyperref.cfg 2002/06/06 v1.2 hyperref configuration of TeXLive
)
Package hyperref Info: Option `bookmarks' set `true' on input line 4319.
Package hyperref Info: Hyper figures OFF on input line 4443.
Package hyperref Info: Link nesting OFF on input line 4448.
Package hyperref Info: Hyper index ON on input line 4451.
Package hyperref Info: Plain pages OFF on input line 4458.
Package hyperref Info: Backreferencing OFF on input line 4463.
Package hyperref Info: Implicit mode ON; LaTeX internals redefined.
Package hyperref Info: Bookmarks ON on input line 4688.
\c@Hy@tempcnt=\count103

(/usr/local/texlive/2015/texmf-dist/tex/latex/url/url.sty
\Urlmuskip=\muskip10
Package: url 2013/09/16  ver 3.4  Verb mode for urls, etc.
)
LaTeX Info: Redefining \url on input line 5041.
\XeTeXLinkMargin=\dimen116
\Fld@menulength=\count104
\Field@Width=\dimen117
\Fld@charsize=\dimen118
Package hyperref Info: Hyper figures OFF on input line 6295.
Package hyperref Info: Link nesting OFF on input line 6300.
Package hyperref Info: Hyper index ON on input line 6303.
Package hyperref Info: backreferencing OFF on input line 6310.
Package hyperref Info: Link coloring OFF on input line 6315.
Package hyperref Info: Link coloring with OCG OFF on input line 6320.
Package hyperref Info: PDF/A mode OFF on input line 6325.
LaTeX Info: Redefining \ref on input line 6365.
LaTeX Info: Redefining \pageref on input line 6369.
\Hy@abspage=\count105
\c@Item=\count106
\c@Hfootnote=\count107
)

Package hyperref Message: Driver (autodetected): hpdftex.

(/usr/local/texlive/2015/texmf-dist/tex/latex/hyperref/hpdftex.def
File: hpdftex.def 2012/11/06 v6.83m Hyperref driver for pdfTeX
\Fld@listcount=\count108
\c@bookmark@seq@number=\count109

(/usr/local/texlive/2015/texmf-dist/tex/latex/oberdiek/rerunfilecheck.sty
Package: rerunfilecheck 2011/04/15 v1.7 Rerun checks for auxiliary files (HO)
Package uniquecounter Info: New unique counter `rerunfilecheck' on input line 2
82.
)
\Hy@SectionHShift=\skip50
)
(/usr/local/texlive/2015/texmf-dist/tex/latex/framed/framed.sty
Package: framed 2011/10/22 v 0.96: framed or shaded text with page breaks
\OuterFrameSep=\skip51
\fb@frw=\dimen119
\fb@frh=\dimen120
\FrameRule=\dimen121
\FrameSep=\dimen122
)
(/usr/local/texlive/2015/texmf-dist/tex/latex/graphics/graphicx.sty
Package: graphicx 2014/10/28 v1.0g Enhanced LaTeX Graphics (DPC,SPQR)

(/usr/local/texlive/2015/texmf-dist/tex/latex/graphics/graphics.sty
Package: graphics 2014/10/28 v1.0p Standard LaTeX Graphics (DPC,SPQR)

(/usr/local/texlive/2015/texmf-dist/tex/latex/graphics/trig.sty
Package: trig 1999/03/16 v1.09 sin cos tan (DPC)
)
(/usr/local/texlive/2015/texmf-dist/tex/latex/latexconfig/graphics.cfg
File: graphics.cfg 2010/04/23 v1.9 graphics configuration of TeX Live
)
Package graphics Info: Driver file: pdftex.def on input line 94.

(/usr/local/texlive/2015/texmf-dist/tex/latex/pdftex-def/pdftex.def
File: pdftex.def 2011/05/27 v0.06d Graphics/color for pdfTeX
\Gread@gobject=\count110
))
\Gin@req@height=\dimen123
\Gin@req@width=\dimen124
)
(/usr/local/texlive/2015/texmf-dist/tex/latex/adjustbox/adjustbox.sty
Package: adjustbox 2012/05/21 v1.0 Adjusting TeX boxes (trim, clip, ...)

(/usr/local/texlive/2015/texmf-dist/tex/latex/xkeyval/xkeyval.sty
Package: xkeyval 2014/12/03 v2.7a package option processing (HA)

(/usr/local/texlive/2015/texmf-dist/tex/generic/xkeyval/xkeyval.tex
(/usr/local/texlive/2015/texmf-dist/tex/generic/xkeyval/xkvutils.tex
\XKV@toks=\toks21
\XKV@tempa@toks=\toks22
)
\XKV@depth=\count111
File: xkeyval.tex 2014/12/03 v2.7a key=value parser (HA)
))
(/usr/local/texlive/2015/texmf-dist/tex/latex/adjustbox/adjcalc.sty
Package: adjcalc 2012/05/16 v1.1 Provides advanced setlength with multiple back
-ends (calc, etex, pgfmath)
)
(/usr/local/texlive/2015/texmf-dist/tex/latex/adjustbox/trimclip.sty
Package: trimclip 2012/05/16 v1.0 Trim and clip general TeX material

(/usr/local/texlive/2015/texmf-dist/tex/latex/collectbox/collectbox.sty
Package: collectbox 2012/05/17 v0.4b Collect macro arguments as boxes
\collectedbox=\box29
)
\tc@llx=\dimen125
\tc@lly=\dimen126
\tc@urx=\dimen127
\tc@ury=\dimen128
Package trimclip Info: Using driver 'tc-pdftex.def'.

(/usr/local/texlive/2015/texmf-dist/tex/latex/adjustbox/tc-pdftex.def
File: tc-pdftex.def 2012/05/13 v1.0 Clipping driver for pdftex
))
\adjbox@Width=\dimen129
\adjbox@Height=\dimen130
\adjbox@Depth=\dimen131
\adjbox@Totalheight=\dimen132

(/usr/local/texlive/2015/texmf-dist/tex/latex/ifoddpage/ifoddpage.sty
Package: ifoddpage 2011/09/13 v1.0 Conditionals for odd/even page detection
\c@checkoddpage=\count112
)
(/usr/local/texlive/2015/texmf-dist/tex/latex/varwidth/varwidth.sty
Package: varwidth 2009/03/30 ver 0.92;  Variable-width minipages
\@vwid@box=\box30
\sift@deathcycles=\count113
\@vwid@loff=\dimen133
\@vwid@roff=\dimen134
))
(/usr/local/texlive/2015/texmf-dist/tex/latex/etoolbox/etoolbox.sty
Package: etoolbox 2015/05/04 v2.2 e-TeX tools for LaTeX (JAW)
\etb@tempcnta=\count114
)
(/usr/local/texlive/2015/texmf-dist/tex/latex/base/ifthen.sty
Package: ifthen 2014/09/29 v1.1c Standard LaTeX ifthen package (DPC)
)
Package hyperref Info: Option `colorlinks' set `true' on input line 24.
\c@frcounter=\count115
\c@nfrcounter=\count116
\c@urcounter=\count117
 (./Untitled.aux
LaTeX Info: Redefining \. on input line 25.
LaTeX Info: Redefining \% on input line 25.
)
\openout1 = `Untitled.aux'.

LaTeX Font Info:    Checking defaults for OML/cmm/m/it on input line 166.
LaTeX Font Info:    ... okay on input line 166.
LaTeX Font Info:    Checking defaults for T1/cmr/m/n on input line 166.
LaTeX Font Info:    ... okay on input line 166.
LaTeX Font Info:    Checking defaults for OT1/cmr/m/n on input line 166.
LaTeX Font Info:    ... okay on input line 166.
LaTeX Font Info:    Checking defaults for OMS/cmsy/m/n on input line 166.
LaTeX Font Info:    ... okay on input line 166.
LaTeX Font Info:    Checking defaults for OMX/cmex/m/n on input line 166.
LaTeX Font Info:    ... okay on input line 166.
LaTeX Font Info:    Checking defaults for U/cmr/m/n on input line 166.
LaTeX Font Info:    ... okay on input line 166.
LaTeX Font Info:    Checking defaults for PD1/pdf/m/n on input line 166.
LaTeX Font Info:    ... okay on input line 166.
LaTeX Info: Redefining \. on input line 166.
LaTeX Info: Redefining \% on input line 166.
\c@lstlisting=\count118
\AtBeginShipoutBox=\box31
(/usr/local/texlive/2015/texmf-dist/tex/latex/graphics/color.sty
Package: color 2014/10/28 v1.1a Standard LaTeX Color (DPC)

(/usr/local/texlive/2015/texmf-dist/tex/latex/latexconfig/color.cfg
File: color.cfg 2007/01/18 v1.5 color configuration of teTeX/TeXLive
)
Package color Info: Driver file: pdftex.def on input line 142.
)
Package hyperref Info: Link coloring ON on input line 166.

(/usr/local/texlive/2015/texmf-dist/tex/latex/hyperref/nameref.sty
Package: nameref 2012/10/27 v2.43 Cross-referencing by name of section

(/usr/local/texlive/2015/texmf-dist/tex/generic/oberdiek/gettitlestring.sty
Package: gettitlestring 2010/12/03 v1.4 Cleanup title references (HO)
)
\c@section@level=\count119
)
LaTeX Info: Redefining \ref on input line 166.
LaTeX Info: Redefining \pageref on input line 166.
LaTeX Info: Redefining \nameref on input line 166.

(./Untitled.out) (./Untitled.out)
\@outlinefile=\write3
\openout3 = `Untitled.out'.


(/usr/local/texlive/2015/texmf-dist/tex/context/base/supp-pdf.mkii
[Loading MPS to PDF converter (version 2006.09.02).]
\scratchcounter=\count120
\scratchdimen=\dimen135
\scratchbox=\box32
\nofMPsegments=\count121
\nofMParguments=\count122
\everyMPshowfont=\toks23
\MPscratchCnt=\count123
\MPscratchDim=\dimen136
\MPnumerator=\count124
\makeMPintoPDFobject=\count125
\everyMPtoPDFconversion=\toks24
) (/usr/local/texlive/2015/texmf-dist/tex/latex/oberdiek/epstopdf-base.sty
Package: epstopdf-base 2010/02/09 v2.5 Base part for package epstopdf

(/usr/local/texlive/2015/texmf-dist/tex/latex/oberdiek/grfext.sty
Package: grfext 2010/08/19 v1.1 Manage graphics extensions (HO)
)
Package grfext Info: Graphics extension search list:
(grfext)             [.png,.pdf,.jpg,.mps,.jpeg,.jbig2,.jb2,.PNG,.PDF,.JPG,.JPE
G,.JBIG2,.JB2,.eps]
(grfext)             \AppendGraphicsExtensions on input line 452.

(/usr/local/texlive/2015/texmf-dist/tex/latex/latexconfig/epstopdf-sys.cfg
File: epstopdf-sys.cfg 2010/07/13 v1.3 Configuration of (r)epstopdf for TeX Liv
e
))
Overfull \hbox (36.98853pt too wide) in paragraph at lines 168--168
 []
 []

Package babel Info: Redefining spanish shorthand <<
(babel)             in language  on input line 168.
Package babel Info: Redefining spanish shorthand >>
(babel)             in language  on input line 168.
Package babel Info: Redefining spanish shorthand "=
(babel)             in language  on input line 168.
Package babel Info: Redefining spanish shorthand "~
(babel)             in language  on input line 168.
Package babel Info: Redefining spanish shorthand "!
(babel)             in language  on input line 168.
Package babel Info: Redefining spanish shorthand "?
(babel)             in language  on input line 168.
Package babel Info: Redefining spanish shorthand <<
(babel)             in language  on input line 168.
Package babel Info: Redefining spanish shorthand >>
(babel)             in language  on input line 168.
Package babel Info: Redefining spanish shorthand "=
(babel)             in language  on input line 168.
Package babel Info: Redefining spanish shorthand "~
(babel)             in language  on input line 168.
Package babel Info: Redefining spanish shorthand "!
(babel)             in language  on input line 168.
Package babel Info: Redefining spanish shorthand "?
(babel)             in language  on input line 168.
[1



]
Overfull \hbox (36.98853pt too wide) in paragraph at lines 168--168
 [][]
 []

Package babel Info: Redefining spanish shorthand <<
(babel)             in language  on input line 168.
Package babel Info: Redefining spanish shorthand >>
(babel)             in language  on input line 168.
Package babel Info: Redefining spanish shorthand "=
(babel)             in language  on input line 168.
Package babel Info: Redefining spanish shorthand "~
(babel)             in language  on input line 168.
Package babel Info: Redefining spanish shorthand "!
(babel)             in language  on input line 168.
Package babel Info: Redefining spanish shorthand "?
(babel)             in language  on input line 168.
Package babel Info: Redefining spanish shorthand <<
(babel)             in language  on input line 168.
Package babel Info: Redefining spanish shorthand >>
(babel)             in language  on input line 168.
Package babel Info: Redefining spanish shorthand "=
(babel)             in language  on input line 168.
Package babel Info: Redefining spanish shorthand "~
(babel)             in language  on input line 168.
Package babel Info: Redefining spanish shorthand "!
(babel)             in language  on input line 168.
Package babel Info: Redefining spanish shorthand "?
(babel)             in language  on input line 168.
[2{/usr/local/texlive/2015/texmf-var/fonts/map/pdftex/updmap/pdftex.map}]
LaTeX Font Info:    External font `cmex10' loaded for size
(Font)              <14.4> on input line 168.
LaTeX Font Info:    External font `cmex10' loaded for size
(Font)              <7> on input line 168.


LaTeX Warning: No \author given.

Package babel Info: Redefining spanish shorthand <<
(babel)             in language  on input line 168.
Package babel Info: Redefining spanish shorthand >>
(babel)             in language  on input line 168.
Package babel Info: Redefining spanish shorthand "=
(babel)             in language  on input line 168.
Package babel Info: Redefining spanish shorthand "~
(babel)             in language  on input line 168.
Package babel Info: Redefining spanish shorthand "!
(babel)             in language  on input line 168.
Package babel Info: Redefining spanish shorthand "?
(babel)             in language  on input line 168.
Package babel Info: Redefining spanish shorthand <<
(babel)             in language  on input line 168.
Package babel Info: Redefining spanish shorthand >>
(babel)             in language  on input line 168.
Package babel Info: Redefining spanish shorthand "=
(babel)             in language  on input line 168.
Package babel Info: Redefining spanish shorthand "~
(babel)             in language  on input line 168.
Package babel Info: Redefining spanish shorthand "!
(babel)             in language  on input line 168.
Package babel Info: Redefining spanish shorthand "?
(babel)             in language  on input line 168.
[3] (./Untitled.toc
LaTeX Info: Redefining \. on input line 1.
LaTeX Info: Redefining \% on input line 1.
LaTeX Font Info:    External font `cmex10' loaded for size
(Font)              <10.95> on input line 4.
LaTeX Font Info:    External font `cmex10' loaded for size
(Font)              <8> on input line 4.
LaTeX Font Info:    External font `cmex10' loaded for size
(Font)              <6> on input line 4.
Package babel Info: Redefining spanish shorthand <<
(babel)             in language  on input line 36.
Package babel Info: Redefining spanish shorthand >>
(babel)             in language  on input line 36.
Package babel Info: Redefining spanish shorthand "=
(babel)             in language  on input line 36.
Package babel Info: Redefining spanish shorthand "~
(babel)             in language  on input line 36.
Package babel Info: Redefining spanish shorthand "!
(babel)             in language  on input line 36.
Package babel Info: Redefining spanish shorthand "?
(babel)             in language  on input line 36.
Package babel Info: Redefining spanish shorthand <<
(babel)             in language  on input line 36.
Package babel Info: Redefining spanish shorthand >>
(babel)             in language  on input line 36.
Package babel Info: Redefining spanish shorthand "=
(babel)             in language  on input line 36.
Package babel Info: Redefining spanish shorthand "~
(babel)             in language  on input line 36.
Package babel Info: Redefining spanish shorthand "!
(babel)             in language  on input line 36.
Package babel Info: Redefining spanish shorthand "?
(babel)             in language  on input line 36.
 [4

])
\tf@toc=\write4
\openout4 = `Untitled.toc'.

Package babel Info: Redefining spanish shorthand <<
(babel)             in language  on input line 170.
Package babel Info: Redefining spanish shorthand >>
(babel)             in language  on input line 170.
Package babel Info: Redefining spanish shorthand "=
(babel)             in language  on input line 170.
Package babel Info: Redefining spanish shorthand "~
(babel)             in language  on input line 170.
Package babel Info: Redefining spanish shorthand "!
(babel)             in language  on input line 170.
Package babel Info: Redefining spanish shorthand "?
(babel)             in language  on input line 170.
Package babel Info: Redefining spanish shorthand <<
(babel)             in language  on input line 170.
Package babel Info: Redefining spanish shorthand >>
(babel)             in language  on input line 170.
Package babel Info: Redefining spanish shorthand "=
(babel)             in language  on input line 170.
Package babel Info: Redefining spanish shorthand "~
(babel)             in language  on input line 170.
Package babel Info: Redefining spanish shorthand "!
(babel)             in language  on input line 170.
Package babel Info: Redefining spanish shorthand "?
(babel)             in language  on input line 170.
 [5]
Cap\'{\i }tulo 1.
Package babel Info: Redefining spanish shorthand <<
(babel)             in language  on input line 170.
Package babel Info: Redefining spanish shorthand >>
(babel)             in language  on input line 170.
Package babel Info: Redefining spanish shorthand "=
(babel)             in language  on input line 170.
Package babel Info: Redefining spanish shorthand "~
(babel)             in language  on input line 170.
Package babel Info: Redefining spanish shorthand "!
(babel)             in language  on input line 170.
Package babel Info: Redefining spanish shorthand "?
(babel)             in language  on input line 170.

Class scrreprt Warning: \float@addtolists detected!
(scrreprt)              Implementation of \float@addtolist became
(scrreprt)              deprecated in KOMA-Script v3.01 2008/11/14 and
(scrreprt)              has been replaced by several more flexible
(scrreprt)              features of package `tocbasic`.
(scrreprt)              Since Version 3.12 support for deprecated
(scrreprt)              \float@addtolist interface has been
(scrreprt)              restricted to only some of the KOMA-Script
(scrreprt)              features and been removed from others.
(scrreprt)              Loading of package `scrhack' may help to
(scrreprt)              avoid this warning, if you are using a
(scrreprt)              a package that still implements the
(scrreprt)              deprecated \float@addtolist interface .

Package babel Info: Redefining spanish shorthand <<
(babel)             in language  on input line 171.
Package babel Info: Redefining spanish shorthand >>
(babel)             in language  on input line 171.
Package babel Info: Redefining spanish shorthand "=
(babel)             in language  on input line 171.
Package babel Info: Redefining spanish shorthand "~
(babel)             in language  on input line 171.
Package babel Info: Redefining spanish shorthand "!
(babel)             in language  on input line 171.
Package babel Info: Redefining spanish shorthand "?
(babel)             in language  on input line 171.
Package babel Info: Redefining spanish shorthand <<
(babel)             in language  on input line 171.
Package babel Info: Redefining spanish shorthand >>
(babel)             in language  on input line 171.
Package babel Info: Redefining spanish shorthand "=
(babel)             in language  on input line 171.
Package babel Info: Redefining spanish shorthand "~
(babel)             in language  on input line 171.
Package babel Info: Redefining spanish shorthand "!
(babel)             in language  on input line 171.
Package babel Info: Redefining spanish shorthand "?
(babel)             in language  on input line 171.
[6

]
Cap\'{\i }tulo 2.
Package babel Info: Redefining spanish shorthand <<
(babel)             in language  on input line 171.
Package babel Info: Redefining spanish shorthand >>
(babel)             in language  on input line 171.
Package babel Info: Redefining spanish shorthand "=
(babel)             in language  on input line 171.
Package babel Info: Redefining spanish shorthand "~
(babel)             in language  on input line 171.
Package babel Info: Redefining spanish shorthand "!
(babel)             in language  on input line 171.
Package babel Info: Redefining spanish shorthand "?
(babel)             in language  on input line 171.
Package babel Info: Redefining spanish shorthand <<
(babel)             in language  on input line 172.
Package babel Info: Redefining spanish shorthand >>
(babel)             in language  on input line 172.
Package babel Info: Redefining spanish shorthand "=
(babel)             in language  on input line 172.
Package babel Info: Redefining spanish shorthand "~
(babel)             in language  on input line 172.
Package babel Info: Redefining spanish shorthand "!
(babel)             in language  on input line 172.
Package babel Info: Redefining spanish shorthand "?
(babel)             in language  on input line 172.
Package babel Info: Redefining spanish shorthand <<
(babel)             in language  on input line 173.
Package babel Info: Redefining spanish shorthand >>
(babel)             in language  on input line 173.
Package babel Info: Redefining spanish shorthand "=
(babel)             in language  on input line 173.
Package babel Info: Redefining spanish shorthand "~
(babel)             in language  on input line 173.
Package babel Info: Redefining spanish shorthand "!
(babel)             in language  on input line 173.
Package babel Info: Redefining spanish shorthand "?
(babel)             in language  on input line 173.
Package babel Info: Redefining spanish shorthand <<
(babel)             in language  on input line 175.
Package babel Info: Redefining spanish shorthand >>
(babel)             in language  on input line 175.
Package babel Info: Redefining spanish shorthand "=
(babel)             in language  on input line 175.
Package babel Info: Redefining spanish shorthand "~
(babel)             in language  on input line 175.
Package babel Info: Redefining spanish shorthand "!
(babel)             in language  on input line 175.
Package babel Info: Redefining spanish shorthand "?
(babel)             in language  on input line 175.
Package babel Info: Redefining spanish shorthand <<
(babel)             in language  on input line 175.
Package babel Info: Redefining spanish shorthand >>
(babel)             in language  on input line 175.
Package babel Info: Redefining spanish shorthand "=
(babel)             in language  on input line 175.
Package babel Info: Redefining spanish shorthand "~
(babel)             in language  on input line 175.
Package babel Info: Redefining spanish shorthand "!
(babel)             in language  on input line 175.
Package babel Info: Redefining spanish shorthand "?
(babel)             in language  on input line 175.
[7

]
Cap\'{\i }tulo 3.
Package babel Info: Redefining spanish shorthand <<
(babel)             in language  on input line 175.
Package babel Info: Redefining spanish shorthand >>
(babel)             in language  on input line 175.
Package babel Info: Redefining spanish shorthand "=
(babel)             in language  on input line 175.
Package babel Info: Redefining spanish shorthand "~
(babel)             in language  on input line 175.
Package babel Info: Redefining spanish shorthand "!
(babel)             in language  on input line 175.
Package babel Info: Redefining spanish shorthand "?
(babel)             in language  on input line 175.
Package babel Info: Redefining spanish shorthand <<
(babel)             in language  on input line 176.
Package babel Info: Redefining spanish shorthand >>
(babel)             in language  on input line 176.
Package babel Info: Redefining spanish shorthand "=
(babel)             in language  on input line 176.
Package babel Info: Redefining spanish shorthand "~
(babel)             in language  on input line 176.
Package babel Info: Redefining spanish shorthand "!
(babel)             in language  on input line 176.
Package babel Info: Redefining spanish shorthand "?
(babel)             in language  on input line 176.
Package babel Info: Redefining spanish shorthand <<
(babel)             in language  on input line 177.
Package babel Info: Redefining spanish shorthand >>
(babel)             in language  on input line 177.
Package babel Info: Redefining spanish shorthand "=
(babel)             in language  on input line 177.
Package babel Info: Redefining spanish shorthand "~
(babel)             in language  on input line 177.
Package babel Info: Redefining spanish shorthand "!
(babel)             in language  on input line 177.
Package babel Info: Redefining spanish shorthand "?
(babel)             in language  on input line 177.
Package babel Info: Redefining spanish shorthand <<
(babel)             in language  on input line 178.
Package babel Info: Redefining spanish shorthand >>
(babel)             in language  on input line 178.
Package babel Info: Redefining spanish shorthand "=
(babel)             in language  on input line 178.
Package babel Info: Redefining spanish shorthand "~
(babel)             in language  on input line 178.
Package babel Info: Redefining spanish shorthand "!
(babel)             in language  on input line 178.
Package babel Info: Redefining spanish shorthand "?
(babel)             in language  on input line 178.
Package babel Info: Redefining spanish shorthand <<
(babel)             in language  on input line 179.
Package babel Info: Redefining spanish shorthand >>
(babel)             in language  on input line 179.
Package babel Info: Redefining spanish shorthand "=
(babel)             in language  on input line 179.
Package babel Info: Redefining spanish shorthand "~
(babel)             in language  on input line 179.
Package babel Info: Redefining spanish shorthand "!
(babel)             in language  on input line 179.
Package babel Info: Redefining spanish shorthand "?
(babel)             in language  on input line 179.
Package babel Info: Redefining spanish shorthand <<
(babel)             in language  on input line 180.
Package babel Info: Redefining spanish shorthand >>
(babel)             in language  on input line 180.
Package babel Info: Redefining spanish shorthand "=
(babel)             in language  on input line 180.
Package babel Info: Redefining spanish shorthand "~
(babel)             in language  on input line 180.
Package babel Info: Redefining spanish shorthand "!
(babel)             in language  on input line 180.
Package babel Info: Redefining spanish shorthand "?
(babel)             in language  on input line 180.
Package babel Info: Redefining spanish shorthand <<
(babel)             in language  on input line 181.
Package babel Info: Redefining spanish shorthand >>
(babel)             in language  on input line 181.
Package babel Info: Redefining spanish shorthand "=
(babel)             in language  on input line 181.
Package babel Info: Redefining spanish shorthand "~
(babel)             in language  on input line 181.
Package babel Info: Redefining spanish shorthand "!
(babel)             in language  on input line 181.
Package babel Info: Redefining spanish shorthand "?
(babel)             in language  on input line 181.
Package babel Info: Redefining spanish shorthand <<
(babel)             in language  on input line 182.
Package babel Info: Redefining spanish shorthand >>
(babel)             in language  on input line 182.
Package babel Info: Redefining spanish shorthand "=
(babel)             in language  on input line 182.
Package babel Info: Redefining spanish shorthand "~
(babel)             in language  on input line 182.
Package babel Info: Redefining spanish shorthand "!
(babel)             in language  on input line 182.
Package babel Info: Redefining spanish shorthand "?
(babel)             in language  on input line 182.
Package babel Info: Redefining spanish shorthand <<
(babel)             in language  on input line 183.
Package babel Info: Redefining spanish shorthand >>
(babel)             in language  on input line 183.
Package babel Info: Redefining spanish shorthand "=
(babel)             in language  on input line 183.
Package babel Info: Redefining spanish shorthand "~
(babel)             in language  on input line 183.
Package babel Info: Redefining spanish shorthand "!
(babel)             in language  on input line 183.
Package babel Info: Redefining spanish shorthand "?
(babel)             in language  on input line 183.
Package babel Info: Redefining spanish shorthand <<
(babel)             in language  on input line 185.
Package babel Info: Redefining spanish shorthand >>
(babel)             in language  on input line 185.
Package babel Info: Redefining spanish shorthand "=
(babel)             in language  on input line 185.
Package babel Info: Redefining spanish shorthand "~
(babel)             in language  on input line 185.
Package babel Info: Redefining spanish shorthand "!
(babel)             in language  on input line 185.
Package babel Info: Redefining spanish shorthand "?
(babel)             in language  on input line 185.
Package babel Info: Redefining spanish shorthand <<
(babel)             in language  on input line 185.
Package babel Info: Redefining spanish shorthand >>
(babel)             in language  on input line 185.
Package babel Info: Redefining spanish shorthand "=
(babel)             in language  on input line 185.
Package babel Info: Redefining spanish shorthand "~
(babel)             in language  on input line 185.
Package babel Info: Redefining spanish shorthand "!
(babel)             in language  on input line 185.
Package babel Info: Redefining spanish shorthand "?
(babel)             in language  on input line 185.
[8

]
Cap\'{\i }tulo 4.
Package babel Info: Redefining spanish shorthand <<
(babel)             in language  on input line 185.
Package babel Info: Redefining spanish shorthand >>
(babel)             in language  on input line 185.
Package babel Info: Redefining spanish shorthand "=
(babel)             in language  on input line 185.
Package babel Info: Redefining spanish shorthand "~
(babel)             in language  on input line 185.
Package babel Info: Redefining spanish shorthand "!
(babel)             in language  on input line 185.
Package babel Info: Redefining spanish shorthand "?
(babel)             in language  on input line 185.
Package babel Info: Redefining spanish shorthand <<
(babel)             in language  on input line 186.
Package babel Info: Redefining spanish shorthand >>
(babel)             in language  on input line 186.
Package babel Info: Redefining spanish shorthand "=
(babel)             in language  on input line 186.
Package babel Info: Redefining spanish shorthand "~
(babel)             in language  on input line 186.
Package babel Info: Redefining spanish shorthand "!
(babel)             in language  on input line 186.
Package babel Info: Redefining spanish shorthand "?
(babel)             in language  on input line 186.
Package babel Info: Redefining spanish shorthand <<
(babel)             in language  on input line 187.
Package babel Info: Redefining spanish shorthand >>
(babel)             in language  on input line 187.
Package babel Info: Redefining spanish shorthand "=
(babel)             in language  on input line 187.
Package babel Info: Redefining spanish shorthand "~
(babel)             in language  on input line 187.
Package babel Info: Redefining spanish shorthand "!
(babel)             in language  on input line 187.
Package babel Info: Redefining spanish shorthand "?
(babel)             in language  on input line 187.
Package babel Info: Redefining spanish shorthand <<
(babel)             in language  on input line 188.
Package babel Info: Redefining spanish shorthand >>
(babel)             in language  on input line 188.
Package babel Info: Redefining spanish shorthand "=
(babel)             in language  on input line 188.
Package babel Info: Redefining spanish shorthand "~
(babel)             in language  on input line 188.
Package babel Info: Redefining spanish shorthand "!
(babel)             in language  on input line 188.
Package babel Info: Redefining spanish shorthand "?
(babel)             in language  on input line 188.
Package babel Info: Redefining spanish shorthand <<
(babel)             in language  on input line 189.
Package babel Info: Redefining spanish shorthand >>
(babel)             in language  on input line 189.
Package babel Info: Redefining spanish shorthand "=
(babel)             in language  on input line 189.
Package babel Info: Redefining spanish shorthand "~
(babel)             in language  on input line 189.
Package babel Info: Redefining spanish shorthand "!
(babel)             in language  on input line 189.
Package babel Info: Redefining spanish shorthand "?
(babel)             in language  on input line 189.
Package babel Info: Redefining spanish shorthand <<
(babel)             in language  on input line 190.
Package babel Info: Redefining spanish shorthand >>
(babel)             in language  on input line 190.
Package babel Info: Redefining spanish shorthand "=
(babel)             in language  on input line 190.
Package babel Info: Redefining spanish shorthand "~
(babel)             in language  on input line 190.
Package babel Info: Redefining spanish shorthand "!
(babel)             in language  on input line 190.
Package babel Info: Redefining spanish shorthand "?
(babel)             in language  on input line 190.
Package babel Info: Redefining spanish shorthand <<
(babel)             in language  on input line 191.
Package babel Info: Redefining spanish shorthand >>
(babel)             in language  on input line 191.
Package babel Info: Redefining spanish shorthand "=
(babel)             in language  on input line 191.
Package babel Info: Redefining spanish shorthand "~
(babel)             in language  on input line 191.
Package babel Info: Redefining spanish shorthand "!
(babel)             in language  on input line 191.
Package babel Info: Redefining spanish shorthand "?
(babel)             in language  on input line 191.
Package babel Info: Redefining spanish shorthand <<
(babel)             in language  on input line 192.
Package babel Info: Redefining spanish shorthand >>
(babel)             in language  on input line 192.
Package babel Info: Redefining spanish shorthand "=
(babel)             in language  on input line 192.
Package babel Info: Redefining spanish shorthand "~
(babel)             in language  on input line 192.
Package babel Info: Redefining spanish shorthand "!
(babel)             in language  on input line 192.
Package babel Info: Redefining spanish shorthand "?
(babel)             in language  on input line 192.
Package babel Info: Redefining spanish shorthand <<
(babel)             in language  on input line 193.
Package babel Info: Redefining spanish shorthand >>
(babel)             in language  on input line 193.
Package babel Info: Redefining spanish shorthand "=
(babel)             in language  on input line 193.
Package babel Info: Redefining spanish shorthand "~
(babel)             in language  on input line 193.
Package babel Info: Redefining spanish shorthand "!
(babel)             in language  on input line 193.
Package babel Info: Redefining spanish shorthand "?
(babel)             in language  on input line 193.
Package babel Info: Redefining spanish shorthand <<
(babel)             in language  on input line 195.
Package babel Info: Redefining spanish shorthand >>
(babel)             in language  on input line 195.
Package babel Info: Redefining spanish shorthand "=
(babel)             in language  on input line 195.
Package babel Info: Redefining spanish shorthand "~
(babel)             in language  on input line 195.
Package babel Info: Redefining spanish shorthand "!
(babel)             in language  on input line 195.
Package babel Info: Redefining spanish shorthand "?
(babel)             in language  on input line 195.
Package babel Info: Redefining spanish shorthand <<
(babel)             in language  on input line 195.
Package babel Info: Redefining spanish shorthand >>
(babel)             in language  on input line 195.
Package babel Info: Redefining spanish shorthand "=
(babel)             in language  on input line 195.
Package babel Info: Redefining spanish shorthand "~
(babel)             in language  on input line 195.
Package babel Info: Redefining spanish shorthand "!
(babel)             in language  on input line 195.
Package babel Info: Redefining spanish shorthand "?
(babel)             in language  on input line 195.
[9

]
Cap\'{\i }tulo 5.
Package babel Info: Redefining spanish shorthand <<
(babel)             in language  on input line 195.
Package babel Info: Redefining spanish shorthand >>
(babel)             in language  on input line 195.
Package babel Info: Redefining spanish shorthand "=
(babel)             in language  on input line 195.
Package babel Info: Redefining spanish shorthand "~
(babel)             in language  on input line 195.
Package babel Info: Redefining spanish shorthand "!
(babel)             in language  on input line 195.
Package babel Info: Redefining spanish shorthand "?
(babel)             in language  on input line 195.
Package babel Info: Redefining spanish shorthand <<
(babel)             in language  on input line 197.
Package babel Info: Redefining spanish shorthand >>
(babel)             in language  on input line 197.
Package babel Info: Redefining spanish shorthand "=
(babel)             in language  on input line 197.
Package babel Info: Redefining spanish shorthand "~
(babel)             in language  on input line 197.
Package babel Info: Redefining spanish shorthand "!
(babel)             in language  on input line 197.
Package babel Info: Redefining spanish shorthand "?
(babel)             in language  on input line 197.
Package babel Info: Redefining spanish shorthand <<
(babel)             in language  on input line 197.
Package babel Info: Redefining spanish shorthand >>
(babel)             in language  on input line 197.
Package babel Info: Redefining spanish shorthand "=
(babel)             in language  on input line 197.
Package babel Info: Redefining spanish shorthand "~
(babel)             in language  on input line 197.
Package babel Info: Redefining spanish shorthand "!
(babel)             in language  on input line 197.
Package babel Info: Redefining spanish shorthand "?
(babel)             in language  on input line 197.
[10

]
Cap\'{\i }tulo 6.
Package babel Info: Redefining spanish shorthand <<
(babel)             in language  on input line 197.
Package babel Info: Redefining spanish shorthand >>
(babel)             in language  on input line 197.
Package babel Info: Redefining spanish shorthand "=
(babel)             in language  on input line 197.
Package babel Info: Redefining spanish shorthand "~
(babel)             in language  on input line 197.
Package babel Info: Redefining spanish shorthand "!
(babel)             in language  on input line 197.
Package babel Info: Redefining spanish shorthand "?
(babel)             in language  on input line 197.
Package babel Info: Redefining spanish shorthand <<
(babel)             in language  on input line 198.
Package babel Info: Redefining spanish shorthand >>
(babel)             in language  on input line 198.
Package babel Info: Redefining spanish shorthand "=
(babel)             in language  on input line 198.
Package babel Info: Redefining spanish shorthand "~
(babel)             in language  on input line 198.
Package babel Info: Redefining spanish shorthand "!
(babel)             in language  on input line 198.
Package babel Info: Redefining spanish shorthand "?
(babel)             in language  on input line 198.
Package babel Info: Redefining spanish shorthand <<
(babel)             in language  on input line 199.
Package babel Info: Redefining spanish shorthand >>
(babel)             in language  on input line 199.
Package babel Info: Redefining spanish shorthand "=
(babel)             in language  on input line 199.
Package babel Info: Redefining spanish shorthand "~
(babel)             in language  on input line 199.
Package babel Info: Redefining spanish shorthand "!
(babel)             in language  on input line 199.
Package babel Info: Redefining spanish shorthand "?
(babel)             in language  on input line 199.
Package babel Info: Redefining spanish shorthand <<
(babel)             in language  on input line 200.
Package babel Info: Redefining spanish shorthand >>
(babel)             in language  on input line 200.
Package babel Info: Redefining spanish shorthand "=
(babel)             in language  on input line 200.
Package babel Info: Redefining spanish shorthand "~
(babel)             in language  on input line 200.
Package babel Info: Redefining spanish shorthand "!
(babel)             in language  on input line 200.
Package babel Info: Redefining spanish shorthand "?
(babel)             in language  on input line 200.
Package babel Info: Redefining spanish shorthand <<
(babel)             in language  on input line 202.
Package babel Info: Redefining spanish shorthand >>
(babel)             in language  on input line 202.
Package babel Info: Redefining spanish shorthand "=
(babel)             in language  on input line 202.
Package babel Info: Redefining spanish shorthand "~
(babel)             in language  on input line 202.
Package babel Info: Redefining spanish shorthand "!
(babel)             in language  on input line 202.
Package babel Info: Redefining spanish shorthand "?
(babel)             in language  on input line 202.
Package babel Info: Redefining spanish shorthand <<
(babel)             in language  on input line 202.
Package babel Info: Redefining spanish shorthand >>
(babel)             in language  on input line 202.
Package babel Info: Redefining spanish shorthand "=
(babel)             in language  on input line 202.
Package babel Info: Redefining spanish shorthand "~
(babel)             in language  on input line 202.
Package babel Info: Redefining spanish shorthand "!
(babel)             in language  on input line 202.
Package babel Info: Redefining spanish shorthand "?
(babel)             in language  on input line 202.
[11

]
Cap\'{\i }tulo 7.
Package babel Info: Redefining spanish shorthand <<
(babel)             in language  on input line 202.
Package babel Info: Redefining spanish shorthand >>
(babel)             in language  on input line 202.
Package babel Info: Redefining spanish shorthand "=
(babel)             in language  on input line 202.
Package babel Info: Redefining spanish shorthand "~
(babel)             in language  on input line 202.
Package babel Info: Redefining spanish shorthand "!
(babel)             in language  on input line 202.
Package babel Info: Redefining spanish shorthand "?
(babel)             in language  on input line 202.
Package babel Info: Redefining spanish shorthand <<
(babel)             in language  on input line 203.
Package babel Info: Redefining spanish shorthand >>
(babel)             in language  on input line 203.
Package babel Info: Redefining spanish shorthand "=
(babel)             in language  on input line 203.
Package babel Info: Redefining spanish shorthand "~
(babel)             in language  on input line 203.
Package babel Info: Redefining spanish shorthand "!
(babel)             in language  on input line 203.
Package babel Info: Redefining spanish shorthand "?
(babel)             in language  on input line 203.
Package babel Info: Redefining spanish shorthand <<
(babel)             in language  on input line 204.
Package babel Info: Redefining spanish shorthand >>
(babel)             in language  on input line 204.
Package babel Info: Redefining spanish shorthand "=
(babel)             in language  on input line 204.
Package babel Info: Redefining spanish shorthand "~
(babel)             in language  on input line 204.
Package babel Info: Redefining spanish shorthand "!
(babel)             in language  on input line 204.
Package babel Info: Redefining spanish shorthand "?
(babel)             in language  on input line 204.
Package babel Info: Redefining spanish shorthand <<
(babel)             in language  on input line 205.
Package babel Info: Redefining spanish shorthand >>
(babel)             in language  on input line 205.
Package babel Info: Redefining spanish shorthand "=
(babel)             in language  on input line 205.
Package babel Info: Redefining spanish shorthand "~
(babel)             in language  on input line 205.
Package babel Info: Redefining spanish shorthand "!
(babel)             in language  on input line 205.
Package babel Info: Redefining spanish shorthand "?
(babel)             in language  on input line 205.
Package babel Info: Redefining spanish shorthand <<
(babel)             in language  on input line 206.
Package babel Info: Redefining spanish shorthand >>
(babel)             in language  on input line 206.
Package babel Info: Redefining spanish shorthand "=
(babel)             in language  on input line 206.
Package babel Info: Redefining spanish shorthand "~
(babel)             in language  on input line 206.
Package babel Info: Redefining spanish shorthand "!
(babel)             in language  on input line 206.
Package babel Info: Redefining spanish shorthand "?
(babel)             in language  on input line 206.
Package babel Info: Redefining spanish shorthand <<
(babel)             in language  on input line 208.
Package babel Info: Redefining spanish shorthand >>
(babel)             in language  on input line 208.
Package babel Info: Redefining spanish shorthand "=
(babel)             in language  on input line 208.
Package babel Info: Redefining spanish shorthand "~
(babel)             in language  on input line 208.
Package babel Info: Redefining spanish shorthand "!
(babel)             in language  on input line 208.
Package babel Info: Redefining spanish shorthand "?
(babel)             in language  on input line 208.
Package babel Info: Redefining spanish shorthand <<
(babel)             in language  on input line 208.
Package babel Info: Redefining spanish shorthand >>
(babel)             in language  on input line 208.
Package babel Info: Redefining spanish shorthand "=
(babel)             in language  on input line 208.
Package babel Info: Redefining spanish shorthand "~
(babel)             in language  on input line 208.
Package babel Info: Redefining spanish shorthand "!
(babel)             in language  on input line 208.
Package babel Info: Redefining spanish shorthand "?
(babel)             in language  on input line 208.
[12

]
Cap\'{\i }tulo 8.
Package babel Info: Redefining spanish shorthand <<
(babel)             in language  on input line 208.
Package babel Info: Redefining spanish shorthand >>
(babel)             in language  on input line 208.
Package babel Info: Redefining spanish shorthand "=
(babel)             in language  on input line 208.
Package babel Info: Redefining spanish shorthand "~
(babel)             in language  on input line 208.
Package babel Info: Redefining spanish shorthand "!
(babel)             in language  on input line 208.
Package babel Info: Redefining spanish shorthand "?
(babel)             in language  on input line 208.
Package babel Info: Redefining spanish shorthand <<
(babel)             in language  on input line 209.
Package babel Info: Redefining spanish shorthand >>
(babel)             in language  on input line 209.
Package babel Info: Redefining spanish shorthand "=
(babel)             in language  on input line 209.
Package babel Info: Redefining spanish shorthand "~
(babel)             in language  on input line 209.
Package babel Info: Redefining spanish shorthand "!
(babel)             in language  on input line 209.
Package babel Info: Redefining spanish shorthand "?
(babel)             in language  on input line 209.
Package babel Info: Redefining spanish shorthand <<
(babel)             in language  on input line 210.
Package babel Info: Redefining spanish shorthand >>
(babel)             in language  on input line 210.
Package babel Info: Redefining spanish shorthand "=
(babel)             in language  on input line 210.
Package babel Info: Redefining spanish shorthand "~
(babel)             in language  on input line 210.
Package babel Info: Redefining spanish shorthand "!
(babel)             in language  on input line 210.
Package babel Info: Redefining spanish shorthand "?
(babel)             in language  on input line 210.
Package babel Info: Redefining spanish shorthand <<
(babel)             in language  on input line 211.
Package babel Info: Redefining spanish shorthand >>
(babel)             in language  on input line 211.
Package babel Info: Redefining spanish shorthand "=
(babel)             in language  on input line 211.
Package babel Info: Redefining spanish shorthand "~
(babel)             in language  on input line 211.
Package babel Info: Redefining spanish shorthand "!
(babel)             in language  on input line 211.
Package babel Info: Redefining spanish shorthand "?
(babel)             in language  on input line 211.
Package babel Info: Redefining spanish shorthand <<
(babel)             in language  on input line 212.
Package babel Info: Redefining spanish shorthand >>
(babel)             in language  on input line 212.
Package babel Info: Redefining spanish shorthand "=
(babel)             in language  on input line 212.
Package babel Info: Redefining spanish shorthand "~
(babel)             in language  on input line 212.
Package babel Info: Redefining spanish shorthand "!
(babel)             in language  on input line 212.
Package babel Info: Redefining spanish shorthand "?
(babel)             in language  on input line 212.
Package babel Info: Redefining spanish shorthand <<
(babel)             in language  on input line 214.
Package babel Info: Redefining spanish shorthand >>
(babel)             in language  on input line 214.
Package babel Info: Redefining spanish shorthand "=
(babel)             in language  on input line 214.
Package babel Info: Redefining spanish shorthand "~
(babel)             in language  on input line 214.
Package babel Info: Redefining spanish shorthand "!
(babel)             in language  on input line 214.
Package babel Info: Redefining spanish shorthand "?
(babel)             in language  on input line 214.
Package babel Info: Redefining spanish shorthand <<
(babel)             in language  on input line 214.
Package babel Info: Redefining spanish shorthand >>
(babel)             in language  on input line 214.
Package babel Info: Redefining spanish shorthand "=
(babel)             in language  on input line 214.
Package babel Info: Redefining spanish shorthand "~
(babel)             in language  on input line 214.
Package babel Info: Redefining spanish shorthand "!
(babel)             in language  on input line 214.
Package babel Info: Redefining spanish shorthand "?
(babel)             in language  on input line 214.
[13

]
Cap\'{\i }tulo 9.
Package babel Info: Redefining spanish shorthand <<
(babel)             in language  on input line 214.
Package babel Info: Redefining spanish shorthand >>
(babel)             in language  on input line 214.
Package babel Info: Redefining spanish shorthand "=
(babel)             in language  on input line 214.
Package babel Info: Redefining spanish shorthand "~
(babel)             in language  on input line 214.
Package babel Info: Redefining spanish shorthand "!
(babel)             in language  on input line 214.
Package babel Info: Redefining spanish shorthand "?
(babel)             in language  on input line 214.
Package babel Info: Redefining spanish shorthand <<
(babel)             in language  on input line 215.
Package babel Info: Redefining spanish shorthand >>
(babel)             in language  on input line 215.
Package babel Info: Redefining spanish shorthand "=
(babel)             in language  on input line 215.
Package babel Info: Redefining spanish shorthand "~
(babel)             in language  on input line 215.
Package babel Info: Redefining spanish shorthand "!
(babel)             in language  on input line 215.
Package babel Info: Redefining spanish shorthand "?
(babel)             in language  on input line 215.
Package babel Info: Redefining spanish shorthand <<
(babel)             in language  on input line 250.
Package babel Info: Redefining spanish shorthand >>
(babel)             in language  on input line 250.
Package babel Info: Redefining spanish shorthand "=
(babel)             in language  on input line 250.
Package babel Info: Redefining spanish shorthand "~
(babel)             in language  on input line 250.
Package babel Info: Redefining spanish shorthand "!
(babel)             in language  on input line 250.
Package babel Info: Redefining spanish shorthand "?
(babel)             in language  on input line 250.
Package babel Info: Redefining spanish shorthand <<
(babel)             in language  on input line 250.
Package babel Info: Redefining spanish shorthand >>
(babel)             in language  on input line 250.
Package babel Info: Redefining spanish shorthand "=
(babel)             in language  on input line 250.
Package babel Info: Redefining spanish shorthand "~
(babel)             in language  on input line 250.
Package babel Info: Redefining spanish shorthand "!
(babel)             in language  on input line 250.
Package babel Info: Redefining spanish shorthand "?
(babel)             in language  on input line 250.
[14

]
Package atveryend Info: Empty hook `BeforeClearDocument' on input line 265.
Package babel Info: Redefining spanish shorthand <<
(babel)             in language  on input line 265.
Package babel Info: Redefining spanish shorthand >>
(babel)             in language  on input line 265.
Package babel Info: Redefining spanish shorthand "=
(babel)             in language  on input line 265.
Package babel Info: Redefining spanish shorthand "~
(babel)             in language  on input line 265.
Package babel Info: Redefining spanish shorthand "!
(babel)             in language  on input line 265.
Package babel Info: Redefining spanish shorthand "?
(babel)             in language  on input line 265.
Package babel Info: Redefining spanish shorthand <<
(babel)             in language  on input line 265.
Package babel Info: Redefining spanish shorthand >>
(babel)             in language  on input line 265.
Package babel Info: Redefining spanish shorthand "=
(babel)             in language  on input line 265.
Package babel Info: Redefining spanish shorthand "~
(babel)             in language  on input line 265.
Package babel Info: Redefining spanish shorthand "!
(babel)             in language  on input line 265.
Package babel Info: Redefining spanish shorthand "?
(babel)             in language  on input line 265.
 [15]
Package atveryend Info: Empty hook `AfterLastShipout' on input line 265.
 (./Untitled.aux
LaTeX Info: Redefining \. on input line 25.
LaTeX Info: Redefining \% on input line 25.
)
Package atveryend Info: Executing hook `AtVeryEndDocument' on input line 265.
Package atveryend Info: Executing hook `AtEndAfterFileList' on input line 265.
Package rerunfilecheck Info: File `Untitled.out' has not changed.
(rerunfilecheck)             Checksum: 6B2A4537A5EBD3486C4FBB5EFAF30078;2698.
Package atveryend Info: Empty hook `AtVeryVeryEnd' on input line 265.
 ) 
Here is how much of TeX's memory you used:
 10290 strings out of 493089
 156571 string characters out of 6134842
 323797 words of memory out of 5000000
 13598 multiletter control sequences out of 15000+600000
 9674 words of font info for 34 fonts, out of 8000000 for 9000
 1141 hyphenation exceptions out of 8191
 41i,12n,54p,908b,694s stack positions out of 5000i,500n,10000p,200000b,80000s
</usr/local/texlive/2015/texmf-dist/fonts/type1/public/amsfonts/cm/cmbx10.pfb
></usr/local/texlive/2015/texmf-dist/fonts/type1/public/amsfonts/cm/cmr10.pfb><
/usr/local/texlive/2015/texmf-dist/fonts/type1/public/amsfonts/cm/cmssbx10.pfb>

Output written on Untitled.pdf (15 pages, 66099 bytes).
PDF statistics:
 314 PDF objects out of 1000 (max. 8388607)
 281 compressed objects within 3 object streams
 60 named destinations out of 1000 (max. 500000)
 313 words of extra memory for PDF output out of 10000 (max. 10000000)

