\BOOKMARK [0][-]{chapter.1}{Introducci\363n}{}% 1
\BOOKMARK [0][-]{chapter.2}{Prop\363sito del proyecto}{}% 2
\BOOKMARK [1][-]{section.2.1}{El negocio del usuario}{chapter.2}% 3
\BOOKMARK [1][-]{section.2.2}{Metas del proyecto}{chapter.2}% 4
\BOOKMARK [0][-]{chapter.3}{Los actores}{}% 5
\BOOKMARK [1][-]{section.3.1}{Clientes e inversores}{chapter.3}% 6
\BOOKMARK [1][-]{section.3.2}{Consumidores}{chapter.3}% 7
\BOOKMARK [1][-]{section.3.3}{Otros inversores}{chapter.3}% 8
\BOOKMARK [1][-]{section.3.4}{Usuarios finales}{chapter.3}% 9
\BOOKMARK [1][-]{section.3.5}{Personas}{chapter.3}% 10
\BOOKMARK [1][-]{section.3.6}{Prioridades asignadas a los usuarios}{chapter.3}% 11
\BOOKMARK [1][-]{section.3.7}{Participaci\363n de los usuarios}{chapter.3}% 12
\BOOKMARK [1][-]{section.3.8}{Personal de mantenci\363n y t\351cnicos}{chapter.3}% 13
\BOOKMARK [0][-]{chapter.4}{Restricciones del proyecto}{}% 14
\BOOKMARK [1][-]{section.4.1}{Restricciones de la soluci\363n}{chapter.4}% 15
\BOOKMARK [1][-]{section.4.2}{Ambiente de implementaci\363n de la soluci\363n}{chapter.4}% 16
\BOOKMARK [1][-]{section.4.3}{Aplicaciones colaboradoras o relacionadas}{chapter.4}% 17
\BOOKMARK [1][-]{section.4.4}{Software fuera del alcance}{chapter.4}% 18
\BOOKMARK [1][-]{section.4.5}{Entorno Anticipado de Trabajo}{chapter.4}% 19
\BOOKMARK [1][-]{section.4.6}{Restricciones de agenda}{chapter.4}% 20
\BOOKMARK [1][-]{section.4.7}{Restricciones de presupuesto}{chapter.4}% 21
\BOOKMARK [1][-]{section.4.8}{Restricciones de la organizaci\363n}{chapter.4}% 22
\BOOKMARK [0][-]{chapter.5}{Convenci\363n de nombres y terminolog\355a}{}% 23
\BOOKMARK [0][-]{chapter.6}{Hechos relevantes y supuestos}{}% 24
\BOOKMARK [1][-]{section.6.1}{Hechos relevantes}{chapter.6}% 25
\BOOKMARK [1][-]{section.6.2}{Reglas del negocio}{chapter.6}% 26
\BOOKMARK [1][-]{section.6.3}{Supuestos}{chapter.6}% 27
\BOOKMARK [0][-]{chapter.7}{Alcances del trabajo}{}% 28
\BOOKMARK [1][-]{section.7.1}{Situaci\363n actual}{chapter.7}% 29
\BOOKMARK [1][-]{section.7.2}{Contexto del trabajo}{chapter.7}% 30
\BOOKMARK [1][-]{section.7.3}{Divisi\363n de tareas}{chapter.7}% 31
\BOOKMARK [1][-]{section.7.4}{Especificando un caso de uso en el negocio}{chapter.7}% 32
\BOOKMARK [0][-]{chapter.8}{Alcances del trabajo}{}% 33
\BOOKMARK [1][-]{section.8.1}{Situaci\363n actual}{chapter.8}% 34
\BOOKMARK [1][-]{section.8.2}{Contexto del trabajo}{chapter.8}% 35
\BOOKMARK [1][-]{section.8.3}{Divisi\363n de tareas}{chapter.8}% 36
\BOOKMARK [1][-]{section.8.4}{Especificando un caso de uso en el negocio}{chapter.8}% 37
\BOOKMARK [0][-]{chapter.9}{Requerimentos funcionales y de datos}{}% 38
\BOOKMARK [1][-]{section.9.1}{Reqisitos funcionales}{chapter.9}% 39
