\BOOKMARK [1][-]{section.1}{Descripci\363n de la empresa}{}% 1
\BOOKMARK [2][-]{subsection.1.1}{Socios y participaci\363n}{section.1}% 2
\BOOKMARK [2][-]{subsection.1.2}{Misi\363n y visi\363n}{section.1}% 3
\BOOKMARK [2][-]{subsection.1.3}{Regulaciones aplicables}{section.1}% 4
\BOOKMARK [2][-]{subsection.1.4}{Nuestro producto}{section.1}% 5
\BOOKMARK [1][-]{section.2}{An\341lisis de mercado}{}% 6
\BOOKMARK [2][-]{subsection.2.1}{Problema / Necesidad}{section.2}% 7
\BOOKMARK [2][-]{subsection.2.2}{Clientes}{section.2}% 8
\BOOKMARK [2][-]{subsection.2.3}{Mercado v/s mercado objetivo}{section.2}% 9
\BOOKMARK [3][-]{subsubsection.2.3.1}{Venta directa}{subsection.2.3}% 10
\BOOKMARK [3][-]{subsubsection.2.3.2}{Resellers}{subsection.2.3}% 11
\BOOKMARK [2][-]{subsection.2.4}{An\341lisis de competencia}{section.2}% 12
\BOOKMARK [2][-]{subsection.2.5}{Proveedores y proveedores clave}{section.2}% 13
\BOOKMARK [2][-]{subsection.2.6}{Riesgos asociados}{section.2}% 14
\BOOKMARK [1][-]{section.3}{Marketing y ventas}{}% 15
\BOOKMARK [2][-]{subsection.3.1}{Participaci\363n del mercado y estimacion de ventas}{section.3}% 16
\BOOKMARK [3][-]{subsubsection.3.1.1}{Venta directa}{subsection.3.1}% 17
\BOOKMARK [3][-]{subsubsection.3.1.2}{Resellers}{subsection.3.1}% 18
\BOOKMARK [2][-]{subsection.3.2}{Fecha de inicio de ventas}{section.3}% 19
\BOOKMARK [2][-]{subsection.3.3}{Estrategia de ventas}{section.3}% 20
\BOOKMARK [2][-]{subsection.3.4}{An\341lisis FODA}{section.3}% 21
\BOOKMARK [3][-]{subsubsection.3.4.1}{Estrategia de precios}{subsection.3.4}% 22
\BOOKMARK [2][-]{subsection.3.5}{Actividades}{section.3}% 23
\BOOKMARK [1][-]{section.4}{Descripci\363n del producto y servicio}{}% 24
\BOOKMARK [2][-]{subsection.4.1}{\277C\363mo funciona?}{section.4}% 25
\BOOKMARK [3][-]{subsubsection.4.1.1}{Mecanismos de apertura}{subsection.4.1}% 26
\BOOKMARK [2][-]{subsection.4.2}{Protecci\363n intelectual}{section.4}% 27
\BOOKMARK [1][-]{section.5}{Operaciones}{}% 28
\BOOKMARK [2][-]{subsection.5.1}{Plan operativo}{section.5}% 29
\BOOKMARK [3][-]{subsubsection.5.1.1}{Producci\363n}{subsection.5.1}% 30
\BOOKMARK [1][-]{section.6}{Gerencia y administraci\363n}{}% 31
\BOOKMARK [2][-]{subsection.6.1}{Actividades RRHH}{section.6}% 32
\BOOKMARK [2][-]{subsection.6.2}{Descripci\363n de cargo}{section.6}% 33
\BOOKMARK [2][-]{subsection.6.3}{Descripci\363n del cargo}{section.6}% 34
\BOOKMARK [2][-]{subsection.6.4}{Asesor\355a legal y contabilidad}{section.6}% 35
\BOOKMARK [1][-]{section.7}{Fondos requeridos, usos y tiempos}{}% 36
\BOOKMARK [2][-]{subsection.7.1}{Fuente de financiamiento y motivos}{section.7}% 37
\BOOKMARK [2][-]{subsection.7.2}{Flujo de caja}{section.7}% 38
\BOOKMARK [2][-]{subsection.7.3}{Indicadores}{section.7}% 39
\BOOKMARK [2][-]{subsection.7.4}{Costos variables}{section.7}% 40
\BOOKMARK [2][-]{subsection.7.5}{Punto de equilibrio}{section.7}% 41
\BOOKMARK [1][-]{section.8}{Conclusiones y recomendaciones}{}% 42
\BOOKMARK [1][-]{section.9}{Anexos}{}% 43
\BOOKMARK [2][-]{subsection.9.1}{Flujo de caja en equilibrio}{section.9}% 44
