Sim: 0 [EventEngine.EventDriver]  
	Simulation Start Time: Fri Sep 25 00:32:25 CLT 2015
	Parameter file: /Users/jvarred/Downloads/OSP-P1b/Misc/params4.osp

	Legend:
	  Thread(X:Y/S) means: thread X of task Y, status=S
	  Task(X/S) means: task X, status=S
	  Page(X:Y/Z) means: page X of task Y in frame Z
	  Openfile(X:Y/Z) means: open file X of task Y on device Z
	  Port(X:Y/S) means: port X of task Y has status S
	Status code abbreviations:
	  RD(ThreadReady), RU(ThreadRunning),
	  Wn(ThreadWaiting, n=waitlevel), KL(ThreadKill)
	  L(TaskLive), T(TaskTerm), NN(NONE)
	  L(PortLive), D(PortDestroyed), NN(NONE)


Sim:25000 [Utilities.SnapshotTaker]  
	

[Snapshot at 25000]

MEMORY:
  Free frames: 0(0%) out of 30
  Locked frames: 1 out of 30
  Reserved frames: 1 out of 30
  Referenced frames: 28 out of 30

Memory map:
|----------|------------------------------|
|Frame     |000000000011111111112222222222|
|number    |012345678901234567890123456789|
|----------|------------------------------|
|free      |                              |
|lock      |000000000000000000000001000000|
|reserved  |                       R      |
|dirty     |DDDDDDDDDDDDDDDDDDDDDDD DD  DD|
|referenced|YYYYYYYYYYYYYYYYYYYYYYY YY YYY|
|----------|------------------------------|
|          |                              |
|page      |645 4 32155 3  43112421441  41|
|number    |196160520310764133573565442087|
|----------|------------------------------|
|          |                              |
|owner     |                              |
|task      |111111111113111111111111111211|
|----------|------------------------------|


Page table for Task 1:
  Valid pages: 27 out of 64
|------|----------------------------------------------------------------|
|Page  |0000000000111111111122222222223333333333444444444455555555556666|
|number|0123456789012345678901234567890123456789012345678901234567890123|
|------|----------------------------------------------------------------|
|valid |YYY Y Y   Y  YYYYY    Y  Y Y     Y Y Y   Y YY Y YY Y Y  Y    Y  |
|------|----------------------------------------------------------------|
|      |                                                                |
|frame |  2 1 1      12122       2 1     1   1   1 222  2  1            |
|number|536 4 3   8  75829    7  1 9     6 6 2   5 0434 81 0 9  2    0  |
|------|----------------------------------------------------------------|

Page table for Task 2:
  Valid pages: 1 out of 64
|------|----------------------------------------------------------------|
|Page  |0000000000111111111122222222223333333333444444444455555555556666|
|number|0123456789012345678901234567890123456789012345678901234567890123|
|------|----------------------------------------------------------------|
|valid |Y                                                               |
|------|----------------------------------------------------------------|
|      |                                                                |
|frame |2                                                               |
|number|7                                                               |
|------|----------------------------------------------------------------|

Page table for Task 3:
  Valid pages: 1 out of 64
|------|----------------------------------------------------------------|
|Page  |0000000000111111111122222222223333333333444444444455555555556666|
|number|0123456789012345678901234567890123456789012345678901234567890123|
|------|----------------------------------------------------------------|
|valid |Y                                                               |
|------|----------------------------------------------------------------|
|      |                                                                |
|frame |1                                                               |
|number|1                                                               |
|------|----------------------------------------------------------------|


DEVICES:
  Device 0: Swap Device   (mount point: /vm/)
	    Number of pages read = 74
	    Number of pages written = 2
	    Average number of cylinders swept per disk access = 3
	      Total number of cylinders swept = 247
	    Service time per I/O request: 87
	    Device queue:  Empty
  Device 1: Disk   (mount point: /etc/go/)
	    Number of pages read = 10
	    Number of pages written = 7
	    Average number of cylinders swept per disk access = 1
	      Total number of cylinders swept = 13
	    Service time per I/O request: 84
	    Device queue:  Empty
  Device 2: Disk   (mount point: /etc/)
	    Number of pages read = 2
	    Number of pages written = 8
	    Average number of cylinders swept per disk access = 1
	      Total number of cylinders swept = 11
	    Service time per I/O request: 565
	    Device queue:  Empty

TASKS and THREADS:
  CPU Utilization: 73.144%
  Average service time per thread: 16756.35
  Average normalized service time per thread: 0.07403654
  Total number of tasks: 3
  Running thread(s): none
  Threads summary: 14 alive
  Among live threads: 0 running
                      14 suspended
                      0 ready
  ready queue = ()
  running thread(s) = ()
  waiting thread(s) = (1:1,2:1,3:1,6:1,7:1,10:1,11:1,12:2,14:1,16:1,18:1,19:3,20:1,21:1)
  thread(s) in pagefault = (21:1)
  killed thread(s) = (Thread(4:1/KL),Thread(9:1/KL),Thread(8:1/KL),Thread(5:1/KL),Thread(0:1/KL),Thread(13:1/KL))

FILES:
  Total number of files: 0
  Total number of directories: 3
  Total number of open files: 1
  Device 0: 1344 out of 1536 blocks are free, 12.5% used
  Device 1: 23 out of 40 blocks are free, 42.5% used
  Device 2: 2 out of 16 blocks are free, 87.5% used


PORTS:
  Number of Live Ports: 	4
  Number of Ports Created: 	4
  Number of Ports Destroyed: 	0
  Number of Messages Sent: 	0
  Number of Messages Received: 	0
  Port(0:1/L)	Buffer length: 0;  Threads suspended: 0
		 Port waiting queue: ()
  Port(1:1/L)	Buffer length: 0;  Threads suspended: 1
		 Port waiting queue: (Thread(7:1/W1))
  Port(16:2/L)	Buffer length: 8;  Threads suspended: 1
		 Port waiting queue: (Thread(1:1/W1))
  Port(17:2/L)	Buffer length: 7;  Threads suspended: 0
		 Port waiting queue: ()



RESOURCES:
  Total number of acquire() calls: 45
  Total number of release() calls: 15

    Resource Availability Table
|---------------|-------------------------|
|Resource Type  |0    1    2    3    4    |
|---------------|-------------------------|
|  Total        |8    8    8    6    9    |
|---------------|-------------------------|
|  Available    |6    0    0    1    1    |
|---------------|-------------------------|



    Resource Allocation Table
|------------------|-----------------------------------|
|Resource Type     |0      1      2      3      4      |
|------------------|-----------------------------------|
|Thread ID: 1:1    |0      0      2      4      6      |
|Thread ID: 3:1    |0      0      3      0      0      |
|Thread ID: 7:1    |0      3      0      0      0      |
|Thread ID: 11:1   |0      0      1      0      2      |
|Thread ID: 12:2   |0      0      2      0      0      |
|Thread ID: 14:1   |0      2      0      0      0      |
|Thread ID: 19:3   |0      3      0      0      0      |
|Thread ID: 21:1   |2      0      0      1      0      |
|------------------|-----------------------------------|




The suspended  RRBs: 

	RRB(Id(36),Thread(16:1/W0),Resource(3),Requested(3))
	RRB(Id(43),Thread(19:3/W0),Resource(3),Requested(3))
	RRB(Id(35),Thread(10:1/W0),Resource(2),Requested(1))
	RRB(Id(33),Thread(11:1/W0),Resource(2),Requested(3))
	RRB(Id(34),Thread(3:1/W0),Resource(2),Requested(2))
	RRB(Id(37),Thread(14:1/W0),Resource(2),Requested(3))
	RRB(Id(32),Thread(12:2/W0),Resource(2),Requested(3))
	RRB(Id(41),Thread(20:1/W0),Resource(2),Requested(3))
	RRB(Id(46),Thread(2:1/W0),Resource(4),Requested(2))
	RRB(Id(42),Thread(18:1/W0),Resource(2),Requested(2))
	RRB(Id(40),Thread(6:1/W0),Resource(1),Requested(3))

-----------------------------------------------

Sim:50000 [Utilities.SnapshotTaker]  
	

[Snapshot at 50000]

MEMORY:
  Free frames: 0(0%) out of 30
  Locked frames: 2 out of 30
  Reserved frames: 0 out of 30
  Referenced frames: 28 out of 30

Memory map:
|----------|------------------------------|
|Frame     |000000000011111111112222222222|
|number    |012345678901234567890123456789|
|----------|------------------------------|
|free      |                              |
|lock      |100010000000000000000000000000|
|reserved  |                              |
|dirty     |DDDDDDDDDDDDDD DD D   D D     |
|referenced|YYYYYYYYYYYYYYYYY YY YYYYYYYYY|
|----------|------------------------------|
|          |                              |
|page      |362  3623 1 542 1 41  3 425  2|
|number    |613300251090309401772637301897|
|----------|------------------------------|
|          |                              |
|owner     |                              |
|task      |242223242423422242242222223222|
|----------|------------------------------|


Page table for Task 2:
  Valid pages: 21 out of 64
|------|----------------------------------------------------------------|
|Page  |0000000000111111111122222222223333333333444444444455555555556666|
|number|0123456789012345678901234567890123456789012345678901234567890123|
|------|----------------------------------------------------------------|
|valid |YYYYY YYYY         YY  Y   Y Y Y Y  Y   Y  Y   Y              Y |
|------|----------------------------------------------------------------|
|      |                                                                |
|frame | 12 1 2222         12      2 1   2      1  2   1                |
|number|47035 1378         05  2   9 4 8 2  0   3  4   8              6 |
|------|----------------------------------------------------------------|

Page table for Task 3:
  Valid pages: 3 out of 64
|------|----------------------------------------------------------------|
|Page  |0000000000111111111122222222223333333333444444444455555555556666|
|number|0123456789012345678901234567890123456789012345678901234567890123|
|------|----------------------------------------------------------------|
|valid |Y                             Y                    Y            |
|------|----------------------------------------------------------------|
|      |                                                                |
|frame |1                                                  2            |
|number|1                             5                    6            |
|------|----------------------------------------------------------------|

Page table for Task 4:
  Valid pages: 6 out of 64
|------|----------------------------------------------------------------|
|Page  |0000000000111111111122222222223333333333444444444455555555556666|
|number|0123456789012345678901234567890123456789012345678901234567890123|
|------|----------------------------------------------------------------|
|valid |Y         Y      Y       Y                           Y       Y  |
|------|----------------------------------------------------------------|
|      |                                                                |
|frame |          1      1                                   1          |
|number|9         6      9       7                           2       1  |
|------|----------------------------------------------------------------|

Page table for Task 5:
  Valid pages: 0 out of 64
|------|----------------------------------------------------------------|
|Page  |0000000000111111111122222222223333333333444444444455555555556666|
|number|0123456789012345678901234567890123456789012345678901234567890123|
|------|----------------------------------------------------------------|
|valid |                                                                |
|------|----------------------------------------------------------------|
|      |                                                                |
|frame |                                                                |
|number|                                                                |
|------|----------------------------------------------------------------|


DEVICES:
  Device 0: Swap Device   (mount point: /vm/)
	    Number of pages read = 163
	    Number of pages written = 8
	    Average number of cylinders swept per disk access = 3
	      Total number of cylinders swept = 598
	    Service time per I/O request: 112
	    Device queue:  Empty
  Device 1: Disk   (mount point: /etc/go/)
	    Number of pages read = 17
	    Number of pages written = 21
	    Average number of cylinders swept per disk access = 1
	      Total number of cylinders swept = 33
	    Service time per I/O request: 74
	    Device queue:  Empty
  Device 2: Disk   (mount point: /etc/)
	    Number of pages read = 2
	    Number of pages written = 8
	    Average number of cylinders swept per disk access = 1
	      Total number of cylinders swept = 14
	    Service time per I/O request: 565
	    Device queue:  Empty

TASKS and THREADS:
  CPU Utilization: 73.088005%
  Average service time per thread: 17122.0
  Average normalized service time per thread: 0.055388756
  Total number of tasks: 4
  Running thread(s): none
  Threads summary: 20 alive
  Among live threads: 0 running
                      20 suspended
                      0 ready
  ready queue = ()
  running thread(s) = ()
  waiting thread(s) = (12:2,19:3,25:4,26:2,27:2,28:2,29:2,30:2,31:2,32:2,33:2,34:2,35:2,36:4,38:4,39:4,40:5,41:2,42:2,43:2)
  thread(s) in pagefault = ()
  killed thread(s) = (Thread(4:1/KL),Thread(9:1/KL),Thread(8:1/KL),Thread(5:1/KL),Thread(0:1/KL),Thread(13:1/KL),Thread(7:1/KL),Thread(1:1/KL),Thread(24:1/KL),Thread(22:1/KL),Thread(21:1/KL),Thread(20:1/KL),Thread(18:1/KL),Thread(16:1/KL),Thread(14:1/KL),Thread(11:1/KL),Thread(10:1/KL),Thread(6:1/KL),Thread(3:1/KL),Thread(2:1/KL))

FILES:
  Total number of files: 0
  Total number of directories: 3
  Total number of open files: 1
  Device 0: 1280 out of 1536 blocks are free, 16.666668% used
  Device 1: 15 out of 40 blocks are free, 62.5% used
  Device 2: 2 out of 16 blocks are free, 87.5% used


PORTS:
  Number of Live Ports: 	6
  Number of Ports Created: 	8
  Number of Ports Destroyed: 	2
  Number of Messages Sent: 	2
  Number of Messages Received: 	2
  Port(16:2/L)	Buffer length: 7;  Threads suspended: 0
		 Port waiting queue: ()
  Port(17:2/L)	Buffer length: 7;  Threads suspended: 0
		 Port waiting queue: ()
  Port(34:3/L)	Buffer length: 8;  Threads suspended: 0
		 Port waiting queue: ()
  Port(39:4/L)	Buffer length: 0;  Threads suspended: 1
		 Port waiting queue: (Thread(36:4/W1))
  Port(40:4/L)	Buffer length: 3;  Threads suspended: 0
		 Port waiting queue: ()
  Port(44:3/L)	Buffer length: 0;  Threads suspended: 1
		 Port waiting queue: (Thread(19:3/W1))



RESOURCES:
  Total number of acquire() calls: 96
  Total number of release() calls: 30

    Resource Availability Table
|---------------|-------------------------|
|Resource Type  |0    1    2    3    4    |
|---------------|-------------------------|
|  Total        |8    8    8    6    9    |
|---------------|-------------------------|
|  Available    |1    1    0    0    1    |
|---------------|-------------------------|



    Resource Allocation Table
|------------------|-----------------------------------|
|Resource Type     |0      1      2      3      4      |
|------------------|-----------------------------------|
|Thread ID: 12:2   |1      0      0      0      1      |
|Thread ID: 19:3   |0      0      0      3      0      |
|Thread ID: 25:4   |0      0      4      0      0      |
|Thread ID: 26:2   |0      2      0      0      0      |
|Thread ID: 31:2   |0      0      0      3      0      |
|Thread ID: 32:2   |3      2      2      0      2      |
|Thread ID: 33:2   |0      3      0      0      1      |
|Thread ID: 34:2   |3      0      1      0      3      |
|Thread ID: 36:4   |0      0      0      0      1      |
|Thread ID: 39:4   |0      0      1      0      0      |
|------------------|-----------------------------------|




The suspended  RRBs: 

	RRB(Id(83),Thread(31:2/W0),Resource(3),Requested(1))
	RRB(Id(92),Thread(32:2/W0),Resource(0),Requested(3))
	RRB(Id(76),Thread(29:2/W0),Resource(4),Requested(4))
	RRB(Id(78),Thread(12:2/W0),Resource(3),Requested(3))
	RRB(Id(96),Thread(25:4/W0),Resource(0),Requested(3))
	RRB(Id(90),Thread(39:4/W0),Resource(2),Requested(2))
	RRB(Id(61),Thread(27:2/W0),Resource(3),Requested(3))
	RRB(Id(60),Thread(28:2/W0),Resource(3),Requested(1))
	RRB(Id(89),Thread(41:2/W0),Resource(2),Requested(1))
	RRB(Id(97),Thread(26:2/W0),Resource(3),Requested(1))
	RRB(Id(94),Thread(43:2/W0),Resource(3),Requested(1))
	RRB(Id(95),Thread(35:2/W0),Resource(2),Requested(1))
	RRB(Id(86),Thread(40:5/W0),Resource(4),Requested(2))
	RRB(Id(65),Thread(30:2/W0),Resource(3),Requested(1))
	RRB(Id(87),Thread(34:2/W0),Resource(1),Requested(3))
	RRB(Id(93),Thread(38:4/W0),Resource(2),Requested(1))
	RRB(Id(91),Thread(42:2/W0),Resource(4),Requested(3))

-----------------------------------------------

