Sim: 0 [EventEngine.EventDriver]  
	Simulation Start Time: Thu Sep 24 23:24:52 CLT 2015
	Parameter file: /Users/jvarred/Downloads/OSP-P1b/Misc/params3.osp

	Legend:
	  Thread(X:Y/S) means: thread X of task Y, status=S
	  Task(X/S) means: task X, status=S
	  Page(X:Y/Z) means: page X of task Y in frame Z
	  Openfile(X:Y/Z) means: open file X of task Y on device Z
	  Port(X:Y/S) means: port X of task Y has status S
	Status code abbreviations:
	  RD(ThreadReady), RU(ThreadRunning),
	  Wn(ThreadWaiting, n=waitlevel), KL(ThreadKill)
	  L(TaskLive), T(TaskTerm), NN(NONE)
	  L(PortLive), D(PortDestroyed), NN(NONE)


Sim:25000 [Utilities.SnapshotTaker]  
	

[Snapshot at 25000]

MEMORY:
  Free frames: 1(3%) out of 30
  Locked frames: 6 out of 30
  Reserved frames: 9 out of 30
  Referenced frames: 21 out of 30

Memory map:
|----------|------------------------------|
|Frame     |000000000011111111112222222222|
|number    |012345678901234567890123456789|
|----------|------------------------------|
|free      |   F                          |
|lock      |011010111000000000000000000000|
|reserved  |RRRRRRRRR                     |
|dirty     | D   D D  DD DDDD DDDDDDDDDDD |
|referenced| Y   Y Y  YY YYYYYYYYYYYYYYYY |
|----------|------------------------------|
|          |                              |
|page      |142 62 14 26  3115  53 43 4 1 |
|number    |114 18299052050827605575984971|
|----------|------------------------------|
|          |                              |
|owner     |                              |
|task      |222 42222422323223222232332222|
|----------|------------------------------|


Page table for Task 2:
  Valid pages: 18 out of 64
|------|----------------------------------------------------------------|
|Page  |0000000000111111111122222222223333333333444444444455555555556666|
|number|0123456789012345678901234567890123456789012345678901234567890123|
|------|----------------------------------------------------------------|
|valid |YY   YY  Y YY    YYY     Y  Y      Y     Y  YY         Y      Y |
|------|----------------------------------------------------------------|
|      |                                                                |
|frame |12   11  2  1    21      1         2        22         2      1 |
|number|996  38  7 06    857    20  5      1     1  63   8     0      1 |
|------|----------------------------------------------------------------|

Page table for Task 3:
  Valid pages: 6 out of 64
|------|----------------------------------------------------------------|
|Page  |0000000000111111111122222222223333333333444444444455555555556666|
|number|0123456789012345678901234567890123456789012345678901234567890123|
|------|----------------------------------------------------------------|
|valid |Y      YY                     Y        Y                 Y      |
|------|----------------------------------------------------------------|
|      |                                                                |
|frame |1      22                     1        2                 1      |
|number|2      25                     4        4                 7      |
|------|----------------------------------------------------------------|

Page table for Task 4:
  Valid pages: 1 out of 64
|------|----------------------------------------------------------------|
|Page  |0000000000111111111122222222223333333333444444444455555555556666|
|number|0123456789012345678901234567890123456789012345678901234567890123|
|------|----------------------------------------------------------------|
|valid |Y                                                               |
|------|----------------------------------------------------------------|
|      |                                                                |
|frame |                                                                |
|number|9                                                            4  |
|------|----------------------------------------------------------------|


DEVICES:
  Device 0: Swap Device   (mount point: /vm/)
	    Number of pages read = 207
	    Number of pages written = 41
	    Average number of cylinders swept per disk access = 4
	      Total number of cylinders swept = 1100
	    Service time per I/O request: 574
	    Device queue:
		IORB(Id(273),Device(0),Page(49:2/8),Diskblock(113),FileRead,Openfile(4:2/0),Thread(5:2/W2))
		IORB(Id(274),Device(0),Page(19:2/7),Diskblock(83),FileWrite,Openfile(4:2/0),Thread(25:2/W2))
		IORB(Id(275),Device(0),Page(24:2/2),Diskblock(88),FileRead,Openfile(4:2/0),Thread(23:2/W2))
		IORB(Id(276),Device(0),Page(61:4/4),Diskblock(253),FileRead,Openfile(12:4/0),Thread(18:4/W2))
		IORB(Id(277),Device(0),Page(2:2/6),Diskblock(66),FileRead,Openfile(4:2/0),Thread(8:2/W2))
  Device 1: Disk   (mount point: /etc/go/)
	    Number of pages read = 5
	    Number of pages written = 8
	    Average number of cylinders swept per disk access = 0
	      Total number of cylinders swept = 6
	    Service time per I/O request: 175
	    Device queue:  Empty
  Device 2: Disk   (mount point: /etc/)
	    Number of pages read = 2
	    Number of pages written = 3
	    Average number of cylinders swept per disk access = 0
	      Total number of cylinders swept = 1
	    Service time per I/O request: 343
	    Device queue:  Empty

TASKS and THREADS:
  CPU Utilization: 88.012%
  Average service time per thread: 13906.577
  Average normalized service time per thread: 0.06820448
  Total number of tasks: 3
  Running thread(s): Thread(24:2/RU), CPU usage 883 ticks
  Current task: Task(2/L), CPU usage 9910 ticks
  Threads summary: 14 alive
  Among live threads: 1 running
                      12 suspended
                      1 ready
  ready queue = (10:3)
  running thread(s) = (24:2)
  waiting thread(s) = (5:2,6:2,7:2,8:2,14:2,15:2,18:4,21:2,22:2,23:2,25:2,26:2)
  thread(s) in pagefault = (5:2,8:2,15:2,18:4,23:2,25:2)
  killed thread(s) = (Thread(20:1/KL),Thread(19:1/KL),Thread(17:1/KL),Thread(13:1/KL),Thread(12:1/KL),Thread(11:1/KL),Thread(9:1/KL),Thread(4:1/KL),Thread(3:1/KL),Thread(2:1/KL),Thread(1:1/KL),Thread(0:1/KL))

FILES:
  Total number of files: 0
  Total number of directories: 3
  Total number of open files: 1
  Device 0: 1344 out of 1536 blocks are free, 12.5% used
  Device 1: 26 out of 40 blocks are free, 35.000004% used
  Device 2: 10 out of 16 blocks are free, 37.5% used


PORTS:
  Number of Live Ports: 	3
  Number of Ports Created: 	5
  Number of Ports Destroyed: 	2
  Number of Messages Sent: 	2
  Number of Messages Received: 	2
  Port(3:2/L)	Buffer length: 0;  Threads suspended: 2
		 Port waiting queue: (Thread(6:2/W1),Thread(22:2/W1))
  Port(7:2/L)	Buffer length: 0;  Threads suspended: 2
		 Port waiting queue: (Thread(21:2/W1),Thread(7:2/W1))
  Port(15:4/L)	Buffer length: 10;  Threads suspended: 2
		 Port waiting queue: (Thread(14:2/W1),Thread(26:2/W1))



RESOURCES:
  Total number of acquire() calls: 14
  Total number of release() calls: 2

    Resource Availability Table
|---------------|-------------------------|
|Resource Type  |0    1    2    3    4    |
|---------------|-------------------------|
|  Total        |8    8    8    6    9    |
|---------------|-------------------------|
|  Available    |3    7    4    0    9    |
|---------------|-------------------------|



    Resource Allocation Table
|------------------|-----------------------------------|
|Resource Type     |0      1      2      3      4      |
|------------------|-----------------------------------|
|Thread ID: 5:2    |0      0      0      1      0      |
|Thread ID: 7:2    |0      0      0      4      0      |
|Thread ID: 8:2    |5      0      0      0      0      |
|Thread ID: 10:3   |0      0      0      1      0      |
|Thread ID: 24:2   |0      1      0      0      0      |
|Thread ID: 26:2   |0      0      4      0      0      |
|------------------|-----------------------------------|




The suspended  RRBs: 


-----------------------------------------------

Sim:50000 [Utilities.SnapshotTaker]  
	

[Snapshot at 50000]

MEMORY:
  Free frames: 4(13%) out of 30
  Locked frames: 19 out of 30
  Reserved frames: 26 out of 30
  Referenced frames: 7 out of 30

Memory map:
|----------|------------------------------|
|Frame     |000000000011111111112222222222|
|number    |012345678901234567890123456789|
|----------|------------------------------|
|free      | FFF F                        |
|lock      |100010110100111110111111111000|
|reserved  |RRRRRRRRRRRRRRRRRRRRRRRRRR    |
|dirty     |              D      D    DDDD|
|referenced|     Y        Y      Y    YYYY|
|----------|------------------------------|
|          |                              |
|page      |3      3232  1344446 3334 2513|
|number    |0   0 038768513307720461814661|
|----------|------------------------------|
|          |                              |
|owner     |                              |
|task      |5   3 583464535435476545444453|
|----------|------------------------------|


Page table for Task 3:
  Valid pages: 2 out of 64
|------|----------------------------------------------------------------|
|Page  |0000000000111111111122222222223333333333444444444455555555556666|
|number|0123456789012345678901234567890123456789012345678901234567890123|
|------|----------------------------------------------------------------|
|valid |                            Y  Y                                |
|------|----------------------------------------------------------------|
|      |                                                                |
|frame |           1                   2        1                       |
|number|4          3                8  9        6                       |
|------|----------------------------------------------------------------|

Page table for Task 4:
  Valid pages: 3 out of 64
|------|----------------------------------------------------------------|
|Page  |0000000000111111111122222222223333333333444444444455555555556666|
|number|0123456789012345678901234567890123456789012345678901234567890123|
|------|----------------------------------------------------------------|
|valid |        Y               Y                               Y       |
|------|----------------------------------------------------------------|
|      |                                                                |
|frame | 2      1               2           2      1   12       2       |
|number| 5      1               6           29     5   84       7       |
|------|----------------------------------------------------------------|

Page table for Task 5:
  Valid pages: 4 out of 64
|------|----------------------------------------------------------------|
|Page  |0000000000111111111122222222223333333333444444444455555555556666|
|number|0123456789012345678901234567890123456789012345678901234567890123|
|------|----------------------------------------------------------------|
|valid |                Y                YY            Y                |
|------|----------------------------------------------------------------|
|      |                                                                |
|frame |     1          2              2 12            1                |
|number|6    2          8             03 41            7                |
|------|----------------------------------------------------------------|

Page table for Task 6:
  Valid pages: 1 out of 64
|------|----------------------------------------------------------------|
|Page  |0000000000111111111122222222223333333333444444444455555555556666|
|number|0123456789012345678901234567890123456789012345678901234567890123|
|------|----------------------------------------------------------------|
|valid |                          Y                                     |
|------|----------------------------------------------------------------|
|      |                                                                |
|frame |2                         1                                     |
|number|0                         0                                     |
|------|----------------------------------------------------------------|

Page table for Task 7:
  Valid pages: 0 out of 64
|------|----------------------------------------------------------------|
|Page  |0000000000111111111122222222223333333333444444444455555555556666|
|number|0123456789012345678901234567890123456789012345678901234567890123|
|------|----------------------------------------------------------------|
|valid |                                                                |
|------|----------------------------------------------------------------|
|      |                                                                |
|frame |                                                              1 |
|number|                                                              9 |
|------|----------------------------------------------------------------|

Page table for Task 8:
  Valid pages: 0 out of 64
|------|----------------------------------------------------------------|
|Page  |0000000000111111111122222222223333333333444444444455555555556666|
|number|0123456789012345678901234567890123456789012345678901234567890123|
|------|----------------------------------------------------------------|
|valid |                                                                |
|------|----------------------------------------------------------------|
|      |                                                                |
|frame |                                                                |
|number|                                 7                              |
|------|----------------------------------------------------------------|


DEVICES:
  Device 0: Swap Device   (mount point: /vm/)
	    Number of pages read = 324
	    Number of pages written = 82
	    Average number of cylinders swept per disk access = 6
	      Total number of cylinders swept = 2432
	    Service time per I/O request: 887
	    Device queue:
		IORB(Id(449),Device(0),Page(33:8/7),Diskblock(353),FileRead,Openfile(46:8/0),Thread(51:8/W2))
		IORB(Id(450),Device(0),Page(11:3/13),Diskblock(139),FileRead,Openfile(6:3/0),Thread(10:3/W2))
		IORB(Id(451),Device(0),Page(0:3/4),Diskblock(128),FileRead,Openfile(6:3/0),Thread(40:3/W2))
		IORB(Id(453),Device(0),Page(34:5/21),Diskblock(34),FileWrite,Openfile(26:5/0),Thread(46:5/W3))
		IORB(Id(454),Device(0),Page(5:5/12),Diskblock(5),FileRead,Openfile(26:5/0),Thread(36:5/W2))
		IORB(Id(455),Device(0),Page(40:3/16),Diskblock(168),FileRead,Openfile(6:3/0),Thread(33:3/W2))
		IORB(Id(456),Device(0),Page(43:4/15),Diskblock(235),FileRead,Openfile(12:4/0),Thread(30:4/W2))
		IORB(Id(457),Device(0),Page(47:4/18),Diskblock(239),FileRead,Openfile(12:4/0),Thread(31:4/W2))
		IORB(Id(458),Device(0),Page(37:4/9),Diskblock(229),FileRead,Openfile(12:4/0),Thread(42:4/W2))
		IORB(Id(459),Device(0),Page(62:7/19),Diskblock(318),FileRead,Openfile(44:7/0),Thread(50:7/W2))
		IORB(Id(460),Device(0),Page(30:5/0),Diskblock(30),FileRead,Openfile(26:5/0),Thread(45:5/W2))
		IORB(Id(461),Device(0),Page(0:6/20),Diskblock(64),FileRead,Openfile(34:6/0),Thread(48:6/W2))
		IORB(Id(462),Device(0),Page(36:4/22),Diskblock(228),FileRead,Openfile(12:4/0),Thread(47:4/W2))
		IORB(Id(463),Device(0),Page(33:5/14),Diskblock(33),FileWrite,Openfile(26:5/0),Thread(32:4/W2))
		IORB(Id(464),Device(0),Page(31:5/23),Diskblock(31),FileRead,Openfile(26:5/0),Thread(35:5/W2))
		IORB(Id(465),Device(0),Page(48:4/24),Diskblock(240),FileRead,Openfile(12:4/0),Thread(49:4/W2))
		IORB(Id(466),Device(0),Page(1:4/25),Diskblock(193),FileRead,Openfile(12:4/0),Thread(34:4/W2))
		IORB(Id(467),Device(0),Page(24:4/26),Diskblock(216),FileWrite,Openfile(12:4/0),Thread(52:0/W2))
  Device 1: Disk   (mount point: /etc/go/)
	    Number of pages read = 5
	    Number of pages written = 17
	    Average number of cylinders swept per disk access = 1
	      Total number of cylinders swept = 20
	    Service time per I/O request: 129
	    Device queue:  Empty
  Device 2: Disk   (mount point: /etc/)
	    Number of pages read = 3
	    Number of pages written = 7
	    Average number of cylinders swept per disk access = 1
	      Total number of cylinders swept = 6
	    Service time per I/O request: 644
	    Device queue:  Empty

TASKS and THREADS:
  CPU Utilization: 80.278%
  Average service time per thread: 15435.1875
  Average normalized service time per thread: 0.058780205
  Total number of tasks: 6
  Running thread(s): none
  Threads summary: 20 alive
  Among live threads: 0 running
                      20 suspended
                      0 ready
  ready queue = ()
  running thread(s) = ()
  waiting thread(s) = (10:3,28:3,29:5,30:4,31:4,32:4,33:3,34:4,35:5,36:5,40:3,42:4,44:5,45:5,46:5,47:4,48:6,49:4,50:7,51:8)
  thread(s) in pagefault = (10:3,30:4,31:4,32:4,33:3,34:4,35:5,36:5,40:3,42:4,44:5,45:5,46:5,47:4,48:6,49:4,50:7,51:8)
  killed thread(s) = (Thread(20:1/KL),Thread(19:1/KL),Thread(17:1/KL),Thread(13:1/KL),Thread(12:1/KL),Thread(11:1/KL),Thread(9:1/KL),Thread(4:1/KL),Thread(3:1/KL),Thread(2:1/KL),Thread(1:1/KL),Thread(0:1/KL),Thread(26:2/KL),Thread(25:2/KL),Thread(24:2/KL),Thread(23:2/KL),Thread(22:2/KL),Thread(21:2/KL),Thread(15:2/KL),Thread(14:2/KL),Thread(8:2/KL),Thread(7:2/KL),Thread(6:2/KL),Thread(5:2/KL),Thread(18:4/KL),Thread(37:3/KL),Thread(38:4/KL),Thread(39:3/KL))

FILES:
  Total number of files: 0
  Total number of directories: 3
  Total number of open files: 1
  Device 0: 1152 out of 1536 blocks are free, 25.0% used
  Device 1: 23 out of 40 blocks are free, 42.5% used
  Device 2: 6 out of 16 blocks are free, 62.5% used


PORTS:
  Number of Live Ports: 	7
  Number of Ports Created: 	11
  Number of Ports Destroyed: 	4
  Number of Messages Sent: 	4
  Number of Messages Received: 	4
  Port(15:4/L)	Buffer length: 3;  Threads suspended: 0
		 Port waiting queue: ()
  Port(24:3/L)	Buffer length: 0;  Threads suspended: 0
		 Port waiting queue: ()
  Port(25:3/L)	Buffer length: 0;  Threads suspended: 0
		 Port waiting queue: ()
  Port(29:4/L)	Buffer length: 1;  Threads suspended: 0
		 Port waiting queue: ()
  Port(39:5/L)	Buffer length: 0;  Threads suspended: 0
		 Port waiting queue: ()
  Port(40:5/L)	Buffer length: 0;  Threads suspended: 0
		 Port waiting queue: ()
  Port(41:6/L)	Buffer length: 0;  Threads suspended: 0
		 Port waiting queue: ()



RESOURCES:
  Total number of acquire() calls: 25
  Total number of release() calls: 5

    Resource Availability Table
|---------------|-------------------------|
|Resource Type  |0    1    2    3    4    |
|---------------|-------------------------|
|  Total        |8    8    8    6    9    |
|---------------|-------------------------|
|  Available    |4    8    4    0    7    |
|---------------|-------------------------|



    Resource Allocation Table
|------------------|-----------------------------------|
|Resource Type     |0      1      2      3      4      |
|------------------|-----------------------------------|
|Thread ID: 10:3   |0      0      0      1      0      |
|Thread ID: 28:3   |0      0      0      0      2      |
|Thread ID: 30:4   |0      0      3      2      0      |
|Thread ID: 34:4   |0      0      0      2      0      |
|Thread ID: 35:5   |4      0      0      0      0      |
|Thread ID: 36:5   |0      0      1      0      0      |
|Thread ID: 49:4   |0      0      0      1      0      |
|------------------|-----------------------------------|




The suspended  RRBs: 

	RRB(Id(26),Thread(28:3/W0),Resource(3),Requested(2))

-----------------------------------------------

