This is pdfTeX, Version 3.14159265-2.6-1.40.20 (TeX Live 2019/Debian) (preloaded format=pdflatex 2020.5.3)  7 JUN 2020 03:51
entering extended mode
 \write18 enabled.
 file:line:error style messages enabled.
 %&-line parsing enabled.
**"/home/kuky_nekoi/Documents/Sources/Utalca/UTAL/ComputerScience/(2020-1)-Information_Security/Laboratorio 3/informe.tex"
(/home/kuky_nekoi/Documents/Sources/Utalca/UTAL/ComputerScience/(2020-1)-Information_Security/Laboratorio 3/informe.tex
LaTeX2e <2020-02-02> patch level 2
L3 programming layer <2020-02-14> (/home/kuky_nekoi/Documents/Sources/Utalca/UTAL/ComputerScience/(2020-1)-Information_Security/Laboratorio 3/utalcaDoc.cls
Document Class: utalcaDoc 2009/08/28 Utalca Article, based on the article class
(/usr/share/texlive/texmf-dist/tex/latex/base/article.cls
Document Class: article 2019/12/20 v1.4l Standard LaTeX document class
(/usr/share/texlive/texmf-dist/tex/latex/base/size11.clo
File: size11.clo 2019/12/20 v1.4l Standard LaTeX file (size option)
)
\c@part=\count167
\c@section=\count168
\c@subsection=\count169
\c@subsubsection=\count170
\c@paragraph=\count171
\c@subparagraph=\count172
\c@figure=\count173
\c@table=\count174
\abovecaptionskip=\skip47
\belowcaptionskip=\skip48
\bibindent=\dimen134
) (/usr/share/texlive/texmf-dist/tex/latex/preprint/fullpage.sty
Package: fullpage 1999/02/23 1.1 (PWD)
\FP@margin=\skip49
) (/usr/share/texlive/texmf-dist/tex/latex/epstopdf-pkg/epstopdf.sty
Package: epstopdf 2020-01-24 v2.11 Conversion with epstopdf on the fly (HO)
 (/usr/share/texlive/texmf-dist/tex/generic/infwarerr/infwarerr.sty
Package: infwarerr 2019/12/03 v1.5 Providing info/warning/error messages (HO)
) (/usr/share/texlive/texmf-dist/tex/latex/grfext/grfext.sty
Package: grfext 2019/12/03 v1.3 Manage graphics extensions (HO)
 (/usr/share/texlive/texmf-dist/tex/generic/kvdefinekeys/kvdefinekeys.sty
Package: kvdefinekeys 2019-12-19 v1.6 Define keys (HO)
)) (/usr/share/texlive/texmf-dist/tex/latex/kvoptions/kvoptions.sty
Package: kvoptions 2019/11/29 v3.13 Key value format for package options (HO)
 (/usr/share/texlive/texmf-dist/tex/latex/graphics/keyval.sty
Package: keyval 2014/10/28 v1.15 key=value parser (DPC)
\KV@toks@=\toks14
) (/usr/share/texlive/texmf-dist/tex/generic/ltxcmds/ltxcmds.sty
Package: ltxcmds 2019/12/15 v1.24 LaTeX kernel commands for general use (HO)
) (/usr/share/texlive/texmf-dist/tex/generic/kvsetkeys/kvsetkeys.sty
Package: kvsetkeys 2019/12/15 v1.18 Key value parser (HO)
)) (/usr/share/texlive/texmf-dist/tex/latex/pdftexcmds/pdftexcmds.sty
Package: pdftexcmds 2019/11/24 v0.31 Utility functions of pdfTeX for LuaTeX (HO)
 (/usr/share/texlive/texmf-dist/tex/generic/iftex/iftex.sty
Package: iftex 2019/11/07 v1.0c TeX engine tests
)
Package pdftexcmds Info: \pdf@primitive is available.
Package pdftexcmds Info: \pdf@ifprimitive is available.
Package pdftexcmds Info: \pdfdraftmode found.
) (/usr/share/texlive/texmf-dist/tex/latex/epstopdf-pkg/epstopdf-base.sty
Package: epstopdf-base 2020-01-24 v2.11 Base part for package epstopdf


Package epstopdf Warning: No graphics package `graphic{s,x}' loaded.

))) (/usr/share/texlive/texmf-dist/tex/latex/base/alltt.sty
Package: alltt 1997/06/16 v2.0g defines alltt environment
) (/usr/share/texlive/texmf-dist/tex/latex/underscore/underscore.sty
Package: underscore 2006/09/13
LaTeX Info: Redefining \_ on input line 42.
) (/usr/share/texlive/texmf-dist/tex/latex/base/inputenc.sty
Package: inputenc 2018/08/11 v1.3c Input encoding file
\inpenc@prehook=\toks15
\inpenc@posthook=\toks16
) (/usr/share/texlive/texmf-dist/tex/generic/babel/babel.sty
Package: babel 2020/02/14 3.40 The Babel package
 (/usr/share/texlive/texmf-dist/tex/generic/babel/switch.def
File: switch.def 2020/02/14 3.40 Babel switching mechanism
) (/usr/share/texlive/texmf-dist/tex/generic/babel-spanish/spanish.ldf
Language: spanish.ldf 2016/03/03 v5.0p Spanish support from the babel system
 (/usr/share/texlive/texmf-dist/tex/generic/babel/babel.def
File: babel.def 2020/02/14 3.40 Babel common definitions
\babel@savecnt=\count175
\U@D=\dimen135
 (/usr/share/texlive/texmf-dist/tex/generic/babel/txtbabel.def)
\bbl@readstream=\read2
\bbl@dirlevel=\count176
)
\es@quottoks=\toks17
\es@quotdepth=\count177
Package babel Info: Making " an active character on input line 561.
Package babel Info: Making . an active character on input line 662.
Package babel Info: Making < an active character on input line 707.
Package babel Info: Making > an active character on input line 707.
Package babel Info: Making ' an active character on input line 725.
)) (/usr/share/texlive/texmf-dist/tex/latex/tools/verbatim.sty
Package: verbatim 2019/11/10 v1.5r LaTeX2e package for verbatim enhancements
\every@verbatim=\toks18
\verbatim@line=\toks19
\verbatim@in@stream=\read3
) (/usr/share/texlive/texmf-dist/tex/latex/graphics/graphicx.sty
Package: graphicx 2019/11/30 v1.2a Enhanced LaTeX Graphics (DPC,SPQR)
 (/usr/share/texlive/texmf-dist/tex/latex/graphics/graphics.sty
Package: graphics 2019/11/30 v1.4a Standard LaTeX Graphics (DPC,SPQR)
 (/usr/share/texlive/texmf-dist/tex/latex/graphics/trig.sty
Package: trig 2016/01/03 v1.10 sin cos tan (DPC)
) (/usr/share/texlive/texmf-dist/tex/latex/graphics-cfg/graphics.cfg
File: graphics.cfg 2016/06/04 v1.11 sample graphics configuration
)
Package graphics Info: Driver file: pdftex.def on input line 105.
 (/usr/share/texlive/texmf-dist/tex/latex/graphics-def/pdftex.def
File: pdftex.def 2018/01/08 v1.0l Graphics/color driver for pdftex
))
\Gin@req@height=\dimen136
\Gin@req@width=\dimen137
) (/usr/share/texlive/texmf-dist/tex/latex/ae/ae.sty
Package: ae 2001/02/12 1.3 Almost European Computer Modern
 (/usr/share/texlive/texmf-dist/tex/latex/base/fontenc.sty
Package: fontenc 2020/02/11 v2.0o Standard LaTeX package
)) (/usr/share/texlive/texmf-dist/tex/latex/amsmath/amsmath.sty
Package: amsmath 2020/01/20 v2.17e AMS math features
\@mathmargin=\skip50

For additional information on amsmath, use the `?' option.
(/usr/share/texlive/texmf-dist/tex/latex/amsmath/amstext.sty
Package: amstext 2000/06/29 v2.01 AMS text
 (/usr/share/texlive/texmf-dist/tex/latex/amsmath/amsgen.sty
File: amsgen.sty 1999/11/30 v2.0 generic functions
\@emptytoks=\toks20
\ex@=\dimen138
)) (/usr/share/texlive/texmf-dist/tex/latex/amsmath/amsbsy.sty
Package: amsbsy 1999/11/29 v1.2d Bold Symbols
\pmbraise@=\dimen139
) (/usr/share/texlive/texmf-dist/tex/latex/amsmath/amsopn.sty
Package: amsopn 2016/03/08 v2.02 operator names
)
\inf@bad=\count178
LaTeX Info: Redefining \frac on input line 227.
\uproot@=\count179
\leftroot@=\count180
LaTeX Info: Redefining \overline on input line 389.
\classnum@=\count181
\DOTSCASE@=\count182
LaTeX Info: Redefining \ldots on input line 486.
LaTeX Info: Redefining \dots on input line 489.
LaTeX Info: Redefining \cdots on input line 610.
\Mathstrutbox@=\box45
\strutbox@=\box46
\big@size=\dimen140
LaTeX Font Info:    Redeclaring font encoding OML on input line 733.
LaTeX Font Info:    Redeclaring font encoding OMS on input line 734.
\macc@depth=\count183
\c@MaxMatrixCols=\count184
\dotsspace@=\muskip16
\c@parentequation=\count185
\dspbrk@lvl=\count186
\tag@help=\toks21
\row@=\count187
\column@=\count188
\maxfields@=\count189
\andhelp@=\toks22
\eqnshift@=\dimen141
\alignsep@=\dimen142
\tagshift@=\dimen143
\tagwidth@=\dimen144
\totwidth@=\dimen145
\lineht@=\dimen146
\@envbody=\toks23
\multlinegap=\skip51
\multlinetaggap=\skip52
\mathdisplay@stack=\toks24
LaTeX Info: Redefining \[ on input line 2859.
LaTeX Info: Redefining \] on input line 2860.
) (/usr/share/texlive/texmf-dist/tex/latex/amsfonts/amsfonts.sty
Package: amsfonts 2013/01/14 v3.01 Basic AMSFonts support
\symAMSa=\mathgroup4
\symAMSb=\mathgroup5
LaTeX Font Info:    Redeclaring math symbol \hbar on input line 98.
LaTeX Font Info:    Overwriting math alphabet `\mathfrak' in version `bold'
(Font)                  U/euf/m/n --> U/euf/b/n on input line 106.
) (/usr/share/texlive/texmf-dist/tex/latex/pdflscape/pdflscape.sty
Package: pdflscape 2019/12/05 v0.12 Display of landscape pages in PDF (HO)
 (/usr/share/texlive/texmf-dist/tex/latex/graphics/lscape.sty
Package: lscape 2000/10/22 v3.01 Landscape Pages (DPC)
)
Package pdflscape Info: Auto-detected driver: pdftex on input line 81.
) (/usr/share/texlive/texmf-dist/tex/latex/inconsolata/inconsolata.sty
Package: inconsolata 2019/05/17 v1.12
 `inconsolata-zi4' v1.12, 2019/05/17 Text macros for Inconsolata (msharpe) (/usr/share/texlive/texmf-dist/tex/latex/base/textcomp.sty
Package: textcomp 2020/02/02 v2.0n Standard LaTeX package
) (/usr/share/texlive/texmf-dist/tex/latex/xkeyval/xkeyval.sty
Package: xkeyval 2014/12/03 v2.7a package option processing (HA)
 (/usr/share/texlive/texmf-dist/tex/generic/xkeyval/xkeyval.tex (/usr/share/texlive/texmf-dist/tex/generic/xkeyval/xkvutils.tex
\XKV@toks=\toks25
\XKV@tempa@toks=\toks26
)
\XKV@depth=\count190
File: xkeyval.tex 2014/12/03 v2.7a key=value parser (HA)
))
\zifour@ocount=\count191
) (/usr/share/texlive/texmf-dist/tex/latex/url/url.sty
\Urlmuskip=\muskip17
Package: url 2013/09/16  ver 3.4  Verb mode for urls, etc.
) (/usr/share/texlive/texmf-dist/tex/latex/hyperref/hyperref.sty
Package: hyperref 2020/01/14 v7.00d Hypertext links for LaTeX
 (/usr/share/texlive/texmf-dist/tex/generic/pdfescape/pdfescape.sty
Package: pdfescape 2019/12/09 v1.15 Implements pdfTeX's escape features (HO)
) (/usr/share/texlive/texmf-dist/tex/latex/hycolor/hycolor.sty
Package: hycolor 2020-01-27 v1.10 Color options for hyperref/bookmark (HO)
) (/usr/share/texlive/texmf-dist/tex/latex/letltxmacro/letltxmacro.sty
Package: letltxmacro 2019/12/03 v1.6 Let assignment for LaTeX macros (HO)
) (/usr/share/texlive/texmf-dist/tex/latex/auxhook/auxhook.sty
Package: auxhook 2019-12-17 v1.6 Hooks for auxiliary files (HO)
)
\@linkdim=\dimen147
\Hy@linkcounter=\count192
\Hy@pagecounter=\count193
 (/usr/share/texlive/texmf-dist/tex/latex/hyperref/pd1enc.def
File: pd1enc.def 2020/01/14 v7.00d Hyperref: PDFDocEncoding definition (HO)
Now handling font encoding PD1 ...
... no UTF-8 mapping file for font encoding PD1
) (/usr/share/texlive/texmf-dist/tex/generic/intcalc/intcalc.sty
Package: intcalc 2019/12/15 v1.3 Expandable calculations with integers (HO)
) (/usr/share/texlive/texmf-dist/tex/generic/etexcmds/etexcmds.sty
Package: etexcmds 2019/12/15 v1.7 Avoid name clashes with e-TeX commands (HO)
)
\Hy@SavedSpaceFactor=\count194
\pdfmajorversion=\count195
Package hyperref Info: Hyper figures OFF on input line 4547.
Package hyperref Info: Link nesting OFF on input line 4552.
Package hyperref Info: Hyper index ON on input line 4555.
Package hyperref Info: Plain pages OFF on input line 4562.
Package hyperref Info: Backreferencing OFF on input line 4567.
Package hyperref Info: Implicit mode ON; LaTeX internals redefined.
Package hyperref Info: Bookmarks ON on input line 4800.
\c@Hy@tempcnt=\count196
LaTeX Info: Redefining \url on input line 5159.
\XeTeXLinkMargin=\dimen148
 (/usr/share/texlive/texmf-dist/tex/generic/bitset/bitset.sty
Package: bitset 2019/12/09 v1.3 Handle bit-vector datatype (HO)
 (/usr/share/texlive/texmf-dist/tex/generic/bigintcalc/bigintcalc.sty
Package: bigintcalc 2019/12/15 v1.5 Expandable calculations on big integers (HO)
))
\Fld@menulength=\count197
\Field@Width=\dimen149
\Fld@charsize=\dimen150
Package hyperref Info: Hyper figures OFF on input line 6430.
Package hyperref Info: Link nesting OFF on input line 6435.
Package hyperref Info: Hyper index ON on input line 6438.
Package hyperref Info: backreferencing OFF on input line 6445.
Package hyperref Info: Link coloring OFF on input line 6450.
Package hyperref Info: Link coloring with OCG OFF on input line 6455.
Package hyperref Info: PDF/A mode OFF on input line 6460.
LaTeX Info: Redefining \ref on input line 6500.
LaTeX Info: Redefining \pageref on input line 6504.
 (/usr/share/texlive/texmf-dist/tex/generic/atbegshi/atbegshi.sty
Package: atbegshi 2019/12/05 v1.19 At begin shipout hook (HO)
)
\Hy@abspage=\count198
\c@Item=\count199
\c@Hfootnote=\count266
)
Package hyperref Info: Driver (autodetected): hpdftex.
 (/usr/share/texlive/texmf-dist/tex/latex/hyperref/hpdftex.def
File: hpdftex.def 2020/01/14 v7.00d Hyperref driver for pdfTeX
 (/usr/share/texlive/texmf-dist/tex/latex/atveryend/atveryend.sty
Package: atveryend 2019-12-11 v1.11 Hooks at the very end of document (HO)
Package atveryend Info: \enddocument detected (standard20110627).
)
\Fld@listcount=\count267
\c@bookmark@seq@number=\count268
 (/usr/share/texlive/texmf-dist/tex/latex/rerunfilecheck/rerunfilecheck.sty
Package: rerunfilecheck 2019/12/05 v1.9 Rerun checks for auxiliary files (HO)
 (/usr/share/texlive/texmf-dist/tex/generic/uniquecounter/uniquecounter.sty
Package: uniquecounter 2019/12/15 v1.4 Provide unlimited unique counter (HO)
)
Package uniquecounter Info: New unique counter `rerunfilecheck' on input line 286.
)
\Hy@SectionHShift=\skip53
) (/usr/share/texlive/texmf-dist/tex/latex/listings/listings.sty
\lst@mode=\count269
\lst@gtempboxa=\box47
\lst@token=\toks27
\lst@length=\count270
\lst@currlwidth=\dimen151
\lst@column=\count271
\lst@pos=\count272
\lst@lostspace=\dimen152
\lst@width=\dimen153
\lst@newlines=\count273
\lst@lineno=\count274
\lst@maxwidth=\dimen154
 (/usr/share/texlive/texmf-dist/tex/latex/listings/lstmisc.sty
File: lstmisc.sty 2019/09/10 1.8c (Carsten Heinz)
\c@lstnumber=\count275
\lst@skipnumbers=\count276
\lst@framebox=\box48
) (/usr/share/texlive/texmf-dist/tex/latex/listings/listings.cfg
File: listings.cfg 2019/09/10 1.8c listings configuration
))
Package: listings 2019/09/10 1.8c (Carsten Heinz)
 (/usr/share/texlive/texmf-dist/tex/latex/placeins/placeins.sty
Package: placeins 2005/04/18  v 2.2
) (/usr/share/texlive/texmf-dist/tex/latex/footmisc/footmisc.sty
Package: footmisc 2011/06/06 v5.5b a miscellany of footnote facilities
\FN@temptoken=\toks28
\footnotemargin=\dimen155
\c@pp@next@reset=\count277
Package footmisc Info: Declaring symbol style bringhurst on input line 855.
Package footmisc Info: Declaring symbol style chicago on input line 863.
Package footmisc Info: Declaring symbol style wiley on input line 872.
Package footmisc Info: Declaring symbol style lamport-robust on input line 883.
Package footmisc Info: Declaring symbol style lamport* on input line 903.
Package footmisc Info: Declaring symbol style lamport*-robust on input line 924.
) (/usr/share/texlive/texmf-dist/tex/latex/minted/minted.sty
Package: minted 2017/07/19 v2.5 Yet another Pygments shim for LaTeX
 (/usr/share/texlive/texmf-dist/tex/latex/fvextra/fvextra.sty
Package: fvextra 2019/02/04 v1.4 fvextra - extensions and patches for fancyvrb
 (/usr/share/texlive/texmf-dist/tex/latex/base/ifthen.sty
Package: ifthen 2014/09/29 v1.1c Standard LaTeX ifthen package (DPC)
) (/usr/share/texlive/texmf-dist/tex/latex/etoolbox/etoolbox.sty
Package: etoolbox 2019/09/21 v2.5h e-TeX tools for LaTeX (JAW)
\etb@tempcnta=\count278
) (/usr/share/texlive/texmf-dist/tex/latex/fancyvrb/fancyvrb.sty
Package: fancyvrb 2020/01/13 v3.5 verbatim text (tvz,hv)
\FV@CodeLineNo=\count279
\FV@InFile=\read4
\FV@TabBox=\box49
\c@FancyVerbLine=\count280
\FV@StepNumber=\count281
\FV@OutFile=\write3
) (/usr/share/texlive/texmf-dist/tex/latex/upquote/upquote.sty
Package: upquote 2012/04/19 v1.3 upright-quote and grave-accent glyphs in verbatim
) (/usr/share/texlive/texmf-dist/tex/latex/lineno/lineno.sty
Package: lineno 2005/11/02 line numbers on paragraphs v4.41
\linenopenalty=\count282
\output=\toks29
\linenoprevgraf=\count283
\linenumbersep=\dimen156
\linenumberwidth=\dimen157
\c@linenumber=\count284
\c@pagewiselinenumber=\count285
\c@LN@truepage=\count286
\c@internallinenumber=\count287
\c@internallinenumbers=\count288
\quotelinenumbersep=\dimen158
\bframerule=\dimen159
\bframesep=\dimen160
\bframebox=\box50
LaTeX Info: Redefining \\ on input line 3056.
)
\c@FV@TrueTabGroupLevel=\count289
\c@FV@TrueTabCounter=\count290
\FV@TabBox@Group=\box51
\FV@TmpLength=\skip54
\c@FV@HighlightLinesStart=\count291
\c@FV@HighlightLinesStop=\count292
\FV@LoopCount=\count293
\FV@NCharsBox=\box52
\FV@BreakIndent=\dimen161
\FV@BreakIndentNChars=\count294
\FV@BreakSymbolSepLeft=\dimen162
\FV@BreakSymbolSepLeftNChars=\count295
\FV@BreakSymbolSepRight=\dimen163
\FV@BreakSymbolSepRightNChars=\count296
\FV@BreakSymbolIndentLeft=\dimen164
\FV@BreakSymbolIndentLeftNChars=\count297
\FV@BreakSymbolIndentRight=\dimen165
\FV@BreakSymbolIndentRightNChars=\count298
\c@FancyVerbLineBreakLast=\count299
\FV@LineBox=\box53
\FV@LineIndentBox=\box54
\FV@LineWidth=\dimen166
) (/usr/share/texlive/texmf-dist/tex/latex/tools/calc.sty
Package: calc 2017/05/25 v4.3 Infix arithmetic (KKT,FJ)
\calc@Acount=\count300
\calc@Bcount=\count301
\calc@Adimen=\dimen167
\calc@Bdimen=\dimen168
\calc@Askip=\skip55
\calc@Bskip=\skip56
LaTeX Info: Redefining \setlength on input line 80.
LaTeX Info: Redefining \addtolength on input line 81.
\calc@Ccount=\count302
\calc@Cskip=\skip57
) (/usr/share/texlive/texmf-dist/tex/latex/tools/shellesc.sty
Package: shellesc 2019/11/08 v1.0c unified shell escape interface for LaTeX
Package shellesc Info: Unrestricted shell escape enabled on input line 75.
) (/usr/share/texlive/texmf-dist/tex/latex/ifplatform/ifplatform.sty
Package: ifplatform 2017/10/13 v0.4a Testing for the operating system
 (/usr/share/texlive/texmf-dist/tex/generic/catchfile/catchfile.sty
Package: catchfile 2019/12/09 v1.8 Catch the contents of a file (HO)
) (/usr/share/texlive/texmf-dist/tex/generic/iftex/ifluatex.sty
Package: ifluatex 2019/10/25 v1.5 ifluatex legacy package. Use iftex instead.
)
runsystem(uname -s > "informe.w18")...executed.

 (/home/kuky_nekoi/Documents/Sources/Utalca/UTAL/ComputerScience/(2020-1)-Information_Security/Laboratorio 3/informe.w18)
runsystem(rm -- "informe.w18")...executed.

) (/usr/share/texlive/texmf-dist/tex/generic/xstring/xstring.sty (/usr/share/texlive/texmf-dist/tex/generic/xstring/xstring.tex
\integerpart=\count303
\decimalpart=\count304
)
Package: xstring 2019/02/06 v1.83 String manipulations (CT)
) (/usr/share/texlive/texmf-dist/tex/latex/framed/framed.sty
Package: framed 2011/10/22 v 0.96: framed or shaded text with page breaks
\OuterFrameSep=\skip58
\fb@frw=\dimen169
\fb@frh=\dimen170
\FrameRule=\dimen171
\FrameSep=\dimen172
) (/usr/share/texlive/texmf-dist/tex/latex/float/float.sty
Package: float 2001/11/08 v1.3d Float enhancements (AL)
\c@float@type=\count305
\float@exts=\toks30
\float@box=\box55
\@float@everytoks=\toks31
\@floatcapt=\box56
)
\minted@appexistsfile=\read5
\minted@bgbox=\box57
\minted@code=\write4
\c@minted@FancyVerbLineTemp=\count306
\c@minted@pygmentizecounter=\count307
\@float@every@listing=\toks32
\c@listing=\count308
)
runsystem(mkdir -p _minted-informe)...executed.

 (/usr/share/texlive/texmf-dist/tex/latex/tools/multicol.sty
Package: multicol 2019/12/09 v1.8y multicolumn formatting (FMi)
\c@tracingmulticols=\count309
\mult@box=\box58
\multicol@leftmargin=\dimen173
\c@unbalance=\count310
\c@collectmore=\count311
\doublecol@number=\count312
\multicoltolerance=\count313
\multicolpretolerance=\count314
\full@width=\dimen174
\page@free=\dimen175
\premulticols=\dimen176
\postmulticols=\dimen177
\multicolsep=\skip59
\multicolbaselineskip=\skip60
\partial@page=\box59
\last@line=\box60
\maxbalancingoverflow=\dimen178
\mult@rightbox=\box61
\mult@grightbox=\box62
\mult@gfirstbox=\box63
\mult@firstbox=\box64
\@tempa=\box65
\@tempa=\box66
\@tempa=\box67
\@tempa=\box68
\@tempa=\box69
\@tempa=\box70
\@tempa=\box71
\@tempa=\box72
\@tempa=\box73
\@tempa=\box74
\@tempa=\box75
\@tempa=\box76
\@tempa=\box77
\@tempa=\box78
\@tempa=\box79
\@tempa=\box80
\@tempa=\box81
\@tempa=\box82
\@tempa=\box83
\@tempa=\box84
\@tempa=\box85
\@tempa=\box86
\@tempa=\box87
\@tempa=\box88
\@tempa=\box89
\@tempa=\box90
\@tempa=\box91
\@tempa=\box92
\@tempa=\box93
\@tempa=\box94
\@tempa=\box95
\@tempa=\box96
\@tempa=\box97
\@tempa=\box98
\@tempa=\box99
\@tempa=\box100
\@tempa=\box101
\c@minrows=\count315
\c@columnbadness=\count316
\c@finalcolumnbadness=\count317
\last@try=\dimen179
\multicolovershoot=\dimen180
\multicolundershoot=\dimen181
\mult@nat@firstbox=\box102
\colbreak@box=\box103
\mc@col@check@num=\count318
) (/usr/share/texlive/texmf-dist/tex/latex/csquotes/csquotes.sty
Package: csquotes 2019-12-06 v5.2j context-sensitive quotations (JAW)
\csq@reset=\count319
\csq@gtype=\count320
\csq@glevel=\count321
\csq@qlevel=\count322
\csq@maxlvl=\count323
\csq@tshold=\count324
\csq@ltx@everypar=\toks33
 (/usr/share/texlive/texmf-dist/tex/latex/csquotes/csquotes.def
File: csquotes.def 2019-12-06 v5.2j csquotes generic definitions (JAW)
)
Package csquotes Info: Trying to load configuration file 'csquotes.cfg'...
Package csquotes Info: ... configuration file loaded successfully.
 (/usr/share/texlive/texmf-dist/tex/latex/csquotes/csquotes.cfg
File: csquotes.cfg 
)) (/usr/share/texlive/texmf-dist/tex/latex/xcolor/xcolor.sty
Package: xcolor 2016/05/11 v2.12 LaTeX color extensions (UK)
 (/usr/share/texlive/texmf-dist/tex/latex/graphics-cfg/color.cfg
File: color.cfg 2016/01/02 v1.6 sample color configuration
)
Package xcolor Info: Driver file: pdftex.def on input line 225.
Package xcolor Info: Model `cmy' substituted by `cmy0' on input line 1348.
Package xcolor Info: Model `hsb' substituted by `rgb' on input line 1352.
Package xcolor Info: Model `RGB' extended on input line 1364.
Package xcolor Info: Model `HTML' substituted by `rgb' on input line 1366.
Package xcolor Info: Model `Hsb' substituted by `hsb' on input line 1367.
Package xcolor Info: Model `tHsb' substituted by `hsb' on input line 1368.
Package xcolor Info: Model `HSB' substituted by `hsb' on input line 1369.
Package xcolor Info: Model `Gray' substituted by `gray' on input line 1370.
Package xcolor Info: Model `wave' substituted by `hsb' on input line 1371.
)
runsystem(which pygmentize && touch informe.aex)...executed.

runsystem(rm informe.aex)...executed.

Package csquotes Info: Checking for multilingual support...
Package csquotes Info: ... found 'babel' package.
Package csquotes Info: Adjusting default style.
Package csquotes Info: Redefining alias 'default' -> 'spanish'.
 (/usr/share/texlive/texmf-dist/tex/latex/l3backend/l3backend-pdfmode.def
File: l3backend-pdfmode.def 2020-02-03 L3 backend support: PDF mode
\l__kernel_color_stack_int=\count325
\l__pdf_internal_box=\box104
) (/home/kuky_nekoi/Documents/Sources/Utalca/UTAL/ComputerScience/(2020-1)-Information_Security/Laboratorio 3/informe.aux
LaTeX Info: Redefining \. on input line 26.
LaTeX Info: Redefining \% on input line 26.
)
\openout1 = `informe.aux'.

LaTeX Font Info:    Checking defaults for OML/cmm/m/it on input line 27.
LaTeX Font Info:    ... okay on input line 27.
LaTeX Font Info:    Checking defaults for OMS/cmsy/m/n on input line 27.
LaTeX Font Info:    ... okay on input line 27.
LaTeX Font Info:    Checking defaults for OT1/cmr/m/n on input line 27.
LaTeX Font Info:    ... okay on input line 27.
LaTeX Font Info:    Checking defaults for T1/cmr/m/n on input line 27.
LaTeX Font Info:    ... okay on input line 27.
LaTeX Font Info:    Checking defaults for TS1/cmr/m/n on input line 27.
LaTeX Font Info:    ... okay on input line 27.
LaTeX Font Info:    Checking defaults for OMX/cmex/m/n on input line 27.
LaTeX Font Info:    ... okay on input line 27.
LaTeX Font Info:    Checking defaults for U/cmr/m/n on input line 27.
LaTeX Font Info:    ... okay on input line 27.
LaTeX Font Info:    Checking defaults for PD1/pdf/m/n on input line 27.
LaTeX Font Info:    ... okay on input line 27.
LaTeX Font Info:    Trying to load font information for T1+aer on input line 27.
 (/usr/share/texlive/texmf-dist/tex/latex/ae/t1aer.fd
File: t1aer.fd 1997/11/16 Font definitions for T1/aer.
)
LaTeX Info: Redefining \. on input line 27.
LaTeX Info: Redefining \% on input line 27.
 (/usr/share/texlive/texmf-dist/tex/context/base/mkii/supp-pdf.mkii
[Loading MPS to PDF converter (version 2006.09.02).]
\scratchcounter=\count326
\scratchdimen=\dimen182
\scratchbox=\box105
\nofMPsegments=\count327
\nofMParguments=\count328
\everyMPshowfont=\toks34
\MPscratchCnt=\count329
\MPscratchDim=\dimen183
\MPnumerator=\count330
\makeMPintoPDFobject=\count331
\everyMPtoPDFconversion=\toks35
)
\AtBeginShipoutBox=\box106
Package hyperref Info: Link coloring OFF on input line 27.
 (/usr/share/texlive/texmf-dist/tex/latex/hyperref/nameref.sty
Package: nameref 2019/09/16 v2.46 Cross-referencing by name of section
 (/usr/share/texlive/texmf-dist/tex/latex/refcount/refcount.sty
Package: refcount 2019/12/15 v3.6 Data extraction from label references (HO)
) (/usr/share/texlive/texmf-dist/tex/generic/gettitlestring/gettitlestring.sty
Package: gettitlestring 2019/12/15 v1.6 Cleanup title references (HO)
)
\c@section@level=\count332
)
LaTeX Info: Redefining \ref on input line 27.
LaTeX Info: Redefining \pageref on input line 27.
LaTeX Info: Redefining \nameref on input line 27.
 (/home/kuky_nekoi/Documents/Sources/Utalca/UTAL/ComputerScience/(2020-1)-Information_Security/Laboratorio 3/informe.out) (/home/kuky_nekoi/Documents/Sources/Utalca/UTAL/ComputerScience/(2020-1)-Information_Security/Laboratorio 3/informe.out)
\@outlinefile=\write5
\openout5 = `informe.out'.

\c@lstlisting=\count333
LaTeX Font Info:    Trying to load font information for U+msa on input line 29.
 (/usr/share/texlive/texmf-dist/tex/latex/amsfonts/umsa.fd
File: umsa.fd 2013/01/14 v3.01 AMS symbols A
)
LaTeX Font Info:    Trying to load font information for U+msb on input line 29.
 (/usr/share/texlive/texmf-dist/tex/latex/amsfonts/umsb.fd
File: umsb.fd 2013/01/14 v3.01 AMS symbols B
)
<utalca.pdf, id=80, 41.15375pt x 40.15pt>
File: utalca.pdf Graphic file (type pdf)
<use utalca.pdf>
Package pdftex.def Info: utalca.pdf  used on input line 29.
(pdftex.def)             Requested size: 41.15364pt x 40.14989pt.

Overfull \hbox (163.46658pt too wide) has occurred while \output is active
\T1/aer/m/sc/14.4 Universidad  de  Talca 
 []


Overfull \hbox (173.22981pt too wide) has occurred while \output is active
\T1/aer/m/sc/14.4 Facultad  de  Ingeniería 
 []


Overfull \hbox (290.62515pt too wide) has occurred while \output is active
\T1/aer/m/sc/12 Departamento  de  Ciencias  de  la  Computación 
 []

[1{/var/lib/texmf/fonts/map/pdftex/updmap/pdftex.map}

 </home/kuky_nekoi/Documents/Sources/Utalca/UTAL/ComputerScience/(2020-1)-Information_Security/Laboratorio 3/utalca.pdf>] (/home/kuky_nekoi/Documents/Sources/Utalca/UTAL/ComputerScience/(2020-1)-Information_Security/Laboratorio 3/informe.toc
LaTeX Info: Redefining \. on input line 1.
LaTeX Info: Redefining \% on input line 1.
LaTeX Font Info:    Trying to load font information for T1+zi4 on input line 4.
 (/usr/share/texlive/texmf-dist/tex/latex/inconsolata/t1zi4.fd
File: t1zi4.fd 2018/01/14 T1/zi4 (Inconsolata)
)
LaTeX Font Info:    Font shape `T1/zi4/m/n' will be
(Font)              scaled to size 10.95pt on input line 4.
)
\tf@toc=\write6
\openout6 = `informe.toc'.

 [2]
LaTeX Font Info:    Font shape `T1/zi4/b/n' will be
(Font)              scaled to size 10.95pt on input line 36.
<images/command1/base.png, id=122, 946.53625pt x 983.675pt>
File: images/command1/base.png Graphic file (type png)
<use images/command1/base.png>
Package pdftex.def Info: images/command1/base.png  used on input line 40.
(pdftex.def)             Requested size: 93.94957pt x 97.62277pt.
<images/command1/result1.png, id=124, 948.54375pt x 1034.86626pt>
File: images/command1/result1.png Graphic file (type png)
<use images/command1/result1.png>
Package pdftex.def Info: images/command1/result1.png  used on input line 41.
(pdftex.def)             Requested size: 93.94957pt x 102.49786pt.
<images/command1/result2.png, id=125, 951.555pt x 1032.85875pt>
File: images/command1/result2.png Graphic file (type png)
<use images/command1/result2.png>
Package pdftex.def Info: images/command1/result2.png  used on input line 42.
(pdftex.def)             Requested size: 93.94957pt x 101.96806pt.
<images/command1/result3.png, id=126, 949.5475pt x 1034.86626pt>
File: images/command1/result3.png Graphic file (type png)
<use images/command1/result3.png>
Package pdftex.def Info: images/command1/result3.png  used on input line 43.
(pdftex.def)             Requested size: 93.94957pt x 102.38733pt.
<images/command2/base.png, id=127, 951.555pt x 1034.86626pt>
File: images/command2/base.png Graphic file (type png)
<use images/command2/base.png>
Package pdftex.def Info: images/command2/base.png  used on input line 53.
(pdftex.def)             Requested size: 93.94957pt x 102.16626pt.
<images/command2/result1.png, id=128, 947.54pt x 1031.855pt>
File: images/command2/result1.png Graphic file (type png)
<use images/command2/result1.png>
Package pdftex.def Info: images/command2/result1.png  used on input line 54.
(pdftex.def)             Requested size: 93.94957pt x 102.30983pt.
<images/command2/result2.png, id=129, 947.54pt x 1029.8475pt>
File: images/command2/result2.png Graphic file (type png)
<use images/command2/result2.png>
Package pdftex.def Info: images/command2/result2.png  used on input line 55.
(pdftex.def)             Requested size: 93.94957pt x 102.11078pt.
<images/command2/result3.png, id=130, 947.54pt x 1030.85126pt>
File: images/command2/result3.png Graphic file (type png)
<use images/command2/result3.png>
Package pdftex.def Info: images/command2/result3.png  used on input line 56.
(pdftex.def)             Requested size: 93.94957pt x 102.21031pt.
<images/command3/base.png, id=131, 944.52875pt x 1032.85875pt>
File: images/command3/base.png Graphic file (type png)
<use images/command3/base.png>
Package pdftex.def Info: images/command3/base.png  used on input line 67.
(pdftex.def)             Requested size: 93.94957pt x 102.72455pt.
<images/command3/result1.png, id=132, 950.55125pt x 1032.85875pt>
File: images/command3/result1.png Graphic file (type png)
<use images/command3/result1.png>
Package pdftex.def Info: images/command3/result1.png  used on input line 68.
(pdftex.def)             Requested size: 93.94957pt x 102.07838pt.
<images/command3/result2.png, id=133, 950.55125pt x 1033.8625pt>
File: images/command3/result2.png Graphic file (type png)
<use images/command3/result2.png>
Package pdftex.def Info: images/command3/result2.png  used on input line 69.
(pdftex.def)             Requested size: 93.94957pt x 102.1776pt.
<images/command3/result3.png, id=134, 946.53625pt x 1029.8475pt>
File: images/command3/result3.png Graphic file (type png)
<use images/command3/result3.png>
Package pdftex.def Info: images/command3/result3.png  used on input line 70.
(pdftex.def)             Requested size: 93.94957pt x 102.20506pt.
 [3pdfTeX warning (ext4): destination with the same identifier (name{figure.1}) has been already used, duplicate ignored

\AtBegShi@Output ...ipout \box \AtBeginShipoutBox 
                                                  \fi \fi 
l.75 
     pdfTeX warning (ext4): destination with the same identifier (name{figure.2}) has been already used, duplicate ignored

\AtBegShi@Output ...ipout \box \AtBeginShipoutBox 
                                                  \fi \fi 
l.75 
      </home/kuky_nekoi/Documents/Sources/Utalca/UTAL/ComputerScience/(2020-1)-Information_Security/Laboratorio 3/images/command1/base.png> </home/kuky_nekoi/Documents/Sources/Utalca/UTAL/ComputerScience/(2020-1)-Information_Security/Laboratorio 3/images/command1/result1.png> </home/kuky_nekoi/Documents/Sources/Utalca/UTAL/ComputerScience/(2020-1)-Information_Security/Laboratorio 3/images/command1/result2.png> </home/kuky_nekoi/Documents/Sources/Utalca/UTAL/ComputerScience/(2020-1)-Information_Security/Laboratorio 3/images/command1/result3.png> </home/kuky_nekoi/Documents/Sources/Utalca/UTAL/ComputerScience/(2020-1)-Information_Security/Laboratorio 3/images/command2/base.png> </home/kuky_nekoi/Documents/Sources/Utalca/UTAL/ComputerScience/(2020-1)-Information_Security/Laboratorio 3/images/command2/result1.png> </home/kuky_nekoi/Documents/Sources/Utalca/UTAL/ComputerScience/(2020-1)-Information_Security/Laboratorio 3/images/command2/result2.png> </home/kuky_nekoi/Documents/Sources/Utalca/UTAL/ComputerScience/(2020-1)-Information_Security/Laboratorio 3/images/command2/result3.png>]
<images/command4/base.png, id=152, 952.55875pt x 1035.87pt>
File: images/command4/base.png Graphic file (type png)
<use images/command4/base.png>
Package pdftex.def Info: images/command4/base.png  used on input line 81.
(pdftex.def)             Requested size: 93.94957pt x 102.15471pt.
<images/command4/result1.png, id=153, 944.52875pt x 1032.85875pt>
File: images/command4/result1.png Graphic file (type png)
<use images/command4/result1.png>
Package pdftex.def Info: images/command4/result1.png  used on input line 82.
(pdftex.def)             Requested size: 93.94957pt x 102.72455pt.
<images/command4/result2.png, id=154, 945.5325pt x 1032.85875pt>
File: images/command4/result2.png Graphic file (type png)
<use images/command4/result2.png>
Package pdftex.def Info: images/command4/result2.png  used on input line 83.
(pdftex.def)             Requested size: 93.94957pt x 102.61423pt.
<images/command4/result3.png, id=155, 946.53625pt x 1031.855pt>
File: images/command4/result3.png Graphic file (type png)
<use images/command4/result3.png>
Package pdftex.def Info: images/command4/result3.png  used on input line 84.
(pdftex.def)             Requested size: 93.94957pt x 102.4043pt.
<images/command5/base.png, id=156, 939.51pt x 1018.80624pt>
File: images/command5/base.png Graphic file (type png)
<use images/command5/base.png>
Package pdftex.def Info: images/command5/base.png  used on input line 94.
(pdftex.def)             Requested size: 93.94957pt x 101.87105pt.
<images/command5/result1.png, id=157, 945.5325pt x 1029.8475pt>
File: images/command5/result1.png Graphic file (type png)
<use images/command5/result1.png>
Package pdftex.def Info: images/command5/result1.png  used on input line 95.
(pdftex.def)             Requested size: 93.94957pt x 102.31506pt.
<images/command5/result2.png, id=158, 948.54375pt x 1033.8625pt>
File: images/command5/result2.png Graphic file (type png)
<use images/command5/result2.png>
Package pdftex.def Info: images/command5/result2.png  used on input line 96.
(pdftex.def)             Requested size: 93.94957pt x 102.39845pt.
<images/command5/result3.png, id=159, 952.55875pt x 1028.84375pt>
File: images/command5/result3.png Graphic file (type png)
<use images/command5/result3.png>
Package pdftex.def Info: images/command5/result3.png  used on input line 97.
(pdftex.def)             Requested size: 93.94957pt x 101.46179pt.
 [4pdfTeX warning (ext4): destination with the same identifier (name{figure.3}) has been already used, duplicate ignored

\AtBegShi@Output ...ipout \box \AtBeginShipoutBox 
                                                  \fi \fi 
l.102 
      pdfTeX warning (ext4): destination with the same identifier (name{figure.4}) has been already used, duplicate ignored

\AtBegShi@Output ...ipout \box \AtBeginShipoutBox 
                                                  \fi \fi 
l.102 
       </home/kuky_nekoi/Documents/Sources/Utalca/UTAL/ComputerScience/(2020-1)-Information_Security/Laboratorio 3/images/command3/base.png> </home/kuky_nekoi/Documents/Sources/Utalca/UTAL/ComputerScience/(2020-1)-Information_Security/Laboratorio 3/images/command3/result1.png> </home/kuky_nekoi/Documents/Sources/Utalca/UTAL/ComputerScience/(2020-1)-Information_Security/Laboratorio 3/images/command3/result2.png> </home/kuky_nekoi/Documents/Sources/Utalca/UTAL/ComputerScience/(2020-1)-Information_Security/Laboratorio 3/images/command3/result3.png> </home/kuky_nekoi/Documents/Sources/Utalca/UTAL/ComputerScience/(2020-1)-Information_Security/Laboratorio 3/images/command4/base.png> </home/kuky_nekoi/Documents/Sources/Utalca/UTAL/ComputerScience/(2020-1)-Information_Security/Laboratorio 3/images/command4/result1.png> </home/kuky_nekoi/Documents/Sources/Utalca/UTAL/ComputerScience/(2020-1)-Information_Security/Laboratorio 3/images/command4/result2.png> </home/kuky_nekoi/Documents/Sources/Utalca/UTAL/ComputerScience/(2020-1)-Information_Security/Laboratorio 3/images/command4/result3.png>]
<images/command6/base.png, id=174, 948.54375pt x 1036.87375pt>
File: images/command6/base.png Graphic file (type png)
<use images/command6/base.png>
Package pdftex.def Info: images/command6/base.png  used on input line 109.
(pdftex.def)             Requested size: 93.94957pt x 102.6967pt.
<images/command6/result1.png, id=175, 942.52126pt x 1025.8325pt>
File: images/command6/result1.png Graphic file (type png)
<use images/command6/result1.png>
Package pdftex.def Info: images/command6/result1.png  used on input line 110.
(pdftex.def)             Requested size: 93.94957pt x 102.24489pt.
<images/command6/result2.png, id=176, 950.55125pt x 1032.85875pt>
File: images/command6/result2.png Graphic file (type png)
<use images/command6/result2.png>
Package pdftex.def Info: images/command6/result2.png  used on input line 111.
(pdftex.def)             Requested size: 93.94957pt x 102.07838pt.
<images/command6/result3.png, id=177, 942.52126pt x 1030.85126pt>
File: images/command6/result3.png Graphic file (type png)
<use images/command6/result3.png>
Package pdftex.def Info: images/command6/result3.png  used on input line 112.
(pdftex.def)             Requested size: 93.94957pt x 102.7451pt.
<images/command7/base.png, id=178, 945.5325pt x 1031.855pt>
File: images/command7/base.png Graphic file (type png)
<use images/command7/base.png>
Package pdftex.def Info: images/command7/base.png  used on input line 123.
(pdftex.def)             Requested size: 93.94957pt x 102.51451pt.
<images/command7/result1.png, id=179, 947.54pt x 1028.84375pt>
File: images/command7/result1.png Graphic file (type png)
<use images/command7/result1.png>
Package pdftex.def Info: images/command7/result1.png  used on input line 124.
(pdftex.def)             Requested size: 93.94957pt x 102.01126pt.
<images/command7/result2.png, id=180, 948.54375pt x 1030.85126pt>
File: images/command7/result2.png Graphic file (type png)
<use images/command7/result2.png>
Package pdftex.def Info: images/command7/result2.png  used on input line 125.
(pdftex.def)             Requested size: 93.94957pt x 102.1002pt.
<images/command7/result3.png, id=181, 945.5325pt x 1031.855pt>
File: images/command7/result3.png Graphic file (type png)
<use images/command7/result3.png>
Package pdftex.def Info: images/command7/result3.png  used on input line 126.
(pdftex.def)             Requested size: 93.94957pt x 102.51451pt.
 [5pdfTeX warning (ext4): destination with the same identifier (name{figure.5}) has been already used, duplicate ignored

\AtBegShi@Output ...ipout \box \AtBeginShipoutBox 
                                                  \fi \fi 
l.131 
      pdfTeX warning (ext4): destination with the same identifier (name{figure.6}) has been already used, duplicate ignored

\AtBegShi@Output ...ipout \box \AtBeginShipoutBox 
                                                  \fi \fi 
l.131 
       </home/kuky_nekoi/Documents/Sources/Utalca/UTAL/ComputerScience/(2020-1)-Information_Security/Laboratorio 3/images/command5/base.png> </home/kuky_nekoi/Documents/Sources/Utalca/UTAL/ComputerScience/(2020-1)-Information_Security/Laboratorio 3/images/command5/result1.png> </home/kuky_nekoi/Documents/Sources/Utalca/UTAL/ComputerScience/(2020-1)-Information_Security/Laboratorio 3/images/command5/result2.png> </home/kuky_nekoi/Documents/Sources/Utalca/UTAL/ComputerScience/(2020-1)-Information_Security/Laboratorio 3/images/command5/result3.png> </home/kuky_nekoi/Documents/Sources/Utalca/UTAL/ComputerScience/(2020-1)-Information_Security/Laboratorio 3/images/command6/base.png> </home/kuky_nekoi/Documents/Sources/Utalca/UTAL/ComputerScience/(2020-1)-Information_Security/Laboratorio 3/images/command6/result1.png> </home/kuky_nekoi/Documents/Sources/Utalca/UTAL/ComputerScience/(2020-1)-Information_Security/Laboratorio 3/images/command6/result2.png> </home/kuky_nekoi/Documents/Sources/Utalca/UTAL/ComputerScience/(2020-1)-Information_Security/Laboratorio 3/images/command6/result3.png>]
<images/command8/base.png, id=196, 938.50626pt x 1026.83624pt>
File: images/command8/base.png Graphic file (type png)
<use images/command8/base.png>
Package pdftex.def Info: images/command8/base.png  used on input line 138.
(pdftex.def)             Requested size: 93.94957pt x 102.78365pt.
<images/command8/result1.png, id=197, 948.54375pt x 1024.82875pt>
File: images/command8/result1.png Graphic file (type png)
<use images/command8/result1.png>
Package pdftex.def Info: images/command8/result1.png  used on input line 139.
(pdftex.def)             Requested size: 93.94957pt x 101.50371pt.
<images/command8/result2.png, id=198, 944.52875pt x 1030.85126pt>
File: images/command8/result2.png Graphic file (type png)
<use images/command8/result2.png>
Package pdftex.def Info: images/command8/result2.png  used on input line 140.
(pdftex.def)             Requested size: 93.94957pt x 102.5249pt.
<images/command8/result3.png, id=199, 948.54375pt x 1032.85875pt>
File: images/command8/result3.png Graphic file (type png)
<use images/command8/result3.png>
Package pdftex.def Info: images/command8/result3.png  used on input line 141.
(pdftex.def)             Requested size: 93.94957pt x 102.29903pt.
<images/command9/base.png, id=200, 941.5175pt x 1032.85875pt>
File: images/command9/base.png Graphic file (type png)
<use images/command9/base.png>
Package pdftex.def Info: images/command9/base.png  used on input line 152.
(pdftex.def)             Requested size: 93.94957pt x 103.05551pt.
<images/command9/result1.png, id=201, 947.54pt x 1024.82875pt>
File: images/command9/result1.png Graphic file (type png)
<use images/command9/result1.png>
Package pdftex.def Info: images/command9/result1.png  used on input line 153.
(pdftex.def)             Requested size: 93.94957pt x 101.61316pt.
<images/command9/result2.png, id=202, 943.525pt x 1017.8025pt>
File: images/command9/result2.png Graphic file (type png)
<use images/command9/result2.png>
Package pdftex.def Info: images/command9/result2.png  used on input line 154.
(pdftex.def)             Requested size: 93.94957pt x 101.33583pt.
<images/command9/result3.png, id=203, 947.54pt x 1023.825pt>
File: images/command9/result3.png Graphic file (type png)
<use images/command9/result3.png>
Package pdftex.def Info: images/command9/result3.png  used on input line 155.
(pdftex.def)             Requested size: 93.94957pt x 101.51364pt.
<images/command10/base.png, id=204, 937.5025pt x 1024.82875pt>
File: images/command10/base.png Graphic file (type png)
<use images/command10/base.png>
Package pdftex.def Info: images/command10/base.png  used on input line 167.
(pdftex.def)             Requested size: 93.94957pt x 102.69215pt.
<images/command10/result1.png, id=205, 947.54pt x 1029.8475pt>
File: images/command10/result1.png Graphic file (type png)
<use images/command10/result1.png>
Package pdftex.def Info: images/command10/result1.png  used on input line 168.
(pdftex.def)             Requested size: 93.94957pt x 102.11078pt.
<images/command10/result2.png, id=206, 947.54pt x 1026.83624pt>
File: images/command10/result2.png Graphic file (type png)
<use images/command10/result2.png>
Package pdftex.def Info: images/command10/result2.png  used on input line 169.
(pdftex.def)             Requested size: 93.94957pt x 101.81221pt.
<images/command10/result3.png, id=207, 944.52875pt x 1027.84pt>
File: images/command10/result3.png Graphic file (type png)
<use images/command10/result3.png>
Package pdftex.def Info: images/command10/result3.png  used on input line 170.
(pdftex.def)             Requested size: 93.94957pt x 102.2254pt.
 [6pdfTeX warning (ext4): destination with the same identifier (name{figure.7}) has been already used, duplicate ignored

\AtBegShi@Output ...ipout \box \AtBeginShipoutBox 
                                                  \fi \fi 
l.175 
      pdfTeX warning (ext4): destination with the same identifier (name{figure.8}) has been already used, duplicate ignored

\AtBegShi@Output ...ipout \box \AtBeginShipoutBox 
                                                  \fi \fi 
l.175 
      pdfTeX warning (ext4): destination with the same identifier (name{figure.9}) has been already used, duplicate ignored

\AtBegShi@Output ...ipout \box \AtBeginShipoutBox 
                                                  \fi \fi 
l.175 
       </home/kuky_nekoi/Documents/Sources/Utalca/UTAL/ComputerScience/(2020-1)-Information_Security/Laboratorio 3/images/command7/base.png> </home/kuky_nekoi/Documents/Sources/Utalca/UTAL/ComputerScience/(2020-1)-Information_Security/Laboratorio 3/images/command7/result1.png> </home/kuky_nekoi/Documents/Sources/Utalca/UTAL/ComputerScience/(2020-1)-Information_Security/Laboratorio 3/images/command7/result2.png> </home/kuky_nekoi/Documents/Sources/Utalca/UTAL/ComputerScience/(2020-1)-Information_Security/Laboratorio 3/images/command7/result3.png> </home/kuky_nekoi/Documents/Sources/Utalca/UTAL/ComputerScience/(2020-1)-Information_Security/Laboratorio 3/images/command8/base.png> </home/kuky_nekoi/Documents/Sources/Utalca/UTAL/ComputerScience/(2020-1)-Information_Security/Laboratorio 3/images/command8/result1.png> </home/kuky_nekoi/Documents/Sources/Utalca/UTAL/ComputerScience/(2020-1)-Information_Security/Laboratorio 3/images/command8/result2.png> </home/kuky_nekoi/Documents/Sources/Utalca/UTAL/ComputerScience/(2020-1)-Information_Security/Laboratorio 3/images/command8/result3.png> </home/kuky_nekoi/Documents/Sources/Utalca/UTAL/ComputerScience/(2020-1)-Information_Security/Laboratorio 3/images/command9/base.png> </home/kuky_nekoi/Documents/Sources/Utalca/UTAL/ComputerScience/(2020-1)-Information_Security/Laboratorio 3/images/command9/result1.png> </home/kuky_nekoi/Documents/Sources/Utalca/UTAL/ComputerScience/(2020-1)-Information_Security/Laboratorio 3/images/command9/result2.png> </home/kuky_nekoi/Documents/Sources/Utalca/UTAL/ComputerScience/(2020-1)-Information_Security/Laboratorio 3/images/command9/result3.png>]
<images/command11/base.png, id=228, 939.51pt x 1027.84pt>
File: images/command11/base.png Graphic file (type png)
<use images/command11/base.png>
Package pdftex.def Info: images/command11/base.png  used on input line 181.
(pdftex.def)             Requested size: 93.94957pt x 102.77434pt.
<images/command11/result1.png, id=229, 931.48pt x 1033.8625pt>
File: images/command11/result1.png Graphic file (type png)
<use images/command11/result1.png>
Package pdftex.def Info: images/command11/result1.png  used on input line 182.
(pdftex.def)             Requested size: 93.94957pt x 104.27573pt.
<images/command11/result2.png, id=230, 933.4875pt x 1030.85126pt>
File: images/command11/result2.png Graphic file (type png)
<use images/command11/result2.png>
Package pdftex.def Info: images/command11/result2.png  used on input line 183.
(pdftex.def)             Requested size: 93.94957pt x 103.73607pt.
<images/command11/result3.png, id=231, 932.48375pt x 1031.855pt>
File: images/command11/result3.png Graphic file (type png)
<use images/command11/result3.png>
Package pdftex.def Info: images/command11/result3.png  used on input line 184.
(pdftex.def)             Requested size: 93.94957pt x 103.9473pt.
<images/command12/base.png, id=232, 930.47626pt x 978.65625pt>
File: images/command12/base.png Graphic file (type png)
<use images/command12/base.png>
Package pdftex.def Info: images/command12/base.png  used on input line 195.
(pdftex.def)             Requested size: 93.94957pt x 98.81213pt.
<images/command12/result1.png, id=233, 931.48pt x 1025.8325pt>
File: images/command12/result1.png Graphic file (type png)
<use images/command12/result1.png>
Package pdftex.def Info: images/command12/result1.png  used on input line 196.
(pdftex.def)             Requested size: 93.94957pt x 103.46582pt.
<images/command12/result2.png, id=234, 936.49875pt x 1026.83624pt>
File: images/command12/result2.png Graphic file (type png)
<use images/command12/result2.png>
Package pdftex.def Info: images/command12/result2.png  used on input line 197.
(pdftex.def)             Requested size: 93.94957pt x 103.003pt.
<images/command12/result3.png, id=235, 938.50626pt x 1025.8325pt>
File: images/command12/result3.png Graphic file (type png)
<use images/command12/result3.png>
Package pdftex.def Info: images/command12/result3.png  used on input line 198.
(pdftex.def)             Requested size: 93.94957pt x 102.68317pt.
 [7pdfTeX warning (ext4): destination with the same identifier (name{figure.10}) has been already used, duplicate ignored

\AtBegShi@Output ...ipout \box \AtBeginShipoutBox 
                                                  \fi \fi 
l.203 
      pdfTeX warning (ext4): destination with the same identifier (name{figure.11}) has been already used, duplicate ignored

\AtBegShi@Output ...ipout \box \AtBeginShipoutBox 
                                                  \fi \fi 
l.203 
       </home/kuky_nekoi/Documents/Sources/Utalca/UTAL/ComputerScience/(2020-1)-Information_Security/Laboratorio 3/images/command10/base.png> </home/kuky_nekoi/Documents/Sources/Utalca/UTAL/ComputerScience/(2020-1)-Information_Security/Laboratorio 3/images/command10/result1.png> </home/kuky_nekoi/Documents/Sources/Utalca/UTAL/ComputerScience/(2020-1)-Information_Security/Laboratorio 3/images/command10/result2.png> </home/kuky_nekoi/Documents/Sources/Utalca/UTAL/ComputerScience/(2020-1)-Information_Security/Laboratorio 3/images/command10/result3.png> </home/kuky_nekoi/Documents/Sources/Utalca/UTAL/ComputerScience/(2020-1)-Information_Security/Laboratorio 3/images/command11/base.png> </home/kuky_nekoi/Documents/Sources/Utalca/UTAL/ComputerScience/(2020-1)-Information_Security/Laboratorio 3/images/command11/result1.png> </home/kuky_nekoi/Documents/Sources/Utalca/UTAL/ComputerScience/(2020-1)-Information_Security/Laboratorio 3/images/command11/result2.png> </home/kuky_nekoi/Documents/Sources/Utalca/UTAL/ComputerScience/(2020-1)-Information_Security/Laboratorio 3/images/command11/result3.png>]
<images/command13/base.png, id=251, 946.53625pt x 1037.8775pt>
File: images/command13/base.png Graphic file (type png)
<use images/command13/base.png>
Package pdftex.def Info: images/command13/base.png  used on input line 210.
(pdftex.def)             Requested size: 93.94957pt x 103.00198pt.
<images/command13/result1.png, id=252, 965.6075pt x 1084.05pt>
File: images/command13/result1.png Graphic file (type png)
<use images/command13/result1.png>
Package pdftex.def Info: images/command13/result1.png  used on input line 211.
(pdftex.def)             Requested size: 93.94957pt x 105.467pt.
<images/command13/result2.png, id=253, 966.61125pt x 1083.04625pt>
File: images/command13/result2.png Graphic file (type png)
<use images/command13/result2.png>
Package pdftex.def Info: images/command13/result2.png  used on input line 212.
(pdftex.def)             Requested size: 93.94957pt x 105.25366pt.
<images/command13/result3.png, id=254, 965.6075pt x 1084.05pt>
File: images/command13/result3.png Graphic file (type png)
<use images/command13/result3.png>
Package pdftex.def Info: images/command13/result3.png  used on input line 213.
(pdftex.def)             Requested size: 93.94957pt x 105.467pt.
<images/command14/base.png, id=255, 942.52126pt x 1033.8625pt>
File: images/command14/base.png Graphic file (type png)
<use images/command14/base.png>
Package pdftex.def Info: images/command14/base.png  used on input line 225.
(pdftex.def)             Requested size: 93.94957pt x 103.04524pt.
<images/command14/result1.png, id=256, 944.52875pt x 1031.855pt>
File: images/command14/result1.png Graphic file (type png)
<use images/command14/result1.png>
Package pdftex.def Info: images/command14/result1.png  used on input line 226.
(pdftex.def)             Requested size: 93.94957pt x 102.62473pt.
<images/command14/result2.png, id=257, 949.5475pt x 1030.85126pt>
File: images/command14/result2.png Graphic file (type png)
<use images/command14/result2.png>
Package pdftex.def Info: images/command14/result2.png  used on input line 227.
(pdftex.def)             Requested size: 93.94957pt x 101.9901pt.
<images/command14/result3.png, id=258, 948.54375pt x 1031.855pt>
File: images/command14/result3.png Graphic file (type png)
<use images/command14/result3.png>
Package pdftex.def Info: images/command14/result3.png  used on input line 228.
(pdftex.def)             Requested size: 93.94957pt x 102.19962pt.
 [8pdfTeX warning (ext4): destination with the same identifier (name{figure.12}) has been already used, duplicate ignored

\AtBegShi@Output ...ipout \box \AtBeginShipoutBox 
                                                  \fi \fi 
l.233 
      pdfTeX warning (ext4): destination with the same identifier (name{figure.13}) has been already used, duplicate ignored

\AtBegShi@Output ...ipout \box \AtBeginShipoutBox 
                                                  \fi \fi 
l.233 
       </home/kuky_nekoi/Documents/Sources/Utalca/UTAL/ComputerScience/(2020-1)-Information_Security/Laboratorio 3/images/command12/base.png> </home/kuky_nekoi/Documents/Sources/Utalca/UTAL/ComputerScience/(2020-1)-Information_Security/Laboratorio 3/images/command12/result1.png> </home/kuky_nekoi/Documents/Sources/Utalca/UTAL/ComputerScience/(2020-1)-Information_Security/Laboratorio 3/images/command12/result2.png> </home/kuky_nekoi/Documents/Sources/Utalca/UTAL/ComputerScience/(2020-1)-Information_Security/Laboratorio 3/images/command12/result3.png> </home/kuky_nekoi/Documents/Sources/Utalca/UTAL/ComputerScience/(2020-1)-Information_Security/Laboratorio 3/images/command13/base.png> </home/kuky_nekoi/Documents/Sources/Utalca/UTAL/ComputerScience/(2020-1)-Information_Security/Laboratorio 3/images/command13/result1.png> </home/kuky_nekoi/Documents/Sources/Utalca/UTAL/ComputerScience/(2020-1)-Information_Security/Laboratorio 3/images/command13/result2.png> </home/kuky_nekoi/Documents/Sources/Utalca/UTAL/ComputerScience/(2020-1)-Information_Security/Laboratorio 3/images/command13/result3.png>]

Package hyperref Warning: Difference (2) between bookmark levels is greater 
(hyperref)                than one, level fixed on input line 238.

<images/command15/base.png, id=276, 938.50626pt x 989.6975pt>
File: images/command15/base.png Graphic file (type png)
<use images/command15/base.png>
Package pdftex.def Info: images/command15/base.png  used on input line 242.
(pdftex.def)             Requested size: 93.94957pt x 99.06615pt.
<images/command15/result1.png, id=277, 936.49875pt x 1035.87pt>
File: images/command15/result1.png Graphic file (type png)
<use images/command15/result1.png>
Package pdftex.def Info: images/command15/result1.png  used on input line 243.
(pdftex.def)             Requested size: 93.94957pt x 103.90918pt.
<images/command15/result2.png, id=278, 946.53625pt x 1027.84pt>
File: images/command15/result2.png Graphic file (type png)
<use images/command15/result2.png>
Package pdftex.def Info: images/command15/result2.png  used on input line 244.
(pdftex.def)             Requested size: 93.94957pt x 102.00584pt.
<images/command15/result3.png, id=279, 948.54375pt x 1028.84375pt>
File: images/command15/result3.png Graphic file (type png)
<use images/command15/result3.png>
Package pdftex.def Info: images/command15/result3.png  used on input line 245.
(pdftex.def)             Requested size: 93.94957pt x 101.90137pt.
<images/command16/base.png, id=280, 943.525pt x 1036.87375pt>
File: images/command16/base.png Graphic file (type png)
<use images/command16/base.png>
Package pdftex.def Info: images/command16/base.png  used on input line 257.
(pdftex.def)             Requested size: 93.94957pt x 103.23462pt.
<images/command16/result1.png, id=281, 944.52875pt x 1030.85126pt>
File: images/command16/result1.png Graphic file (type png)
<use images/command16/result1.png>
Package pdftex.def Info: images/command16/result1.png  used on input line 258.
(pdftex.def)             Requested size: 93.94957pt x 102.5249pt.
<images/command16/result2.png, id=282, 943.525pt x 1031.855pt>
File: images/command16/result2.png Graphic file (type png)
<use images/command16/result2.png>
Package pdftex.def Info: images/command16/result2.png  used on input line 259.
(pdftex.def)             Requested size: 93.94957pt x 102.73494pt.
<images/command16/result3.png, id=283, 949.5475pt x 1028.84375pt>
File: images/command16/result3.png Graphic file (type png)
<use images/command16/result3.png>
Package pdftex.def Info: images/command16/result3.png  used on input line 260.
(pdftex.def)             Requested size: 93.94957pt x 101.79147pt.
[9pdfTeX warning (ext4): destination with the same identifier (name{figure.14}) has been already used, duplicate ignored

\AtBegShi@Output ...ipout \box \AtBeginShipoutBox 
                                                  \fi \fi 
l.265 
      pdfTeX warning (ext4): destination with the same identifier (name{figure.15}) has been already used, duplicate ignored

\AtBegShi@Output ...ipout \box \AtBeginShipoutBox 
                                                  \fi \fi 
l.265 
       </home/kuky_nekoi/Documents/Sources/Utalca/UTAL/ComputerScience/(2020-1)-Information_Security/Laboratorio 3/images/command14/base.png> </home/kuky_nekoi/Documents/Sources/Utalca/UTAL/ComputerScience/(2020-1)-Information_Security/Laboratorio 3/images/command14/result1.png> </home/kuky_nekoi/Documents/Sources/Utalca/UTAL/ComputerScience/(2020-1)-Information_Security/Laboratorio 3/images/command14/result2.png> </home/kuky_nekoi/Documents/Sources/Utalca/UTAL/ComputerScience/(2020-1)-Information_Security/Laboratorio 3/images/command14/result3.png> </home/kuky_nekoi/Documents/Sources/Utalca/UTAL/ComputerScience/(2020-1)-Information_Security/Laboratorio 3/images/command15/base.png> </home/kuky_nekoi/Documents/Sources/Utalca/UTAL/ComputerScience/(2020-1)-Information_Security/Laboratorio 3/images/command15/result1.png> </home/kuky_nekoi/Documents/Sources/Utalca/UTAL/ComputerScience/(2020-1)-Information_Security/Laboratorio 3/images/command15/result2.png> </home/kuky_nekoi/Documents/Sources/Utalca/UTAL/ComputerScience/(2020-1)-Information_Security/Laboratorio 3/images/command15/result3.png>]
Overfull \hbox (40.02823pt too wide) in paragraph at lines 274--277
[]\T1/aer/m/n/10.95 Refine web sear-ches \T1/aer/m/it/10.95 Goo-gle Search Help\T1/aer/m/n/10.95 . https://support.google.com/websearch/answer/2466433?hl=en. 
 []


Underfull \hbox (badness 10000) in paragraph at lines 279--282
\T1/aer/m/n/10.95 https://github.com/KukyNekoi/UTAL/tree/master/ComputerScience/(2020-1)-Information_-
 []

Package atveryend Info: Empty hook `BeforeClearDocument' on input line 284.
[10pdfTeX warning (ext4): destination with the same identifier (name{figure.16}) has been already used, duplicate ignored

\AtBegShi@Output ...ipout \box \AtBeginShipoutBox 
                                                  \fi \fi 
l.284 \end{document}
                     </home/kuky_nekoi/Documents/Sources/Utalca/UTAL/ComputerScience/(2020-1)-Information_Security/Laboratorio 3/images/command16/base.png> </home/kuky_nekoi/Documents/Sources/Utalca/UTAL/ComputerScience/(2020-1)-Information_Security/Laboratorio 3/images/command16/result1.png> </home/kuky_nekoi/Documents/Sources/Utalca/UTAL/ComputerScience/(2020-1)-Information_Security/Laboratorio 3/images/command16/result2.png> </home/kuky_nekoi/Documents/Sources/Utalca/UTAL/ComputerScience/(2020-1)-Information_Security/Laboratorio 3/images/command16/result3.png>]
Package atveryend Info: Empty hook `AfterLastShipout' on input line 284.
 (/home/kuky_nekoi/Documents/Sources/Utalca/UTAL/ComputerScience/(2020-1)-Information_Security/Laboratorio 3/informe.aux
LaTeX Info: Redefining \. on input line 26.
LaTeX Info: Redefining \% on input line 26.
)
Package atveryend Info: Executing hook `AtVeryEndDocument' on input line 284.
Package atveryend Info: Executing hook `AtEndAfterFileList' on input line 284.
Package rerunfilecheck Info: File `informe.out' has not changed.
(rerunfilecheck)             Checksum: 4D7AA15E5041FA6BD7F9D378AD2CAAAD;1958.
Package atveryend Info: Empty hook `AtVeryVeryEnd' on input line 284.
 ) 
Here is how much of TeX's memory you used:
 13602 strings out of 481239
 224185 string characters out of 5920378
 555911 words of memory out of 5000000
 28476 multiletter control sequences out of 15000+600000
 568639 words of font info for 98 fonts, out of 8000000 for 9000
 1141 hyphenation exceptions out of 8191
 40i,12n,43p,1068b,627s stack positions out of 5000i,500n,10000p,200000b,80000s
{/usr/share/texlive/texmf-dist/fonts/enc/dvips/inconsolata/i4-t1-0.enc}</usr/share/texlive/texmf-dist/fonts/type1/public/inconsolata/Inconsolata-zi4b.pfb></usr/share/texlive/texmf-dist/fonts/type1/public/inconsolata/Inconsolata-zi4r.pfb></usr/share/texlive/texmf-dist/fonts/type1/public/amsfonts/cm/cmb10.pfb></usr/share/texlive/texmf-dist/fonts/type1/public/amsfonts/cm/cmcsc10.pfb></usr/share/texlive/texmf-dist/fonts/type1/public/amsfonts/cm/cmr10.pfb></usr/share/texlive/texmf-dist/fonts/type1/public/amsfonts/cm/cmr12.pfb></usr/share/texlive/texmf-dist/fonts/type1/public/amsfonts/cm/cmr17.pfb></usr/share/texlive/texmf-dist/fonts/type1/public/amsfonts/cm/cmsy10.pfb></usr/share/texlive/texmf-dist/fonts/type1/public/amsfonts/cm/cmti10.pfb>
Output written on "/home/kuky_nekoi/Documents/Sources/Utalca/UTAL/ComputerScience/(2020-1)-Information_Security/Laboratorio 3/informe.pdf" (10 pages, 11385245 bytes).
PDF statistics:
 356 PDF objects out of 1000 (max. 8388607)
 200 compressed objects within 2 object streams
 51 named destinations out of 1000 (max. 500000)
 478 words of extra memory for PDF output out of 10000 (max. 10000000)

