#
# A fatal error has been detected by the Java Runtime Environment:
#
#  EXCEPTION_ACCESS_VIOLATION (0xc0000005) at pc=0x000000004dd5e05c, pid=3012, tid=5484
#
# JRE version: 6.0_21-b07
# Java VM: Java HotSpot(TM) 64-Bit Server VM (17.0-b17 mixed mode windows-amd64 )
# Problematic frame:
# C  [nvoglv64.DLL+0x75e05c]
#
# If you would like to submit a bug report, please visit:
#   http://java.sun.com/webapps/bugreport/crash.jsp
# The crash happened outside the Java Virtual Machine in native code.
# See problematic frame for where to report the bug.
#

---------------  T H R E A D  ---------------

Current thread (0x0000000049d90000):  JavaThread "AWT-EventQueue-0" [_thread_in_native, id=5484, stack(0x0000000050d70000,0x0000000050e70000)]

siginfo: ExceptionCode=0xc0000005, writing address 0x000000004ddb85b0

Registers:
EAX=0x000000004ddb85b0, EBX=0x0000000000000000, ECX=0x000000004eaf0000, EDX=0x000007ffffeec000
ESP=0x0000000050e6eee0, EBP=0x0000000000000001, ESI=0x000000004eaf0000, EDI=0x000000004f385900
EIP=0x000000004dd5e05c, EFLAGS=0x0000000000010212

Top of Stack: (sp=0x0000000050e6eee0)
0x0000000050e6eee0:   0000000000000000 0000000000000bc4
0x0000000050e6eef0:   ffffffffcb011bec 00000000053020e0
0x0000000050e6ef00:   0000000005ec2c50 000000000555b228
0x0000000050e6ef10:   0000000050e6eff8 0000000064558893
0x0000000050e6ef20:   0000000002225989 0000000005c0f278
0x0000000050e6ef30:   0000000005c0f278 0000000033cb8958
0x0000000050e6ef40:   00000000349c7660 0000000002231260
0x0000000050e6ef50:   000000000555a6dc 0000000050e6efa0
0x0000000050e6ef60:   000000000555baa0 0000000000000000
0x0000000050e6ef70:   0000000000020000 000000004dd59f10
0x0000000050e6ef80:   0000000050e6ef98 0000000050e6efe8
0x0000000050e6ef90:   00000000022259ce 0000000000000003
0x0000000050e6efa0:   0000000033cb8958 0000000050e6efa8
0x0000000050e6efb0:   0000000005b6b80d 0000000050e6efb8
0x0000000050e6efc0:   0000000000000000 0000000050e6f058
0x0000000050e6efd0:   0000000005c12620 0000000000000000 

Instructions: (pc=0x000000004dd5e05c)
0x000000004dd5e04c:   ce e8 be 47 f6 ff 48 8b 86 10 01 00 00 48 8b ce
0x000000004dd5e05c:   c7 00 15 30 00 00 48 83 86 10 01 00 00 04 48 8b 


Stack: [0x0000000050d70000,0x0000000050e70000],  sp=0x0000000050e6eee0,  free space=3fb0000000000000000k
Native frames: (J=compiled Java code, j=interpreted, Vv=VM code, C=native code)
C  [nvoglv64.DLL+0x75e05c]

Java frames: (J=compiled Java code, j=interpreted, Vv=VM code)
j  com.jogamp.opengl.impl.windows.wgl.WGLExtImpl.dispatch_wglMakeContextCurrent1(JJJJ)Z+0
j  com.jogamp.opengl.impl.windows.wgl.WGLExtImpl.wglMakeContextCurrent(JJJ)Z+36
j  com.jogamp.opengl.impl.windows.wgl.WindowsWGLContext.wglMakeContextCurrent(JJJ)Z+75
j  com.jogamp.opengl.impl.windows.wgl.WindowsWGLContext.makeCurrentImpl(Z)V+30
j  com.jogamp.opengl.impl.GLContextImpl.makeCurrentLocking()I+259
j  com.jogamp.opengl.impl.GLContextImpl.makeCurrent()I+106
j  com.jogamp.opengl.impl.GLDrawableHelper.invokeGL(Ljavax/media/opengl/GLDrawable;Ljavax/media/opengl/GLContext;Ljava/lang/Runnable;Ljava/lang/Runnable;)V+129
j  javax.media.opengl.awt.GLCanvas$DisplayOnEventDispatchThreadAction.run()V+35
j  java.awt.event.InvocationEvent.dispatch()V+11
j  java.awt.EventQueue.dispatchEvent(Ljava/awt/AWTEvent;)V+26
j  java.awt.EventDispatchThread.pumpOneEventForFilters(I)Z+204
j  java.awt.EventDispatchThread.pumpEventsForFilter(ILjava/awt/Conditional;Ljava/awt/EventFilter;)V+30
j  java.awt.EventDispatchThread.pumpEventsForHierarchy(ILjava/awt/Conditional;Ljava/awt/Component;)V+11
j  java.awt.EventDispatchThread.pumpEvents(ILjava/awt/Conditional;)V+4
j  java.awt.EventDispatchThread.pumpEvents(Ljava/awt/Conditional;)V+3
j  java.awt.EventDispatchThread.run()V+9
v  ~StubRoutines::call_stub

---------------  P R O C E S S  ---------------

Java Threads: ( => current thread )
  0x000000004fb50800 JavaThread "D3D Screen Updater" daemon [_thread_in_native, id=1088, stack(0x0000000052450000,0x0000000052550000)]
  0x000000000060e800 JavaThread "DestroyJavaVM" [_thread_blocked, id=5848, stack(0x0000000002120000,0x0000000002220000)]
  0x000000004fab0800 JavaThread "Timer-0" [_thread_blocked, id=5632, stack(0x0000000050f70000,0x0000000051070000)]
=>0x0000000049d90000 JavaThread "AWT-EventQueue-0" [_thread_in_native, id=5484, stack(0x0000000050d70000,0x0000000050e70000)]
  0x000000004a084000 JavaThread "AWT-Shutdown" [_thread_blocked, id=3584, stack(0x0000000050c70000,0x0000000050d70000)]
  0x000000004a057800 JavaThread "AWT-Windows" daemon [_thread_in_native, id=1660, stack(0x000000004ace0000,0x000000004ade0000)]
  0x000000004a015800 JavaThread "Java2D Disposer" daemon [_thread_blocked, id=4164, stack(0x000000004aae0000,0x000000004abe0000)]
  0x0000000049446000 JavaThread "Low Memory Detector" daemon [_thread_blocked, id=1396, stack(0x00000000499e0000,0x0000000049ae0000)]
  0x0000000049444000 JavaThread "CompilerThread1" daemon [_thread_blocked, id=2392, stack(0x00000000498e0000,0x00000000499e0000)]
  0x000000004943f000 JavaThread "CompilerThread0" daemon [_thread_blocked, id=6020, stack(0x00000000497e0000,0x00000000498e0000)]
  0x000000004943c000 JavaThread "Attach Listener" daemon [_thread_blocked, id=4240, stack(0x00000000496e0000,0x00000000497e0000)]
  0x0000000049436800 JavaThread "Signal Dispatcher" daemon [_thread_blocked, id=2196, stack(0x00000000495e0000,0x00000000496e0000)]
  0x000000000052d000 JavaThread "Finalizer" daemon [_thread_blocked, id=3976, stack(0x00000000492e0000,0x00000000493e0000)]
  0x0000000000526000 JavaThread "Reference Handler" daemon [_thread_blocked, id=5584, stack(0x00000000491e0000,0x00000000492e0000)]

Other Threads:
  0x0000000000522000 VMThread [stack: 0x00000000490e0000,0x00000000491e0000] [id=5420]
  0x0000000049479800 WatcherThread [stack: 0x0000000049ae0000,0x0000000049be0000] [id=3156]

VM state:not at safepoint (normal execution)

VM Mutex/Monitor currently owned by a thread: None

Heap
 PSYoungGen      total 18496K, used 4400K [0x0000000033a20000, 0x0000000034ec0000, 0x0000000048420000)
  eden space 15872K, 18% used [0x0000000033a20000,0x0000000033d082a0,0x00000000349a0000)
  from space 2624K, 54% used [0x00000000349a0000,0x0000000034b04018,0x0000000034c30000)
  to   space 2624K, 0% used [0x0000000034c30000,0x0000000034c30000,0x0000000034ec0000)
 PSOldGen        total 42240K, used 0K [0x000000000a620000, 0x000000000cf60000, 0x0000000033a20000)
  object space 42240K, 0% used [0x000000000a620000,0x000000000a620000,0x000000000cf60000)
 PSPermGen       total 21248K, used 12941K [0x0000000005220000, 0x00000000066e0000, 0x000000000a620000)
  object space 21248K, 60% used [0x0000000005220000,0x0000000005ec34f8,0x00000000066e0000)

Dynamic libraries:
0x0000000000400000 - 0x000000000042e000 	C:\Program Files\Java\jre6\bin\javaw.exe
0x0000000077760000 - 0x000000007790c000 	C:\Windows\SYSTEM32\ntdll.dll
0x0000000077540000 - 0x000000007765f000 	C:\Windows\system32\kernel32.dll
0x000007fefda20000 - 0x000007fefda8b000 	C:\Windows\system32\KERNELBASE.dll
0x000007feff4b0000 - 0x000007feff58b000 	C:\Windows\system32\ADVAPI32.dll
0x000007fefdab0000 - 0x000007fefdb4f000 	C:\Windows\system32\msvcrt.dll
0x000007fefdbd0000 - 0x000007fefdbef000 	C:\Windows\SYSTEM32\sechost.dll
0x000007feff820000 - 0x000007feff94e000 	C:\Windows\system32\RPCRT4.dll
0x0000000077660000 - 0x000000007775a000 	C:\Windows\system32\USER32.dll
0x000007fefef00000 - 0x000007fefef67000 	C:\Windows\system32\GDI32.dll
0x000007feff310000 - 0x000007feff31e000 	C:\Windows\system32\LPK.dll
0x000007feff9a0000 - 0x000007feffa6a000 	C:\Windows\system32\USP10.dll
0x000007feff7f0000 - 0x000007feff81e000 	C:\Windows\system32\IMM32.DLL
0x000007feff3a0000 - 0x000007feff4a9000 	C:\Windows\system32\MSCTF.dll
0x000000006d7f0000 - 0x000000006dec1000 	C:\Program Files\Java\jre6\bin\server\jvm.dll
0x000007fefb660000 - 0x000007fefb69b000 	C:\Windows\system32\WINMM.dll
0x000000006d760000 - 0x000000006d76e000 	C:\Program Files\Java\jre6\bin\verify.dll
0x000000006d3b0000 - 0x000000006d3d7000 	C:\Program Files\Java\jre6\bin\java.dll
0x000000006d310000 - 0x000000006d31a000 	C:\Program Files\Java\jre6\bin\hpi.dll
0x0000000077920000 - 0x0000000077927000 	C:\Windows\system32\PSAPI.DLL
0x000000006d7b0000 - 0x000000006d7c2000 	C:\Program Files\Java\jre6\bin\zip.dll
0x00000000637c0000 - 0x00000000637ca000 	D:\Battle Programmer Nyan\Ide's\libraries\jogl-2.0-b226-20101121-windows-amd64\jogl-2.0-b226-20101121-windows-amd64\lib\gluegen-rt.dll
0x000000006d000000 - 0x000000006d1c3000 	C:\Program Files\Java\jre6\bin\awt.dll
0x000007fefb4e0000 - 0x000007fefb550000 	C:\Windows\system32\WINSPOOL.DRV
0x000007fefef70000 - 0x000007feff172000 	C:\Windows\system32\ole32.dll
0x000007fefddd0000 - 0x000007fefeb56000 	C:\Windows\system32\SHELL32.dll
0x000007feff320000 - 0x000007feff391000 	C:\Windows\system32\SHLWAPI.dll
0x000007fefc1a0000 - 0x000007fefc394000 	C:\Windows\WinSxS\amd64_microsoft.windows.common-controls_6595b64144ccf1df_6.0.7600.16661_none_fa62ad231704eab7\COMCTL32.dll
0x000007fefb8d0000 - 0x000007fefb8e8000 	C:\Windows\system32\DWMAPI.DLL
0x000007fefbe20000 - 0x000007fefbe76000 	C:\Windows\system32\uxtheme.dll
0x000000004ade0000 - 0x000000004ae9a000 	C:\Program Files\DigitalPersona\Bin\DpoFeedb.dll
0x000007fefeca0000 - 0x000007fefed77000 	C:\Windows\system32\OLEAUT32.dll
0x000007fefcac0000 - 0x000007fefcade000 	C:\Windows\system32\USERENV.dll
0x000007fefd6c0000 - 0x000007fefd6cf000 	C:\Windows\system32\profapi.dll
0x000007fefd5f0000 - 0x000007fefd5ff000 	C:\Windows\system32\CRYPTBASE.dll
0x000000004a9b0000 - 0x000000004aa41000 	C:\Program Files\DigitalPersona\Bin\DpoSet.dll
0x000000006d3f0000 - 0x000000006d3f7000 	C:\Program Files\Java\jre6\bin\jawt.dll
0x000000006a440000 - 0x000000006a44b000 	D:\Battle Programmer Nyan\Ide's\libraries\jogl-2.0-b226-20101121-windows-amd64\jogl-2.0-b226-20101121-windows-amd64\lib\nativewindow_awt.dll
0x000000006d2a0000 - 0x000000006d30b000 	C:\Program Files\Java\jre6\bin\fontmanager.dll
0x000007fee4b80000 - 0x000007fee4d7f000 	C:\Windows\system32\d3d9.dll
0x000007fefc850000 - 0x000007fefc85c000 	C:\Windows\system32\VERSION.dll
0x000007fef4a60000 - 0x000007fef4a67000 	C:\Windows\system32\d3d8thk.dll
0x000007feebae0000 - 0x000007feec733000 	C:\Windows\system32\nvd3dumx.dll
0x000007fefbb20000 - 0x000007fefbb4c000 	C:\Windows\system32\powrprof.dll
0x000007fefdbf0000 - 0x000007fefddc7000 	C:\Windows\system32\SETUPAPI.dll
0x000007fefd770000 - 0x000007fefd7a6000 	C:\Windows\system32\CFGMGR32.dll
0x000007fefd7b0000 - 0x000007fefd7ca000 	C:\Windows\system32\DEVOBJ.dll
0x000007fee8160000 - 0x000007fee827d000 	C:\Windows\system32\OpenGL32.dll
0x000007fef9d20000 - 0x000007fef9d4d000 	C:\Windows\system32\GLU32.dll
0x000007feec820000 - 0x000007feec911000 	C:\Windows\system32\DDRAW.dll
0x000007feee690000 - 0x000007feee698000 	C:\Windows\system32\DCIMAN32.dll
0x0000000064500000 - 0x000000006458c000 	D:\Battle Programmer Nyan\Ide's\libraries\jogl-2.0-b226-20101121-windows-amd64\jogl-2.0-b226-20101121-windows-amd64\lib\jogl_desktop.dll
0x000000006c100000 - 0x000000006c10b000 	D:\Battle Programmer Nyan\Ide's\libraries\jogl-2.0-b226-20101121-windows-amd64\jogl-2.0-b226-20101121-windows-amd64\lib\nativewindow_win32.dll
0x000000004d600000 - 0x000000004e9b4000 	C:\Windows\system32\nvoglv64.DLL
0x000007fefd9e0000 - 0x000007fefda1a000 	C:\Windows\system32\WINTRUST.dll
0x000007fefd7d0000 - 0x000007fefd936000 	C:\Windows\system32\CRYPT32.dll
0x000007fefd760000 - 0x000007fefd76f000 	C:\Windows\system32\MSASN1.dll
0x000000004ac60000 - 0x000000004acc5000 	C:\Program Files\WIDCOMM\Bluetooth Software\btmmhook.dll
0x000007fef3060000 - 0x000007fef30fe000 	C:\Windows\system32\RICHED20.DLL

VM Arguments:
jvm_args: -Djava.library.path=D:\Battle Programmer Nyan\Ide's\libraries\jogl-2.0-b226-20101121-windows-amd64\jogl-2.0-b226-20101121-windows-amd64\lib;D:\Battle Programmer Nyan\Ide's\libraries\jogl-2.0-b226-20101121-windows-amd64\jogl-2.0-b226-20101121-windows-amd64\lib -Dfile.encoding=Cp1252 
java_command: Renderer
Launcher Type: SUN_STANDARD

Environment Variables:
PATH=d:\watcom-1.3\binnt;d:\watcom-1.3\binw;C:\Program Files (x86)\PC Connectivity Solution\;C:\Program Files (x86)\NVIDIA Corporation\PhysX\Common;C:\Windows\system32;C:\Windows;C:\Windows\System32\Wbem;C:\Windows\System32\WindowsPowerShell\v1.0\;C:\Program Files\WIDCOMM\Bluetooth Software\;C:\Program Files\WIDCOMM\Bluetooth Software\syswow64;C:\Program Files\Dell\DW WLAN Card;C:\CUDA\bin64;C:\Program Files (x86)\NTRU Cryptosystems\NTRU TCG Software Stack\bin\;C:\Program Files\NTRU Cryptosystems\NTRU TCG Software Stack\bin\;C:\Program Files (x86)\Microsoft SQL Server\100\Tools\Binn\;C:\Program Files\Microsoft SQL Server\100\Tools\Binn\;C:\Program Files\Microsoft SQL Server\100\DTS\Binn\;C:\Program Files (x86)\Common Files\Roxio Shared\DLLShared\;C:\Program Files (x86)\Common Files\Roxio Shared\10.0\DLLShared\;C:\Program Files (x86)\Common Files\GTK\2.0\bin
USERNAME=Natsuko
OS=Windows_NT
PROCESSOR_IDENTIFIER=Intel64 Family 6 Model 37 Stepping 5, GenuineIntel



---------------  S Y S T E M  ---------------

OS: Windows 7 Build 7600 

CPU:total 4 (8 cores per cpu, 2 threads per core) family 6 model 37 stepping 5, cmov, cx8, fxsr, mmx, sse, sse2, sse3, ssse3, sse4.1, sse4.2, popcnt, ht

Memory: 4k page, physical 4053608k(1429636k free), swap 8105320k(4040092k free)

vm_info: Java HotSpot(TM) 64-Bit Server VM (17.0-b17) for windows-amd64 JRE (1.6.0_21-b07), built on Jul 17 2010 01:05:36 by "java_re" with MS VC++ 8.0 (VS2005)

time: Mon Apr 11 14:50:43 2011
elapsed time: 4 seconds

