This is pdfTeX, Version 3.14159265-2.6-1.40.20 (TeX Live 2019/Debian) (preloaded format=pdflatex 2020.6.19)  22 JUN 2020 11:41
entering extended mode
 \write18 enabled.
 file:line:error style messages enabled.
 %&-line parsing enabled.
**"/home/kuky_nekoi/Documents/Sources/Utalca/UTAL/ComputerScience/(2020-1)-Information_Security/Proyecto 1.1/informe.tex"
(/home/kuky_nekoi/Documents/Sources/Utalca/UTAL/ComputerScience/(2020-1)-Information_Security/Proyecto 1.1/informe.tex
LaTeX2e <2020-02-02> patch level 2
L3 programming layer <2020-02-14> (/home/kuky_nekoi/Documents/Sources/Utalca/UTAL/ComputerScience/(2020-1)-Information_Security/Proyecto 1.1/utalcaDoc.cls
Document Class: utalcaDoc 2009/08/28 Utalca Article, based on the article class
(/usr/share/texlive/texmf-dist/tex/latex/base/article.cls
Document Class: article 2019/12/20 v1.4l Standard LaTeX document class
(/usr/share/texlive/texmf-dist/tex/latex/base/size11.clo
File: size11.clo 2019/12/20 v1.4l Standard LaTeX file (size option)
)
\c@part=\count167
\c@section=\count168
\c@subsection=\count169
\c@subsubsection=\count170
\c@paragraph=\count171
\c@subparagraph=\count172
\c@figure=\count173
\c@table=\count174
\abovecaptionskip=\skip47
\belowcaptionskip=\skip48
\bibindent=\dimen134
) (/usr/share/texlive/texmf-dist/tex/latex/preprint/fullpage.sty
Package: fullpage 1999/02/23 1.1 (PWD)
\FP@margin=\skip49
) (/usr/share/texlive/texmf-dist/tex/latex/epstopdf-pkg/epstopdf.sty
Package: epstopdf 2020-01-24 v2.11 Conversion with epstopdf on the fly (HO)
 (/usr/share/texlive/texmf-dist/tex/generic/infwarerr/infwarerr.sty
Package: infwarerr 2019/12/03 v1.5 Providing info/warning/error messages (HO)
) (/usr/share/texlive/texmf-dist/tex/latex/grfext/grfext.sty
Package: grfext 2019/12/03 v1.3 Manage graphics extensions (HO)
 (/usr/share/texlive/texmf-dist/tex/generic/kvdefinekeys/kvdefinekeys.sty
Package: kvdefinekeys 2019-12-19 v1.6 Define keys (HO)
)) (/usr/share/texlive/texmf-dist/tex/latex/kvoptions/kvoptions.sty
Package: kvoptions 2019/11/29 v3.13 Key value format for package options (HO)
 (/usr/share/texlive/texmf-dist/tex/latex/graphics/keyval.sty
Package: keyval 2014/10/28 v1.15 key=value parser (DPC)
\KV@toks@=\toks14
) (/usr/share/texlive/texmf-dist/tex/generic/ltxcmds/ltxcmds.sty
Package: ltxcmds 2019/12/15 v1.24 LaTeX kernel commands for general use (HO)
) (/usr/share/texlive/texmf-dist/tex/generic/kvsetkeys/kvsetkeys.sty
Package: kvsetkeys 2019/12/15 v1.18 Key value parser (HO)
)) (/usr/share/texlive/texmf-dist/tex/latex/pdftexcmds/pdftexcmds.sty
Package: pdftexcmds 2019/11/24 v0.31 Utility functions of pdfTeX for LuaTeX (HO)
 (/usr/share/texlive/texmf-dist/tex/generic/iftex/iftex.sty
Package: iftex 2019/11/07 v1.0c TeX engine tests
)
Package pdftexcmds Info: \pdf@primitive is available.
Package pdftexcmds Info: \pdf@ifprimitive is available.
Package pdftexcmds Info: \pdfdraftmode found.
) (/usr/share/texlive/texmf-dist/tex/latex/epstopdf-pkg/epstopdf-base.sty
Package: epstopdf-base 2020-01-24 v2.11 Base part for package epstopdf


Package epstopdf Warning: No graphics package `graphic{s,x}' loaded.

))) (/usr/share/texlive/texmf-dist/tex/latex/base/alltt.sty
Package: alltt 1997/06/16 v2.0g defines alltt environment
) (/usr/share/texlive/texmf-dist/tex/latex/underscore/underscore.sty
Package: underscore 2006/09/13
LaTeX Info: Redefining \_ on input line 42.
) (/usr/share/texlive/texmf-dist/tex/latex/base/inputenc.sty
Package: inputenc 2018/08/11 v1.3c Input encoding file
\inpenc@prehook=\toks15
\inpenc@posthook=\toks16
) (/usr/share/texlive/texmf-dist/tex/generic/babel/babel.sty
Package: babel 2020/02/14 3.40 The Babel package
 (/usr/share/texlive/texmf-dist/tex/generic/babel/switch.def
File: switch.def 2020/02/14 3.40 Babel switching mechanism
) (/usr/share/texlive/texmf-dist/tex/generic/babel-spanish/spanish.ldf
Language: spanish.ldf 2016/03/03 v5.0p Spanish support from the babel system
 (/usr/share/texlive/texmf-dist/tex/generic/babel/babel.def
File: babel.def 2020/02/14 3.40 Babel common definitions
\babel@savecnt=\count175
\U@D=\dimen135
 (/usr/share/texlive/texmf-dist/tex/generic/babel/txtbabel.def)
\bbl@readstream=\read2
\bbl@dirlevel=\count176
)
\es@quottoks=\toks17
\es@quotdepth=\count177
Package babel Info: Making " an active character on input line 561.
Package babel Info: Making . an active character on input line 662.
Package babel Info: Making < an active character on input line 707.
Package babel Info: Making > an active character on input line 707.
Package babel Info: Making ' an active character on input line 725.
)) (/usr/share/texlive/texmf-dist/tex/latex/tools/verbatim.sty
Package: verbatim 2019/11/10 v1.5r LaTeX2e package for verbatim enhancements
\every@verbatim=\toks18
\verbatim@line=\toks19
\verbatim@in@stream=\read3
) (/usr/share/texlive/texmf-dist/tex/latex/graphics/graphicx.sty
Package: graphicx 2019/11/30 v1.2a Enhanced LaTeX Graphics (DPC,SPQR)
 (/usr/share/texlive/texmf-dist/tex/latex/graphics/graphics.sty
Package: graphics 2019/11/30 v1.4a Standard LaTeX Graphics (DPC,SPQR)
 (/usr/share/texlive/texmf-dist/tex/latex/graphics/trig.sty
Package: trig 2016/01/03 v1.10 sin cos tan (DPC)
) (/usr/share/texlive/texmf-dist/tex/latex/graphics-cfg/graphics.cfg
File: graphics.cfg 2016/06/04 v1.11 sample graphics configuration
)
Package graphics Info: Driver file: pdftex.def on input line 105.
 (/usr/share/texlive/texmf-dist/tex/latex/graphics-def/pdftex.def
File: pdftex.def 2018/01/08 v1.0l Graphics/color driver for pdftex
))
\Gin@req@height=\dimen136
\Gin@req@width=\dimen137
) (/usr/share/texlive/texmf-dist/tex/latex/ae/ae.sty
Package: ae 2001/02/12 1.3 Almost European Computer Modern
 (/usr/share/texlive/texmf-dist/tex/latex/base/fontenc.sty
Package: fontenc 2020/02/11 v2.0o Standard LaTeX package
)) (/usr/share/texlive/texmf-dist/tex/latex/amsmath/amsmath.sty
Package: amsmath 2020/01/20 v2.17e AMS math features
\@mathmargin=\skip50

For additional information on amsmath, use the `?' option.
(/usr/share/texlive/texmf-dist/tex/latex/amsmath/amstext.sty
Package: amstext 2000/06/29 v2.01 AMS text
 (/usr/share/texlive/texmf-dist/tex/latex/amsmath/amsgen.sty
File: amsgen.sty 1999/11/30 v2.0 generic functions
\@emptytoks=\toks20
\ex@=\dimen138
)) (/usr/share/texlive/texmf-dist/tex/latex/amsmath/amsbsy.sty
Package: amsbsy 1999/11/29 v1.2d Bold Symbols
\pmbraise@=\dimen139
) (/usr/share/texlive/texmf-dist/tex/latex/amsmath/amsopn.sty
Package: amsopn 2016/03/08 v2.02 operator names
)
\inf@bad=\count178
LaTeX Info: Redefining \frac on input line 227.
\uproot@=\count179
\leftroot@=\count180
LaTeX Info: Redefining \overline on input line 389.
\classnum@=\count181
\DOTSCASE@=\count182
LaTeX Info: Redefining \ldots on input line 486.
LaTeX Info: Redefining \dots on input line 489.
LaTeX Info: Redefining \cdots on input line 610.
\Mathstrutbox@=\box45
\strutbox@=\box46
\big@size=\dimen140
LaTeX Font Info:    Redeclaring font encoding OML on input line 733.
LaTeX Font Info:    Redeclaring font encoding OMS on input line 734.
\macc@depth=\count183
\c@MaxMatrixCols=\count184
\dotsspace@=\muskip16
\c@parentequation=\count185
\dspbrk@lvl=\count186
\tag@help=\toks21
\row@=\count187
\column@=\count188
\maxfields@=\count189
\andhelp@=\toks22
\eqnshift@=\dimen141
\alignsep@=\dimen142
\tagshift@=\dimen143
\tagwidth@=\dimen144
\totwidth@=\dimen145
\lineht@=\dimen146
\@envbody=\toks23
\multlinegap=\skip51
\multlinetaggap=\skip52
\mathdisplay@stack=\toks24
LaTeX Info: Redefining \[ on input line 2859.
LaTeX Info: Redefining \] on input line 2860.
) (/usr/share/texlive/texmf-dist/tex/latex/amsfonts/amsfonts.sty
Package: amsfonts 2013/01/14 v3.01 Basic AMSFonts support
\symAMSa=\mathgroup4
\symAMSb=\mathgroup5
LaTeX Font Info:    Redeclaring math symbol \hbar on input line 98.
LaTeX Font Info:    Overwriting math alphabet `\mathfrak' in version `bold'
(Font)                  U/euf/m/n --> U/euf/b/n on input line 106.
) (/usr/share/texlive/texmf-dist/tex/latex/pdflscape/pdflscape.sty
Package: pdflscape 2019/12/05 v0.12 Display of landscape pages in PDF (HO)
 (/usr/share/texlive/texmf-dist/tex/latex/graphics/lscape.sty
Package: lscape 2000/10/22 v3.01 Landscape Pages (DPC)
)
Package pdflscape Info: Auto-detected driver: pdftex on input line 81.
) (/usr/share/texlive/texmf-dist/tex/latex/inconsolata/inconsolata.sty
Package: inconsolata 2019/05/17 v1.12
 `inconsolata-zi4' v1.12, 2019/05/17 Text macros for Inconsolata (msharpe) (/usr/share/texlive/texmf-dist/tex/latex/base/textcomp.sty
Package: textcomp 2020/02/02 v2.0n Standard LaTeX package
) (/usr/share/texlive/texmf-dist/tex/latex/xkeyval/xkeyval.sty
Package: xkeyval 2014/12/03 v2.7a package option processing (HA)
 (/usr/share/texlive/texmf-dist/tex/generic/xkeyval/xkeyval.tex (/usr/share/texlive/texmf-dist/tex/generic/xkeyval/xkvutils.tex
\XKV@toks=\toks25
\XKV@tempa@toks=\toks26
)
\XKV@depth=\count190
File: xkeyval.tex 2014/12/03 v2.7a key=value parser (HA)
))
\zifour@ocount=\count191
) (/usr/share/texlive/texmf-dist/tex/latex/url/url.sty
\Urlmuskip=\muskip17
Package: url 2013/09/16  ver 3.4  Verb mode for urls, etc.
) (/usr/share/texlive/texmf-dist/tex/latex/hyperref/hyperref.sty
Package: hyperref 2020/01/14 v7.00d Hypertext links for LaTeX
 (/usr/share/texlive/texmf-dist/tex/generic/pdfescape/pdfescape.sty
Package: pdfescape 2019/12/09 v1.15 Implements pdfTeX's escape features (HO)
) (/usr/share/texlive/texmf-dist/tex/latex/hycolor/hycolor.sty
Package: hycolor 2020-01-27 v1.10 Color options for hyperref/bookmark (HO)
) (/usr/share/texlive/texmf-dist/tex/latex/letltxmacro/letltxmacro.sty
Package: letltxmacro 2019/12/03 v1.6 Let assignment for LaTeX macros (HO)
) (/usr/share/texlive/texmf-dist/tex/latex/auxhook/auxhook.sty
Package: auxhook 2019-12-17 v1.6 Hooks for auxiliary files (HO)
)
\@linkdim=\dimen147
\Hy@linkcounter=\count192
\Hy@pagecounter=\count193
 (/usr/share/texlive/texmf-dist/tex/latex/hyperref/pd1enc.def
File: pd1enc.def 2020/01/14 v7.00d Hyperref: PDFDocEncoding definition (HO)
Now handling font encoding PD1 ...
... no UTF-8 mapping file for font encoding PD1
) (/usr/share/texlive/texmf-dist/tex/generic/intcalc/intcalc.sty
Package: intcalc 2019/12/15 v1.3 Expandable calculations with integers (HO)
) (/usr/share/texlive/texmf-dist/tex/generic/etexcmds/etexcmds.sty
Package: etexcmds 2019/12/15 v1.7 Avoid name clashes with e-TeX commands (HO)
)
\Hy@SavedSpaceFactor=\count194
\pdfmajorversion=\count195
Package hyperref Info: Hyper figures OFF on input line 4547.
Package hyperref Info: Link nesting OFF on input line 4552.
Package hyperref Info: Hyper index ON on input line 4555.
Package hyperref Info: Plain pages OFF on input line 4562.
Package hyperref Info: Backreferencing OFF on input line 4567.
Package hyperref Info: Implicit mode ON; LaTeX internals redefined.
Package hyperref Info: Bookmarks ON on input line 4800.
\c@Hy@tempcnt=\count196
LaTeX Info: Redefining \url on input line 5159.
\XeTeXLinkMargin=\dimen148
 (/usr/share/texlive/texmf-dist/tex/generic/bitset/bitset.sty
Package: bitset 2019/12/09 v1.3 Handle bit-vector datatype (HO)
 (/usr/share/texlive/texmf-dist/tex/generic/bigintcalc/bigintcalc.sty
Package: bigintcalc 2019/12/15 v1.5 Expandable calculations on big integers (HO)
))
\Fld@menulength=\count197
\Field@Width=\dimen149
\Fld@charsize=\dimen150
Package hyperref Info: Hyper figures OFF on input line 6430.
Package hyperref Info: Link nesting OFF on input line 6435.
Package hyperref Info: Hyper index ON on input line 6438.
Package hyperref Info: backreferencing OFF on input line 6445.
Package hyperref Info: Link coloring OFF on input line 6450.
Package hyperref Info: Link coloring with OCG OFF on input line 6455.
Package hyperref Info: PDF/A mode OFF on input line 6460.
LaTeX Info: Redefining \ref on input line 6500.
LaTeX Info: Redefining \pageref on input line 6504.
 (/usr/share/texlive/texmf-dist/tex/generic/atbegshi/atbegshi.sty
Package: atbegshi 2019/12/05 v1.19 At begin shipout hook (HO)
)
\Hy@abspage=\count198
\c@Item=\count199
\c@Hfootnote=\count266
)
Package hyperref Info: Driver (autodetected): hpdftex.
 (/usr/share/texlive/texmf-dist/tex/latex/hyperref/hpdftex.def
File: hpdftex.def 2020/01/14 v7.00d Hyperref driver for pdfTeX
 (/usr/share/texlive/texmf-dist/tex/latex/atveryend/atveryend.sty
Package: atveryend 2019-12-11 v1.11 Hooks at the very end of document (HO)
Package atveryend Info: \enddocument detected (standard20110627).
)
\Fld@listcount=\count267
\c@bookmark@seq@number=\count268
 (/usr/share/texlive/texmf-dist/tex/latex/rerunfilecheck/rerunfilecheck.sty
Package: rerunfilecheck 2019/12/05 v1.9 Rerun checks for auxiliary files (HO)
 (/usr/share/texlive/texmf-dist/tex/generic/uniquecounter/uniquecounter.sty
Package: uniquecounter 2019/12/15 v1.4 Provide unlimited unique counter (HO)
)
Package uniquecounter Info: New unique counter `rerunfilecheck' on input line 286.
)
\Hy@SectionHShift=\skip53
) (/usr/share/texlive/texmf-dist/tex/latex/listings/listings.sty
\lst@mode=\count269
\lst@gtempboxa=\box47
\lst@token=\toks27
\lst@length=\count270
\lst@currlwidth=\dimen151
\lst@column=\count271
\lst@pos=\count272
\lst@lostspace=\dimen152
\lst@width=\dimen153
\lst@newlines=\count273
\lst@lineno=\count274
\lst@maxwidth=\dimen154
 (/usr/share/texlive/texmf-dist/tex/latex/listings/lstmisc.sty
File: lstmisc.sty 2019/09/10 1.8c (Carsten Heinz)
\c@lstnumber=\count275
\lst@skipnumbers=\count276
\lst@framebox=\box48
) (/usr/share/texlive/texmf-dist/tex/latex/listings/listings.cfg
File: listings.cfg 2019/09/10 1.8c listings configuration
))
Package: listings 2019/09/10 1.8c (Carsten Heinz)
 (/usr/share/texlive/texmf-dist/tex/latex/tools/tabularx.sty
Package: tabularx 2020/01/15 v2.11c `tabularx' package (DPC)
 (/usr/share/texlive/texmf-dist/tex/latex/tools/array.sty
Package: array 2019/08/31 v2.4l Tabular extension package (FMi)
\col@sep=\dimen155
\ar@mcellbox=\box49
\extrarowheight=\dimen156
\NC@list=\toks28
\extratabsurround=\skip54
\backup@length=\skip55
\ar@cellbox=\box50
)
\TX@col@width=\dimen157
\TX@old@table=\dimen158
\TX@old@col=\dimen159
\TX@target=\dimen160
\TX@delta=\dimen161
\TX@cols=\count277
\TX@ftn=\toks29
) (/usr/share/texlive/texmf-dist/tex/latex/imakeidx/imakeidx.sty
Package: imakeidx 2016/10/15 v1.3e Package for typesetting indices in a synchronous mode
 (/usr/share/texlive/texmf-dist/tex/generic/iftex/ifxetex.sty
Package: ifxetex 2019/10/25 v0.7 ifxetex legacy package. Use iftex instead.
) (/usr/share/texlive/texmf-dist/tex/generic/iftex/ifluatex.sty
Package: ifluatex 2019/10/25 v1.5 ifluatex legacy package. Use iftex instead.
) (/usr/share/texlive/texmf-dist/tex/latex/tools/multicol.sty
Package: multicol 2019/12/09 v1.8y multicolumn formatting (FMi)
\c@tracingmulticols=\count278
\mult@box=\box51
\multicol@leftmargin=\dimen162
\c@unbalance=\count279
\c@collectmore=\count280
\doublecol@number=\count281
\multicoltolerance=\count282
\multicolpretolerance=\count283
\full@width=\dimen163
\page@free=\dimen164
\premulticols=\dimen165
\postmulticols=\dimen166
\multicolsep=\skip56
\multicolbaselineskip=\skip57
\partial@page=\box52
\last@line=\box53
\maxbalancingoverflow=\dimen167
\mult@rightbox=\box54
\mult@grightbox=\box55
\mult@gfirstbox=\box56
\mult@firstbox=\box57
\@tempa=\box58
\@tempa=\box59
\@tempa=\box60
\@tempa=\box61
\@tempa=\box62
\@tempa=\box63
\@tempa=\box64
\@tempa=\box65
\@tempa=\box66
\@tempa=\box67
\@tempa=\box68
\@tempa=\box69
\@tempa=\box70
\@tempa=\box71
\@tempa=\box72
\@tempa=\box73
\@tempa=\box74
\@tempa=\box75
\@tempa=\box76
\@tempa=\box77
\@tempa=\box78
\@tempa=\box79
\@tempa=\box80
\@tempa=\box81
\@tempa=\box82
\@tempa=\box83
\@tempa=\box84
\@tempa=\box85
\@tempa=\box86
\@tempa=\box87
\@tempa=\box88
\@tempa=\box89
\@tempa=\box90
\@tempa=\box91
\@tempa=\box92
\@tempa=\box93
\@tempa=\box94
\c@minrows=\count284
\c@columnbadness=\count285
\c@finalcolumnbadness=\count286
\last@try=\dimen168
\multicolovershoot=\dimen169
\multicolundershoot=\dimen170
\mult@nat@firstbox=\box95
\colbreak@box=\box96
\mc@col@check@num=\count287
)) (/usr/share/texlive/texmf-dist/tex/latex/makecell/makecell.sty
Package: makecell 2009/08/03 V0.1e Managing of Tab Column Heads and Cells
\rotheadsize=\dimen171
\c@nlinenum=\count288
\TeXr@lab=\toks30
) (/usr/share/texlive/texmf-dist/tex/latex/placeins/placeins.sty
Package: placeins 2005/04/18  v 2.2
) (/usr/share/texlive/texmf-dist/tex/latex/footmisc/footmisc.sty
Package: footmisc 2011/06/06 v5.5b a miscellany of footnote facilities
\FN@temptoken=\toks31
\footnotemargin=\dimen172
\c@pp@next@reset=\count289
Package footmisc Info: Declaring symbol style bringhurst on input line 855.
Package footmisc Info: Declaring symbol style chicago on input line 863.
Package footmisc Info: Declaring symbol style wiley on input line 872.
Package footmisc Info: Declaring symbol style lamport-robust on input line 883.
Package footmisc Info: Declaring symbol style lamport* on input line 903.
Package footmisc Info: Declaring symbol style lamport*-robust on input line 924.
) (/usr/share/texlive/texmf-dist/tex/latex/minted/minted.sty
Package: minted 2017/07/19 v2.5 Yet another Pygments shim for LaTeX
 (/usr/share/texlive/texmf-dist/tex/latex/fvextra/fvextra.sty
Package: fvextra 2019/02/04 v1.4 fvextra - extensions and patches for fancyvrb
 (/usr/share/texlive/texmf-dist/tex/latex/base/ifthen.sty
Package: ifthen 2014/09/29 v1.1c Standard LaTeX ifthen package (DPC)
) (/usr/share/texlive/texmf-dist/tex/latex/etoolbox/etoolbox.sty
Package: etoolbox 2019/09/21 v2.5h e-TeX tools for LaTeX (JAW)
\etb@tempcnta=\count290
) (/usr/share/texlive/texmf-dist/tex/latex/fancyvrb/fancyvrb.sty
Package: fancyvrb 2020/01/13 v3.5 verbatim text (tvz,hv)
\FV@CodeLineNo=\count291
\FV@InFile=\read4
\FV@TabBox=\box97
\c@FancyVerbLine=\count292
\FV@StepNumber=\count293
\FV@OutFile=\write3
) (/usr/share/texlive/texmf-dist/tex/latex/upquote/upquote.sty
Package: upquote 2012/04/19 v1.3 upright-quote and grave-accent glyphs in verbatim
) (/usr/share/texlive/texmf-dist/tex/latex/lineno/lineno.sty
Package: lineno 2005/11/02 line numbers on paragraphs v4.41
\linenopenalty=\count294
\output=\toks32
\linenoprevgraf=\count295
\linenumbersep=\dimen173
\linenumberwidth=\dimen174
\c@linenumber=\count296
\c@pagewiselinenumber=\count297
\c@LN@truepage=\count298
\c@internallinenumber=\count299
\c@internallinenumbers=\count300
\quotelinenumbersep=\dimen175
\bframerule=\dimen176
\bframesep=\dimen177
\bframebox=\box98
LaTeX Info: Redefining \\ on input line 3056.
)
\c@FV@TrueTabGroupLevel=\count301
\c@FV@TrueTabCounter=\count302
\FV@TabBox@Group=\box99
\FV@TmpLength=\skip58
\c@FV@HighlightLinesStart=\count303
\c@FV@HighlightLinesStop=\count304
\FV@LoopCount=\count305
\FV@NCharsBox=\box100
\FV@BreakIndent=\dimen178
\FV@BreakIndentNChars=\count306
\FV@BreakSymbolSepLeft=\dimen179
\FV@BreakSymbolSepLeftNChars=\count307
\FV@BreakSymbolSepRight=\dimen180
\FV@BreakSymbolSepRightNChars=\count308
\FV@BreakSymbolIndentLeft=\dimen181
\FV@BreakSymbolIndentLeftNChars=\count309
\FV@BreakSymbolIndentRight=\dimen182
\FV@BreakSymbolIndentRightNChars=\count310
\c@FancyVerbLineBreakLast=\count311
\FV@LineBox=\box101
\FV@LineIndentBox=\box102
\FV@LineWidth=\dimen183
) (/usr/share/texlive/texmf-dist/tex/latex/tools/calc.sty
Package: calc 2017/05/25 v4.3 Infix arithmetic (KKT,FJ)
\calc@Acount=\count312
\calc@Bcount=\count313
\calc@Adimen=\dimen184
\calc@Bdimen=\dimen185
\calc@Askip=\skip59
\calc@Bskip=\skip60
LaTeX Info: Redefining \setlength on input line 80.
LaTeX Info: Redefining \addtolength on input line 81.
\calc@Ccount=\count314
\calc@Cskip=\skip61
) (/usr/share/texlive/texmf-dist/tex/latex/tools/shellesc.sty
Package: shellesc 2019/11/08 v1.0c unified shell escape interface for LaTeX
Package shellesc Info: Unrestricted shell escape enabled on input line 75.
) (/usr/share/texlive/texmf-dist/tex/latex/ifplatform/ifplatform.sty
Package: ifplatform 2017/10/13 v0.4a Testing for the operating system
 (/usr/share/texlive/texmf-dist/tex/generic/catchfile/catchfile.sty
Package: catchfile 2019/12/09 v1.8 Catch the contents of a file (HO)
)
runsystem(uname -s > "informe.w18")...executed.

 (/home/kuky_nekoi/Documents/Sources/Utalca/UTAL/ComputerScience/(2020-1)-Information_Security/Proyecto 1.1/informe.w18)
runsystem(rm -- "informe.w18")...executed.

) (/usr/share/texlive/texmf-dist/tex/generic/xstring/xstring.sty (/usr/share/texlive/texmf-dist/tex/generic/xstring/xstring.tex
\integerpart=\count315
\decimalpart=\count316
)
Package: xstring 2019/02/06 v1.83 String manipulations (CT)
) (/usr/share/texlive/texmf-dist/tex/latex/framed/framed.sty
Package: framed 2011/10/22 v 0.96: framed or shaded text with page breaks
\OuterFrameSep=\skip62
\fb@frw=\dimen186
\fb@frh=\dimen187
\FrameRule=\dimen188
\FrameSep=\dimen189
) (/usr/share/texlive/texmf-dist/tex/latex/float/float.sty
Package: float 2001/11/08 v1.3d Float enhancements (AL)
\c@float@type=\count317
\float@exts=\toks33
\float@box=\box103
\@float@everytoks=\toks34
\@floatcapt=\box104
)
\minted@appexistsfile=\read5
\minted@bgbox=\box105
\minted@code=\write4
\c@minted@FancyVerbLineTemp=\count318
\c@minted@pygmentizecounter=\count319
\@float@every@listing=\toks35
\c@listing=\count320
)
runsystem(mkdir -p _minted-informe)...executed.

 (/home/kuky_nekoi/Documents/Sources/Utalca/UTAL/ComputerScience/(2020-1)-Information_Security/Proyecto 1.1/automated/templates.tex) (/home/kuky_nekoi/Documents/Sources/Utalca/UTAL/ComputerScience/(2020-1)-Information_Security/Proyecto 1.1/automated/officeBaseStructure.tex) (/home/kuky_nekoi/Documents/Sources/Utalca/UTAL/ComputerScience/(2020-1)-Information_Security/Proyecto 1.1/automated/secretaryBaseStructure.tex) (/home/kuky_nekoi/Documents/Sources/Utalca/UTAL/ComputerScience/(2020-1)-Information_Security/Proyecto 1.1/automated/deparmentBaseStructure.tex) (/home/kuky_nekoi/Documents/Sources/Utalca/UTAL/ComputerScience/(2020-1)-Information_Security/Proyecto 1.1/automated/phpApplicationBaseStructure.tex) (/home/kuky_nekoi/Documents/Sources/Utalca/UTAL/ComputerScience/(2020-1)-Information_Security/Proyecto 1.1/fragments/03riskListing/riskname.tex) (/home/kuky_nekoi/Documents/Sources/Utalca/UTAL/ComputerScience/(2020-1)-Information_Security/Proyecto 1.1/automated/threatModel.tex) (/usr/share/texlive/texmf-dist/tex/latex/xcolor/xcolor.sty
Package: xcolor 2016/05/11 v2.12 LaTeX color extensions (UK)
 (/usr/share/texlive/texmf-dist/tex/latex/graphics-cfg/color.cfg
File: color.cfg 2016/01/02 v1.6 sample color configuration
)
Package xcolor Info: Driver file: pdftex.def on input line 225.
Package xcolor Info: Model `cmy' substituted by `cmy0' on input line 1348.
Package xcolor Info: Model `hsb' substituted by `rgb' on input line 1352.
Package xcolor Info: Model `RGB' extended on input line 1364.
Package xcolor Info: Model `HTML' substituted by `rgb' on input line 1366.
Package xcolor Info: Model `Hsb' substituted by `hsb' on input line 1367.
Package xcolor Info: Model `tHsb' substituted by `hsb' on input line 1368.
Package xcolor Info: Model `HSB' substituted by `hsb' on input line 1369.
Package xcolor Info: Model `Gray' substituted by `gray' on input line 1370.
Package xcolor Info: Model `wave' substituted by `hsb' on input line 1371.
)
runsystem(which pygmentize && touch informe.aex)...executed.

runsystem(rm informe.aex)...executed.

 (/usr/share/texlive/texmf-dist/tex/latex/l3backend/l3backend-pdfmode.def
File: l3backend-pdfmode.def 2020-02-03 L3 backend support: PDF mode
\l__kernel_color_stack_int=\count321
\l__pdf_internal_box=\box106
) (/home/kuky_nekoi/Documents/Sources/Utalca/UTAL/ComputerScience/(2020-1)-Information_Security/Proyecto 1.1/informe.aux
LaTeX Info: Redefining \. on input line 26.
LaTeX Info: Redefining \% on input line 26.
)
\openout1 = `informe.aux'.

LaTeX Font Info:    Checking defaults for OML/cmm/m/it on input line 40.
LaTeX Font Info:    ... okay on input line 40.
LaTeX Font Info:    Checking defaults for OMS/cmsy/m/n on input line 40.
LaTeX Font Info:    ... okay on input line 40.
LaTeX Font Info:    Checking defaults for OT1/cmr/m/n on input line 40.
LaTeX Font Info:    ... okay on input line 40.
LaTeX Font Info:    Checking defaults for T1/cmr/m/n on input line 40.
LaTeX Font Info:    ... okay on input line 40.
LaTeX Font Info:    Checking defaults for TS1/cmr/m/n on input line 40.
LaTeX Font Info:    ... okay on input line 40.
LaTeX Font Info:    Checking defaults for OMX/cmex/m/n on input line 40.
LaTeX Font Info:    ... okay on input line 40.
LaTeX Font Info:    Checking defaults for U/cmr/m/n on input line 40.
LaTeX Font Info:    ... okay on input line 40.
LaTeX Font Info:    Checking defaults for PD1/pdf/m/n on input line 40.
LaTeX Font Info:    ... okay on input line 40.
LaTeX Font Info:    Trying to load font information for T1+aer on input line 40.
 (/usr/share/texlive/texmf-dist/tex/latex/ae/t1aer.fd
File: t1aer.fd 1997/11/16 Font definitions for T1/aer.
)
LaTeX Info: Redefining \. on input line 40.
LaTeX Info: Redefining \% on input line 40.
 (/usr/share/texlive/texmf-dist/tex/context/base/mkii/supp-pdf.mkii
[Loading MPS to PDF converter (version 2006.09.02).]
\scratchcounter=\count322
\scratchdimen=\dimen190
\scratchbox=\box107
\nofMPsegments=\count323
\nofMParguments=\count324
\everyMPshowfont=\toks36
\MPscratchCnt=\count325
\MPscratchDim=\dimen191
\MPnumerator=\count326
\makeMPintoPDFobject=\count327
\everyMPtoPDFconversion=\toks37
)
\AtBeginShipoutBox=\box108
Package hyperref Info: Link coloring OFF on input line 40.
 (/usr/share/texlive/texmf-dist/tex/latex/hyperref/nameref.sty
Package: nameref 2019/09/16 v2.46 Cross-referencing by name of section
 (/usr/share/texlive/texmf-dist/tex/latex/refcount/refcount.sty
Package: refcount 2019/12/15 v3.6 Data extraction from label references (HO)
) (/usr/share/texlive/texmf-dist/tex/generic/gettitlestring/gettitlestring.sty
Package: gettitlestring 2019/12/15 v1.6 Cleanup title references (HO)
)
\c@section@level=\count328
)
LaTeX Info: Redefining \ref on input line 40.
LaTeX Info: Redefining \pageref on input line 40.
LaTeX Info: Redefining \nameref on input line 40.
 (/home/kuky_nekoi/Documents/Sources/Utalca/UTAL/ComputerScience/(2020-1)-Information_Security/Proyecto 1.1/informe.out) (/home/kuky_nekoi/Documents/Sources/Utalca/UTAL/ComputerScience/(2020-1)-Information_Security/Proyecto 1.1/informe.out)
\@outlinefile=\write5
\openout5 = `informe.out'.

\c@lstlisting=\count329
LaTeX Font Info:    Trying to load font information for U+msa on input line 42.
 (/usr/share/texlive/texmf-dist/tex/latex/amsfonts/umsa.fd
File: umsa.fd 2013/01/14 v3.01 AMS symbols A
)
LaTeX Font Info:    Trying to load font information for U+msb on input line 42.
 (/usr/share/texlive/texmf-dist/tex/latex/amsfonts/umsb.fd
File: umsb.fd 2013/01/14 v3.01 AMS symbols B
)
<utalca.pdf, id=172, 41.15375pt x 40.15pt>
File: utalca.pdf Graphic file (type pdf)
<use utalca.pdf>
Package pdftex.def Info: utalca.pdf  used on input line 43.
(pdftex.def)             Requested size: 41.15364pt x 40.14989pt.

Overfull \hbox (163.46658pt too wide) has occurred while \output is active
\T1/aer/m/sc/14.4 Universidad  de  Talca 
 []


Overfull \hbox (173.22981pt too wide) has occurred while \output is active
\T1/aer/m/sc/14.4 Facultad  de  Ingeniería 
 []


Overfull \hbox (290.62515pt too wide) has occurred while \output is active
\T1/aer/m/sc/12 Departamento  de  Ciencias  de  la  Computación 
 []

[1{/var/lib/texmf/fonts/map/pdftex/updmap/pdftex.map}

 </home/kuky_nekoi/Documents/Sources/Utalca/UTAL/ComputerScience/(2020-1)-Information_Security/Proyecto 1.1/utalca.pdf>] (/home/kuky_nekoi/Documents/Sources/Utalca/UTAL/ComputerScience/(2020-1)-Information_Security/Proyecto 1.1/informe.toc
LaTeX Info: Redefining \. on input line 1.
LaTeX Info: Redefining \% on input line 1.
 [2])
\tf@toc=\write6
\openout6 = `informe.toc'.

 [3] (/home/kuky_nekoi/Documents/Sources/Utalca/UTAL/ComputerScience/(2020-1)-Information_Security/Proyecto 1.1/fragments/00resumen.tex) [4] (/home/kuky_nekoi/Documents/Sources/Utalca/UTAL/ComputerScience/(2020-1)-Information_Security/Proyecto 1.1/fragments/00introduction.tex) [5] (/home/kuky_nekoi/Documents/Sources/Utalca/UTAL/ComputerScience/(2020-1)-Information_Security/Proyecto 1.1/fragments/01structure.tex
<fragments/01structure/organigramaMunicipalidad.pdf, id=246, 794.97pt x 614.295pt>
File: fragments/01structure/organigramaMunicipalidad.pdf Graphic file (type pdf)
<use fragments/01structure/organigramaMunicipalidad.pdf>
Package pdftex.def Info: fragments/01structure/organigramaMunicipalidad.pdf  used on input line 6.
(pdftex.def)             Requested size: 469.75502pt x 363.00267pt.
 [6pdfTeX warning (ext4): destination with the same identifier (name{figure.1}) has been already used, duplicate ignored

\AtBegShi@Output ...ipout \box \AtBeginShipoutBox 
                                                  \fi \fi 
l.21 	\item {
              </home/kuky_nekoi/Documents/Sources/Utalca/UTAL/ComputerScience/(2020-1)-Information_Security/Proyecto 1.1/fragments/01structure/organigramaMunicipalidad.pdf>]) (/home/kuky_nekoi/Documents/Sources/Utalca/UTAL/ComputerScience/(2020-1)-Information_Security/Proyecto 1.1/fragments/02resourceListing.tex

Package hyperref Warning: Token not allowed in a PDF string (PDFDocEncoding):
(hyperref)                removing `\@ifnextchar' on input line 2.

(/home/kuky_nekoi/Documents/Sources/Utalca/UTAL/ComputerScience/(2020-1)-Information_Security/Proyecto 1.1/fragments/02resourceListing/01context.tex [7] [8]
LaTeX Font Info:    Trying to load font information for TS1+aer on input line 47.
LaTeX Font Info:    No file TS1aer.fd. on input line 47.


LaTeX Font Warning: Font shape `TS1/aer/m/n' undefined
(Font)              using `TS1/cmr/m/n' instead
(Font)              for symbol `textbullet' on input line 47.

[9]) (/home/kuky_nekoi/Documents/Sources/Utalca/UTAL/ComputerScience/(2020-1)-Information_Security/Proyecto 1.1/fragments/02resourceListing/02generalPurpose.tex
Overfull \hbox (22.76219pt too wide) in paragraph at lines 18--19
[][]
 []


Underfull \hbox (badness 10000) in paragraph at lines 18--19

 []

[10]
Overfull \hbox (22.76219pt too wide) in paragraph at lines 35--36
[][]
 []


Underfull \hbox (badness 10000) in paragraph at lines 35--36

 []


Overfull \hbox (22.76219pt too wide) in paragraph at lines 52--53
[][]
 []


Underfull \hbox (badness 10000) in paragraph at lines 52--53

 []

[11]
Overfull \hbox (22.76219pt too wide) in paragraph at lines 68--69
[][]
 []


Underfull \hbox (badness 10000) in paragraph at lines 68--69

 []


Overfull \hbox (22.76219pt too wide) in paragraph at lines 88--89
[][]
 []


Underfull \hbox (badness 10000) in paragraph at lines 88--89

 []

[12]
Overfull \hbox (22.76219pt too wide) in paragraph at lines 115--116
[][]
 []


Underfull \hbox (badness 10000) in paragraph at lines 115--116

 []

[13]
Overfull \hbox (22.76219pt too wide) in paragraph at lines 129--130
[][]
 []


Underfull \hbox (badness 10000) in paragraph at lines 129--130

 []

[14]
Overfull \hbox (22.76219pt too wide) in paragraph at lines 162--162
[][] 
 []


Overfull \hbox (22.76219pt too wide) in paragraph at lines 162--162
[][]
 []


Underfull \hbox (badness 10000) in paragraph at lines 162--162

 []


Underfull \hbox (badness 3029) in paragraph at lines 162--162
[]|\T1/aer/m/n/10.95 Base de da-tos MySQL en EXE_-MYSQL_-001pa-ra EXE_-
 []


Overfull \hbox (22.76219pt too wide) in paragraph at lines 162--162
[][]
 []


Underfull \hbox (badness 10000) in paragraph at lines 162--162

 []

[15]
Underfull \hbox (badness 2486) in paragraph at lines 162--162
[]|\T1/aer/m/n/10.95 CVE-2019-11042[][][]Buffer over-flow cau-sa-do por in-for-ma-ción
 []


Underfull \hbox (badness 4940) in paragraph at lines 162--162
[]|\T1/aer/m/n/10.95 CVE-2008-7247[][][]Buffer over-flow cau-sa-do por in-for-ma-ción
 []


Overfull \hbox (22.76219pt too wide) in paragraph at lines 162--162
[][]
 []


Underfull \hbox (badness 10000) in paragraph at lines 162--162

 []


Overfull \hbox (22.76219pt too wide) in paragraph at lines 206--206
[][] 
 []

[16]
Overfull \hbox (22.76219pt too wide) in paragraph at lines 206--206
[][]
 []


Underfull \hbox (badness 10000) in paragraph at lines 206--206

 []


Overfull \hbox (22.76219pt too wide) in paragraph at lines 206--206
[][]
 []


Underfull \hbox (badness 10000) in paragraph at lines 206--206

 []

[17]
Underfull \hbox (badness 2486) in paragraph at lines 206--206
[]|\T1/aer/m/n/10.95 CVE-2019-11042[][][]Buffer over-flow cau-sa-do por in-for-ma-ción
 []


Underfull \hbox (badness 4940) in paragraph at lines 206--206
[]|\T1/aer/m/n/10.95 CVE-2008-7247[][][]Buffer over-flow cau-sa-do por in-for-ma-ción
 []


Overfull \hbox (22.76219pt too wide) in paragraph at lines 206--206
[][]
 []


Underfull \hbox (badness 10000) in paragraph at lines 206--206

 []


Overfull \hbox (22.76219pt too wide) in paragraph at lines 244--244
[][] 
 []

[18]
Overfull \hbox (22.76219pt too wide) in paragraph at lines 244--244
[][]
 []


Underfull \hbox (badness 10000) in paragraph at lines 244--244

 []


Overfull \hbox (22.76219pt too wide) in paragraph at lines 244--244
[][]
 []


Underfull \hbox (badness 10000) in paragraph at lines 244--244

 []


Underfull \hbox (badness 2486) in paragraph at lines 244--244
[]|\T1/aer/m/n/10.95 CVE-2019-11042[][][]Buffer over-flow cau-sa-do por in-for-ma-ción
 []


Underfull \hbox (badness 4940) in paragraph at lines 244--244
[]|\T1/aer/m/n/10.95 CVE-2008-7247[][][]Buffer over-flow cau-sa-do por in-for-ma-ción
 []


Overfull \hbox (22.76219pt too wide) in paragraph at lines 244--244
[][]
 []


Underfull \hbox (badness 10000) in paragraph at lines 244--244

 []

) [19] (/home/kuky_nekoi/Documents/Sources/Utalca/UTAL/ComputerScience/(2020-1)-Information_Security/Proyecto 1.1/fragments/02resourceListing/03externalized.tex
Overfull \hbox (22.76219pt too wide) in paragraph at lines 19--20
[][]
 []


Underfull \hbox (badness 10000) in paragraph at lines 19--20

 []


Overfull \hbox (22.76219pt too wide) in paragraph at lines 35--36
[][]
 []


Underfull \hbox (badness 10000) in paragraph at lines 35--36

 []

[20]
Overfull \hbox (22.76219pt too wide) in paragraph at lines 49--50
[][]
 []


Underfull \hbox (badness 10000) in paragraph at lines 49--50

 []

)
Overfull \hbox (22.76219pt too wide) in paragraph at lines 77--12
[][]
 []


Underfull \hbox (badness 10000) in paragraph at lines 77--12

 []

[21] (/home/kuky_nekoi/Documents/Sources/Utalca/UTAL/ComputerScience/(2020-1)-Information_Security/Proyecto 1.1/fragments/02resourceListing/03specificPurpose.tex
Overfull \hbox (22.76219pt too wide) in paragraph at lines 19--19
[][]
 []


Underfull \hbox (badness 10000) in paragraph at lines 19--19

 []

[22]
Overfull \hbox (22.76219pt too wide) in paragraph at lines 19--19
[][] 
 []


Underfull \hbox (badness 10000) in paragraph at lines 19--19

 []


Overfull \hbox (22.76219pt too wide) in paragraph at lines 19--19
[][] 
 []


Underfull \hbox (badness 10000) in paragraph at lines 19--19

 []

[23]
Overfull \hbox (22.76219pt too wide) in paragraph at lines 19--19
[][]
 []


Underfull \hbox (badness 10000) in paragraph at lines 19--19

 []


Overfull \hbox (22.76219pt too wide) in paragraph at lines 19--19
[][]
 []


Underfull \hbox (badness 10000) in paragraph at lines 19--19

 []

[24]
Overfull \hbox (22.76219pt too wide) in paragraph at lines 19--19
[][] 
 []


Underfull \hbox (badness 10000) in paragraph at lines 19--19

 []


Overfull \hbox (22.76219pt too wide) in paragraph at lines 19--19
[][] 
 []


Underfull \hbox (badness 10000) in paragraph at lines 19--19

 []

[25]
Overfull \hbox (22.76219pt too wide) in paragraph at lines 19--19
[][]
 []


Underfull \hbox (badness 10000) in paragraph at lines 19--19

 []


Overfull \hbox (22.76219pt too wide) in paragraph at lines 19--19
[][]
 []


Underfull \hbox (badness 10000) in paragraph at lines 19--19

 []

[26]
Overfull \hbox (22.76219pt too wide) in paragraph at lines 19--19
[][]
 []


Underfull \hbox (badness 10000) in paragraph at lines 19--19

 []


Overfull \hbox (22.76219pt too wide) in paragraph at lines 19--19
[][]
 []


Underfull \hbox (badness 10000) in paragraph at lines 19--19

 []

[27]
Overfull \hbox (22.76219pt too wide) in paragraph at lines 19--19
[][]
 []


Underfull \hbox (badness 10000) in paragraph at lines 19--19

 []


Overfull \hbox (22.76219pt too wide) in paragraph at lines 19--19
[][]
 []


Underfull \hbox (badness 10000) in paragraph at lines 19--19

 []


Overfull \hbox (22.76219pt too wide) in paragraph at lines 19--20
[][]
 []


Underfull \hbox (badness 10000) in paragraph at lines 19--20

 []

[28]
Overfull \hbox (22.76219pt too wide) in paragraph at lines 22--22
[][]
 []


Underfull \hbox (badness 10000) in paragraph at lines 22--22

 []


Overfull \hbox (22.76219pt too wide) in paragraph at lines 22--22
[][] 
 []


Underfull \hbox (badness 10000) in paragraph at lines 22--22

 []

[29]
Overfull \hbox (22.76219pt too wide) in paragraph at lines 22--22
[][] 
 []


Underfull \hbox (badness 10000) in paragraph at lines 22--22

 []


Overfull \hbox (22.76219pt too wide) in paragraph at lines 22--22
[][]
 []


Underfull \hbox (badness 10000) in paragraph at lines 22--22

 []

[30]
Overfull \hbox (22.76219pt too wide) in paragraph at lines 22--22
[][]
 []


Underfull \hbox (badness 10000) in paragraph at lines 22--22

 []


Overfull \hbox (22.76219pt too wide) in paragraph at lines 22--22
[][] 
 []


Underfull \hbox (badness 10000) in paragraph at lines 22--22

 []

[31]
Overfull \hbox (22.76219pt too wide) in paragraph at lines 22--22
[][] 
 []


Underfull \hbox (badness 10000) in paragraph at lines 22--22

 []


Overfull \hbox (22.76219pt too wide) in paragraph at lines 22--22
[][]
 []


Underfull \hbox (badness 10000) in paragraph at lines 22--22

 []

[32]
Overfull \hbox (22.76219pt too wide) in paragraph at lines 22--22
[][]
 []


Underfull \hbox (badness 10000) in paragraph at lines 22--22

 []


Overfull \hbox (22.76219pt too wide) in paragraph at lines 22--22
[][]
 []


Underfull \hbox (badness 10000) in paragraph at lines 22--22

 []

[33]
Overfull \hbox (22.76219pt too wide) in paragraph at lines 22--22
[][]
 []


Underfull \hbox (badness 10000) in paragraph at lines 22--22

 []


Overfull \hbox (22.76219pt too wide) in paragraph at lines 22--22
[][]
 []


Underfull \hbox (badness 10000) in paragraph at lines 22--22

 []


Overfull \hbox (22.76219pt too wide) in paragraph at lines 22--22
[][]
 []


Underfull \hbox (badness 10000) in paragraph at lines 22--22

 []

[34]
Overfull \hbox (22.76219pt too wide) in paragraph at lines 22--23
[][]
 []


Underfull \hbox (badness 10000) in paragraph at lines 22--23

 []


Overfull \hbox (22.76219pt too wide) in paragraph at lines 25--25
[][]
 []


Underfull \hbox (badness 10000) in paragraph at lines 25--25

 []


Overfull \hbox (22.76219pt too wide) in paragraph at lines 25--25
[][] 
 []


Underfull \hbox (badness 10000) in paragraph at lines 25--25

 []

[35]
Overfull \hbox (22.76219pt too wide) in paragraph at lines 25--25
[][] 
 []


Underfull \hbox (badness 10000) in paragraph at lines 25--25

 []


Overfull \hbox (22.76219pt too wide) in paragraph at lines 25--25
[][]
 []


Underfull \hbox (badness 10000) in paragraph at lines 25--25

 []


Overfull \hbox (22.76219pt too wide) in paragraph at lines 25--25
[][]
 []


Underfull \hbox (badness 10000) in paragraph at lines 25--25

 []

[36]
Overfull \hbox (22.76219pt too wide) in paragraph at lines 25--25
[][] 
 []


Underfull \hbox (badness 10000) in paragraph at lines 25--25

 []


Overfull \hbox (22.76219pt too wide) in paragraph at lines 25--25
[][] 
 []


Underfull \hbox (badness 10000) in paragraph at lines 25--25

 []

[37]
Overfull \hbox (22.76219pt too wide) in paragraph at lines 25--25
[][]
 []


Underfull \hbox (badness 10000) in paragraph at lines 25--25

 []


Overfull \hbox (22.76219pt too wide) in paragraph at lines 25--25
[][]
 []


Underfull \hbox (badness 10000) in paragraph at lines 25--25

 []

[38]
Overfull \hbox (22.76219pt too wide) in paragraph at lines 25--25
[][]
 []


Underfull \hbox (badness 10000) in paragraph at lines 25--25

 []


Overfull \hbox (22.76219pt too wide) in paragraph at lines 25--25
[][]
 []


Underfull \hbox (badness 10000) in paragraph at lines 25--25

 []

[39]
Overfull \hbox (22.76219pt too wide) in paragraph at lines 25--25
[][]
 []


Underfull \hbox (badness 10000) in paragraph at lines 25--25

 []


Overfull \hbox (22.76219pt too wide) in paragraph at lines 25--25
[][]
 []


Underfull \hbox (badness 10000) in paragraph at lines 25--25

 []


Overfull \hbox (22.76219pt too wide) in paragraph at lines 25--26
[][]
 []


Underfull \hbox (badness 10000) in paragraph at lines 25--26

 []

[40]
Overfull \hbox (22.76219pt too wide) in paragraph at lines 28--28
[][]
 []


Underfull \hbox (badness 10000) in paragraph at lines 28--28

 []


Overfull \hbox (22.76219pt too wide) in paragraph at lines 28--28
[][] 
 []


Underfull \hbox (badness 10000) in paragraph at lines 28--28

 []

[41]
Overfull \hbox (22.76219pt too wide) in paragraph at lines 28--28
[][] 
 []


Underfull \hbox (badness 10000) in paragraph at lines 28--28

 []


Overfull \hbox (22.76219pt too wide) in paragraph at lines 28--28
[][]
 []


Underfull \hbox (badness 10000) in paragraph at lines 28--28

 []

[42]
Overfull \hbox (22.76219pt too wide) in paragraph at lines 28--28
[][]
 []


Underfull \hbox (badness 10000) in paragraph at lines 28--28

 []


Overfull \hbox (22.76219pt too wide) in paragraph at lines 28--28
[][] 
 []


Underfull \hbox (badness 10000) in paragraph at lines 28--28

 []

[43]
Overfull \hbox (22.76219pt too wide) in paragraph at lines 28--28
[][] 
 []


Underfull \hbox (badness 10000) in paragraph at lines 28--28

 []


Overfull \hbox (22.76219pt too wide) in paragraph at lines 28--28
[][]
 []


Underfull \hbox (badness 10000) in paragraph at lines 28--28

 []

[44]
Overfull \hbox (22.76219pt too wide) in paragraph at lines 28--28
[][]
 []


Underfull \hbox (badness 10000) in paragraph at lines 28--28

 []


Overfull \hbox (22.76219pt too wide) in paragraph at lines 28--28
[][]
 []


Underfull \hbox (badness 10000) in paragraph at lines 28--28

 []

[45]
Overfull \hbox (22.76219pt too wide) in paragraph at lines 28--28
[][]
 []


Underfull \hbox (badness 10000) in paragraph at lines 28--28

 []


Overfull \hbox (22.76219pt too wide) in paragraph at lines 28--28
[][]
 []


Underfull \hbox (badness 10000) in paragraph at lines 28--28

 []

[46]
Overfull \hbox (22.76219pt too wide) in paragraph at lines 28--28
[][]
 []


Underfull \hbox (badness 10000) in paragraph at lines 28--28

 []


Overfull \hbox (22.76219pt too wide) in paragraph at lines 28--29
[][]
 []


Underfull \hbox (badness 10000) in paragraph at lines 28--29

 []


Overfull \hbox (22.76219pt too wide) in paragraph at lines 31--31
[][]
 []


Underfull \hbox (badness 10000) in paragraph at lines 31--31

 []

[47]
Overfull \hbox (22.76219pt too wide) in paragraph at lines 31--31
[][] 
 []


Underfull \hbox (badness 10000) in paragraph at lines 31--31

 []


Overfull \hbox (22.76219pt too wide) in paragraph at lines 31--31
[][] 
 []


Underfull \hbox (badness 10000) in paragraph at lines 31--31

 []

[48]
Overfull \hbox (22.76219pt too wide) in paragraph at lines 31--31
[][]
 []


Underfull \hbox (badness 10000) in paragraph at lines 31--31

 []


Overfull \hbox (22.76219pt too wide) in paragraph at lines 31--31
[][]
 []


Underfull \hbox (badness 10000) in paragraph at lines 31--31

 []

[49]
Overfull \hbox (22.76219pt too wide) in paragraph at lines 31--31
[][] 
 []


Underfull \hbox (badness 10000) in paragraph at lines 31--31

 []


Overfull \hbox (22.76219pt too wide) in paragraph at lines 31--31
[][] 
 []


Underfull \hbox (badness 10000) in paragraph at lines 31--31

 []

[50]
Overfull \hbox (22.76219pt too wide) in paragraph at lines 31--31
[][]
 []


Underfull \hbox (badness 10000) in paragraph at lines 31--31

 []


Overfull \hbox (22.76219pt too wide) in paragraph at lines 31--31
[][]
 []


Underfull \hbox (badness 10000) in paragraph at lines 31--31

 []

[51]
Overfull \hbox (22.76219pt too wide) in paragraph at lines 31--31
[][]
 []


Underfull \hbox (badness 10000) in paragraph at lines 31--31

 []


Overfull \hbox (22.76219pt too wide) in paragraph at lines 31--31
[][]
 []


Underfull \hbox (badness 10000) in paragraph at lines 31--31

 []

[52]
Overfull \hbox (22.76219pt too wide) in paragraph at lines 31--31
[][]
 []


Underfull \hbox (badness 10000) in paragraph at lines 31--31

 []


Overfull \hbox (22.76219pt too wide) in paragraph at lines 31--31
[][]
 []


Underfull \hbox (badness 10000) in paragraph at lines 31--31

 []


Overfull \hbox (22.76219pt too wide) in paragraph at lines 31--32
[][]
 []


Underfull \hbox (badness 10000) in paragraph at lines 31--32

 []

[53]
Overfull \hbox (22.76219pt too wide) in paragraph at lines 34--34
[][]
 []


Underfull \hbox (badness 10000) in paragraph at lines 34--34

 []


Overfull \hbox (22.76219pt too wide) in paragraph at lines 34--34
[][] 
 []


Underfull \hbox (badness 10000) in paragraph at lines 34--34

 []

[54]
Overfull \hbox (22.76219pt too wide) in paragraph at lines 34--34
[][] 
 []


Underfull \hbox (badness 10000) in paragraph at lines 34--34

 []


Overfull \hbox (22.76219pt too wide) in paragraph at lines 34--34
[][]
 []


Underfull \hbox (badness 10000) in paragraph at lines 34--34

 []

[55]
Overfull \hbox (22.76219pt too wide) in paragraph at lines 34--34
[][]
 []


Underfull \hbox (badness 10000) in paragraph at lines 34--34

 []


Overfull \hbox (22.76219pt too wide) in paragraph at lines 34--34
[][] 
 []


Underfull \hbox (badness 10000) in paragraph at lines 34--34

 []

[56]
Overfull \hbox (22.76219pt too wide) in paragraph at lines 34--34
[][] 
 []


Underfull \hbox (badness 10000) in paragraph at lines 34--34

 []


Overfull \hbox (22.76219pt too wide) in paragraph at lines 34--34
[][]
 []


Underfull \hbox (badness 10000) in paragraph at lines 34--34

 []

[57]
Overfull \hbox (22.76219pt too wide) in paragraph at lines 34--34
[][]
 []


Underfull \hbox (badness 10000) in paragraph at lines 34--34

 []


Overfull \hbox (22.76219pt too wide) in paragraph at lines 34--34
[][]
 []


Underfull \hbox (badness 10000) in paragraph at lines 34--34

 []

[58]
Overfull \hbox (22.76219pt too wide) in paragraph at lines 34--34
[][]
 []


Underfull \hbox (badness 10000) in paragraph at lines 34--34

 []


Overfull \hbox (22.76219pt too wide) in paragraph at lines 34--34
[][]
 []


Underfull \hbox (badness 10000) in paragraph at lines 34--34

 []


Overfull \hbox (22.76219pt too wide) in paragraph at lines 34--34
[][]
 []


Underfull \hbox (badness 10000) in paragraph at lines 34--34

 []

[59]
Overfull \hbox (22.76219pt too wide) in paragraph at lines 34--35
[][]
 []


Underfull \hbox (badness 10000) in paragraph at lines 34--35

 []


Overfull \hbox (22.76219pt too wide) in paragraph at lines 37--37
[][]
 []


Underfull \hbox (badness 10000) in paragraph at lines 37--37

 []


Overfull \hbox (22.76219pt too wide) in paragraph at lines 37--37
[][] 
 []


Underfull \hbox (badness 10000) in paragraph at lines 37--37

 []

[60]
Overfull \hbox (22.76219pt too wide) in paragraph at lines 37--37
[][] 
 []


Underfull \hbox (badness 10000) in paragraph at lines 37--37

 []


Overfull \hbox (22.76219pt too wide) in paragraph at lines 37--37
[][]
 []


Underfull \hbox (badness 10000) in paragraph at lines 37--37

 []

[61]
Overfull \hbox (22.76219pt too wide) in paragraph at lines 37--37
[][]
 []


Underfull \hbox (badness 10000) in paragraph at lines 37--37

 []


Overfull \hbox (22.76219pt too wide) in paragraph at lines 37--37
[][] 
 []


Underfull \hbox (badness 10000) in paragraph at lines 37--37

 []

[62]
Overfull \hbox (22.76219pt too wide) in paragraph at lines 37--37
[][] 
 []


Underfull \hbox (badness 10000) in paragraph at lines 37--37

 []


Overfull \hbox (22.76219pt too wide) in paragraph at lines 37--37
[][]
 []


Underfull \hbox (badness 10000) in paragraph at lines 37--37

 []

[63]
Overfull \hbox (22.76219pt too wide) in paragraph at lines 37--37
[][]
 []


Underfull \hbox (badness 10000) in paragraph at lines 37--37

 []


Overfull \hbox (22.76219pt too wide) in paragraph at lines 37--37
[][]
 []


Underfull \hbox (badness 10000) in paragraph at lines 37--37

 []

[64]
Overfull \hbox (22.76219pt too wide) in paragraph at lines 37--37
[][]
 []


Underfull \hbox (badness 10000) in paragraph at lines 37--37

 []


Overfull \hbox (22.76219pt too wide) in paragraph at lines 37--37
[][]
 []


Underfull \hbox (badness 10000) in paragraph at lines 37--37

 []


Overfull \hbox (22.76219pt too wide) in paragraph at lines 37--37
[][]
 []


Underfull \hbox (badness 10000) in paragraph at lines 37--37

 []

[65]))
Overfull \hbox (22.76219pt too wide) in paragraph at lines 37--61
[][]
 []


Underfull \hbox (badness 10000) in paragraph at lines 37--61

 []

(/home/kuky_nekoi/Documents/Sources/Utalca/UTAL/ComputerScience/(2020-1)-Information_Security/Proyecto 1.1/fragments/03riskListing.tex (/home/kuky_nekoi/Documents/Sources/Utalca/UTAL/ComputerScience/(2020-1)-Information_Security/Proyecto 1.1/fragments/03riskListing/approvals.tex) (/home/kuky_nekoi/Documents/Sources/Utalca/UTAL/ComputerScience/(2020-1)-Information_Security/Proyecto 1.1/fragments/03riskListing/labeling.tex) (/home/kuky_nekoi/Documents/Sources/Utalca/UTAL/ComputerScience/(2020-1)-Information_Security/Proyecto 1.1/fragments/03riskListing/processes.tex) (/home/kuky_nekoi/Documents/Sources/Utalca/UTAL/ComputerScience/(2020-1)-Information_Security/Proyecto 1.1/fragments/03riskListing/structure.tex) (/home/kuky_nekoi/Documents/Sources/Utalca/UTAL/ComputerScience/(2020-1)-Information_Security/Proyecto 1.1/fragments/03riskListing/subarea.tex) (/home/kuky_nekoi/Documents/Sources/Utalca/UTAL/ComputerScience/(2020-1)-Information_Security/Proyecto 1.1/fragments/03riskListing/riskListing.tex
Overfull \hbox (22.76219pt too wide) in paragraph at lines 101--102
[][]
 []


Underfull \hbox (badness 10000) in paragraph at lines 101--102

 []

[66]
Overfull \hbox (22.76219pt too wide) in paragraph at lines 126--127
[][]
 []


Underfull \hbox (badness 10000) in paragraph at lines 126--127

 []


Overfull \hbox (22.76219pt too wide) in paragraph at lines 154--181
[][]
 []


Underfull \hbox (badness 10000) in paragraph at lines 154--181

 []

[67]
Overfull \hbox (22.76219pt too wide) in paragraph at lines 181--204
[][]
 []


Underfull \hbox (badness 10000) in paragraph at lines 181--204

 []

[68]
Overfull \hbox (22.76219pt too wide) in paragraph at lines 204--227
[][]
 []


Underfull \hbox (badness 10000) in paragraph at lines 204--227

 []

[69]
Overfull \hbox (22.76219pt too wide) in paragraph at lines 227--235
[][]
 []


Underfull \hbox (badness 10000) in paragraph at lines 227--235

 []


Overfull \hbox (22.76219pt too wide) in paragraph at lines 274--275
[][]
 []


Underfull \hbox (badness 10000) in paragraph at lines 274--275

 []

[70]
Overfull \hbox (22.76219pt too wide) in paragraph at lines 301--302
[][]
 []


Underfull \hbox (badness 10000) in paragraph at lines 301--302

 []

[71]
Overfull \hbox (22.76219pt too wide) in paragraph at lines 324--325
[][]
 []


Underfull \hbox (badness 10000) in paragraph at lines 324--325

 []


Overfull \hbox (22.76219pt too wide) in paragraph at lines 347--348
[][]
 []


Underfull \hbox (badness 10000) in paragraph at lines 347--348

 []

[72]
Overfull \hbox (22.76219pt too wide) in paragraph at lines 370--371
[][]
 []


Underfull \hbox (badness 10000) in paragraph at lines 370--371

 []


Overfull \hbox (22.76219pt too wide) in paragraph at lines 395--396
[][]
 []


Underfull \hbox (badness 10000) in paragraph at lines 395--396

 []

[73]
Overfull \hbox (22.76219pt too wide) in paragraph at lines 421--422
[][]
 []


Underfull \hbox (badness 10000) in paragraph at lines 421--422

 []

[74]
Overfull \hbox (22.76219pt too wide) in paragraph at lines 448--449
[][]
 []


Underfull \hbox (badness 10000) in paragraph at lines 448--449

 []


Overfull \hbox (22.76219pt too wide) in paragraph at lines 475--476
[][]
 []


Underfull \hbox (badness 10000) in paragraph at lines 475--476

 []

[75]
Overfull \hbox (22.76219pt too wide) in paragraph at lines 500--501
[][]
 []


Underfull \hbox (badness 10000) in paragraph at lines 500--501

 []


Overfull \hbox (22.76219pt too wide) in paragraph at lines 523--524
[][]
 []


Underfull \hbox (badness 10000) in paragraph at lines 523--524

 []

[76]
Overfull \hbox (22.76219pt too wide) in paragraph at lines 552--553
[][]
 []


Underfull \hbox (badness 10000) in paragraph at lines 552--553

 []

[77]
Overfull \hbox (22.76219pt too wide) in paragraph at lines 577--578
[][]
 []


Underfull \hbox (badness 10000) in paragraph at lines 577--578

 []

[78]
Overfull \hbox (22.76219pt too wide) in paragraph at lines 601--602
[][]
 []


Underfull \hbox (badness 10000) in paragraph at lines 601--602

 []


Overfull \hbox (22.76219pt too wide) in paragraph at lines 626--627
[][]
 []


Underfull \hbox (badness 10000) in paragraph at lines 626--627

 []

[79]
Overfull \hbox (22.76219pt too wide) in paragraph at lines 665--666
[][]
 []


Underfull \hbox (badness 10000) in paragraph at lines 665--666

 []

[80]
Overfull \hbox (22.76219pt too wide) in paragraph at lines 691--692
[][]
 []


Underfull \hbox (badness 10000) in paragraph at lines 691--692

 []

[81]
Overfull \hbox (22.76219pt too wide) in paragraph at lines 723--724
[][]
 []


Underfull \hbox (badness 10000) in paragraph at lines 723--724

 []

[82]
Overfull \hbox (22.76219pt too wide) in paragraph at lines 747--748
[][]
 []


Underfull \hbox (badness 10000) in paragraph at lines 747--748

 []

[83]
Overfull \hbox (22.76219pt too wide) in paragraph at lines 771--772
[][]
 []


Underfull \hbox (badness 10000) in paragraph at lines 771--772

 []

[84]
Overfull \hbox (22.76219pt too wide) in paragraph at lines 800--801
[][]
 []


Underfull \hbox (badness 10000) in paragraph at lines 800--801

 []

[85]
Overfull \hbox (22.76219pt too wide) in paragraph at lines 826--827
[][]
 []


Underfull \hbox (badness 10000) in paragraph at lines 826--827

 []

[86]
Overfull \hbox (22.76219pt too wide) in paragraph at lines 853--854
[][]
 []


Underfull \hbox (badness 10000) in paragraph at lines 853--854

 []

[87]
Overfull \hbox (22.76219pt too wide) in paragraph at lines 880--881
[][]
 []


Underfull \hbox (badness 10000) in paragraph at lines 880--881

 []

[88]
Overfull \hbox (22.76219pt too wide) in paragraph at lines 908--909
[][]
 []


Underfull \hbox (badness 10000) in paragraph at lines 908--909

 []

[89]
Overfull \hbox (22.76219pt too wide) in paragraph at lines 935--936
[][]
 []


Underfull \hbox (badness 10000) in paragraph at lines 935--936

 []

[90]
Overfull \hbox (22.76219pt too wide) in paragraph at lines 960--961
[][]
 []


Underfull \hbox (badness 10000) in paragraph at lines 960--961

 []


Overfull \hbox (22.76219pt too wide) in paragraph at lines 986--987
[][]
 []


Underfull \hbox (badness 10000) in paragraph at lines 986--987

 []

[91]))
Overfull \hbox (22.76219pt too wide) in paragraph at lines 1013--65
[][]
 []


Underfull \hbox (badness 10000) in paragraph at lines 1013--65

 []

[92] (/home/kuky_nekoi/Documents/Sources/Utalca/UTAL/ComputerScience/(2020-1)-Information_Security/Proyecto 1.1/fragments/04riskMatrix.tex) (/home/kuky_nekoi/Documents/Sources/Utalca/UTAL/ComputerScience/(2020-1)-Information_Security/Proyecto 1.1/fragments/05policies.tex [93] [94] [95]) [96] [97]

LaTeX Warning: Empty `thebibliography' environment on input line 104.

Package atveryend Info: Empty hook `BeforeClearDocument' on input line 106.
[98]
Package atveryend Info: Empty hook `AfterLastShipout' on input line 106.
 (/home/kuky_nekoi/Documents/Sources/Utalca/UTAL/ComputerScience/(2020-1)-Information_Security/Proyecto 1.1/informe.aux
LaTeX Info: Redefining \. on input line 26.
LaTeX Info: Redefining \% on input line 26.
)
Package atveryend Info: Executing hook `AtVeryEndDocument' on input line 106.
Package atveryend Info: Executing hook `AtEndAfterFileList' on input line 106.
Package rerunfilecheck Info: File `informe.out' has not changed.
(rerunfilecheck)             Checksum: 4785F956740FC50DDBEB6C4200CD9F09;3735.


LaTeX Font Warning: Some font shapes were not available, defaults substituted.

Package atveryend Info: Empty hook `AtVeryVeryEnd' on input line 106.
 ) 
Here is how much of TeX's memory you used:
 13573 strings out of 481239
 225806 string characters out of 5920377
 568038 words of memory out of 5000000
 28231 multiletter control sequences out of 15000+600000
 577306 words of font info for 117 fonts, out of 8000000 for 9000
 1141 hyphenation exceptions out of 8191
 40i,13n,43p,1046b,692s stack positions out of 5000i,500n,10000p,200000b,80000s
pdfTeX warning (dest): name{Hfootnote.41} has been referenced but does not exist, replaced by a fixed one

pdfTeX warning (dest): name{Hfootnote.40} has been referenced but does not exist, replaced by a fixed one

pdfTeX warning (dest): name{Hfootnote.39} has been referenced but does not exist, replaced by a fixed one

pdfTeX warning (dest): name{Hfootnote.38} has been referenced but does not exist, replaced by a fixed one

pdfTeX warning (dest): name{Hfootnote.37} has been referenced but does not exist, replaced by a fixed one

pdfTeX warning (dest): name{Hfootnote.36} has been referenced but does not exist, replaced by a fixed one

pdfTeX warning (dest): name{Hfootnote.35} has been referenced but does not exist, replaced by a fixed one

pdfTeX warning (dest): name{Hfootnote.34} has been referenced but does not exist, replaced by a fixed one

pdfTeX warning (dest): name{Hfootnote.33} has been referenced but does not exist, replaced by a fixed one

pdfTeX warning (dest): name{Hfootnote.32} has been referenced but does not exist, replaced by a fixed one

pdfTeX warning (dest): name{Hfootnote.31} has been referenced but does not exist, replaced by a fixed one

pdfTeX warning (dest): name{Hfootnote.30} has been referenced but does not exist, replaced by a fixed one

pdfTeX warning (dest): name{Hfootnote.29} has been referenced but does not exist, replaced by a fixed one

pdfTeX warning (dest): name{Hfootnote.28} has been referenced but does not exist, replaced by a fixed one

pdfTeX warning (dest): name{Hfootnote.27} has been referenced but does not exist, replaced by a fixed one

pdfTeX warning (dest): name{Hfootnote.26} has been referenced but does not exist, replaced by a fixed one

pdfTeX warning (dest): name{Hfootnote.25} has been referenced but does not exist, replaced by a fixed one

pdfTeX warning (dest): name{Hfootnote.24} has been referenced but does not exist, replaced by a fixed one

pdfTeX warning (dest): name{Hfootnote.23} has been referenced but does not exist, replaced by a fixed one

pdfTeX warning (dest): name{Hfootnote.22} has been referenced but does not exist, replaced by a fixed one

pdfTeX warning (dest): name{Hfootnote.21} has been referenced but does not exist, replaced by a fixed one

pdfTeX warning (dest): name{Hfootnote.20} has been referenced but does not exist, replaced by a fixed one

pdfTeX warning (dest): name{Hfootnote.19} has been referenced but does not exist, replaced by a fixed one

pdfTeX warning (dest): name{Hfootnote.18} has been referenced but does not exist, replaced by a fixed one

pdfTeX warning (dest): name{Hfootnote.17} has been referenced but does not exist, replaced by a fixed one

pdfTeX warning (dest): name{Hfootnote.16} has been referenced but does not exist, replaced by a fixed one

pdfTeX warning (dest): name{Hfootnote.15} has been referenced but does not exist, replaced by a fixed one

pdfTeX warning (dest): name{Hfootnote.14} has been referenced but does not exist, replaced by a fixed one

pdfTeX warning (dest): name{Hfootnote.13} has been referenced but does not exist, replaced by a fixed one

pdfTeX warning (dest): name{Hfootnote.12} has been referenced but does not exist, replaced by a fixed one

pdfTeX warning (dest): name{Hfootnote.11} has been referenced but does not exist, replaced by a fixed one

pdfTeX warning (dest): name{Hfootnote.10} has been referenced but does not exist, replaced by a fixed one

pdfTeX warning (dest): name{Hfootnote.9} has been referenced but does not exist, replaced by a fixed one

pdfTeX warning (dest): name{Hfootnote.8} has been referenced but does not exist, replaced by a fixed one

pdfTeX warning (dest): name{Hfootnote.7} has been referenced but does not exist, replaced by a fixed one

pdfTeX warning (dest): name{Hfootnote.6} has been referenced but does not exist, replaced by a fixed one

pdfTeX warning (dest): name{Hfootnote.5} has been referenced but does not exist, replaced by a fixed one

pdfTeX warning (dest): name{Hfootnote.4} has been referenced but does not exist, replaced by a fixed one

pdfTeX warning (dest): name{Hfootnote.3} has been referenced but does not exist, replaced by a fixed one

pdfTeX warning (dest): name{Hfootnote.2} has been referenced but does not exist, replaced by a fixed one

pdfTeX warning (dest): name{Hfootnote.1} has been referenced but does not exist, replaced by a fixed one

{/usr/share/texmf/fonts/enc/dvips/cm-super/cm-super-ts1.enc}</usr/share/texlive/texmf-dist/fonts/type1/public/amsfonts/cm/cmb10.pfb></usr/share/texlive/texmf-dist/fonts/type1/public/amsfonts/cm/cmcsc10.pfb></usr/share/texlive/texmf-dist/fonts/type1/public/amsfonts/cm/cmr10.pfb></usr/share/texlive/texmf-dist/fonts/type1/public/amsfonts/cm/cmr12.pfb></usr/share/texlive/texmf-dist/fonts/type1/public/amsfonts/cm/cmr17.pfb></usr/share/texlive/texmf-dist/fonts/type1/public/amsfonts/cm/cmr6.pfb></usr/share/texlive/texmf-dist/fonts/type1/public/amsfonts/cm/cmr8.pfb></usr/share/texlive/texmf-dist/fonts/type1/public/amsfonts/cm/cmr9.pfb></usr/share/texmf/fonts/type1/public/cm-super/sfrm1095.pfb>
Output written on "/home/kuky_nekoi/Documents/Sources/Utalca/UTAL/ComputerScience/(2020-1)-Information_Security/Proyecto 1.1/informe.pdf" (98 pages, 703337 bytes).
PDF statistics:
 892 PDF objects out of 1000 (max. 8388607)
 693 compressed objects within 7 object streams
 185 named destinations out of 1000 (max. 500000)
 347 words of extra memory for PDF output out of 10000 (max. 10000000)

