\BOOKMARK [0][-]{part.1}{I ResumenEjecutivo}{}% 1
\BOOKMARK [0][-]{part.2}{II Introducci\363n}{}% 2
\BOOKMARK [0][-]{part.3}{III Desarrollo}{}% 3
\BOOKMARK [1][-]{section.1}{Estructura organizacional}{part.3}% 4
\BOOKMARK [2][-]{subsection.1.1}{Organigrama}{section.1}% 5
\BOOKMARK [2][-]{subsection.1.2}{Rationale}{section.1}% 6
\BOOKMARK [1][-]{section.2}{Identificaci\363n de activos}{part.3}% 7
\BOOKMARK [2][-]{subsection.2.1}{Contexto Durante la identificaci\363n de activos esta se ha limitado a activos que puedan presentar riesgos de seguridad de la informaci\363n, ignorando los activos humanos y los activos de servicios de TI ya que escapan a situaciones bajo el control directo y supervisi\363n de el equipo de TI. Adicionalmente est\341 especificado en la especificaci\363n del proyecto que dichos factores no deben de ser incluidos.}{section.2}% 8
\BOOKMARK [2][-]{subsection.2.2}{Situaci\363n actual}{section.2}% 9
\BOOKMARK [2][-]{subsection.2.3}{Procesos}{section.2}% 10
\BOOKMARK [3][-]{subsubsection.2.3.1}{Sistema contabilidad gubernamental}{subsection.2.3}% 11
\BOOKMARK [3][-]{subsubsection.2.3.2}{Sistema de tesoreria municipal}{subsection.2.3}% 12
\BOOKMARK [2][-]{subsection.2.4}{Sistema patentes comerciales}{section.2}% 13
\BOOKMARK [2][-]{subsection.2.5}{Sistema permisos de circulaci\363n}{section.2}% 14
\BOOKMARK [2][-]{subsection.2.6}{Activos de car\341cter transversal}{section.2}% 15
\BOOKMARK [2][-]{subsection.2.7}{Activos externalizados}{section.2}% 16
\BOOKMARK [2][-]{subsection.2.8}{Activos de car\341cter espec\355fico}{section.2}% 17
\BOOKMARK [3][-]{subsubsection.2.8.1}{Departamento de Asuntos Municipales}{subsection.2.8}% 18
\BOOKMARK [3][-]{subsubsection.2.8.2}{Departamento de Certificaci\363n y archivo}{subsection.2.8}% 19
\BOOKMARK [3][-]{subsubsection.2.8.3}{Departamento de Cartograf\355a }{subsection.2.8}% 20
\BOOKMARK [3][-]{subsubsection.2.8.4}{Departamento de Revisi\363n de Procesos de Contrataci\363n }{subsection.2.8}% 21
\BOOKMARK [3][-]{subsubsection.2.8.5}{Departamento de Auditor\355a Operativa}{subsection.2.8}% 22
\BOOKMARK [3][-]{subsubsection.2.8.6}{Direcci\363n de revisi\363n de Procesos de Pago, Bienes y Servicios}{subsection.2.8}% 23
\BOOKMARK [3][-]{subsubsection.2.8.7}{Departamento de Tecnolog\355as de la Informaci\363n}{subsection.2.8}% 24
\BOOKMARK [1][-]{section.3}{An\341lisis de riesgos}{part.3}% 25
\BOOKMARK [2][-]{subsection.3.1}{Riesgos asociados a factores no tecnol\363gicos}{section.3}% 26
\BOOKMARK [2][-]{subsection.3.2}{Riesgos asociados a procesos municpales}{section.3}% 27
\BOOKMARK [2][-]{subsection.3.3}{Riesgos asociados a control del personal}{section.3}% 28
\BOOKMARK [2][-]{subsection.3.4}{Riesgos asociados de \355ndole t\351cnica}{section.3}% 29
\BOOKMARK [2][-]{subsection.3.5}{Riesgos generales asociados a ingener\355a social}{section.3}% 30
\BOOKMARK [1][-]{section.4}{Matriz de riesgos}{part.3}% 31
\BOOKMARK [1][-]{section.5}{Pol\355ticas de seguridad}{part.3}% 32
\BOOKMARK [2][-]{subsection.5.1}{Objetivos de la pol\355tica}{section.5}% 33
\BOOKMARK [2][-]{subsection.5.2}{Declaraci\363n de autoridad y alcance}{section.5}% 34
\BOOKMARK [2][-]{subsection.5.3}{Pol\355tica de uso aceptable}{section.5}% 35
\BOOKMARK [2][-]{subsection.5.4}{Pol\355tica de identificaci\363n y autenticaci\363n}{section.5}% 36
\BOOKMARK [2][-]{subsection.5.5}{Pol\355tica de acceso a internet}{section.5}% 37
\BOOKMARK [2][-]{subsection.5.6}{Pol\355tica de acceso}{section.5}% 38
\BOOKMARK [2][-]{subsection.5.7}{Pol\355tica de acceso remoto}{section.5}% 39
\BOOKMARK [2][-]{subsection.5.8}{Pol\355ticas del manejo de incidentes}{section.5}% 40
\BOOKMARK [0][-]{part.4}{IV Conclusiones}{}% 41
\BOOKMARK [0][-]{part.5}{V Bibliograf\355a}{}% 42
