This is pdfTeX, Version 3.14159265-2.6-1.40.20 (TeX Live 2019/Debian) (preloaded format=pdflatex 2020.5.3)  16 JUN 2020 04:00
entering extended mode
 \write18 enabled.
 file:line:error style messages enabled.
 %&-line parsing enabled.
**"/home/kuky_nekoi/Documents/Sources/Random/Seguridad Inform치tica/informe.tex"
(/home/kuky_nekoi/Documents/Sources/Random/Seguridad Inform치tica/informe.tex
LaTeX2e <2020-02-02> patch level 2
L3 programming layer <2020-02-14> (/home/kuky_nekoi/Documents/Sources/Random/Seguridad Inform치tica/utalcaDoc.cls
Document Class: utalcaDoc 2009/08/28 Utalca Article, based on the article class
(/usr/share/texlive/texmf-dist/tex/latex/base/article.cls
Document Class: article 2019/12/20 v1.4l Standard LaTeX document class
(/usr/share/texlive/texmf-dist/tex/latex/base/size11.clo
File: size11.clo 2019/12/20 v1.4l Standard LaTeX file (size option)
)
\c@part=\count167
\c@section=\count168
\c@subsection=\count169
\c@subsubsection=\count170
\c@paragraph=\count171
\c@subparagraph=\count172
\c@figure=\count173
\c@table=\count174
\abovecaptionskip=\skip47
\belowcaptionskip=\skip48
\bibindent=\dimen134
) (/usr/share/texlive/texmf-dist/tex/latex/preprint/fullpage.sty
Package: fullpage 1999/02/23 1.1 (PWD)
\FP@margin=\skip49
) (/usr/share/texlive/texmf-dist/tex/latex/epstopdf-pkg/epstopdf.sty
Package: epstopdf 2020-01-24 v2.11 Conversion with epstopdf on the fly (HO)
 (/usr/share/texlive/texmf-dist/tex/generic/infwarerr/infwarerr.sty
Package: infwarerr 2019/12/03 v1.5 Providing info/warning/error messages (HO)
) (/usr/share/texlive/texmf-dist/tex/latex/grfext/grfext.sty
Package: grfext 2019/12/03 v1.3 Manage graphics extensions (HO)
 (/usr/share/texlive/texmf-dist/tex/generic/kvdefinekeys/kvdefinekeys.sty
Package: kvdefinekeys 2019-12-19 v1.6 Define keys (HO)
)) (/usr/share/texlive/texmf-dist/tex/latex/kvoptions/kvoptions.sty
Package: kvoptions 2019/11/29 v3.13 Key value format for package options (HO)
 (/usr/share/texlive/texmf-dist/tex/latex/graphics/keyval.sty
Package: keyval 2014/10/28 v1.15 key=value parser (DPC)
\KV@toks@=\toks14
) (/usr/share/texlive/texmf-dist/tex/generic/ltxcmds/ltxcmds.sty
Package: ltxcmds 2019/12/15 v1.24 LaTeX kernel commands for general use (HO)
) (/usr/share/texlive/texmf-dist/tex/generic/kvsetkeys/kvsetkeys.sty
Package: kvsetkeys 2019/12/15 v1.18 Key value parser (HO)
)) (/usr/share/texlive/texmf-dist/tex/latex/pdftexcmds/pdftexcmds.sty
Package: pdftexcmds 2019/11/24 v0.31 Utility functions of pdfTeX for LuaTeX (HO)
 (/usr/share/texlive/texmf-dist/tex/generic/iftex/iftex.sty
Package: iftex 2019/11/07 v1.0c TeX engine tests
)
Package pdftexcmds Info: \pdf@primitive is available.
Package pdftexcmds Info: \pdf@ifprimitive is available.
Package pdftexcmds Info: \pdfdraftmode found.
) (/usr/share/texlive/texmf-dist/tex/latex/epstopdf-pkg/epstopdf-base.sty
Package: epstopdf-base 2020-01-24 v2.11 Base part for package epstopdf


Package epstopdf Warning: No graphics package `graphic{s,x}' loaded.

))) (/usr/share/texlive/texmf-dist/tex/latex/base/alltt.sty
Package: alltt 1997/06/16 v2.0g defines alltt environment
) (/usr/share/texlive/texmf-dist/tex/latex/underscore/underscore.sty
Package: underscore 2006/09/13
LaTeX Info: Redefining \_ on input line 42.
) (/usr/share/texlive/texmf-dist/tex/latex/base/inputenc.sty
Package: inputenc 2018/08/11 v1.3c Input encoding file
\inpenc@prehook=\toks15
\inpenc@posthook=\toks16
) (/usr/share/texlive/texmf-dist/tex/generic/babel/babel.sty
Package: babel 2020/02/14 3.40 The Babel package
 (/usr/share/texlive/texmf-dist/tex/generic/babel/switch.def
File: switch.def 2020/02/14 3.40 Babel switching mechanism
) (/usr/share/texlive/texmf-dist/tex/generic/babel-spanish/spanish.ldf
Language: spanish.ldf 2016/03/03 v5.0p Spanish support from the babel system
 (/usr/share/texlive/texmf-dist/tex/generic/babel/babel.def
File: babel.def 2020/02/14 3.40 Babel common definitions
\babel@savecnt=\count175
\U@D=\dimen135
 (/usr/share/texlive/texmf-dist/tex/generic/babel/txtbabel.def)
\bbl@readstream=\read2
\bbl@dirlevel=\count176
)
\es@quottoks=\toks17
\es@quotdepth=\count177
Package babel Info: Making " an active character on input line 561.
Package babel Info: Making . an active character on input line 662.
Package babel Info: Making < an active character on input line 707.
Package babel Info: Making > an active character on input line 707.
Package babel Info: Making ' an active character on input line 725.
)) (/usr/share/texlive/texmf-dist/tex/latex/tools/verbatim.sty
Package: verbatim 2019/11/10 v1.5r LaTeX2e package for verbatim enhancements
\every@verbatim=\toks18
\verbatim@line=\toks19
\verbatim@in@stream=\read3
) (/usr/share/texlive/texmf-dist/tex/latex/graphics/graphicx.sty
Package: graphicx 2019/11/30 v1.2a Enhanced LaTeX Graphics (DPC,SPQR)
 (/usr/share/texlive/texmf-dist/tex/latex/graphics/graphics.sty
Package: graphics 2019/11/30 v1.4a Standard LaTeX Graphics (DPC,SPQR)
 (/usr/share/texlive/texmf-dist/tex/latex/graphics/trig.sty
Package: trig 2016/01/03 v1.10 sin cos tan (DPC)
) (/usr/share/texlive/texmf-dist/tex/latex/graphics-cfg/graphics.cfg
File: graphics.cfg 2016/06/04 v1.11 sample graphics configuration
)
Package graphics Info: Driver file: pdftex.def on input line 105.
 (/usr/share/texlive/texmf-dist/tex/latex/graphics-def/pdftex.def
File: pdftex.def 2018/01/08 v1.0l Graphics/color driver for pdftex
))
\Gin@req@height=\dimen136
\Gin@req@width=\dimen137
) (/usr/share/texlive/texmf-dist/tex/latex/ae/ae.sty
Package: ae 2001/02/12 1.3 Almost European Computer Modern
 (/usr/share/texlive/texmf-dist/tex/latex/base/fontenc.sty
Package: fontenc 2020/02/11 v2.0o Standard LaTeX package
)) (/usr/share/texlive/texmf-dist/tex/latex/amsmath/amsmath.sty
Package: amsmath 2020/01/20 v2.17e AMS math features
\@mathmargin=\skip50

For additional information on amsmath, use the `?' option.
(/usr/share/texlive/texmf-dist/tex/latex/amsmath/amstext.sty
Package: amstext 2000/06/29 v2.01 AMS text
 (/usr/share/texlive/texmf-dist/tex/latex/amsmath/amsgen.sty
File: amsgen.sty 1999/11/30 v2.0 generic functions
\@emptytoks=\toks20
\ex@=\dimen138
)) (/usr/share/texlive/texmf-dist/tex/latex/amsmath/amsbsy.sty
Package: amsbsy 1999/11/29 v1.2d Bold Symbols
\pmbraise@=\dimen139
) (/usr/share/texlive/texmf-dist/tex/latex/amsmath/amsopn.sty
Package: amsopn 2016/03/08 v2.02 operator names
)
\inf@bad=\count178
LaTeX Info: Redefining \frac on input line 227.
\uproot@=\count179
\leftroot@=\count180
LaTeX Info: Redefining \overline on input line 389.
\classnum@=\count181
\DOTSCASE@=\count182
LaTeX Info: Redefining \ldots on input line 486.
LaTeX Info: Redefining \dots on input line 489.
LaTeX Info: Redefining \cdots on input line 610.
\Mathstrutbox@=\box45
\strutbox@=\box46
\big@size=\dimen140
LaTeX Font Info:    Redeclaring font encoding OML on input line 733.
LaTeX Font Info:    Redeclaring font encoding OMS on input line 734.
\macc@depth=\count183
\c@MaxMatrixCols=\count184
\dotsspace@=\muskip16
\c@parentequation=\count185
\dspbrk@lvl=\count186
\tag@help=\toks21
\row@=\count187
\column@=\count188
\maxfields@=\count189
\andhelp@=\toks22
\eqnshift@=\dimen141
\alignsep@=\dimen142
\tagshift@=\dimen143
\tagwidth@=\dimen144
\totwidth@=\dimen145
\lineht@=\dimen146
\@envbody=\toks23
\multlinegap=\skip51
\multlinetaggap=\skip52
\mathdisplay@stack=\toks24
LaTeX Info: Redefining \[ on input line 2859.
LaTeX Info: Redefining \] on input line 2860.
) (/usr/share/texlive/texmf-dist/tex/latex/amsfonts/amsfonts.sty
Package: amsfonts 2013/01/14 v3.01 Basic AMSFonts support
\symAMSa=\mathgroup4
\symAMSb=\mathgroup5
LaTeX Font Info:    Redeclaring math symbol \hbar on input line 98.
LaTeX Font Info:    Overwriting math alphabet `\mathfrak' in version `bold'
(Font)                  U/euf/m/n --> U/euf/b/n on input line 106.
) (/usr/share/texlive/texmf-dist/tex/latex/pdflscape/pdflscape.sty
Package: pdflscape 2019/12/05 v0.12 Display of landscape pages in PDF (HO)
 (/usr/share/texlive/texmf-dist/tex/latex/graphics/lscape.sty
Package: lscape 2000/10/22 v3.01 Landscape Pages (DPC)
)
Package pdflscape Info: Auto-detected driver: pdftex on input line 81.
) (/usr/share/texlive/texmf-dist/tex/latex/inconsolata/inconsolata.sty
Package: inconsolata 2019/05/17 v1.12
 `inconsolata-zi4' v1.12, 2019/05/17 Text macros for Inconsolata (msharpe) (/usr/share/texlive/texmf-dist/tex/latex/base/textcomp.sty
Package: textcomp 2020/02/02 v2.0n Standard LaTeX package
) (/usr/share/texlive/texmf-dist/tex/latex/xkeyval/xkeyval.sty
Package: xkeyval 2014/12/03 v2.7a package option processing (HA)
 (/usr/share/texlive/texmf-dist/tex/generic/xkeyval/xkeyval.tex (/usr/share/texlive/texmf-dist/tex/generic/xkeyval/xkvutils.tex
\XKV@toks=\toks25
\XKV@tempa@toks=\toks26
)
\XKV@depth=\count190
File: xkeyval.tex 2014/12/03 v2.7a key=value parser (HA)
))
\zifour@ocount=\count191
) (/usr/share/texlive/texmf-dist/tex/latex/url/url.sty
\Urlmuskip=\muskip17
Package: url 2013/09/16  ver 3.4  Verb mode for urls, etc.
) (/usr/share/texlive/texmf-dist/tex/latex/hyperref/hyperref.sty
Package: hyperref 2020/01/14 v7.00d Hypertext links for LaTeX
 (/usr/share/texlive/texmf-dist/tex/generic/pdfescape/pdfescape.sty
Package: pdfescape 2019/12/09 v1.15 Implements pdfTeX's escape features (HO)
) (/usr/share/texlive/texmf-dist/tex/latex/hycolor/hycolor.sty
Package: hycolor 2020-01-27 v1.10 Color options for hyperref/bookmark (HO)
) (/usr/share/texlive/texmf-dist/tex/latex/letltxmacro/letltxmacro.sty
Package: letltxmacro 2019/12/03 v1.6 Let assignment for LaTeX macros (HO)
) (/usr/share/texlive/texmf-dist/tex/latex/auxhook/auxhook.sty
Package: auxhook 2019-12-17 v1.6 Hooks for auxiliary files (HO)
)
\@linkdim=\dimen147
\Hy@linkcounter=\count192
\Hy@pagecounter=\count193
 (/usr/share/texlive/texmf-dist/tex/latex/hyperref/pd1enc.def
File: pd1enc.def 2020/01/14 v7.00d Hyperref: PDFDocEncoding definition (HO)
Now handling font encoding PD1 ...
... no UTF-8 mapping file for font encoding PD1
) (/usr/share/texlive/texmf-dist/tex/generic/intcalc/intcalc.sty
Package: intcalc 2019/12/15 v1.3 Expandable calculations with integers (HO)
) (/usr/share/texlive/texmf-dist/tex/generic/etexcmds/etexcmds.sty
Package: etexcmds 2019/12/15 v1.7 Avoid name clashes with e-TeX commands (HO)
)
\Hy@SavedSpaceFactor=\count194
\pdfmajorversion=\count195
Package hyperref Info: Hyper figures OFF on input line 4547.
Package hyperref Info: Link nesting OFF on input line 4552.
Package hyperref Info: Hyper index ON on input line 4555.
Package hyperref Info: Plain pages OFF on input line 4562.
Package hyperref Info: Backreferencing OFF on input line 4567.
Package hyperref Info: Implicit mode ON; LaTeX internals redefined.
Package hyperref Info: Bookmarks ON on input line 4800.
\c@Hy@tempcnt=\count196
LaTeX Info: Redefining \url on input line 5159.
\XeTeXLinkMargin=\dimen148
 (/usr/share/texlive/texmf-dist/tex/generic/bitset/bitset.sty
Package: bitset 2019/12/09 v1.3 Handle bit-vector datatype (HO)
 (/usr/share/texlive/texmf-dist/tex/generic/bigintcalc/bigintcalc.sty
Package: bigintcalc 2019/12/15 v1.5 Expandable calculations on big integers (HO)
))
\Fld@menulength=\count197
\Field@Width=\dimen149
\Fld@charsize=\dimen150
Package hyperref Info: Hyper figures OFF on input line 6430.
Package hyperref Info: Link nesting OFF on input line 6435.
Package hyperref Info: Hyper index ON on input line 6438.
Package hyperref Info: backreferencing OFF on input line 6445.
Package hyperref Info: Link coloring OFF on input line 6450.
Package hyperref Info: Link coloring with OCG OFF on input line 6455.
Package hyperref Info: PDF/A mode OFF on input line 6460.
LaTeX Info: Redefining \ref on input line 6500.
LaTeX Info: Redefining \pageref on input line 6504.
 (/usr/share/texlive/texmf-dist/tex/generic/atbegshi/atbegshi.sty
Package: atbegshi 2019/12/05 v1.19 At begin shipout hook (HO)
)
\Hy@abspage=\count198
\c@Item=\count199
\c@Hfootnote=\count266
)
Package hyperref Info: Driver (autodetected): hpdftex.
 (/usr/share/texlive/texmf-dist/tex/latex/hyperref/hpdftex.def
File: hpdftex.def 2020/01/14 v7.00d Hyperref driver for pdfTeX
 (/usr/share/texlive/texmf-dist/tex/latex/atveryend/atveryend.sty
Package: atveryend 2019-12-11 v1.11 Hooks at the very end of document (HO)
Package atveryend Info: \enddocument detected (standard20110627).
)
\Fld@listcount=\count267
\c@bookmark@seq@number=\count268
 (/usr/share/texlive/texmf-dist/tex/latex/rerunfilecheck/rerunfilecheck.sty
Package: rerunfilecheck 2019/12/05 v1.9 Rerun checks for auxiliary files (HO)
 (/usr/share/texlive/texmf-dist/tex/generic/uniquecounter/uniquecounter.sty
Package: uniquecounter 2019/12/15 v1.4 Provide unlimited unique counter (HO)
)
Package uniquecounter Info: New unique counter `rerunfilecheck' on input line 286.
)
\Hy@SectionHShift=\skip53
) (/usr/share/texlive/texmf-dist/tex/latex/listings/listings.sty
\lst@mode=\count269
\lst@gtempboxa=\box47
\lst@token=\toks27
\lst@length=\count270
\lst@currlwidth=\dimen151
\lst@column=\count271
\lst@pos=\count272
\lst@lostspace=\dimen152
\lst@width=\dimen153
\lst@newlines=\count273
\lst@lineno=\count274
\lst@maxwidth=\dimen154
 (/usr/share/texlive/texmf-dist/tex/latex/listings/lstmisc.sty
File: lstmisc.sty 2019/09/10 1.8c (Carsten Heinz)
\c@lstnumber=\count275
\lst@skipnumbers=\count276
\lst@framebox=\box48
) (/usr/share/texlive/texmf-dist/tex/latex/listings/listings.cfg
File: listings.cfg 2019/09/10 1.8c listings configuration
))
Package: listings 2019/09/10 1.8c (Carsten Heinz)
 (/usr/share/texlive/texmf-dist/tex/latex/tools/tabularx.sty
Package: tabularx 2020/01/15 v2.11c `tabularx' package (DPC)
 (/usr/share/texlive/texmf-dist/tex/latex/tools/array.sty
Package: array 2019/08/31 v2.4l Tabular extension package (FMi)
\col@sep=\dimen155
\ar@mcellbox=\box49
\extrarowheight=\dimen156
\NC@list=\toks28
\extratabsurround=\skip54
\backup@length=\skip55
\ar@cellbox=\box50
)
\TX@col@width=\dimen157
\TX@old@table=\dimen158
\TX@old@col=\dimen159
\TX@target=\dimen160
\TX@delta=\dimen161
\TX@cols=\count277
\TX@ftn=\toks29
) (/usr/share/texlive/texmf-dist/tex/latex/makecell/makecell.sty
Package: makecell 2009/08/03 V0.1e Managing of Tab Column Heads and Cells
\rotheadsize=\dimen162
\c@nlinenum=\count278
\TeXr@lab=\toks30
) (/usr/share/texlive/texmf-dist/tex/latex/placeins/placeins.sty
Package: placeins 2005/04/18  v 2.2
) (/usr/share/texlive/texmf-dist/tex/latex/footmisc/footmisc.sty
Package: footmisc 2011/06/06 v5.5b a miscellany of footnote facilities
\FN@temptoken=\toks31
\footnotemargin=\dimen163
\c@pp@next@reset=\count279
Package footmisc Info: Declaring symbol style bringhurst on input line 855.
Package footmisc Info: Declaring symbol style chicago on input line 863.
Package footmisc Info: Declaring symbol style wiley on input line 872.
Package footmisc Info: Declaring symbol style lamport-robust on input line 883.
Package footmisc Info: Declaring symbol style lamport* on input line 903.
Package footmisc Info: Declaring symbol style lamport*-robust on input line 924.
) (/usr/share/texlive/texmf-dist/tex/latex/minted/minted.sty
Package: minted 2017/07/19 v2.5 Yet another Pygments shim for LaTeX
 (/usr/share/texlive/texmf-dist/tex/latex/fvextra/fvextra.sty
Package: fvextra 2019/02/04 v1.4 fvextra - extensions and patches for fancyvrb
 (/usr/share/texlive/texmf-dist/tex/latex/base/ifthen.sty
Package: ifthen 2014/09/29 v1.1c Standard LaTeX ifthen package (DPC)
) (/usr/share/texlive/texmf-dist/tex/latex/etoolbox/etoolbox.sty
Package: etoolbox 2019/09/21 v2.5h e-TeX tools for LaTeX (JAW)
\etb@tempcnta=\count280
) (/usr/share/texlive/texmf-dist/tex/latex/fancyvrb/fancyvrb.sty
Package: fancyvrb 2020/01/13 v3.5 verbatim text (tvz,hv)
\FV@CodeLineNo=\count281
\FV@InFile=\read4
\FV@TabBox=\box51
\c@FancyVerbLine=\count282
\FV@StepNumber=\count283
\FV@OutFile=\write3
) (/usr/share/texlive/texmf-dist/tex/latex/upquote/upquote.sty
Package: upquote 2012/04/19 v1.3 upright-quote and grave-accent glyphs in verbatim
) (/usr/share/texlive/texmf-dist/tex/latex/lineno/lineno.sty
Package: lineno 2005/11/02 line numbers on paragraphs v4.41
\linenopenalty=\count284
\output=\toks32
\linenoprevgraf=\count285
\linenumbersep=\dimen164
\linenumberwidth=\dimen165
\c@linenumber=\count286
\c@pagewiselinenumber=\count287
\c@LN@truepage=\count288
\c@internallinenumber=\count289
\c@internallinenumbers=\count290
\quotelinenumbersep=\dimen166
\bframerule=\dimen167
\bframesep=\dimen168
\bframebox=\box52
LaTeX Info: Redefining \\ on input line 3056.
)
\c@FV@TrueTabGroupLevel=\count291
\c@FV@TrueTabCounter=\count292
\FV@TabBox@Group=\box53
\FV@TmpLength=\skip56
\c@FV@HighlightLinesStart=\count293
\c@FV@HighlightLinesStop=\count294
\FV@LoopCount=\count295
\FV@NCharsBox=\box54
\FV@BreakIndent=\dimen169
\FV@BreakIndentNChars=\count296
\FV@BreakSymbolSepLeft=\dimen170
\FV@BreakSymbolSepLeftNChars=\count297
\FV@BreakSymbolSepRight=\dimen171
\FV@BreakSymbolSepRightNChars=\count298
\FV@BreakSymbolIndentLeft=\dimen172
\FV@BreakSymbolIndentLeftNChars=\count299
\FV@BreakSymbolIndentRight=\dimen173
\FV@BreakSymbolIndentRightNChars=\count300
\c@FancyVerbLineBreakLast=\count301
\FV@LineBox=\box55
\FV@LineIndentBox=\box56
\FV@LineWidth=\dimen174
) (/usr/share/texlive/texmf-dist/tex/latex/tools/calc.sty
Package: calc 2017/05/25 v4.3 Infix arithmetic (KKT,FJ)
\calc@Acount=\count302
\calc@Bcount=\count303
\calc@Adimen=\dimen175
\calc@Bdimen=\dimen176
\calc@Askip=\skip57
\calc@Bskip=\skip58
LaTeX Info: Redefining \setlength on input line 80.
LaTeX Info: Redefining \addtolength on input line 81.
\calc@Ccount=\count304
\calc@Cskip=\skip59
) (/usr/share/texlive/texmf-dist/tex/latex/tools/shellesc.sty
Package: shellesc 2019/11/08 v1.0c unified shell escape interface for LaTeX
Package shellesc Info: Unrestricted shell escape enabled on input line 75.
) (/usr/share/texlive/texmf-dist/tex/latex/ifplatform/ifplatform.sty
Package: ifplatform 2017/10/13 v0.4a Testing for the operating system
 (/usr/share/texlive/texmf-dist/tex/generic/catchfile/catchfile.sty
Package: catchfile 2019/12/09 v1.8 Catch the contents of a file (HO)
) (/usr/share/texlive/texmf-dist/tex/generic/iftex/ifluatex.sty
Package: ifluatex 2019/10/25 v1.5 ifluatex legacy package. Use iftex instead.
)
runsystem(uname -s > "informe.w18")...executed.

 (/home/kuky_nekoi/Documents/Sources/Random/Seguridad Inform치tica/informe.w18)
runsystem(rm -- "informe.w18")...executed.

) (/usr/share/texlive/texmf-dist/tex/generic/xstring/xstring.sty (/usr/share/texlive/texmf-dist/tex/generic/xstring/xstring.tex
\integerpart=\count305
\decimalpart=\count306
)
Package: xstring 2019/02/06 v1.83 String manipulations (CT)
) (/usr/share/texlive/texmf-dist/tex/latex/framed/framed.sty
Package: framed 2011/10/22 v 0.96: framed or shaded text with page breaks
\OuterFrameSep=\skip60
\fb@frw=\dimen177
\fb@frh=\dimen178
\FrameRule=\dimen179
\FrameSep=\dimen180
) (/usr/share/texlive/texmf-dist/tex/latex/float/float.sty
Package: float 2001/11/08 v1.3d Float enhancements (AL)
\c@float@type=\count307
\float@exts=\toks33
\float@box=\box57
\@float@everytoks=\toks34
\@floatcapt=\box58
)
\minted@appexistsfile=\read5
\minted@bgbox=\box59
\minted@code=\write4
\c@minted@FancyVerbLineTemp=\count308
\c@minted@pygmentizecounter=\count309
\@float@every@listing=\toks35
\c@listing=\count310
)
runsystem(mkdir -p _minted-informe)...executed.

 (/home/kuky_nekoi/Documents/Sources/Random/Seguridad Inform치tica/automated/templates.tex) (/home/kuky_nekoi/Documents/Sources/Random/Seguridad Inform치tica/automated/officeBaseStructure.tex) (/home/kuky_nekoi/Documents/Sources/Random/Seguridad Inform치tica/automated/secretaryBaseStructure.tex) (/home/kuky_nekoi/Documents/Sources/Random/Seguridad Inform치tica/automated/deparmentBaseStructure.tex) (/home/kuky_nekoi/Documents/Sources/Random/Seguridad Inform치tica/automated/phpApplicationBaseStructure.tex) (/home/kuky_nekoi/Documents/Sources/Random/Seguridad Inform치tica/automated/threatModel.tex) (/usr/share/texlive/texmf-dist/tex/latex/xcolor/xcolor.sty
Package: xcolor 2016/05/11 v2.12 LaTeX color extensions (UK)
 (/usr/share/texlive/texmf-dist/tex/latex/graphics-cfg/color.cfg
File: color.cfg 2016/01/02 v1.6 sample color configuration
)
Package xcolor Info: Driver file: pdftex.def on input line 225.
Package xcolor Info: Model `cmy' substituted by `cmy0' on input line 1348.
Package xcolor Info: Model `hsb' substituted by `rgb' on input line 1352.
Package xcolor Info: Model `RGB' extended on input line 1364.
Package xcolor Info: Model `HTML' substituted by `rgb' on input line 1366.
Package xcolor Info: Model `Hsb' substituted by `hsb' on input line 1367.
Package xcolor Info: Model `tHsb' substituted by `hsb' on input line 1368.
Package xcolor Info: Model `HSB' substituted by `hsb' on input line 1369.
Package xcolor Info: Model `Gray' substituted by `gray' on input line 1370.
Package xcolor Info: Model `wave' substituted by `hsb' on input line 1371.
)
runsystem(which pygmentize && touch informe.aex)...executed.

runsystem(rm informe.aex)...executed.

 (/usr/share/texlive/texmf-dist/tex/latex/l3backend/l3backend-pdfmode.def
File: l3backend-pdfmode.def 2020-02-03 L3 backend support: PDF mode
\l__kernel_color_stack_int=\count311
\l__pdf_internal_box=\box60
) (/home/kuky_nekoi/Documents/Sources/Random/Seguridad Inform치tica/informe.aux
LaTeX Info: Redefining \. on input line 26.
LaTeX Info: Redefining \% on input line 26.
)
\openout1 = `informe.aux'.

LaTeX Font Info:    Checking defaults for OML/cmm/m/it on input line 38.
LaTeX Font Info:    ... okay on input line 38.
LaTeX Font Info:    Checking defaults for OMS/cmsy/m/n on input line 38.
LaTeX Font Info:    ... okay on input line 38.
LaTeX Font Info:    Checking defaults for OT1/cmr/m/n on input line 38.
LaTeX Font Info:    ... okay on input line 38.
LaTeX Font Info:    Checking defaults for T1/cmr/m/n on input line 38.
LaTeX Font Info:    ... okay on input line 38.
LaTeX Font Info:    Checking defaults for TS1/cmr/m/n on input line 38.
LaTeX Font Info:    ... okay on input line 38.
LaTeX Font Info:    Checking defaults for OMX/cmex/m/n on input line 38.
LaTeX Font Info:    ... okay on input line 38.
LaTeX Font Info:    Checking defaults for U/cmr/m/n on input line 38.
LaTeX Font Info:    ... okay on input line 38.
LaTeX Font Info:    Checking defaults for PD1/pdf/m/n on input line 38.
LaTeX Font Info:    ... okay on input line 38.
LaTeX Font Info:    Trying to load font information for T1+aer on input line 38.
 (/usr/share/texlive/texmf-dist/tex/latex/ae/t1aer.fd
File: t1aer.fd 1997/11/16 Font definitions for T1/aer.
)
LaTeX Info: Redefining \. on input line 38.
LaTeX Info: Redefining \% on input line 38.
 (/usr/share/texlive/texmf-dist/tex/context/base/mkii/supp-pdf.mkii
[Loading MPS to PDF converter (version 2006.09.02).]
\scratchcounter=\count312
\scratchdimen=\dimen181
\scratchbox=\box61
\nofMPsegments=\count313
\nofMParguments=\count314
\everyMPshowfont=\toks36
\MPscratchCnt=\count315
\MPscratchDim=\dimen182
\MPnumerator=\count316
\makeMPintoPDFobject=\count317
\everyMPtoPDFconversion=\toks37
)
\AtBeginShipoutBox=\box62
Package hyperref Info: Link coloring OFF on input line 38.
 (/usr/share/texlive/texmf-dist/tex/latex/hyperref/nameref.sty
Package: nameref 2019/09/16 v2.46 Cross-referencing by name of section
 (/usr/share/texlive/texmf-dist/tex/latex/refcount/refcount.sty
Package: refcount 2019/12/15 v3.6 Data extraction from label references (HO)
) (/usr/share/texlive/texmf-dist/tex/generic/gettitlestring/gettitlestring.sty
Package: gettitlestring 2019/12/15 v1.6 Cleanup title references (HO)
)
\c@section@level=\count318
)
LaTeX Info: Redefining \ref on input line 38.
LaTeX Info: Redefining \pageref on input line 38.
LaTeX Info: Redefining \nameref on input line 38.
 (/home/kuky_nekoi/Documents/Sources/Random/Seguridad Inform치tica/informe.out) (/home/kuky_nekoi/Documents/Sources/Random/Seguridad Inform치tica/informe.out)
\@outlinefile=\write5
\openout5 = `informe.out'.

\c@lstlisting=\count319
LaTeX Font Info:    Trying to load font information for U+msa on input line 40.
 (/usr/share/texlive/texmf-dist/tex/latex/amsfonts/umsa.fd
File: umsa.fd 2013/01/14 v3.01 AMS symbols A
)
LaTeX Font Info:    Trying to load font information for U+msb on input line 40.
 (/usr/share/texlive/texmf-dist/tex/latex/amsfonts/umsb.fd
File: umsb.fd 2013/01/14 v3.01 AMS symbols B
)
<utalca.pdf, id=164, 41.15375pt x 40.15pt>
File: utalca.pdf Graphic file (type pdf)
<use utalca.pdf>
Package pdftex.def Info: utalca.pdf  used on input line 41.
(pdftex.def)             Requested size: 41.15364pt x 40.14989pt.

Overfull \hbox (163.46658pt too wide) has occurred while \output is active
\T1/aer/m/sc/14.4 Universidad  de  Talca 
 []


Overfull \hbox (173.22981pt too wide) has occurred while \output is active
\T1/aer/m/sc/14.4 Facultad  de  Ingenier眼 
 []


Overfull \hbox (290.62515pt too wide) has occurred while \output is active
\T1/aer/m/sc/12 Departamento  de  Ciencias  de  la  Computaci蚤 
 []

[1{/var/lib/texmf/fonts/map/pdftex/updmap/pdftex.map}

 </home/kuky_nekoi/Documents/Sources/Random/Seguridad Inform치tica/utalca.pdf>] (/home/kuky_nekoi/Documents/Sources/Random/Seguridad Inform치tica/fragments/01structure.tex
<fragments/01structure/organigramaMunicipalidad.pdf, id=177, 794.97pt x 614.295pt>
File: fragments/01structure/organigramaMunicipalidad.pdf Graphic file (type pdf)
<use fragments/01structure/organigramaMunicipalidad.pdf>
Package pdftex.def Info: fragments/01structure/organigramaMunicipalidad.pdf  used on input line 6.
(pdftex.def)             Requested size: 469.75502pt x 363.00267pt.
LaTeX Font Info:    Trying to load font information for TS1+aer on input line 18.
LaTeX Font Info:    No file TS1aer.fd. on input line 18.


LaTeX Font Warning: Font shape `TS1/aer/m/n' undefined
(Font)              using `TS1/cmr/m/n' instead
(Font)              for symbol `textbullet' on input line 18.

[2pdfTeX warning (ext4): destination with the same identifier (name{figure.1}) has been already used, duplicate ignored

\AtBegShi@Output ...ipout \box \AtBeginShipoutBox 
                                                  \fi \fi 
l.20 			\item S
               ecci칩n administrativa </home/kuky_nekoi/Documents/Sources/Random/Seguridad Inform치tica/fragments/01structure/organigramaMunicipalidad.pdf>]) (/home/kuky_nekoi/Documents/Sources/Random/Seguridad Inform치tica/fragments/02resourceListing.tex [3] (/home/kuky_nekoi/Documents/Sources/Random/Seguridad Inform치tica/fragments/02resourceListing/02generalPurpose.tex
Overfull \hbox (22.76219pt too wide) in paragraph at lines 17--18
[][]
 []


Underfull \hbox (badness 10000) in paragraph at lines 17--18

 []


Overfull \hbox (22.76219pt too wide) in paragraph at lines 33--34
[][]
 []


Underfull \hbox (badness 10000) in paragraph at lines 33--34

 []

[4]
Overfull \hbox (22.76219pt too wide) in paragraph at lines 49--50
[][]
 []


Underfull \hbox (badness 10000) in paragraph at lines 49--50

 []


Overfull \hbox (22.76219pt too wide) in paragraph at lines 64--65
[][]
 []


Underfull \hbox (badness 10000) in paragraph at lines 64--65

 []

[5]
Overfull \hbox (22.76219pt too wide) in paragraph at lines 78--79
[][]
 []


Underfull \hbox (badness 10000) in paragraph at lines 78--79

 []


Overfull \hbox (22.76219pt too wide) in paragraph at lines 102--103
[][]
 []


Underfull \hbox (badness 10000) in paragraph at lines 102--103

 []

[6]
Overfull \hbox (22.76219pt too wide) in paragraph at lines 115--116
[][]
 []


Underfull \hbox (badness 10000) in paragraph at lines 115--116

 []


Overfull \hbox (22.76219pt too wide) in paragraph at lines 149--149
[][] 
 []

[7]
Overfull \hbox (22.76219pt too wide) in paragraph at lines 149--149
[][]
 []


Underfull \hbox (badness 10000) in paragraph at lines 149--149

 []


Overfull \hbox (22.76219pt too wide) in paragraph at lines 149--149
[][]
 []


Underfull \hbox (badness 10000) in paragraph at lines 149--149

 []


Overfull \hbox (22.76219pt too wide) in paragraph at lines 149--149
[][]
 []


Underfull \hbox (badness 10000) in paragraph at lines 149--149

 []

[8]
Overfull \hbox (22.76219pt too wide) in paragraph at lines 184--184
[][] 
 []


Overfull \hbox (22.76219pt too wide) in paragraph at lines 184--184
[][]
 []


Underfull \hbox (badness 10000) in paragraph at lines 184--184

 []


Overfull \hbox (22.76219pt too wide) in paragraph at lines 184--184
[][]
 []


Underfull \hbox (badness 10000) in paragraph at lines 184--184

 []

[9]
Overfull \hbox (22.76219pt too wide) in paragraph at lines 184--184
[][]
 []


Underfull \hbox (badness 10000) in paragraph at lines 184--184

 []


Overfull \hbox (22.76219pt too wide) in paragraph at lines 218--218
[][] 
 []


Overfull \hbox (22.76219pt too wide) in paragraph at lines 218--218
[][]
 []


Underfull \hbox (badness 10000) in paragraph at lines 218--218

 []

[10]
Overfull \hbox (22.76219pt too wide) in paragraph at lines 218--218
[][]
 []


Underfull \hbox (badness 10000) in paragraph at lines 218--218

 []


Overfull \hbox (22.76219pt too wide) in paragraph at lines 218--218
[][]
 []


Underfull \hbox (badness 10000) in paragraph at lines 218--218

 []

) (/home/kuky_nekoi/Documents/Sources/Random/Seguridad Inform치tica/fragments/02resourceListing/03specificPurpose.tex [11]
Overfull \hbox (22.76219pt too wide) in paragraph at lines 4--4
[][] 
 []


Underfull \hbox (badness 10000) in paragraph at lines 4--4

 []


Overfull \hbox (22.76219pt too wide) in paragraph at lines 4--4
[][] 
 []


Underfull \hbox (badness 10000) in paragraph at lines 4--4

 []


Overfull \hbox (22.76219pt too wide) in paragraph at lines 4--4
[][]
 []


Underfull \hbox (badness 10000) in paragraph at lines 4--4

 []

[12]
Overfull \hbox (22.76219pt too wide) in paragraph at lines 4--4
[][] 
 []


Underfull \hbox (badness 10000) in paragraph at lines 4--4

 []


Overfull \hbox (22.76219pt too wide) in paragraph at lines 4--4
[][] 
 []


Underfull \hbox (badness 10000) in paragraph at lines 4--4

 []


Overfull \hbox (22.76219pt too wide) in paragraph at lines 4--4
[][]
 []


Underfull \hbox (badness 10000) in paragraph at lines 4--4

 []

[13]
Overfull \hbox (22.76219pt too wide) in paragraph at lines 4--4
[][]
 []


Underfull \hbox (badness 10000) in paragraph at lines 4--4

 []


Overfull \hbox (22.76219pt too wide) in paragraph at lines 4--4
[][]
 []


Underfull \hbox (badness 10000) in paragraph at lines 4--4

 []


Overfull \hbox (22.76219pt too wide) in paragraph at lines 4--4
[][]
 []


Underfull \hbox (badness 10000) in paragraph at lines 4--4

 []

[14]
Overfull \hbox (22.76219pt too wide) in paragraph at lines 4--4
[][]
 []


Underfull \hbox (badness 10000) in paragraph at lines 4--4

 []


Overfull \hbox (22.76219pt too wide) in paragraph at lines 4--5
[][]
 []


Underfull \hbox (badness 10000) in paragraph at lines 4--5

 []


Overfull \hbox (22.76219pt too wide) in paragraph at lines 7--7
[][] 
 []


Underfull \hbox (badness 10000) in paragraph at lines 7--7

 []

[15]
Overfull \hbox (22.76219pt too wide) in paragraph at lines 7--7
[][] 
 []


Underfull \hbox (badness 10000) in paragraph at lines 7--7

 []


Overfull \hbox (22.76219pt too wide) in paragraph at lines 7--7
[][]
 []


Underfull \hbox (badness 10000) in paragraph at lines 7--7

 []

[16]
Overfull \hbox (22.76219pt too wide) in paragraph at lines 7--7
[][] 
 []


Underfull \hbox (badness 10000) in paragraph at lines 7--7

 []


Overfull \hbox (22.76219pt too wide) in paragraph at lines 7--7
[][] 
 []


Underfull \hbox (badness 10000) in paragraph at lines 7--7

 []


Overfull \hbox (22.76219pt too wide) in paragraph at lines 7--7
[][]
 []


Underfull \hbox (badness 10000) in paragraph at lines 7--7

 []

[17]
Overfull \hbox (22.76219pt too wide) in paragraph at lines 7--7
[][]
 []


Underfull \hbox (badness 10000) in paragraph at lines 7--7

 []


Overfull \hbox (22.76219pt too wide) in paragraph at lines 7--7
[][]
 []


Underfull \hbox (badness 10000) in paragraph at lines 7--7

 []


Overfull \hbox (22.76219pt too wide) in paragraph at lines 7--7
[][]
 []


Underfull \hbox (badness 10000) in paragraph at lines 7--7

 []

[18]
Overfull \hbox (22.76219pt too wide) in paragraph at lines 7--7
[][]
 []


Underfull \hbox (badness 10000) in paragraph at lines 7--7

 []


Overfull \hbox (22.76219pt too wide) in paragraph at lines 7--8
[][]
 []


Underfull \hbox (badness 10000) in paragraph at lines 7--8

 []


Overfull \hbox (22.76219pt too wide) in paragraph at lines 10--10
[][] 
 []


Underfull \hbox (badness 10000) in paragraph at lines 10--10

 []

[19]
Overfull \hbox (22.76219pt too wide) in paragraph at lines 10--10
[][] 
 []


Underfull \hbox (badness 10000) in paragraph at lines 10--10

 []


Overfull \hbox (22.76219pt too wide) in paragraph at lines 10--10
[][]
 []


Underfull \hbox (badness 10000) in paragraph at lines 10--10

 []

[20]
Overfull \hbox (22.76219pt too wide) in paragraph at lines 10--10
[][] 
 []


Underfull \hbox (badness 10000) in paragraph at lines 10--10

 []


Overfull \hbox (22.76219pt too wide) in paragraph at lines 10--10
[][] 
 []


Underfull \hbox (badness 10000) in paragraph at lines 10--10

 []


Overfull \hbox (22.76219pt too wide) in paragraph at lines 10--10
[][]
 []


Underfull \hbox (badness 10000) in paragraph at lines 10--10

 []

[21]
Overfull \hbox (22.76219pt too wide) in paragraph at lines 10--10
[][]
 []


Underfull \hbox (badness 10000) in paragraph at lines 10--10

 []


Overfull \hbox (22.76219pt too wide) in paragraph at lines 10--10
[][]
 []


Underfull \hbox (badness 10000) in paragraph at lines 10--10

 []


Overfull \hbox (22.76219pt too wide) in paragraph at lines 10--10
[][]
 []


Underfull \hbox (badness 10000) in paragraph at lines 10--10

 []

[22]
Overfull \hbox (22.76219pt too wide) in paragraph at lines 10--10
[][]
 []


Underfull \hbox (badness 10000) in paragraph at lines 10--10

 []


Overfull \hbox (22.76219pt too wide) in paragraph at lines 10--11
[][]
 []


Underfull \hbox (badness 10000) in paragraph at lines 10--11

 []


Overfull \hbox (22.76219pt too wide) in paragraph at lines 13--13
[][] 
 []


Underfull \hbox (badness 10000) in paragraph at lines 13--13

 []

[23]
Overfull \hbox (22.76219pt too wide) in paragraph at lines 13--13
[][] 
 []


Underfull \hbox (badness 10000) in paragraph at lines 13--13

 []


Overfull \hbox (22.76219pt too wide) in paragraph at lines 13--13
[][]
 []


Underfull \hbox (badness 10000) in paragraph at lines 13--13

 []

[24]
Overfull \hbox (22.76219pt too wide) in paragraph at lines 13--13
[][] 
 []


Underfull \hbox (badness 10000) in paragraph at lines 13--13

 []


Overfull \hbox (22.76219pt too wide) in paragraph at lines 13--13
[][] 
 []


Underfull \hbox (badness 10000) in paragraph at lines 13--13

 []


Overfull \hbox (22.76219pt too wide) in paragraph at lines 13--13
[][]
 []


Underfull \hbox (badness 10000) in paragraph at lines 13--13

 []

[25]
Overfull \hbox (22.76219pt too wide) in paragraph at lines 13--13
[][]
 []


Underfull \hbox (badness 10000) in paragraph at lines 13--13

 []


Overfull \hbox (22.76219pt too wide) in paragraph at lines 13--13
[][]
 []


Underfull \hbox (badness 10000) in paragraph at lines 13--13

 []


Overfull \hbox (22.76219pt too wide) in paragraph at lines 13--13
[][]
 []


Underfull \hbox (badness 10000) in paragraph at lines 13--13

 []

[26]
Overfull \hbox (22.76219pt too wide) in paragraph at lines 13--13
[][]
 []


Underfull \hbox (badness 10000) in paragraph at lines 13--13

 []


Overfull \hbox (22.76219pt too wide) in paragraph at lines 13--14
[][]
 []


Underfull \hbox (badness 10000) in paragraph at lines 13--14

 []


Overfull \hbox (22.76219pt too wide) in paragraph at lines 16--16
[][] 
 []


Underfull \hbox (badness 10000) in paragraph at lines 16--16

 []

[27]
Overfull \hbox (22.76219pt too wide) in paragraph at lines 16--16
[][] 
 []


Underfull \hbox (badness 10000) in paragraph at lines 16--16

 []


Overfull \hbox (22.76219pt too wide) in paragraph at lines 16--16
[][]
 []


Underfull \hbox (badness 10000) in paragraph at lines 16--16

 []

[28]
Overfull \hbox (22.76219pt too wide) in paragraph at lines 16--16
[][] 
 []


Underfull \hbox (badness 10000) in paragraph at lines 16--16

 []


Overfull \hbox (22.76219pt too wide) in paragraph at lines 16--16
[][] 
 []


Underfull \hbox (badness 10000) in paragraph at lines 16--16

 []


Overfull \hbox (22.76219pt too wide) in paragraph at lines 16--16
[][]
 []


Underfull \hbox (badness 10000) in paragraph at lines 16--16

 []

[29]
Overfull \hbox (22.76219pt too wide) in paragraph at lines 16--16
[][]
 []


Underfull \hbox (badness 10000) in paragraph at lines 16--16

 []


Overfull \hbox (22.76219pt too wide) in paragraph at lines 16--16
[][]
 []


Underfull \hbox (badness 10000) in paragraph at lines 16--16

 []


Overfull \hbox (22.76219pt too wide) in paragraph at lines 16--16
[][]
 []


Underfull \hbox (badness 10000) in paragraph at lines 16--16

 []

[30]
Overfull \hbox (22.76219pt too wide) in paragraph at lines 16--16
[][]
 []


Underfull \hbox (badness 10000) in paragraph at lines 16--16

 []


Overfull \hbox (22.76219pt too wide) in paragraph at lines 16--17
[][]
 []


Underfull \hbox (badness 10000) in paragraph at lines 16--17

 []


Overfull \hbox (22.76219pt too wide) in paragraph at lines 19--19
[][]
 []


Underfull \hbox (badness 10000) in paragraph at lines 19--19

 []

[31]
Overfull \hbox (22.76219pt too wide) in paragraph at lines 19--19
[][] 
 []


Underfull \hbox (badness 10000) in paragraph at lines 19--19

 []


Overfull \hbox (22.76219pt too wide) in paragraph at lines 19--19
[][] 
 []


Underfull \hbox (badness 10000) in paragraph at lines 19--19

 []

[32]
Overfull \hbox (22.76219pt too wide) in paragraph at lines 19--19
[][]
 []


Underfull \hbox (badness 10000) in paragraph at lines 19--19

 []


Overfull \hbox (22.76219pt too wide) in paragraph at lines 19--19
[][]
 []


Underfull \hbox (badness 10000) in paragraph at lines 19--19

 []


Overfull \hbox (22.76219pt too wide) in paragraph at lines 19--19
[][] 
 []


Underfull \hbox (badness 10000) in paragraph at lines 19--19

 []

[33]
Overfull \hbox (22.76219pt too wide) in paragraph at lines 19--19
[][] 
 []


Underfull \hbox (badness 10000) in paragraph at lines 19--19

 []


Overfull \hbox (22.76219pt too wide) in paragraph at lines 19--19
[][]
 []


Underfull \hbox (badness 10000) in paragraph at lines 19--19

 []


Overfull \hbox (22.76219pt too wide) in paragraph at lines 19--19
[][]
 []


Underfull \hbox (badness 10000) in paragraph at lines 19--19

 []

[34]
Overfull \hbox (22.76219pt too wide) in paragraph at lines 19--19
[][]
 []


Underfull \hbox (badness 10000) in paragraph at lines 19--19

 []


Overfull \hbox (22.76219pt too wide) in paragraph at lines 19--19
[][]
 []


Underfull \hbox (badness 10000) in paragraph at lines 19--19

 []


Overfull \hbox (22.76219pt too wide) in paragraph at lines 19--19
[][]
 []


Underfull \hbox (badness 10000) in paragraph at lines 19--19

 []

[35]
Overfull \hbox (22.76219pt too wide) in paragraph at lines 19--19
[][]
 []


Underfull \hbox (badness 10000) in paragraph at lines 19--19

 []


Overfull \hbox (22.76219pt too wide) in paragraph at lines 19--20
[][]
 []


Underfull \hbox (badness 10000) in paragraph at lines 19--20

 []


Overfull \hbox (22.76219pt too wide) in paragraph at lines 22--22
[][]
 []


Underfull \hbox (badness 10000) in paragraph at lines 22--22

 []

[36]
Overfull \hbox (22.76219pt too wide) in paragraph at lines 22--22
[][] 
 []


Underfull \hbox (badness 10000) in paragraph at lines 22--22

 []


Overfull \hbox (22.76219pt too wide) in paragraph at lines 22--22
[][] 
 []


Underfull \hbox (badness 10000) in paragraph at lines 22--22

 []

[37]
Overfull \hbox (22.76219pt too wide) in paragraph at lines 22--22
[][]
 []


Underfull \hbox (badness 10000) in paragraph at lines 22--22

 []


Overfull \hbox (22.76219pt too wide) in paragraph at lines 22--22
[][]
 []


Underfull \hbox (badness 10000) in paragraph at lines 22--22

 []


Overfull \hbox (22.76219pt too wide) in paragraph at lines 22--22
[][] 
 []


Underfull \hbox (badness 10000) in paragraph at lines 22--22

 []

[38]
Overfull \hbox (22.76219pt too wide) in paragraph at lines 22--22
[][] 
 []


Underfull \hbox (badness 10000) in paragraph at lines 22--22

 []


Overfull \hbox (22.76219pt too wide) in paragraph at lines 22--22
[][]
 []


Underfull \hbox (badness 10000) in paragraph at lines 22--22

 []


Overfull \hbox (22.76219pt too wide) in paragraph at lines 22--22
[][]
 []


Underfull \hbox (badness 10000) in paragraph at lines 22--22

 []

[39]
Overfull \hbox (22.76219pt too wide) in paragraph at lines 22--22
[][]
 []


Underfull \hbox (badness 10000) in paragraph at lines 22--22

 []


Overfull \hbox (22.76219pt too wide) in paragraph at lines 22--22
[][]
 []


Underfull \hbox (badness 10000) in paragraph at lines 22--22

 []


Overfull \hbox (22.76219pt too wide) in paragraph at lines 22--22
[][]
 []


Underfull \hbox (badness 10000) in paragraph at lines 22--22

 []

[40]
Overfull \hbox (22.76219pt too wide) in paragraph at lines 22--22
[][]
 []


Underfull \hbox (badness 10000) in paragraph at lines 22--22

 []


Overfull \hbox (22.76219pt too wide) in paragraph at lines 22--23
[][]
 []


Underfull \hbox (badness 10000) in paragraph at lines 22--23

 []


Overfull \hbox (22.76219pt too wide) in paragraph at lines 25--25
[][]
 []


Underfull \hbox (badness 10000) in paragraph at lines 25--25

 []

[41]
Overfull \hbox (22.76219pt too wide) in paragraph at lines 25--25
[][] 
 []


Underfull \hbox (badness 10000) in paragraph at lines 25--25

 []


Overfull \hbox (22.76219pt too wide) in paragraph at lines 25--25
[][] 
 []


Underfull \hbox (badness 10000) in paragraph at lines 25--25

 []

[42]
Overfull \hbox (22.76219pt too wide) in paragraph at lines 25--25
[][]
 []


Underfull \hbox (badness 10000) in paragraph at lines 25--25

 []


Overfull \hbox (22.76219pt too wide) in paragraph at lines 25--25
[][]
 []


Underfull \hbox (badness 10000) in paragraph at lines 25--25

 []

[43]
Overfull \hbox (22.76219pt too wide) in paragraph at lines 25--25
[][] 
 []


Underfull \hbox (badness 10000) in paragraph at lines 25--25

 []


Overfull \hbox (22.76219pt too wide) in paragraph at lines 25--25
[][] 
 []


Underfull \hbox (badness 10000) in paragraph at lines 25--25

 []


Overfull \hbox (22.76219pt too wide) in paragraph at lines 25--25
[][]
 []


Underfull \hbox (badness 10000) in paragraph at lines 25--25

 []

[44]
Overfull \hbox (22.76219pt too wide) in paragraph at lines 25--25
[][]
 []


Underfull \hbox (badness 10000) in paragraph at lines 25--25

 []


Overfull \hbox (22.76219pt too wide) in paragraph at lines 25--25
[][]
 []


Underfull \hbox (badness 10000) in paragraph at lines 25--25

 []


Overfull \hbox (22.76219pt too wide) in paragraph at lines 25--25
[][]
 []


Underfull \hbox (badness 10000) in paragraph at lines 25--25

 []

[45]
Overfull \hbox (22.76219pt too wide) in paragraph at lines 25--25
[][]
 []


Underfull \hbox (badness 10000) in paragraph at lines 25--25

 []


Overfull \hbox (22.76219pt too wide) in paragraph at lines 25--25
[][]
 []


Underfull \hbox (badness 10000) in paragraph at lines 25--25

 []


Overfull \hbox (22.76219pt too wide) in paragraph at lines 25--26
[][]
 []


Underfull \hbox (badness 10000) in paragraph at lines 25--26

 []

[46]
Overfull \hbox (22.76219pt too wide) in paragraph at lines 28--28
[][]
 []


Underfull \hbox (badness 10000) in paragraph at lines 28--28

 []


Overfull \hbox (22.76219pt too wide) in paragraph at lines 28--28
[][] 
 []


Underfull \hbox (badness 10000) in paragraph at lines 28--28

 []

[47]
Overfull \hbox (22.76219pt too wide) in paragraph at lines 28--28
[][] 
 []


Underfull \hbox (badness 10000) in paragraph at lines 28--28

 []


Overfull \hbox (22.76219pt too wide) in paragraph at lines 28--28
[][]
 []


Underfull \hbox (badness 10000) in paragraph at lines 28--28

 []

[48]
Overfull \hbox (22.76219pt too wide) in paragraph at lines 28--28
[][]
 []


Underfull \hbox (badness 10000) in paragraph at lines 28--28

 []


Overfull \hbox (22.76219pt too wide) in paragraph at lines 28--28
[][] 
 []


Underfull \hbox (badness 10000) in paragraph at lines 28--28

 []

[49]
Overfull \hbox (22.76219pt too wide) in paragraph at lines 28--28
[][] 
 []


Underfull \hbox (badness 10000) in paragraph at lines 28--28

 []


Overfull \hbox (22.76219pt too wide) in paragraph at lines 28--28
[][]
 []


Underfull \hbox (badness 10000) in paragraph at lines 28--28

 []


Overfull \hbox (22.76219pt too wide) in paragraph at lines 28--28
[][]
 []


Underfull \hbox (badness 10000) in paragraph at lines 28--28

 []

[50]
Overfull \hbox (22.76219pt too wide) in paragraph at lines 28--28
[][]
 []


Underfull \hbox (badness 10000) in paragraph at lines 28--28

 []


Overfull \hbox (22.76219pt too wide) in paragraph at lines 28--28
[][]
 []


Underfull \hbox (badness 10000) in paragraph at lines 28--28

 []

[51]
Overfull \hbox (22.76219pt too wide) in paragraph at lines 28--28
[][]
 []


Underfull \hbox (badness 10000) in paragraph at lines 28--28

 []


Overfull \hbox (22.76219pt too wide) in paragraph at lines 28--28
[][]
 []


Underfull \hbox (badness 10000) in paragraph at lines 28--28

 []


Overfull \hbox (22.76219pt too wide) in paragraph at lines 28--29
[][]
 []


Underfull \hbox (badness 10000) in paragraph at lines 28--29

 []

[52]
Overfull \hbox (22.76219pt too wide) in paragraph at lines 31--31
[][]
 []


Underfull \hbox (badness 10000) in paragraph at lines 31--31

 []


Overfull \hbox (22.76219pt too wide) in paragraph at lines 31--31
[][] 
 []


Underfull \hbox (badness 10000) in paragraph at lines 31--31

 []

[53]
Overfull \hbox (22.76219pt too wide) in paragraph at lines 31--31
[][] 
 []


Underfull \hbox (badness 10000) in paragraph at lines 31--31

 []


Overfull \hbox (22.76219pt too wide) in paragraph at lines 31--31
[][]
 []


Underfull \hbox (badness 10000) in paragraph at lines 31--31

 []


Overfull \hbox (22.76219pt too wide) in paragraph at lines 31--31
[][]
 []


Underfull \hbox (badness 10000) in paragraph at lines 31--31

 []

[54]
Overfull \hbox (22.76219pt too wide) in paragraph at lines 31--31
[][] 
 []


Underfull \hbox (badness 10000) in paragraph at lines 31--31

 []


Overfull \hbox (22.76219pt too wide) in paragraph at lines 31--31
[][] 
 []


Underfull \hbox (badness 10000) in paragraph at lines 31--31

 []


Overfull \hbox (22.76219pt too wide) in paragraph at lines 31--31
[][]
 []


Underfull \hbox (badness 10000) in paragraph at lines 31--31

 []

[55]
Overfull \hbox (22.76219pt too wide) in paragraph at lines 31--31
[][]
 []


Underfull \hbox (badness 10000) in paragraph at lines 31--31

 []


Overfull \hbox (22.76219pt too wide) in paragraph at lines 31--31
[][]
 []


Underfull \hbox (badness 10000) in paragraph at lines 31--31

 []


Overfull \hbox (22.76219pt too wide) in paragraph at lines 31--31
[][]
 []


Underfull \hbox (badness 10000) in paragraph at lines 31--31

 []

[56]
Overfull \hbox (22.76219pt too wide) in paragraph at lines 31--31
[][]
 []


Underfull \hbox (badness 10000) in paragraph at lines 31--31

 []


Overfull \hbox (22.76219pt too wide) in paragraph at lines 31--31
[][]
 []


Underfull \hbox (badness 10000) in paragraph at lines 31--31

 []


Overfull \hbox (22.76219pt too wide) in paragraph at lines 31--32
[][]
 []


Underfull \hbox (badness 10000) in paragraph at lines 31--32

 []

[57]
Overfull \hbox (22.76219pt too wide) in paragraph at lines 34--34
[][]
 []


Underfull \hbox (badness 10000) in paragraph at lines 34--34

 []


Overfull \hbox (22.76219pt too wide) in paragraph at lines 34--34
[][] 
 []


Underfull \hbox (badness 10000) in paragraph at lines 34--34

 []

[58]
Overfull \hbox (22.76219pt too wide) in paragraph at lines 34--34
[][] 
 []


Underfull \hbox (badness 10000) in paragraph at lines 34--34

 []


Overfull \hbox (22.76219pt too wide) in paragraph at lines 34--34
[][]
 []


Underfull \hbox (badness 10000) in paragraph at lines 34--34

 []


Overfull \hbox (22.76219pt too wide) in paragraph at lines 34--34
[][]
 []


Underfull \hbox (badness 10000) in paragraph at lines 34--34

 []

[59]
Overfull \hbox (22.76219pt too wide) in paragraph at lines 34--34
[][] 
 []


Underfull \hbox (badness 10000) in paragraph at lines 34--34

 []


Overfull \hbox (22.76219pt too wide) in paragraph at lines 34--34
[][] 
 []


Underfull \hbox (badness 10000) in paragraph at lines 34--34

 []


Overfull \hbox (22.76219pt too wide) in paragraph at lines 34--34
[][]
 []


Underfull \hbox (badness 10000) in paragraph at lines 34--34

 []

[60]
Overfull \hbox (22.76219pt too wide) in paragraph at lines 34--34
[][]
 []


Underfull \hbox (badness 10000) in paragraph at lines 34--34

 []


Overfull \hbox (22.76219pt too wide) in paragraph at lines 34--34
[][]
 []


Underfull \hbox (badness 10000) in paragraph at lines 34--34

 []


Overfull \hbox (22.76219pt too wide) in paragraph at lines 34--34
[][]
 []


Underfull \hbox (badness 10000) in paragraph at lines 34--34

 []

[61]
Overfull \hbox (22.76219pt too wide) in paragraph at lines 34--34
[][]
 []


Underfull \hbox (badness 10000) in paragraph at lines 34--34

 []


Overfull \hbox (22.76219pt too wide) in paragraph at lines 34--34
[][]
 []


Underfull \hbox (badness 10000) in paragraph at lines 34--34

 []


Overfull \hbox (22.76219pt too wide) in paragraph at lines 34--35
[][]
 []


Underfull \hbox (badness 10000) in paragraph at lines 34--35

 []

[62]
Overfull \hbox (22.76219pt too wide) in paragraph at lines 37--37
[][]
 []


Underfull \hbox (badness 10000) in paragraph at lines 37--37

 []


Overfull \hbox (22.76219pt too wide) in paragraph at lines 37--37
[][] 
 []


Underfull \hbox (badness 10000) in paragraph at lines 37--37

 []

[63]
Overfull \hbox (22.76219pt too wide) in paragraph at lines 37--37
[][] 
 []


Underfull \hbox (badness 10000) in paragraph at lines 37--37

 []


Overfull \hbox (22.76219pt too wide) in paragraph at lines 37--37
[][]
 []


Underfull \hbox (badness 10000) in paragraph at lines 37--37

 []


Overfull \hbox (22.76219pt too wide) in paragraph at lines 37--37
[][]
 []


Underfull \hbox (badness 10000) in paragraph at lines 37--37

 []

[64]
Overfull \hbox (22.76219pt too wide) in paragraph at lines 37--37
[][] 
 []


Underfull \hbox (badness 10000) in paragraph at lines 37--37

 []


Overfull \hbox (22.76219pt too wide) in paragraph at lines 37--37
[][] 
 []


Underfull \hbox (badness 10000) in paragraph at lines 37--37

 []


Overfull \hbox (22.76219pt too wide) in paragraph at lines 37--37
[][]
 []


Underfull \hbox (badness 10000) in paragraph at lines 37--37

 []

[65]
Overfull \hbox (22.76219pt too wide) in paragraph at lines 37--37
[][]
 []


Underfull \hbox (badness 10000) in paragraph at lines 37--37

 []


Overfull \hbox (22.76219pt too wide) in paragraph at lines 37--37
[][]
 []


Underfull \hbox (badness 10000) in paragraph at lines 37--37

 []


Overfull \hbox (22.76219pt too wide) in paragraph at lines 37--37
[][]
 []


Underfull \hbox (badness 10000) in paragraph at lines 37--37

 []

[66]
Overfull \hbox (22.76219pt too wide) in paragraph at lines 37--37
[][]
 []


Underfull \hbox (badness 10000) in paragraph at lines 37--37

 []


Overfull \hbox (22.76219pt too wide) in paragraph at lines 37--37
[][]
 []


Underfull \hbox (badness 10000) in paragraph at lines 37--37

 []


Overfull \hbox (22.76219pt too wide) in paragraph at lines 37--38
[][]
 []


Underfull \hbox (badness 10000) in paragraph at lines 37--38

 []

[67]
Overfull \hbox (22.76219pt too wide) in paragraph at lines 40--40
[][]
 []


Underfull \hbox (badness 10000) in paragraph at lines 40--40

 []


Overfull \hbox (22.76219pt too wide) in paragraph at lines 40--40
[][] 
 []


Underfull \hbox (badness 10000) in paragraph at lines 40--40

 []

[68]
Overfull \hbox (22.76219pt too wide) in paragraph at lines 40--40
[][] 
 []


Underfull \hbox (badness 10000) in paragraph at lines 40--40

 []


Overfull \hbox (22.76219pt too wide) in paragraph at lines 40--40
[][]
 []


Underfull \hbox (badness 10000) in paragraph at lines 40--40

 []


Overfull \hbox (22.76219pt too wide) in paragraph at lines 40--40
[][]
 []


Underfull \hbox (badness 10000) in paragraph at lines 40--40

 []

[69]
Overfull \hbox (22.76219pt too wide) in paragraph at lines 40--40
[][] 
 []


Underfull \hbox (badness 10000) in paragraph at lines 40--40

 []


Overfull \hbox (22.76219pt too wide) in paragraph at lines 40--40
[][] 
 []


Underfull \hbox (badness 10000) in paragraph at lines 40--40

 []


Overfull \hbox (22.76219pt too wide) in paragraph at lines 40--40
[][]
 []


Underfull \hbox (badness 10000) in paragraph at lines 40--40

 []

[70]
Overfull \hbox (22.76219pt too wide) in paragraph at lines 40--40
[][]
 []


Underfull \hbox (badness 10000) in paragraph at lines 40--40

 []


Overfull \hbox (22.76219pt too wide) in paragraph at lines 40--40
[][]
 []


Underfull \hbox (badness 10000) in paragraph at lines 40--40

 []


Overfull \hbox (22.76219pt too wide) in paragraph at lines 40--40
[][]
 []


Underfull \hbox (badness 10000) in paragraph at lines 40--40

 []

[71]
Overfull \hbox (22.76219pt too wide) in paragraph at lines 40--40
[][]
 []


Underfull \hbox (badness 10000) in paragraph at lines 40--40

 []


Overfull \hbox (22.76219pt too wide) in paragraph at lines 40--40
[][]
 []


Underfull \hbox (badness 10000) in paragraph at lines 40--40

 []


Overfull \hbox (22.76219pt too wide) in paragraph at lines 40--41
[][]
 []


Underfull \hbox (badness 10000) in paragraph at lines 40--41

 []

[72]
Overfull \hbox (22.76219pt too wide) in paragraph at lines 43--43
[][]
 []


Underfull \hbox (badness 10000) in paragraph at lines 43--43

 []


Overfull \hbox (22.76219pt too wide) in paragraph at lines 43--43
[][] 
 []


Underfull \hbox (badness 10000) in paragraph at lines 43--43

 []

[73]
Overfull \hbox (22.76219pt too wide) in paragraph at lines 43--43
[][] 
 []


Underfull \hbox (badness 10000) in paragraph at lines 43--43

 []


Overfull \hbox (22.76219pt too wide) in paragraph at lines 43--43
[][]
 []


Underfull \hbox (badness 10000) in paragraph at lines 43--43

 []


Overfull \hbox (22.76219pt too wide) in paragraph at lines 43--43
[][]
 []


Underfull \hbox (badness 10000) in paragraph at lines 43--43

 []

[74]
Overfull \hbox (22.76219pt too wide) in paragraph at lines 43--43
[][] 
 []


Underfull \hbox (badness 10000) in paragraph at lines 43--43

 []


Overfull \hbox (22.76219pt too wide) in paragraph at lines 43--43
[][] 
 []


Underfull \hbox (badness 10000) in paragraph at lines 43--43

 []


Overfull \hbox (22.76219pt too wide) in paragraph at lines 43--43
[][]
 []


Underfull \hbox (badness 10000) in paragraph at lines 43--43

 []

[75]
Overfull \hbox (22.76219pt too wide) in paragraph at lines 43--43
[][]
 []


Underfull \hbox (badness 10000) in paragraph at lines 43--43

 []


Overfull \hbox (22.76219pt too wide) in paragraph at lines 43--43
[][]
 []


Underfull \hbox (badness 10000) in paragraph at lines 43--43

 []


Overfull \hbox (22.76219pt too wide) in paragraph at lines 43--43
[][]
 []


Underfull \hbox (badness 10000) in paragraph at lines 43--43

 []

[76]
Overfull \hbox (22.76219pt too wide) in paragraph at lines 43--43
[][]
 []


Underfull \hbox (badness 10000) in paragraph at lines 43--43

 []


Overfull \hbox (22.76219pt too wide) in paragraph at lines 43--43
[][]
 []


Underfull \hbox (badness 10000) in paragraph at lines 43--43

 []


Overfull \hbox (22.76219pt too wide) in paragraph at lines 43--44
[][]
 []


Underfull \hbox (badness 10000) in paragraph at lines 43--44

 []

[77]
Overfull \hbox (22.76219pt too wide) in paragraph at lines 46--46
[][]
 []


Underfull \hbox (badness 10000) in paragraph at lines 46--46

 []


Overfull \hbox (22.76219pt too wide) in paragraph at lines 46--46
[][] 
 []


Underfull \hbox (badness 10000) in paragraph at lines 46--46

 []

[78]
Overfull \hbox (22.76219pt too wide) in paragraph at lines 46--46
[][] 
 []


Underfull \hbox (badness 10000) in paragraph at lines 46--46

 []


Overfull \hbox (22.76219pt too wide) in paragraph at lines 46--46
[][]
 []


Underfull \hbox (badness 10000) in paragraph at lines 46--46

 []


Overfull \hbox (22.76219pt too wide) in paragraph at lines 46--46
[][]
 []


Underfull \hbox (badness 10000) in paragraph at lines 46--46

 []

[79]
Overfull \hbox (22.76219pt too wide) in paragraph at lines 46--46
[][] 
 []


Underfull \hbox (badness 10000) in paragraph at lines 46--46

 []


Overfull \hbox (22.76219pt too wide) in paragraph at lines 46--46
[][] 
 []


Underfull \hbox (badness 10000) in paragraph at lines 46--46

 []


Overfull \hbox (22.76219pt too wide) in paragraph at lines 46--46
[][]
 []


Underfull \hbox (badness 10000) in paragraph at lines 46--46

 []

[80]
Overfull \hbox (22.76219pt too wide) in paragraph at lines 46--46
[][]
 []


Underfull \hbox (badness 10000) in paragraph at lines 46--46

 []


Overfull \hbox (22.76219pt too wide) in paragraph at lines 46--46
[][]
 []


Underfull \hbox (badness 10000) in paragraph at lines 46--46

 []


Overfull \hbox (22.76219pt too wide) in paragraph at lines 46--46
[][]
 []


Underfull \hbox (badness 10000) in paragraph at lines 46--46

 []

[81]
Overfull \hbox (22.76219pt too wide) in paragraph at lines 46--46
[][]
 []


Underfull \hbox (badness 10000) in paragraph at lines 46--46

 []


Overfull \hbox (22.76219pt too wide) in paragraph at lines 46--46
[][]
 []


Underfull \hbox (badness 10000) in paragraph at lines 46--46

 []


Overfull \hbox (22.76219pt too wide) in paragraph at lines 46--47
[][]
 []


Underfull \hbox (badness 10000) in paragraph at lines 46--47

 []

[82]
Overfull \hbox (22.76219pt too wide) in paragraph at lines 49--49
[][]
 []


Underfull \hbox (badness 10000) in paragraph at lines 49--49

 []


Overfull \hbox (22.76219pt too wide) in paragraph at lines 49--49
[][] 
 []


Underfull \hbox (badness 10000) in paragraph at lines 49--49

 []

[83]
Overfull \hbox (22.76219pt too wide) in paragraph at lines 49--49
[][] 
 []


Underfull \hbox (badness 10000) in paragraph at lines 49--49

 []


Overfull \hbox (22.76219pt too wide) in paragraph at lines 49--49
[][]
 []


Underfull \hbox (badness 10000) in paragraph at lines 49--49

 []

[84]
Overfull \hbox (22.76219pt too wide) in paragraph at lines 49--49
[][]
 []


Underfull \hbox (badness 10000) in paragraph at lines 49--49

 []


Overfull \hbox (22.76219pt too wide) in paragraph at lines 49--49
[][] 
 []


Underfull \hbox (badness 10000) in paragraph at lines 49--49

 []


Overfull \hbox (22.76219pt too wide) in paragraph at lines 49--49
[][] 
 []


Underfull \hbox (badness 10000) in paragraph at lines 49--49

 []

[85]
Overfull \hbox (22.76219pt too wide) in paragraph at lines 49--49
[][]
 []


Underfull \hbox (badness 10000) in paragraph at lines 49--49

 []


Overfull \hbox (22.76219pt too wide) in paragraph at lines 49--49
[][]
 []


Underfull \hbox (badness 10000) in paragraph at lines 49--49

 []


Overfull \hbox (22.76219pt too wide) in paragraph at lines 49--49
[][]
 []


Underfull \hbox (badness 10000) in paragraph at lines 49--49

 []

[86]
Overfull \hbox (22.76219pt too wide) in paragraph at lines 49--49
[][]
 []


Underfull \hbox (badness 10000) in paragraph at lines 49--49

 []


Overfull \hbox (22.76219pt too wide) in paragraph at lines 49--49
[][]
 []


Underfull \hbox (badness 10000) in paragraph at lines 49--49

 []


Overfull \hbox (22.76219pt too wide) in paragraph at lines 49--49
[][]
 []


Underfull \hbox (badness 10000) in paragraph at lines 49--49

 []

[87]
Overfull \hbox (22.76219pt too wide) in paragraph at lines 49--50
[][]
 []


Underfull \hbox (badness 10000) in paragraph at lines 49--50

 []


Overfull \hbox (22.76219pt too wide) in paragraph at lines 52--52
[][]
 []


Underfull \hbox (badness 10000) in paragraph at lines 52--52

 []


Overfull \hbox (22.76219pt too wide) in paragraph at lines 52--52
[][] 
 []


Underfull \hbox (badness 10000) in paragraph at lines 52--52

 []

[88]
Overfull \hbox (22.76219pt too wide) in paragraph at lines 52--52
[][] 
 []


Underfull \hbox (badness 10000) in paragraph at lines 52--52

 []


Overfull \hbox (22.76219pt too wide) in paragraph at lines 52--52
[][]
 []


Underfull \hbox (badness 10000) in paragraph at lines 52--52

 []


Overfull \hbox (22.76219pt too wide) in paragraph at lines 52--52
[][]
 []


Underfull \hbox (badness 10000) in paragraph at lines 52--52

 []

[89]
Overfull \hbox (22.76219pt too wide) in paragraph at lines 52--52
[][] 
 []


Underfull \hbox (badness 10000) in paragraph at lines 52--52

 []


Overfull \hbox (22.76219pt too wide) in paragraph at lines 52--52
[][] 
 []


Underfull \hbox (badness 10000) in paragraph at lines 52--52

 []


Overfull \hbox (22.76219pt too wide) in paragraph at lines 52--52
[][]
 []


Underfull \hbox (badness 10000) in paragraph at lines 52--52

 []

[90]
Overfull \hbox (22.76219pt too wide) in paragraph at lines 52--52
[][]
 []


Underfull \hbox (badness 10000) in paragraph at lines 52--52

 []


Overfull \hbox (22.76219pt too wide) in paragraph at lines 52--52
[][]
 []


Underfull \hbox (badness 10000) in paragraph at lines 52--52

 []


Overfull \hbox (22.76219pt too wide) in paragraph at lines 52--52
[][]
 []


Underfull \hbox (badness 10000) in paragraph at lines 52--52

 []

[91]
Overfull \hbox (22.76219pt too wide) in paragraph at lines 52--52
[][]
 []


Underfull \hbox (badness 10000) in paragraph at lines 52--52

 []


Overfull \hbox (22.76219pt too wide) in paragraph at lines 52--52
[][]
 []


Underfull \hbox (badness 10000) in paragraph at lines 52--52

 []


Overfull \hbox (22.76219pt too wide) in paragraph at lines 52--53
[][]
 []


Underfull \hbox (badness 10000) in paragraph at lines 52--53

 []

[92]
Overfull \hbox (22.76219pt too wide) in paragraph at lines 55--55
[][]
 []


Underfull \hbox (badness 10000) in paragraph at lines 55--55

 []


Overfull \hbox (22.76219pt too wide) in paragraph at lines 55--55
[][] 
 []


Underfull \hbox (badness 10000) in paragraph at lines 55--55

 []

[93]
Overfull \hbox (22.76219pt too wide) in paragraph at lines 55--55
[][] 
 []


Underfull \hbox (badness 10000) in paragraph at lines 55--55

 []


Overfull \hbox (22.76219pt too wide) in paragraph at lines 55--55
[][]
 []


Underfull \hbox (badness 10000) in paragraph at lines 55--55

 []

[94]
Overfull \hbox (22.76219pt too wide) in paragraph at lines 55--55
[][]
 []


Underfull \hbox (badness 10000) in paragraph at lines 55--55

 []


Overfull \hbox (22.76219pt too wide) in paragraph at lines 55--55
[][] 
 []


Underfull \hbox (badness 10000) in paragraph at lines 55--55

 []


Overfull \hbox (22.76219pt too wide) in paragraph at lines 55--55
[][] 
 []


Underfull \hbox (badness 10000) in paragraph at lines 55--55

 []

[95]
Overfull \hbox (22.76219pt too wide) in paragraph at lines 55--55
[][]
 []


Underfull \hbox (badness 10000) in paragraph at lines 55--55

 []


Overfull \hbox (22.76219pt too wide) in paragraph at lines 55--55
[][]
 []


Underfull \hbox (badness 10000) in paragraph at lines 55--55

 []


Overfull \hbox (22.76219pt too wide) in paragraph at lines 55--55
[][]
 []


Underfull \hbox (badness 10000) in paragraph at lines 55--55

 []

[96]
Overfull \hbox (22.76219pt too wide) in paragraph at lines 55--55
[][]
 []


Underfull \hbox (badness 10000) in paragraph at lines 55--55

 []


Overfull \hbox (22.76219pt too wide) in paragraph at lines 55--55
[][]
 []


Underfull \hbox (badness 10000) in paragraph at lines 55--55

 []


Overfull \hbox (22.76219pt too wide) in paragraph at lines 55--55
[][]
 []


Underfull \hbox (badness 10000) in paragraph at lines 55--55

 []

[97]
Overfull \hbox (22.76219pt too wide) in paragraph at lines 55--56
[][]
 []


Underfull \hbox (badness 10000) in paragraph at lines 55--56

 []


Overfull \hbox (22.76219pt too wide) in paragraph at lines 58--58
[][]
 []


Underfull \hbox (badness 10000) in paragraph at lines 58--58

 []


Overfull \hbox (22.76219pt too wide) in paragraph at lines 58--58
[][] 
 []


Underfull \hbox (badness 10000) in paragraph at lines 58--58

 []

[98]
Overfull \hbox (22.76219pt too wide) in paragraph at lines 58--58
[][] 
 []


Underfull \hbox (badness 10000) in paragraph at lines 58--58

 []


Overfull \hbox (22.76219pt too wide) in paragraph at lines 58--58
[][]
 []


Underfull \hbox (badness 10000) in paragraph at lines 58--58

 []


Overfull \hbox (22.76219pt too wide) in paragraph at lines 58--58
[][]
 []


Underfull \hbox (badness 10000) in paragraph at lines 58--58

 []

[99]
Overfull \hbox (22.76219pt too wide) in paragraph at lines 58--58
[][] 
 []


Underfull \hbox (badness 10000) in paragraph at lines 58--58

 []


Overfull \hbox (22.76219pt too wide) in paragraph at lines 58--58
[][] 
 []


Underfull \hbox (badness 10000) in paragraph at lines 58--58

 []


Overfull \hbox (22.76219pt too wide) in paragraph at lines 58--58
[][]
 []


Underfull \hbox (badness 10000) in paragraph at lines 58--58

 []

[100]
Overfull \hbox (22.76219pt too wide) in paragraph at lines 58--58
[][]
 []


Underfull \hbox (badness 10000) in paragraph at lines 58--58

 []


Overfull \hbox (22.76219pt too wide) in paragraph at lines 58--58
[][]
 []


Underfull \hbox (badness 10000) in paragraph at lines 58--58

 []


Overfull \hbox (22.76219pt too wide) in paragraph at lines 58--58
[][]
 []


Underfull \hbox (badness 10000) in paragraph at lines 58--58

 []

[101]
Overfull \hbox (22.76219pt too wide) in paragraph at lines 58--58
[][]
 []


Underfull \hbox (badness 10000) in paragraph at lines 58--58

 []


Overfull \hbox (22.76219pt too wide) in paragraph at lines 58--58
[][]
 []


Underfull \hbox (badness 10000) in paragraph at lines 58--58

 []


Overfull \hbox (22.76219pt too wide) in paragraph at lines 58--59
[][]
 []


Underfull \hbox (badness 10000) in paragraph at lines 58--59

 []

[102]
Overfull \hbox (22.76219pt too wide) in paragraph at lines 61--61
[][]
 []


Underfull \hbox (badness 10000) in paragraph at lines 61--61

 []


Overfull \hbox (22.76219pt too wide) in paragraph at lines 61--61
[][] 
 []


Underfull \hbox (badness 10000) in paragraph at lines 61--61

 []

[103]
Overfull \hbox (22.76219pt too wide) in paragraph at lines 61--61
[][] 
 []


Underfull \hbox (badness 10000) in paragraph at lines 61--61

 []


Overfull \hbox (22.76219pt too wide) in paragraph at lines 61--61
[][]
 []


Underfull \hbox (badness 10000) in paragraph at lines 61--61

 []


Overfull \hbox (22.76219pt too wide) in paragraph at lines 61--61
[][]
 []


Underfull \hbox (badness 10000) in paragraph at lines 61--61

 []

[104]
Overfull \hbox (22.76219pt too wide) in paragraph at lines 61--61
[][] 
 []


Underfull \hbox (badness 10000) in paragraph at lines 61--61

 []


Overfull \hbox (22.76219pt too wide) in paragraph at lines 61--61
[][] 
 []


Underfull \hbox (badness 10000) in paragraph at lines 61--61

 []


Overfull \hbox (22.76219pt too wide) in paragraph at lines 61--61
[][]
 []


Underfull \hbox (badness 10000) in paragraph at lines 61--61

 []

[105]
Overfull \hbox (22.76219pt too wide) in paragraph at lines 61--61
[][]
 []


Underfull \hbox (badness 10000) in paragraph at lines 61--61

 []


Overfull \hbox (22.76219pt too wide) in paragraph at lines 61--61
[][]
 []


Underfull \hbox (badness 10000) in paragraph at lines 61--61

 []


Overfull \hbox (22.76219pt too wide) in paragraph at lines 61--61
[][]
 []


Underfull \hbox (badness 10000) in paragraph at lines 61--61

 []

[106]
Overfull \hbox (22.76219pt too wide) in paragraph at lines 61--61
[][]
 []


Underfull \hbox (badness 10000) in paragraph at lines 61--61

 []


Overfull \hbox (22.76219pt too wide) in paragraph at lines 61--61
[][]
 []


Underfull \hbox (badness 10000) in paragraph at lines 61--61

 []


Overfull \hbox (22.76219pt too wide) in paragraph at lines 61--62
[][]
 []


Underfull \hbox (badness 10000) in paragraph at lines 61--62

 []

[107]
Overfull \hbox (22.76219pt too wide) in paragraph at lines 64--64
[][]
 []


Underfull \hbox (badness 10000) in paragraph at lines 64--64

 []


Overfull \hbox (22.76219pt too wide) in paragraph at lines 64--64
[][] 
 []


Underfull \hbox (badness 10000) in paragraph at lines 64--64

 []

[108]
Overfull \hbox (22.76219pt too wide) in paragraph at lines 64--64
[][] 
 []


Underfull \hbox (badness 10000) in paragraph at lines 64--64

 []


Overfull \hbox (22.76219pt too wide) in paragraph at lines 64--64
[][]
 []


Underfull \hbox (badness 10000) in paragraph at lines 64--64

 []


Overfull \hbox (22.76219pt too wide) in paragraph at lines 64--64
[][]
 []


Underfull \hbox (badness 10000) in paragraph at lines 64--64

 []

[109]
Overfull \hbox (22.76219pt too wide) in paragraph at lines 64--64
[][] 
 []


Underfull \hbox (badness 10000) in paragraph at lines 64--64

 []


Overfull \hbox (22.76219pt too wide) in paragraph at lines 64--64
[][] 
 []


Underfull \hbox (badness 10000) in paragraph at lines 64--64

 []


Overfull \hbox (22.76219pt too wide) in paragraph at lines 64--64
[][]
 []


Underfull \hbox (badness 10000) in paragraph at lines 64--64

 []

[110]
Overfull \hbox (22.76219pt too wide) in paragraph at lines 64--64
[][]
 []


Underfull \hbox (badness 10000) in paragraph at lines 64--64

 []


Overfull \hbox (22.76219pt too wide) in paragraph at lines 64--64
[][]
 []


Underfull \hbox (badness 10000) in paragraph at lines 64--64

 []


Overfull \hbox (22.76219pt too wide) in paragraph at lines 64--64
[][]
 []


Underfull \hbox (badness 10000) in paragraph at lines 64--64

 []

[111]
Overfull \hbox (22.76219pt too wide) in paragraph at lines 64--64
[][]
 []


Underfull \hbox (badness 10000) in paragraph at lines 64--64

 []


Overfull \hbox (22.76219pt too wide) in paragraph at lines 64--64
[][]
 []


Underfull \hbox (badness 10000) in paragraph at lines 64--64

 []


Overfull \hbox (22.76219pt too wide) in paragraph at lines 64--65
[][]
 []


Underfull \hbox (badness 10000) in paragraph at lines 64--65

 []

[112]
Overfull \hbox (22.76219pt too wide) in paragraph at lines 67--67
[][]
 []


Underfull \hbox (badness 10000) in paragraph at lines 67--67

 []


Overfull \hbox (22.76219pt too wide) in paragraph at lines 67--67
[][] 
 []


Underfull \hbox (badness 10000) in paragraph at lines 67--67

 []

[113]
Overfull \hbox (22.76219pt too wide) in paragraph at lines 67--67
[][] 
 []


Underfull \hbox (badness 10000) in paragraph at lines 67--67

 []


Overfull \hbox (22.76219pt too wide) in paragraph at lines 67--67
[][]
 []


Underfull \hbox (badness 10000) in paragraph at lines 67--67

 []

[114]
Overfull \hbox (22.76219pt too wide) in paragraph at lines 67--67
[][]
 []


Underfull \hbox (badness 10000) in paragraph at lines 67--67

 []


Overfull \hbox (22.76219pt too wide) in paragraph at lines 67--67
[][] 
 []


Underfull \hbox (badness 10000) in paragraph at lines 67--67

 []


Overfull \hbox (22.76219pt too wide) in paragraph at lines 67--67
[][] 
 []


Underfull \hbox (badness 10000) in paragraph at lines 67--67

 []

[115]
Overfull \hbox (22.76219pt too wide) in paragraph at lines 67--67
[][]
 []


Underfull \hbox (badness 10000) in paragraph at lines 67--67

 []


Overfull \hbox (22.76219pt too wide) in paragraph at lines 67--67
[][]
 []


Underfull \hbox (badness 10000) in paragraph at lines 67--67

 []


Overfull \hbox (22.76219pt too wide) in paragraph at lines 67--67
[][]
 []


Underfull \hbox (badness 10000) in paragraph at lines 67--67

 []

[116]
Overfull \hbox (22.76219pt too wide) in paragraph at lines 67--67
[][]
 []


Underfull \hbox (badness 10000) in paragraph at lines 67--67

 []


Overfull \hbox (22.76219pt too wide) in paragraph at lines 67--67
[][]
 []


Underfull \hbox (badness 10000) in paragraph at lines 67--67

 []


Overfull \hbox (22.76219pt too wide) in paragraph at lines 67--67
[][]
 []


Underfull \hbox (badness 10000) in paragraph at lines 67--67

 []

[117]
Overfull \hbox (22.76219pt too wide) in paragraph at lines 67--68
[][]
 []


Underfull \hbox (badness 10000) in paragraph at lines 67--68

 []


Overfull \hbox (22.76219pt too wide) in paragraph at lines 70--70
[][]
 []


Underfull \hbox (badness 10000) in paragraph at lines 70--70

 []


Overfull \hbox (22.76219pt too wide) in paragraph at lines 70--70
[][] 
 []


Underfull \hbox (badness 10000) in paragraph at lines 70--70

 []

[118]
Overfull \hbox (22.76219pt too wide) in paragraph at lines 70--70
[][] 
 []


Underfull \hbox (badness 10000) in paragraph at lines 70--70

 []


Overfull \hbox (22.76219pt too wide) in paragraph at lines 70--70
[][]
 []


Underfull \hbox (badness 10000) in paragraph at lines 70--70

 []


Overfull \hbox (22.76219pt too wide) in paragraph at lines 70--70
[][]
 []


Underfull \hbox (badness 10000) in paragraph at lines 70--70

 []

[119]
Overfull \hbox (22.76219pt too wide) in paragraph at lines 70--70
[][] 
 []


Underfull \hbox (badness 10000) in paragraph at lines 70--70

 []


Overfull \hbox (22.76219pt too wide) in paragraph at lines 70--70
[][] 
 []


Underfull \hbox (badness 10000) in paragraph at lines 70--70

 []


Overfull \hbox (22.76219pt too wide) in paragraph at lines 70--70
[][]
 []


Underfull \hbox (badness 10000) in paragraph at lines 70--70

 []

[120]
Overfull \hbox (22.76219pt too wide) in paragraph at lines 70--70
[][]
 []


Underfull \hbox (badness 10000) in paragraph at lines 70--70

 []


Overfull \hbox (22.76219pt too wide) in paragraph at lines 70--70
[][]
 []


Underfull \hbox (badness 10000) in paragraph at lines 70--70

 []


Overfull \hbox (22.76219pt too wide) in paragraph at lines 70--70
[][]
 []


Underfull \hbox (badness 10000) in paragraph at lines 70--70

 []

[121]
Overfull \hbox (22.76219pt too wide) in paragraph at lines 70--70
[][]
 []


Underfull \hbox (badness 10000) in paragraph at lines 70--70

 []


Overfull \hbox (22.76219pt too wide) in paragraph at lines 70--70
[][]
 []


Underfull \hbox (badness 10000) in paragraph at lines 70--70

 []


Overfull \hbox (22.76219pt too wide) in paragraph at lines 70--71
[][]
 []


Underfull \hbox (badness 10000) in paragraph at lines 70--71

 []

[122]
Overfull \hbox (22.76219pt too wide) in paragraph at lines 73--73
[][]
 []


Underfull \hbox (badness 10000) in paragraph at lines 73--73

 []


Overfull \hbox (22.76219pt too wide) in paragraph at lines 73--73
[][] 
 []


Underfull \hbox (badness 10000) in paragraph at lines 73--73

 []

[123]
Overfull \hbox (22.76219pt too wide) in paragraph at lines 73--73
[][] 
 []


Underfull \hbox (badness 10000) in paragraph at lines 73--73

 []


Overfull \hbox (22.76219pt too wide) in paragraph at lines 73--73
[][]
 []


Underfull \hbox (badness 10000) in paragraph at lines 73--73

 []


Overfull \hbox (22.76219pt too wide) in paragraph at lines 73--73
[][]
 []


Underfull \hbox (badness 10000) in paragraph at lines 73--73

 []

[124]
Overfull \hbox (22.76219pt too wide) in paragraph at lines 73--73
[][] 
 []


Underfull \hbox (badness 10000) in paragraph at lines 73--73

 []


Overfull \hbox (22.76219pt too wide) in paragraph at lines 73--73
[][] 
 []


Underfull \hbox (badness 10000) in paragraph at lines 73--73

 []


Overfull \hbox (22.76219pt too wide) in paragraph at lines 73--73
[][]
 []


Underfull \hbox (badness 10000) in paragraph at lines 73--73

 []

[125]
Overfull \hbox (22.76219pt too wide) in paragraph at lines 73--73
[][]
 []


Underfull \hbox (badness 10000) in paragraph at lines 73--73

 []


Overfull \hbox (22.76219pt too wide) in paragraph at lines 73--73
[][]
 []


Underfull \hbox (badness 10000) in paragraph at lines 73--73

 []


Overfull \hbox (22.76219pt too wide) in paragraph at lines 73--73
[][]
 []


Underfull \hbox (badness 10000) in paragraph at lines 73--73

 []

[126]
Overfull \hbox (22.76219pt too wide) in paragraph at lines 73--73
[][]
 []


Underfull \hbox (badness 10000) in paragraph at lines 73--73

 []


Overfull \hbox (22.76219pt too wide) in paragraph at lines 73--73
[][]
 []


Underfull \hbox (badness 10000) in paragraph at lines 73--73

 []


Overfull \hbox (22.76219pt too wide) in paragraph at lines 73--74
[][]
 []


Underfull \hbox (badness 10000) in paragraph at lines 73--74

 []

[127]
Overfull \hbox (22.76219pt too wide) in paragraph at lines 76--76
[][]
 []


Underfull \hbox (badness 10000) in paragraph at lines 76--76

 []


Overfull \hbox (22.76219pt too wide) in paragraph at lines 76--76
[][] 
 []


Underfull \hbox (badness 10000) in paragraph at lines 76--76

 []

[128]
Overfull \hbox (22.76219pt too wide) in paragraph at lines 76--76
[][] 
 []


Underfull \hbox (badness 10000) in paragraph at lines 76--76

 []


Overfull \hbox (22.76219pt too wide) in paragraph at lines 76--76
[][]
 []


Underfull \hbox (badness 10000) in paragraph at lines 76--76

 []


Overfull \hbox (22.76219pt too wide) in paragraph at lines 76--76
[][]
 []


Underfull \hbox (badness 10000) in paragraph at lines 76--76

 []

[129]
Overfull \hbox (22.76219pt too wide) in paragraph at lines 76--76
[][] 
 []


Underfull \hbox (badness 10000) in paragraph at lines 76--76

 []


Overfull \hbox (22.76219pt too wide) in paragraph at lines 76--76
[][] 
 []


Underfull \hbox (badness 10000) in paragraph at lines 76--76

 []


Overfull \hbox (22.76219pt too wide) in paragraph at lines 76--76
[][]
 []


Underfull \hbox (badness 10000) in paragraph at lines 76--76

 []

[130]
Overfull \hbox (22.76219pt too wide) in paragraph at lines 76--76
[][]
 []


Underfull \hbox (badness 10000) in paragraph at lines 76--76

 []


Overfull \hbox (22.76219pt too wide) in paragraph at lines 76--76
[][]
 []


Underfull \hbox (badness 10000) in paragraph at lines 76--76

 []


Overfull \hbox (22.76219pt too wide) in paragraph at lines 76--76
[][]
 []


Underfull \hbox (badness 10000) in paragraph at lines 76--76

 []

[131]
Overfull \hbox (22.76219pt too wide) in paragraph at lines 76--76
[][]
 []


Underfull \hbox (badness 10000) in paragraph at lines 76--76

 []


Overfull \hbox (22.76219pt too wide) in paragraph at lines 76--76
[][]
 []


Underfull \hbox (badness 10000) in paragraph at lines 76--76

 []


Overfull \hbox (22.76219pt too wide) in paragraph at lines 76--77
[][]
 []


Underfull \hbox (badness 10000) in paragraph at lines 76--77

 []

[132]
Overfull \hbox (22.76219pt too wide) in paragraph at lines 79--79
[][]
 []


Underfull \hbox (badness 10000) in paragraph at lines 79--79

 []


Overfull \hbox (22.76219pt too wide) in paragraph at lines 79--79
[][] 
 []


Underfull \hbox (badness 10000) in paragraph at lines 79--79

 []

[133]
Overfull \hbox (22.76219pt too wide) in paragraph at lines 79--79
[][] 
 []


Underfull \hbox (badness 10000) in paragraph at lines 79--79

 []


Overfull \hbox (22.76219pt too wide) in paragraph at lines 79--79
[][]
 []


Underfull \hbox (badness 10000) in paragraph at lines 79--79

 []


Overfull \hbox (22.76219pt too wide) in paragraph at lines 79--79
[][]
 []


Underfull \hbox (badness 10000) in paragraph at lines 79--79

 []

[134]
Overfull \hbox (22.76219pt too wide) in paragraph at lines 79--79
[][] 
 []


Underfull \hbox (badness 10000) in paragraph at lines 79--79

 []


Overfull \hbox (22.76219pt too wide) in paragraph at lines 79--79
[][] 
 []


Underfull \hbox (badness 10000) in paragraph at lines 79--79

 []


Overfull \hbox (22.76219pt too wide) in paragraph at lines 79--79
[][]
 []


Underfull \hbox (badness 10000) in paragraph at lines 79--79

 []

[135]
Overfull \hbox (22.76219pt too wide) in paragraph at lines 79--79
[][]
 []


Underfull \hbox (badness 10000) in paragraph at lines 79--79

 []


Overfull \hbox (22.76219pt too wide) in paragraph at lines 79--79
[][]
 []


Underfull \hbox (badness 10000) in paragraph at lines 79--79

 []


Overfull \hbox (22.76219pt too wide) in paragraph at lines 79--79
[][]
 []


Underfull \hbox (badness 10000) in paragraph at lines 79--79

 []

[136]
Overfull \hbox (22.76219pt too wide) in paragraph at lines 79--79
[][]
 []


Underfull \hbox (badness 10000) in paragraph at lines 79--79

 []


Overfull \hbox (22.76219pt too wide) in paragraph at lines 79--79
[][]
 []


Underfull \hbox (badness 10000) in paragraph at lines 79--79

 []

))
Overfull \hbox (22.76219pt too wide) in paragraph at lines 79--50
[][]
 []


Underfull \hbox (badness 10000) in paragraph at lines 79--50

 []

[137] (/home/kuky_nekoi/Documents/Sources/Random/Seguridad Inform치tica/fragments/03riskListing.tex (/home/kuky_nekoi/Documents/Sources/Random/Seguridad Inform치tica/fragments/03riskListing/approvals.tex) (/home/kuky_nekoi/Documents/Sources/Random/Seguridad Inform치tica/fragments/03riskListing/labeling.tex) (/home/kuky_nekoi/Documents/Sources/Random/Seguridad Inform치tica/fragments/03riskListing/processes.tex) (/home/kuky_nekoi/Documents/Sources/Random/Seguridad Inform치tica/fragments/03riskListing/structure.tex) (/home/kuky_nekoi/Documents/Sources/Random/Seguridad Inform치tica/fragments/03riskListing/subarea.tex) (/home/kuky_nekoi/Documents/Sources/Random/Seguridad Inform치tica/fragments/03riskListing/riskListing.tex
Overfull \hbox (22.76219pt too wide) in paragraph at lines 31--32
[][]
 []


Underfull \hbox (badness 10000) in paragraph at lines 31--32

 []

[138]
Overfull \hbox (22.76219pt too wide) in paragraph at lines 61--62
[][]
 []


Underfull \hbox (badness 10000) in paragraph at lines 61--62

 []

[139]
Overfull \hbox (22.76219pt too wide) in paragraph at lines 88--89
[][]
 []


Underfull \hbox (badness 10000) in paragraph at lines 88--89

 []

[140]
Overfull \hbox (22.76219pt too wide) in paragraph at lines 113--114
[][]
 []


Underfull \hbox (badness 10000) in paragraph at lines 113--114

 []


Overfull \hbox (22.76219pt too wide) in paragraph at lines 137--138
[][]
 []


Underfull \hbox (badness 10000) in paragraph at lines 137--138

 []

[141]
Overfull \hbox (22.76219pt too wide) in paragraph at lines 163--164
[][]
 []


Underfull \hbox (badness 10000) in paragraph at lines 163--164

 []

))

LaTeX Warning: Empty `thebibliography' environment on input line 84.

Package atveryend Info: Empty hook `BeforeClearDocument' on input line 86.
[142] [143]
Package atveryend Info: Empty hook `AfterLastShipout' on input line 86.
 (/home/kuky_nekoi/Documents/Sources/Random/Seguridad Inform치tica/informe.aux
LaTeX Info: Redefining \. on input line 26.
LaTeX Info: Redefining \% on input line 26.
)
Package atveryend Info: Executing hook `AtVeryEndDocument' on input line 86.
Package atveryend Info: Executing hook `AtEndAfterFileList' on input line 86.
Package rerunfilecheck Info: File `informe.out' has not changed.
(rerunfilecheck)             Checksum: B5E9DE992C4170B5F7570764373F46F9;3539.


LaTeX Font Warning: Some font shapes were not available, defaults substituted.

Package atveryend Info: Empty hook `AtVeryVeryEnd' on input line 86.
 ) 
Here is how much of TeX's memory you used:
 13271 strings out of 481239
 215021 string characters out of 5920378
 551522 words of memory out of 5000000
 27891 multiletter control sequences out of 15000+600000
 574516 words of font info for 112 fonts, out of 8000000 for 9000
 1141 hyphenation exceptions out of 8191
 40i,20n,47p,1005b,501s stack positions out of 5000i,500n,10000p,200000b,80000s
pdfTeX warning (dest): name{Hfootnote.72} has been referenced but does not exist, replaced by a fixed one

pdfTeX warning (dest): name{Hfootnote.71} has been referenced but does not exist, replaced by a fixed one

pdfTeX warning (dest): name{Hfootnote.70} has been referenced but does not exist, replaced by a fixed one

pdfTeX warning (dest): name{Hfootnote.69} has been referenced but does not exist, replaced by a fixed one

pdfTeX warning (dest): name{Hfootnote.68} has been referenced but does not exist, replaced by a fixed one

pdfTeX warning (dest): name{Hfootnote.67} has been referenced but does not exist, replaced by a fixed one

pdfTeX warning (dest): name{Hfootnote.66} has been referenced but does not exist, replaced by a fixed one

pdfTeX warning (dest): name{Hfootnote.65} has been referenced but does not exist, replaced by a fixed one

pdfTeX warning (dest): name{Hfootnote.64} has been referenced but does not exist, replaced by a fixed one

pdfTeX warning (dest): name{Hfootnote.63} has been referenced but does not exist, replaced by a fixed one

pdfTeX warning (dest): name{Hfootnote.62} has been referenced but does not exist, replaced by a fixed one

pdfTeX warning (dest): name{Hfootnote.61} has been referenced but does not exist, replaced by a fixed one

pdfTeX warning (dest): name{Hfootnote.60} has been referenced but does not exist, replaced by a fixed one

pdfTeX warning (dest): name{Hfootnote.59} has been referenced but does not exist, replaced by a fixed one

pdfTeX warning (dest): name{Hfootnote.58} has been referenced but does not exist, replaced by a fixed one

pdfTeX warning (dest): name{Hfootnote.57} has been referenced but does not exist, replaced by a fixed one

pdfTeX warning (dest): name{Hfootnote.56} has been referenced but does not exist, replaced by a fixed one

pdfTeX warning (dest): name{Hfootnote.55} has been referenced but does not exist, replaced by a fixed one

pdfTeX warning (dest): name{Hfootnote.54} has been referenced but does not exist, replaced by a fixed one

pdfTeX warning (dest): name{Hfootnote.53} has been referenced but does not exist, replaced by a fixed one

pdfTeX warning (dest): name{Hfootnote.52} has been referenced but does not exist, replaced by a fixed one

pdfTeX warning (dest): name{Hfootnote.51} has been referenced but does not exist, replaced by a fixed one

pdfTeX warning (dest): name{Hfootnote.50} has been referenced but does not exist, replaced by a fixed one

pdfTeX warning (dest): name{Hfootnote.49} has been referenced but does not exist, replaced by a fixed one

pdfTeX warning (dest): name{Hfootnote.48} has been referenced but does not exist, replaced by a fixed one

pdfTeX warning (dest): name{Hfootnote.47} has been referenced but does not exist, replaced by a fixed one

pdfTeX warning (dest): name{Hfootnote.46} has been referenced but does not exist, replaced by a fixed one

pdfTeX warning (dest): name{Hfootnote.45} has been referenced but does not exist, replaced by a fixed one

pdfTeX warning (dest): name{Hfootnote.44} has been referenced but does not exist, replaced by a fixed one

pdfTeX warning (dest): name{Hfootnote.43} has been referenced but does not exist, replaced by a fixed one

pdfTeX warning (dest): name{Hfootnote.42} has been referenced but does not exist, replaced by a fixed one

pdfTeX warning (dest): name{Hfootnote.41} has been referenced but does not exist, replaced by a fixed one

pdfTeX warning (dest): name{Hfootnote.40} has been referenced but does not exist, replaced by a fixed one

pdfTeX warning (dest): name{Hfootnote.39} has been referenced but does not exist, replaced by a fixed one

pdfTeX warning (dest): name{Hfootnote.38} has been referenced but does not exist, replaced by a fixed one

pdfTeX warning (dest): name{Hfootnote.37} has been referenced but does not exist, replaced by a fixed one

pdfTeX warning (dest): name{Hfootnote.36} has been referenced but does not exist, replaced by a fixed one

pdfTeX warning (dest): name{Hfootnote.35} has been referenced but does not exist, replaced by a fixed one

pdfTeX warning (dest): name{Hfootnote.34} has been referenced but does not exist, replaced by a fixed one

pdfTeX warning (dest): name{Hfootnote.33} has been referenced but does not exist, replaced by a fixed one

pdfTeX warning (dest): name{Hfootnote.32} has been referenced but does not exist, replaced by a fixed one

pdfTeX warning (dest): name{Hfootnote.31} has been referenced but does not exist, replaced by a fixed one

pdfTeX warning (dest): name{Hfootnote.30} has been referenced but does not exist, replaced by a fixed one

pdfTeX warning (dest): name{Hfootnote.29} has been referenced but does not exist, replaced by a fixed one

pdfTeX warning (dest): name{Hfootnote.28} has been referenced but does not exist, replaced by a fixed one

pdfTeX warning (dest): name{Hfootnote.27} has been referenced but does not exist, replaced by a fixed one

pdfTeX warning (dest): name{Hfootnote.26} has been referenced but does not exist, replaced by a fixed one

pdfTeX warning (dest): name{Hfootnote.25} has been referenced but does not exist, replaced by a fixed one

pdfTeX warning (dest): name{Hfootnote.24} has been referenced but does not exist, replaced by a fixed one

pdfTeX warning (dest): name{Hfootnote.23} has been referenced but does not exist, replaced by a fixed one

pdfTeX warning (dest): name{Hfootnote.22} has been referenced but does not exist, replaced by a fixed one

pdfTeX warning (dest): name{Hfootnote.21} has been referenced but does not exist, replaced by a fixed one

pdfTeX warning (dest): name{Hfootnote.20} has been referenced but does not exist, replaced by a fixed one

pdfTeX warning (dest): name{Hfootnote.19} has been referenced but does not exist, replaced by a fixed one

pdfTeX warning (dest): name{Hfootnote.18} has been referenced but does not exist, replaced by a fixed one

pdfTeX warning (dest): name{Hfootnote.17} has been referenced but does not exist, replaced by a fixed one

pdfTeX warning (dest): name{Hfootnote.16} has been referenced but does not exist, replaced by a fixed one

pdfTeX warning (dest): name{Hfootnote.15} has been referenced but does not exist, replaced by a fixed one

pdfTeX warning (dest): name{Hfootnote.14} has been referenced but does not exist, replaced by a fixed one

pdfTeX warning (dest): name{Hfootnote.13} has been referenced but does not exist, replaced by a fixed one

pdfTeX warning (dest): name{Hfootnote.12} has been referenced but does not exist, replaced by a fixed one

pdfTeX warning (dest): name{Hfootnote.11} has been referenced but does not exist, replaced by a fixed one

pdfTeX warning (dest): name{Hfootnote.10} has been referenced but does not exist, replaced by a fixed one

pdfTeX warning (dest): name{Hfootnote.9} has been referenced but does not exist, replaced by a fixed one

pdfTeX warning (dest): name{Hfootnote.8} has been referenced but does not exist, replaced by a fixed one

pdfTeX warning (dest): name{Hfootnote.7} has been referenced but does not exist, replaced by a fixed one

pdfTeX warning (dest): name{Hfootnote.6} has been referenced but does not exist, replaced by a fixed one

pdfTeX warning (dest): name{Hfootnote.5} has been referenced but does not exist, replaced by a fixed one

pdfTeX warning (dest): name{Hfootnote.4} has been referenced but does not exist, replaced by a fixed one

pdfTeX warning (dest): name{Hfootnote.3} has been referenced but does not exist, replaced by a fixed one

pdfTeX warning (dest): name{Hfootnote.2} has been referenced but does not exist, replaced by a fixed one

pdfTeX warning (dest): name{Hfootnote.1} has been referenced but does not exist, replaced by a fixed one

{/usr/share/texmf/fonts/enc/dvips/cm-super/cm-super-ts1.enc}</usr/share/texlive/texmf-dist/fonts/type1/public/amsfonts/cm/cmb10.pfb></usr/share/texlive/texmf-dist/fonts/type1/public/amsfonts/cm/cmcsc10.pfb></usr/share/texlive/texmf-dist/fonts/type1/public/amsfonts/cm/cmr10.pfb></usr/share/texlive/texmf-dist/fonts/type1/public/amsfonts/cm/cmr12.pfb></usr/share/texlive/texmf-dist/fonts/type1/public/amsfonts/cm/cmr17.pfb></usr/share/texlive/texmf-dist/fonts/type1/public/amsfonts/cm/cmr6.pfb></usr/share/texlive/texmf-dist/fonts/type1/public/amsfonts/cm/cmr8.pfb></usr/share/texlive/texmf-dist/fonts/type1/public/amsfonts/cm/cmr9.pfb></usr/share/texmf/fonts/type1/public/cm-super/sfrm1095.pfb>
Output written on "/home/kuky_nekoi/Documents/Sources/Random/Seguridad Inform치tica/informe.pdf" (143 pages, 786161 bytes).
PDF statistics:
 1175 PDF objects out of 1200 (max. 8388607)
 863 compressed objects within 9 object streams
 258 named destinations out of 1000 (max. 500000)
 331 words of extra memory for PDF output out of 10000 (max. 10000000)

