\BOOKMARK [1][-]{section.1}{Introducci\363n}{}% 1
\BOOKMARK [1][-]{section.2}{Estructura organizacional}{}% 2
\BOOKMARK [2][-]{subsection.2.1}{Organigrama}{section.2}% 3
\BOOKMARK [2][-]{subsection.2.2}{Rationale}{section.2}% 4
\BOOKMARK [1][-]{section.3}{Identificaci\363n de activos}{}% 5
\BOOKMARK [2][-]{subsection.3.1}{Activos de car\341cter transversal}{section.3}% 6
\BOOKMARK [2][-]{subsection.3.2}{Activos de car\341cter espec\355fico}{section.3}% 7
\BOOKMARK [3][-]{subsubsection.3.2.1}{Oficina de Partes Alcald\355a}{subsection.3.2}% 8
\BOOKMARK [3][-]{subsubsection.3.2.2}{Oficina de Registro Municipal de Transferencias}{subsection.3.2}% 9
\BOOKMARK [3][-]{subsubsection.3.2.3}{Oficina de Control de Archivo y reorsentaci\363n}{subsection.3.2}% 10
\BOOKMARK [3][-]{subsubsection.3.2.4}{Secci\363n Resolutiva}{subsection.3.2}% 11
\BOOKMARK [3][-]{subsubsection.3.2.5}{Secci\363n Administrativa}{subsection.3.2}% 12
\BOOKMARK [3][-]{subsubsection.3.2.6}{Departamento de Asuntos Municipales}{subsection.3.2}% 13
\BOOKMARK [3][-]{subsubsection.3.2.7}{Departamento de Certificaci\363n y archivo}{subsection.3.2}% 14
\BOOKMARK [3][-]{subsubsection.3.2.8}{Departamento de Asuntos Concejo Cosoc y }{subsection.3.2}% 15
\BOOKMARK [3][-]{subsubsection.3.2.9}{Departamento de Revisi\363n de Procesos de Contrataci\363n }{subsection.3.2}% 16
\BOOKMARK [3][-]{subsubsection.3.2.10}{Departamento de Auditor\355a Operativa}{subsection.3.2}% 17
\BOOKMARK [3][-]{subsubsection.3.2.11}{Direcci\363n de Desarrollo Comunitario}{subsection.3.2}% 18
\BOOKMARK [3][-]{subsubsection.3.2.12}{Direcci\363n de Obras Municpales}{subsection.3.2}% 19
\BOOKMARK [3][-]{subsubsection.3.2.13}{Direcci\363n de Tr\341nsito y Transporte P\372blico}{subsection.3.2}% 20
\BOOKMARK [3][-]{subsubsection.3.2.14}{Direcci\363n de Administraci\363n y Finanzas}{subsection.3.2}% 21
\BOOKMARK [3][-]{subsubsection.3.2.15}{Direcci\363n de Fiscalizaci\363n}{subsection.3.2}% 22
\BOOKMARK [3][-]{subsubsection.3.2.16}{Direcci\363n de Operaciones y Servicios Urbanos}{subsection.3.2}% 23
\BOOKMARK [3][-]{subsubsection.3.2.17}{Direcci\363n de Cultura y Turismo}{subsection.3.2}% 24
\BOOKMARK [3][-]{subsubsection.3.2.18}{Direcci\363n de Seguridad Vecinal y Resguardo}{subsection.3.2}% 25
\BOOKMARK [3][-]{subsubsection.3.2.19}{Direcci\363n de Gesti\363n de Personas}{subsection.3.2}% 26
\BOOKMARK [3][-]{subsubsection.3.2.20}{Direcci\363n de Salud}{subsection.3.2}% 27
\BOOKMARK [3][-]{subsubsection.3.2.21}{Direcci\363n de Educaci\363n}{subsection.3.2}% 28
\BOOKMARK [3][-]{subsubsection.3.2.22}{Secreatar\355a Comunal de PLanificaci\363n}{subsection.3.2}% 29
\BOOKMARK [3][-]{subsubsection.3.2.23}{Direcci\363n de Asesor\355a Jur\355dica}{subsection.3.2}% 30
\BOOKMARK [3][-]{subsubsection.3.2.24}{Secretar\355a Municipal}{subsection.3.2}% 31
\BOOKMARK [3][-]{subsubsection.3.2.25}{Direcci\363n de Control}{subsection.3.2}% 32
\BOOKMARK [3][-]{subsubsection.3.2.26}{Direcci\363n de Comunicaciones}{subsection.3.2}% 33
\BOOKMARK [1][-]{section.4}{An\341lisis de riesgos}{}% 34
\BOOKMARK [1][-]{section.5}{Riesgos asociados a factores no tecnol\363gicos}{}% 35
\BOOKMARK [1][-]{section.6}{Riesgos asociados a procesos municpales}{}% 36
\BOOKMARK [1][-]{section.7}{Riesgos asociados procesos de atenci\363n municipal}{}% 37
\BOOKMARK [1][-]{section.8}{Riesgos asociados a control del personal}{}% 38
\BOOKMARK [1][-]{section.9}{Riesgos asociados de \355ndole t\351cnica}{}% 39
\BOOKMARK [1][-]{section.10}{Riesgos generales asociados a ingener\355a social}{}% 40
\BOOKMARK [1][-]{section.11}{Matriz de riesgos}{}% 41
\BOOKMARK [1][-]{section.12}{Pol\355tica de seguridad}{}% 42
