
[1;37m[ Lynis 3.0.0 ][0m

################################################################################
  Lynis comes with ABSOLUTELY NO WARRANTY. This is free software, and you are
  welcome to redistribute it under the terms of the GNU General Public License.
  See the LICENSE file for details about using this software.

  2007-2020, CISOfy - https://cisofy.com/lynis/
  Enterprise support available (compliance, plugins, interface and tools)
################################################################################


[+] [1;33mInitializing program[0m
------------------------------------
[1;37m
  ###################################################################
  #                                                                 #
  #   [0;35mNON-PRIVILEGED SCAN MODE[1;37m                                      #
  #                                                                 #
  ###################################################################
[0m
  [1;33mNOTES:[0m
  --------------
  [1;37m*[0m Some tests will be skipped (as they require root permissions)
  [1;37m*[0m Some tests might fail silently or give different results

[2C- Detecting OS... [41C [ [1;32mDONE[0m ]
[2C- Checking profiles...[37C [ [1;32mDONE[0m ]

  ---------------------------------------------------
  Program version:           3.0.0
  Operating system:          Linux
  Operating system name:     Ubuntu
  Operating system version:  8.04
  Kernel version:            2.6.24
  Hardware platform:         i686
  Hostname:                  metasploitable
  ---------------------------------------------------
  Profiles:                  /home/msfadmin/tmp-lynis/lynis/default.prf
  Log file:                  /home/msfadmin/lynis.log
  Report file:               /home/msfadmin/lynis-report.dat
  Report version:            1.0
  Plugin directory:          ./plugins
  ---------------------------------------------------
  Auditor:                   [Not Specified]
  Language:                  en
  Test category:             all
  Test group:                all
  ---------------------------------------------------
[2C- Program update status... [32C [ [1;32mNO UPDATE[0m ]

[+] [1;33mSystem Tools[0m
------------------------------------
[2C- Scanning available tools...[30C
[2C- Checking system binaries...[30C

[+] [1;35mPlugins (phase 1)[0m
------------------------------------
[0CNote: plugins have more extensive tests and may take several minutes to complete[0C
[0C [0C
[2C- Plugins enabled[42C [ [1;37mNONE[0m ]

[+] [1;33mBoot and services[0m
------------------------------------
[2C- Service Manager[42C [ [1;32mupstart[0m ]
[2C- Checking presence GRUB[35C [ [1;32mOK[0m ]
[4C- Checking for password protection[23C [ [1;31mNONE[0m ]
[2C- Check services at startup (rc2.d)[24C [ [1;37mDONE[0m ]
[4CResult: found 25 services[32C
[2C- Check startup files (permissions)[24C [ [1;32mOK[0m ]

[+] [1;33mKernel[0m
------------------------------------
[2C- Checking default run level[31C [ [1;32mRUNLEVEL 2[0m ]
[2C- Checking kernel version and release[22C [ [1;32mDONE[0m ]
[2C- Checking kernel type[37C [ [1;32mDONE[0m ]
[2C- Checking loaded kernel modules[27C [ [1;32mDONE[0m ]
[6CFound 66 active modules[32C
[2C- Checking Linux kernel configuration file[17C [ [1;32mFOUND[0m ]
[2C- Checking default I/O kernel scheduler[20C [ [1;32mFOUND[0m ]
[2C- Checking for available kernel update[21C [ [1;32mOK[0m ]
[2C- Checking core dumps configuration[24C
[4C- configuration in etc/profile[27C [ [1;37mDEFAULT[0m ]
[4C- 'hard' configuration in security/limits.conf[11C [ [1;37mDEFAULT[0m ]
[4C- 'soft' configuration in security/limits.conf[11C [ [1;37mDEFAULT[0m ]
[4C- Checking setuid core dumps configuration[15C [ [1;32mDISABLED[0m ]

=================================================================

  [1;31mException found![0m

  Function/test:  [KRNL-5830:4]
  Message:        [1;37mCould not find the kernel version[0m

  Help improving the Lynis community with your feedback!

  Steps:
  - Ensure you are running the latest version (./lynis update check)
  - If so, create a GitHub issue at https://github.com/CISOfy/lynis
  - Include relevant parts of the log file or configuration file

  Thanks!

=================================================================

[2C- Check if reboot is needed[32C [ [1;33mUNKNOWN[0m ]

[+] [1;33mMemory and Processes[0m
------------------------------------
[2C- Checking /proc/meminfo[35C [ [1;32mFOUND[0m ]
[2C- Searching for dead/zombie processes[22C [ [1;32mNOT FOUND[0m ]
[2C- Searching for IO waiting processes[23C [ [1;32mNOT FOUND[0m ]
[2C- Search prelink tooling[35C [ [1;32mNOT FOUND[0m ]

[+] [1;33mUsers, Groups and Authentication[0m
------------------------------------
[2C- Administrator accounts[35C [ [1;32mOK[0m ]
[2C- Unique UIDs[46C [ [1;32mOK[0m ]
[2C- Unique group IDs[41C [ [1;32mOK[0m ]
[2C- Unique group names[39C [ [1;32mOK[0m ]
[2C- Password file consistency[32C [ [1;33mSUGGESTION[0m ]

[+] [1;33mShells[0m
------------------------------------
[2C- Checking shells from /etc/shells[25C
[4CResult: found 13 shells (valid shells: 5).[15C
[4C- Session timeout settings/tools[25C [ [1;33mNONE[0m ]
[2C- Checking default umask values[28C
[4C- Checking default umask in /etc/bash.bashrc[13C [ [1;33mNONE[0m ]
[4C- Checking default umask in /etc/profile[17C [ [1;33mWEAK[0m ]

[+] [1;33mFile systems[0m
------------------------------------
[2C- Checking mount points[36C
[4C- Checking /home mount point[29C [ [1;33mSUGGESTION[0m ]
[4C- Checking /tmp mount point[30C [ [1;33mSUGGESTION[0m ]
[4C- Checking /var mount point[30C [ [1;33mSUGGESTION[0m ]
[2C- Query swap partitions (fstab)[28C [ [1;33mNONE[0m ]
[2C- Testing swap partitions[34C [ [1;32mOK[0m ]
[2C- Checking for old files in /tmp[27C [ [1;32mOK[0m ]
[2C- Checking /tmp sticky bit[33C [ [1;32mOK[0m ]
[2C- Checking /var/tmp sticky bit[29C [ [1;32mOK[0m ]
[2C- Mount options of /[39C [ [1;33mNON DEFAULT[0m ]
[2C- Mount options of /boot[35C [ [1;33mNON DEFAULT[0m ]
[2C- Mount options of /dev[36C [ [1;33mNON DEFAULT[0m ]
[2C- Mount options of /dev/shm[32C [ [1;33mNON DEFAULT[0m ]
[2C- Total without nodev:8 noexec:8 nosuid:8 ro or noexec (W^X): 8 of total 12[0C
[2C- Checking Locate database[33C [ [1;32mFOUND[0m ]
[2C- Disable kernel support of some filesystems[15C
[4C- Discovered kernel modules: freevxfs hfs hfsplus jffs2 squashfs udf [0C

[+] [1;33mUSB Devices[0m
------------------------------------
[2C- Checking usb-storage driver (modprobe config)[12C [ [1;37mNOT DISABLED[0m ]
[2C- Checking USB devices authorization[23C [ [1;33mENABLED[0m ]
[2C- Checking USBGuard[40C [ [1;37mNOT FOUND[0m ]

[+] [1;33mStorage[0m
------------------------------------
[2C- Checking firewire ohci driver (modprobe config)[10C [ [1;37mNOT DISABLED[0m ]

[+] [1;33mNFS[0m
------------------------------------
[2C- Query rpc registered programs[28C [ [1;32mDONE[0m ]
[2C- Query NFS versions[39C [ [1;32mDONE[0m ]
[2C- Query NFS protocols[38C [ [1;32mDONE[0m ]
[2C- Check running NFS daemon[33C [ [1;32mFOUND[0m ]
[4C- Checking /etc/exports[34C [ [1;32mFOUND[0m ]
[4C- Checking NFS client access[29C [ [1;33mALL CLIENTS[0m ]

[+] [1;33mName services[0m
------------------------------------
[2C- Checking search domains[34C [ [1;32mFOUND[0m ]
[2C- Searching DNS domain name[32C [ [1;32mFOUND[0m ]
[6CDomain name: localdomain[31C
[2C- Checking BIND status[37C [ [1;32mFOUND[0m ]
[4C- Checking BIND configuration file[23C [ [1;32mFOUND[0m ]
[4C- Checking BIND configuration consistency[16C [ [1;32mOK[0m ]
[4C- Checking BIND version in banner[24C [ [1;31mWARNING[0m ]
[2C- Checking /etc/hosts[38C
[4C- Duplicate entries in hosts file[24C [ [1;32mNONE[0m ]
[4C- Presence of configured hostname in /etc/hosts[10C [ [1;32mFOUND[0m ]
[4C- Hostname mapped to localhost[27C [ [1;32mNOT FOUND[0m ]
[4C- Localhost mapping to IP address[24C [ [1;32mOK[0m ]

[+] [1;33mPorts and packages[0m
------------------------------------
[2C- Searching package managers[31C
[4C- Searching dpkg package manager[25C [ [1;32mFOUND[0m ]
[6C- Querying package manager[29C
[4C- Query unpurged packages[32C [ [1;33mFOUND[0m ]
[2C- Checking security repository in sources.list file[8C [ [1;32mOK[0m ]
[2C- Checking upgradeable packages[28C [ [1;37mSKIPPED[0m ]
[2C- Checking package audit tool[30C [ [1;31mNONE[0m ]
[2C- Toolkit for automatic upgrades[27C [ [1;33mNOT FOUND[0m ]

[+] [1;33mNetworking[0m
------------------------------------
[2C- Checking IPv6 configuration[30C [ [1;37mENABLED[0m ]
[6CConfiguration method[35C [ [1;37mAUTO[0m ]
[6CIPv6 only[46C [ [1;37mNO[0m ]
[2C- Checking configured nameservers[26C
[4C- Testing nameservers[36C
[8CNameserver: 192.168.0.1[30C [ [1;32mOK[0m ]
[4C- Minimal of 2 responsive nameservers[20C [ [1;31mWARNING[0m ]
[2C- Checking default gateway[33C [ [1;32mDONE[0m ]
[2C- Getting listening ports (TCP/UDP)[24C [ [1;33mSKIPPED[0m ]
[2C- Checking promiscuous interfaces[26C [ [1;32mOK[0m ]
[2C- Checking waiting connections[29C [ [1;32mOK[0m ]
[2C- Checking status DHCP client[30C [ [1;37mNOT ACTIVE[0m ]
[2C- Checking for ARP monitoring software[21C [ [1;33mNOT FOUND[0m ]
[2C- Uncommon network protocols[31C [ [1;33m0[0m ]

[+] [1;33mPrinters and Spools[0m
------------------------------------
[2C- Checking cups daemon[37C [ [1;37mNOT FOUND[0m ]
[2C- Checking lp daemon[39C [ [1;37mNOT RUNNING[0m ]

[+] [1;33mSoftware: e-mail and messaging[0m
------------------------------------
[2C- Postfix status[43C [ [1;32mRUNNING[0m ]
[4C- Postfix configuration[34C [ [1;32mFOUND[0m ]
[6C- Postfix banner[39C [ [1;31mWARNING[0m ]

[+] [1;33mSoftware: firewalls[0m
------------------------------------
[2C- Checking iptables kernel module[26C [ [1;32mFOUND[0m ]
[2C- Checking host based firewall[29C [ [1;32mACTIVE[0m ]

[+] [1;33mSoftware: webserver[0m
------------------------------------
[2C- Checking Apache (binary /usr/sbin/apache2)[15C [ [1;32mFOUND[0m ]
[6CInfo: Configuration file found (/etc/apache2/apache2.conf)[0C
[6CInfo: No virtual hosts found[27C
[4C* Loadable modules[39C [ [1;32mFOUND (66)[0m ]
[8C- Found 66 loadable modules[26C
[10Cmod_evasive: anti-DoS/brute force[18C [ [1;37mNOT FOUND[0m ]
[10Cmod_reqtimeout/mod_qos[29C [ [1;37mNOT FOUND[0m ]
[10CModSecurity: web application firewall[14C [ [1;37mNOT FOUND[0m ]
[2C- Checking nginx[43C [ [1;37mNOT FOUND[0m ]

[+] [1;33mSSH Support[0m
------------------------------------
[2C- Checking running SSH daemon[30C [ [1;32mFOUND[0m ]
[4C- Searching SSH configuration[28C [ [1;32mFOUND[0m ]
[4C- OpenSSH option: AllowUsers[29C [ [1;37mNOT FOUND[0m ]
[4C- OpenSSH option: AllowGroups[28C [ [1;37mNOT FOUND[0m ]

[+] [1;33mSNMP Support[0m
------------------------------------
[2C- Checking running SNMP daemon[29C [ [1;37mNOT FOUND[0m ]

[+] [1;33mDatabases[0m
------------------------------------
[2C- MySQL process status[37C [ [1;32mFOUND[0m ]

[+] [1;33mLDAP Services[0m
------------------------------------
[2C- Checking OpenLDAP instance[31C [ [1;37mNOT FOUND[0m ]

[+] [1;33mPHP[0m
------------------------------------
[2C- Checking PHP[45C [ [1;32mFOUND[0m ]
[4C- Checking PHP disabled functions[24C [ [1;32mFOUND[0m ]
[4C- Checking expose_php option[29C [ [1;31mON[0m ]
[4C- Checking enable_dl option[30C [ [1;32mOFF[0m ]
[4C- Checking allow_url_fopen option[24C [ [1;33mON[0m ]
[4C- Checking allow_url_include option[22C [ [1;32mOFF[0m ]
[4C- Checking listen option[33C [ [1;32mOK[0m ]

[+] [1;33mSquid Support[0m
------------------------------------
[2C- Checking running Squid daemon[28C [ [1;37mNOT FOUND[0m ]

[+] [1;33mLogging and files[0m
------------------------------------
[2C- Checking for a running log daemon[24C [ [1;32mOK[0m ]
[4C- Checking Syslog-NG status[30C [ [1;37mNOT FOUND[0m ]
[4C- Checking systemd journal status[24C [ [1;37mNOT FOUND[0m ]
[4C- Checking Metalog status[32C [ [1;37mNOT FOUND[0m ]
[4C- Checking RSyslog status[32C [ [1;37mNOT FOUND[0m ]
[4C- Checking RFC 3195 daemon status[24C [ [1;37mNOT FOUND[0m ]
[4C- Checking klogd[41C [ [1;32mFOUND[0m ]
[4C- Checking minilogd instances[28C [ [1;37mNOT FOUND[0m ]
[2C- Checking logrotate presence[30C [ [1;32mOK[0m ]
[2C- Checking remote logging[34C [ [1;33mNOT ENABLED[0m ]
[2C- Checking log directories (static list)[19C [ [1;32mDONE[0m ]
[2C- Checking open log files[34C [ [1;32mDONE[0m ]
[2C- Checking deleted files in use[28C [ [1;32mDONE[0m ]

[+] [1;33mInsecure services[0m
------------------------------------
[2C- Installed inetd package[34C [ [1;32mNOT FOUND[0m ]
[4C- Checking enabled inetd services[24C [ [1;33mSUGGESTION[0m ]
[2C- Installed xinetd package[33C [ [1;33mFOUND[0m ]
[4C- xinetd status[42C [ [1;32mACTIVE[0m ]
[6C- Configuration file (xinetd.conf)[21C [ [1;37mFOUND[0m ]
[6C- Checking xinetd (insecure services)[18C [ [1;32mOK[0m ]
[2C- Checking tcp_wrappers installation[23C [ [1;32mOK[0m ]
[2C- Installed rsh client package[29C [ [1;33mSUGGESTION[0m ]
[2C- Installed rsh server package[29C [ [1;33mSUGGESTION[0m ]
[2C- Installed telnet client package[26C [ [1;33mFOUND[0m ]
[2C- Installed telnet server package[26C [ [1;33mFOUND[0m ]
[2C- Checking NIS client installation[25C [ [1;32mOK[0m ]
[2C- Checking NIS server installation[25C [ [1;32mOK[0m ]
[2C- Checking TFTP client installation[24C [ [1;32mOK[0m ]
[2C- Checking TFTP server installation[24C [ [1;33mSUGGESTION[0m ]

[+] [1;33mBanners and identification[0m
------------------------------------
[2C- /etc/issue[47C [ [1;32mFOUND[0m ]
[4C- /etc/issue contents[36C [ [1;33mWEAK[0m ]
[2C- /etc/issue.net[43C [ [1;32mFOUND[0m ]
[4C- /etc/issue.net contents[32C [ [1;33mWEAK[0m ]

[+] [1;33mScheduled tasks[0m
------------------------------------
[2C- Checking crontab and cronjob files[23C [ [1;32mDONE[0m ]
[2C- Checking atd status[38C [ [1;32mRUNNING[0m ]
[4C- Checking at users[38C [ [1;32mDONE[0m ]
[4C- Checking at jobs[39C [ [1;32mNONE[0m ]

[+] [1;33mAccounting[0m
------------------------------------
[2C- Checking accounting information[26C [ [1;33mNOT FOUND[0m ]
[2C- Checking sysstat accounting data[25C [ [1;33mNOT FOUND[0m ]
[2C- Checking auditd[42C [ [1;37mNOT FOUND[0m ]

[+] [1;33mTime and Synchronization[0m
------------------------------------
[2C- Checking event based ntpdate (if-up)[21C [ [1;32mFOUND[0m ]
[2C- Checking for a running NTP daemon or client[14C [ [1;32mOK[0m ]

[+] [1;33mCryptography[0m
------------------------------------
[2C- Checking for expired SSL certificates [1/2][14C [ [1;31mFOUND[0m ]
[2C- Kernel entropy is sufficient[29C [ [1;33mNO[0m ]
[2C- HW RNG & rngd[44C [ [1;31mNO[0m ]
[2C- SW prng[50C [ [1;33mNO[0m ]

[+] [1;33mVirtualization[0m
------------------------------------

[+] [1;33mContainers[0m
------------------------------------

[+] [1;33mSecurity frameworks[0m
------------------------------------
[2C- Checking presence AppArmor[31C [ [1;32mFOUND[0m ]
[4C- Checking AppArmor status[31C [ [1;33mUNKNOWN[0m ]
[2C- Checking presence SELinux[32C [ [1;37mNOT FOUND[0m ]
[2C- Checking presence TOMOYO Linux[27C [ [1;37mNOT FOUND[0m ]
[2C- Checking presence grsecurity[29C [ [1;37mNOT FOUND[0m ]
[2C- Checking for implemented MAC framework[19C [ [1;33mNONE[0m ]

[+] [1;33mSoftware: file integrity[0m
------------------------------------
[2C- Checking file integrity tools[28C
[2C- Checking presence integrity tool[25C [ [1;33mNOT FOUND[0m ]

[+] [1;33mSoftware: System tooling[0m
------------------------------------
[2C- Checking automation tooling[30C
[2C- Automation tooling[39C [ [1;33mNOT FOUND[0m ]
[2C- Checking for IDS/IPS tooling[29C [ [1;33mNONE[0m ]

[+] [1;33mSoftware: Malware[0m
------------------------------------

[+] [1;33mFile Permissions[0m
------------------------------------
[2C- Starting file permissions check[26C
[4CFile: /etc/at.deny[39C [ [1;33mSUGGESTION[0m ]
[4CFile: /etc/crontab[39C [ [1;33mSUGGESTION[0m ]
[4CFile: /etc/group[41C [ [1;32mOK[0m ]
[4CFile: /etc/group-[40C [ [1;32mOK[0m ]
[4CFile: /etc/hosts.allow[35C [ [1;32mOK[0m ]
[4CFile: /etc/hosts.deny[36C [ [1;32mOK[0m ]
[4CFile: /etc/issue[41C [ [1;32mOK[0m ]
[4CFile: /etc/issue.net[37C [ [1;32mOK[0m ]
[4CFile: /etc/motd[42C [ [1;33mSUGGESTION[0m ]
[4CFile: /etc/passwd[40C [ [1;32mOK[0m ]
[4CFile: /etc/passwd-[39C [ [1;32mOK[0m ]
[4CFile: /etc/ssh/sshd_config[31C [ [1;33mSUGGESTION[0m ]
[4CDirectory: /root/.ssh[36C [ [1;33mSUGGESTION[0m ]
[4CDirectory: /etc/cron.d[35C [ [1;33mSUGGESTION[0m ]
[4CDirectory: /etc/cron.daily[31C [ [1;33mSUGGESTION[0m ]
[4CDirectory: /etc/cron.hourly[30C [ [1;33mSUGGESTION[0m ]
[4CDirectory: /etc/cron.weekly[30C [ [1;33mSUGGESTION[0m ]
[4CDirectory: /etc/cron.monthly[29C [ [1;33mSUGGESTION[0m ]

[+] [1;33mHome directories[0m
------------------------------------
[2C- Permissions of home directories[26C [ [1;31mWARNING[0m ]
[2C- Ownership of home directories[28C [ [1;31mWARNING[0m ]
[2C- Checking shell history files[29C [ [1;32mOK[0m ]

[+] [1;33mKernel Hardening[0m
------------------------------------
[2C- Comparing sysctl key pairs with scan profile[13C
[4C- fs.suid_dumpable (exp: 0)[30C [ [1;32mOK[0m ]
[4C- kernel.core_uses_pid (exp: 1)[26C [ [1;31mDIFFERENT[0m ]
[4C- kernel.ctrl-alt-del (exp: 0)[27C [ [1;32mOK[0m ]
[4C- kernel.maps_protect (exp: 1)[27C [ [1;32mOK[0m ]
[4C- kernel.randomize_va_space (exp: 2)[21C [ [1;31mDIFFERENT[0m ]
[4C- kernel.sysrq (exp: 0)[34C [ [1;31mDIFFERENT[0m ]
[4C- net.ipv4.conf.all.accept_redirects (exp: 0)[12C [ [1;31mDIFFERENT[0m ]
[4C- net.ipv4.conf.all.accept_source_route (exp: 0)[9C [ [1;32mOK[0m ]
[4C- net.ipv4.conf.all.bootp_relay (exp: 0)[17C [ [1;32mOK[0m ]
[4C- net.ipv4.conf.all.forwarding (exp: 0)[18C [ [1;32mOK[0m ]
[4C- net.ipv4.conf.all.log_martians (exp: 1)[16C [ [1;31mDIFFERENT[0m ]
[4C- net.ipv4.conf.all.mc_forwarding (exp: 0)[15C [ [1;32mOK[0m ]
[4C- net.ipv4.conf.all.proxy_arp (exp: 0)[19C [ [1;32mOK[0m ]
[4C- net.ipv4.conf.all.rp_filter (exp: 1)[19C [ [1;32mOK[0m ]
[4C- net.ipv4.conf.all.send_redirects (exp: 0)[14C [ [1;31mDIFFERENT[0m ]
[4C- net.ipv4.conf.default.accept_redirects (exp: 0)[8C [ [1;31mDIFFERENT[0m ]
[4C- net.ipv4.conf.default.accept_source_route (exp: 0)[5C [ [1;31mDIFFERENT[0m ]
[4C- net.ipv4.conf.default.log_martians (exp: 1)[12C [ [1;31mDIFFERENT[0m ]
[4C- net.ipv4.icmp_echo_ignore_broadcasts (exp: 1)[10C [ [1;32mOK[0m ]
[4C- net.ipv4.icmp_ignore_bogus_error_responses (exp: 1)[4C [ [1;32mOK[0m ]
[4C- net.ipv4.tcp_syncookies (exp: 1)[23C [ [1;31mDIFFERENT[0m ]
[4C- net.ipv4.tcp_timestamps (exp: 0 1)[21C [ [1;32mOK[0m ]
[4C- net.ipv6.conf.all.accept_redirects (exp: 0)[12C [ [1;31mDIFFERENT[0m ]
[4C- net.ipv6.conf.all.accept_source_route (exp: 0)[9C [ [1;32mOK[0m ]
[4C- net.ipv6.conf.default.accept_redirects (exp: 0)[8C [ [1;31mDIFFERENT[0m ]
[4C- net.ipv6.conf.default.accept_source_route (exp: 0)[5C [ [1;32mOK[0m ]

[+] [1;33mHardening[0m
------------------------------------
[4C- Installed compiler(s)[34C [ [1;31mFOUND[0m ]
[4C- Installed malware scanner[30C [ [1;31mNOT FOUND[0m ]

[+] [1;33mCustom tests[0m
------------------------------------
[2C- Running custom tests... [33C [ [1;37mNONE[0m ]

[+] [1;35mPlugins (phase 2)[0m
------------------------------------

================================================================================

  -[ [1;37mLynis 3.0.0 Results[0m ]-

  [1;31mWarnings[0m (3):
  [1;37m----------------------------[0m
  [1;31m![0m Found BIND version in banner [NAME-4210] 
      https://cisofy.com/lynis/controls/NAME-4210/

  [1;31m![0m Couldn't find 2 responsive nameservers [NETW-2705] 
      https://cisofy.com/lynis/controls/NETW-2705/

  [1;31m![0m Found some information disclosure in SMTP banner (OS or software name) [MAIL-8818] 
      https://cisofy.com/lynis/controls/MAIL-8818/

  [1;33mSuggestions[0m (51):
  [1;37m----------------------------[0m
  [1;33m*[0m Set a password on GRUB boot loader to prevent altering boot configuration (e.g. boot in single user mode without password) [BOOT-5122] 
      [0;37mhttps://cisofy.com/lynis/controls/BOOT-5122/[0m

  [1;33m*[0m If not required, consider explicit disabling of core dump in /etc/security/limits.conf file [KRNL-5820] 
      [0;37mhttps://cisofy.com/lynis/controls/KRNL-5820/[0m

  [1;33m*[0m Run pwck manually and correct any errors in the password file [AUTH-9228] 
      [0;37mhttps://cisofy.com/lynis/controls/AUTH-9228/[0m

  [1;33m*[0m To decrease the impact of a full /home file system, place /home on a separate partition [FILE-6310] 
      [0;37mhttps://cisofy.com/lynis/controls/FILE-6310/[0m

  [1;33m*[0m To decrease the impact of a full /tmp file system, place /tmp on a separate partition [FILE-6310] 
      [0;37mhttps://cisofy.com/lynis/controls/FILE-6310/[0m

  [1;33m*[0m To decrease the impact of a full /var file system, place /var on a separate partition [FILE-6310] 
      [0;37mhttps://cisofy.com/lynis/controls/FILE-6310/[0m

  [1;33m*[0m Consider disabling unused kernel modules [FILE-6430] 
    - Details  : [0;36m/etc/modprobe.d/blacklist.conf[0m
    - Solution : Add 'install MODULENAME /bin/true' (without quotes)
      [0;37mhttps://cisofy.com/lynis/controls/FILE-6430/[0m

  [1;33m*[0m Disable drivers like USB storage when not used, to prevent unauthorized storage or data theft [USB-1000] 
      [0;37mhttps://cisofy.com/lynis/controls/USB-1000/[0m

  [1;33m*[0m Disable drivers like firewire storage when not used, to prevent unauthorized storage or data theft [STRG-1846] 
      [0;37mhttps://cisofy.com/lynis/controls/STRG-1846/[0m

  [1;33m*[0m Specify clients that are allowed to access a NFS share /etc/exports [STRG-1930] 
      [0;37mhttps://cisofy.com/lynis/controls/STRG-1930/[0m

  [1;33m*[0m The version in BIND can be masked by defining 'version none' in the configuration file [NAME-4210] 
      [0;37mhttps://cisofy.com/lynis/controls/NAME-4210/[0m

  [1;33m*[0m Purge old/removed packages (3 found) with aptitude purge or dpkg --purge command. This will cleanup old configuration files, cron jobs and startup scripts. [PKGS-7346] 
      [0;37mhttps://cisofy.com/lynis/controls/PKGS-7346/[0m

  [1;33m*[0m Install debsums utility for the verification of packages with known good database. [PKGS-7370] 
      [0;37mhttps://cisofy.com/lynis/controls/PKGS-7370/[0m

  [1;33m*[0m Install package apt-show-versions for patch management purposes [PKGS-7394] 
      [0;37mhttps://cisofy.com/lynis/controls/PKGS-7394/[0m

  [1;33m*[0m Install a package audit tool to determine vulnerable packages [PKGS-7398] 
      [0;37mhttps://cisofy.com/lynis/controls/PKGS-7398/[0m

  [1;33m*[0m Consider using a tool to automatically apply upgrades [PKGS-7420] 
      [0;37mhttps://cisofy.com/lynis/controls/PKGS-7420/[0m

  [1;33m*[0m Check your resolv.conf file and fill in a backup nameserver if possible [NETW-2705] 
      [0;37mhttps://cisofy.com/lynis/controls/NETW-2705/[0m

  [1;33m*[0m Determine if protocol 'dccp' is really needed on this system [NETW-3200] 
      [0;37mhttps://cisofy.com/lynis/controls/NETW-3200/[0m

  [1;33m*[0m Determine if protocol 'sctp' is really needed on this system [NETW-3200] 
      [0;37mhttps://cisofy.com/lynis/controls/NETW-3200/[0m

  [1;33m*[0m Determine if protocol 'rds' is really needed on this system [NETW-3200] 
      [0;37mhttps://cisofy.com/lynis/controls/NETW-3200/[0m

  [1;33m*[0m Determine if protocol 'tipc' is really needed on this system [NETW-3200] 
      [0;37mhttps://cisofy.com/lynis/controls/NETW-3200/[0m

  [1;33m*[0m You are advised to hide the mail_name (option: smtpd_banner) from your postfix configuration. Use postconf -e or change your main.cf file (/etc/postfix/main.cf) [MAIL-8818] 
      [0;37mhttps://cisofy.com/lynis/controls/MAIL-8818/[0m

  [1;33m*[0m Disable the 'VRFY' command [MAIL-8820:disable_vrfy_command] 
    - Details  : [0;36mdisable_vrfy_command=no[0m
    - Solution : run postconf -e disable_vrfy_command=yes to change the value
      [0;37mhttps://cisofy.com/lynis/controls/MAIL-8820/[0m

  [1;33m*[0m Install Apache mod_evasive to guard webserver against DoS/brute force attempts [HTTP-6640] 
      [0;37mhttps://cisofy.com/lynis/controls/HTTP-6640/[0m

  [1;33m*[0m Install Apache mod_reqtimeout or mod_qos to guard webserver against Slowloris attacks [HTTP-6641] 
      [0;37mhttps://cisofy.com/lynis/controls/HTTP-6641/[0m

  [1;33m*[0m Install Apache modsecurity to guard webserver against web application attacks [HTTP-6643] 
      [0;37mhttps://cisofy.com/lynis/controls/HTTP-6643/[0m

  [1;33m*[0m Turn off PHP information exposure [PHP-2372] 
    - Details  : [0;36mexpose_php = Off[0m
      [0;37mhttps://cisofy.com/lynis/controls/PHP-2372/[0m

  [1;33m*[0m Change the allow_url_fopen line to: allow_url_fopen = Off, to disable downloads via PHP [PHP-2376] 
      [0;37mhttps://cisofy.com/lynis/controls/PHP-2376/[0m

  [1;33m*[0m Enable logging to an external logging host for archiving purposes and additional protection [LOGG-2154] 
      [0;37mhttps://cisofy.com/lynis/controls/LOGG-2154/[0m

  [1;33m*[0m Although inetd is not running, make sure no services are enabled in /etc/inetd.conf, or remove inetd service [INSE-8006] 
      [0;37mhttps://cisofy.com/lynis/controls/INSE-8006/[0m

  [1;33m*[0m If there are no xinetd services required, it is recommended that the daemon be removed [INSE-8100] 
      [0;37mhttps://cisofy.com/lynis/controls/INSE-8100/[0m

  [1;33m*[0m Remove rsh client when it is not in use or replace with the more secure SSH package [INSE-8300] 
      [0;37mhttps://cisofy.com/lynis/controls/INSE-8300/[0m

  [1;33m*[0m Remove the rsh-server package and replace with a more secure alternative like SSH [INSE-8304] 
      [0;37mhttps://cisofy.com/lynis/controls/INSE-8304/[0m

  [1;33m*[0m Removing the 1 package and replace with SSH when possible [INSE-8322] 
      [0;37mhttps://cisofy.com/lynis/controls/INSE-8322/[0m

  [1;33m*[0m Removing the tftpd package decreases the risk of the accidental (or intentional) activation of tftp services [INSE-8320] 
      [0;37mhttps://cisofy.com/lynis/controls/INSE-8320/[0m

  [1;33m*[0m Add a legal banner to /etc/issue, to warn unauthorized users [BANN-7126] 
      [0;37mhttps://cisofy.com/lynis/controls/BANN-7126/[0m

  [1;33m*[0m Add legal banner to /etc/issue.net, to warn unauthorized users [BANN-7130] 
      [0;37mhttps://cisofy.com/lynis/controls/BANN-7130/[0m

  [1;33m*[0m Enable process accounting [ACCT-9622] 
      [0;37mhttps://cisofy.com/lynis/controls/ACCT-9622/[0m

  [1;33m*[0m Enable sysstat to collect accounting (no results) [ACCT-9626] 
      [0;37mhttps://cisofy.com/lynis/controls/ACCT-9626/[0m

  [1;33m*[0m Enable auditd to collect audit information [ACCT-9628] 
      [0;37mhttps://cisofy.com/lynis/controls/ACCT-9628/[0m

  [1;33m*[0m Check available certificates for expiration [CRYP-7902] 
      [0;37mhttps://cisofy.com/lynis/controls/CRYP-7902/[0m

  [1;33m*[0m Utilize software pseudo random number generators [CRYP-8005] 
      [0;37mhttps://cisofy.com/lynis/controls/CRYP-8005/[0m

  [1;33m*[0m Check output of aa-status [MACF-6208] 
    - Details  : [0;36m/sys/kernel/security/apparmor/profiles[0m
    - Solution : Run aa-status
      [0;37mhttps://cisofy.com/lynis/controls/MACF-6208/[0m

  [1;33m*[0m Install a file integrity tool to monitor changes to critical and sensitive files [FINT-4350] 
      [0;37mhttps://cisofy.com/lynis/controls/FINT-4350/[0m

  [1;33m*[0m Determine if automation tools are present for system management [TOOL-5002] 
      [0;37mhttps://cisofy.com/lynis/controls/TOOL-5002/[0m

  [1;33m*[0m Consider restricting file permissions [FILE-7524] 
    - Details  : [0;36mSee screen output or log file[0m
    - Solution : Use chmod to change file permissions
      [0;37mhttps://cisofy.com/lynis/controls/FILE-7524/[0m

  [1;33m*[0m Double check the permissions of home directories as some might be not strict enough. [HOME-9304] 
      [0;37mhttps://cisofy.com/lynis/controls/HOME-9304/[0m

  [1;33m*[0m Double check the ownership of home directories as some might be incorrect. [HOME-9306] 
      [0;37mhttps://cisofy.com/lynis/controls/HOME-9306/[0m

  [1;33m*[0m One or more sysctl values differ from the scan profile and could be tweaked [KRNL-6000] 
    - Solution : Change sysctl value or disable test (skip-test=KRNL-6000:<sysctl-key>)
      [0;37mhttps://cisofy.com/lynis/controls/KRNL-6000/[0m

  [1;33m*[0m Harden compilers like restricting access to root user only [HRDN-7222] 
      [0;37mhttps://cisofy.com/lynis/controls/HRDN-7222/[0m

  [1;33m*[0m Harden the system by installing at least one malware scanner, to perform periodic file system scans [HRDN-7230] 
    - Solution : Install a tool like rkhunter, chkrootkit, OSSEC
      [0;37mhttps://cisofy.com/lynis/controls/HRDN-7230/[0m

  [0;36mFollow-up[0m:
  [1;37m----------------------------[0m
  [1;37m-[0m Show details of a test (lynis show details TEST-ID)
  [1;37m-[0m Check the logfile for all details (less /home/msfadmin/lynis.log)
  [1;37m-[0m Read security controls texts (https://cisofy.com)
  [1;37m-[0m Use --upload to upload data to central system (Lynis Enterprise users)

================================================================================

  [1;37mLynis security scan details[0m:

  [0;36mHardening index[0m : [1;37m61[0m [[1;33m############[0m        ]
  [0;36mTests performed[0m : [1;37m232[0m
  [0;36mPlugins enabled[0m : [1;37m0[0m

  [1;37mComponents[0m:
  - Firewall               [[1;32mV[0m]
  - Malware scanner        [[1;31mX[0m]

  [1;33mScan mode[0m:
  Normal [ ]  Forensics [ ]  Integration [ ]  Pentest [V] (running non-privileged)

  [1;33mLynis modules[0m:
  - Compliance status      [[1;33m?[0m]
  - Security audit         [[1;32mV[0m]
  - Vulnerability scan     [[1;32mV[0m]

  [1;33mFiles[0m:
  - Test and debug information      : [1;37m/home/msfadmin/lynis.log[0m
  - Report data                     : [1;37m/home/msfadmin/lynis-report.dat[0m

================================================================================

  [1;31mExceptions found[0m
  [1;37mSome exceptional events or information was found![0m

  [0;36mWhat to do:[0m
  You can help by providing your log file (/home/msfadmin/lynis.log).
  Go to https://cisofy.com/contact/ and send your file to the e-mail address listed

================================================================================

  [0;35mSkipped tests due to non-privileged mode[0m
    BOOT-5108 - Check Syslinux as bootloader
    BOOT-5109 - Check rEFInd as bootloader
    BOOT-5116 - Check if system is booted in UEFI mode
    AUTH-9216 - Check group and shadow group files
    AUTH-9229 - Check password hashing methods
    FILE-6368 - Checking ACL support on root file system
    PKGS-7390 - Check Ubuntu database consistency
    PKGS-7392 - Check for Debian/Ubuntu security updates
    FIRE-4508 - Check used policies of iptables chains
    FIRE-4512 - Check iptables for empty ruleset
    FIRE-4513 - Check iptables for unused rules
    FIRE-4586 - Check firewall logging
    CRYP-7930 - Determine if system uses LUKS block device encryption

================================================================================

  [1;37mLynis[0m 3.0.0

  Auditing, system hardening, and compliance for UNIX-based systems
  (Linux, macOS, BSD, and others)

  2007-2020, CISOfy - https://cisofy.com/lynis/
  [1;37mEnterprise support available (compliance, plugins, interface and tools)[0m

================================================================================

  [0;44m[TIP][0m: [0;94mEnhance Lynis audits by adding your settings to custom.prf (see /home/msfadmin/tmp-lynis/lynis/default.prf for all settings)[0m

